78-69-20-24-no212.tbcn.telia.com - - [23/Sep/2013:17:02:12 +0200] "GET /atmycasa/mejladress.jpg HTTP/1.1" 200 17337 "http://atmycasa.blogspot.se/?m=1" "Mozilla/5.0 (iPhone; CPU iPhone OS 6_1_4 like Mac OS X) AppleWebKit/536.26 (KHTML, like Gecko) Mobile/10B350"
78-69-20-24-no212.tbcn.telia.com - - [23/Sep/2013:17:02:12 +0200] "GET /atmycasa/bloglovin.jpg HTTP/1.1" 200 19710 "http://atmycasa.blogspot.se/?m=1" "Mozilla/5.0 (iPhone; CPU iPhone OS 6_1_4 like Mac OS X) AppleWebKit/536.26 (KHTML, like Gecko) Mobile/10B350"
78-69-20-24-no212.tbcn.telia.com - - [23/Sep/2013:17:02:12 +0200] "GET /atmycasa/instagram.jpg HTTP/1.1" 200 18596 "http://atmycasa.blogspot.se/?m=1" "Mozilla/5.0 (iPhone; CPU iPhone OS 6_1_4 like Mac OS X) AppleWebKit/536.26 (KHTML, like Gecko) Mobile/10B350"
78-69-20-24-no212.tbcn.telia.com - - [23/Sep/2013:17:02:26 +0200] "GET /atmycasa/bloglovin.jpg HTTP/1.1" 200 19710 "http://atmycasa.blogspot.se/?m=1" "Mozilla/5.0 (iPhone; CPU iPhone OS 6_1_4 like Mac OS X) AppleWebKit/536.26 (KHTML, like Gecko) Version/6.0 Mobile/10B350 Safari/8536.25"
78-69-20-24-no212.tbcn.telia.com - - [23/Sep/2013:17:02:29 +0200] "GET /atmycasa/mejladress.jpg HTTP/1.1" 200 17337 "http://atmycasa.blogspot.se/?m=1" "Mozilla/5.0 (iPhone; CPU iPhone OS 6_1_4 like Mac OS X) AppleWebKit/536.26 (KHTML, like Gecko) Version/6.0 Mobile/10B350 Safari/8536.25"
78-69-20-24-no212.tbcn.telia.com - - [23/Sep/2013:17:02:29 +0200] "GET /atmycasa/instagram.jpg HTTP/1.1" 200 18596 "http://atmycasa.blogspot.se/?m=1" "Mozilla/5.0 (iPhone; CPU iPhone OS 6_1_4 like Mac OS X) AppleWebKit/536.26 (KHTML, like Gecko) Version/6.0 Mobile/10B350 Safari/8536.25"
m176-70-116-97.cust.tele2.se - - [23/Sep/2013:17:03:37 +0200] "GET /atmycasa/instagram.jpg HTTP/1.1" 200 18596 "http://atmycasa.blogspot.se/" "Mozilla/5.0 (Macintosh; Intel Mac OS X 10_8_5) AppleWebKit/536.30.1 (KHTML, like Gecko) Version/6.0.5 Safari/536.30.1"
m176-70-116-97.cust.tele2.se - - [23/Sep/2013:17:03:37 +0200] "GET /atmycasa/mejladress.jpg HTTP/1.1" 200 17337 "http://atmycasa.blogspot.se/" "Mozilla/5.0 (Macintosh; Intel Mac OS X 10_8_5) AppleWebKit/536.30.1 (KHTML, like Gecko) Version/6.0.5 Safari/536.30.1"
m176-70-116-97.cust.tele2.se - - [23/Sep/2013:17:03:37 +0200] "GET /atmycasa/bloglovin.jpg HTTP/1.1" 200 19710 "http://atmycasa.blogspot.se/" "Mozilla/5.0 (Macintosh; Intel Mac OS X 10_8_5) AppleWebKit/536.30.1 (KHTML, like Gecko) Version/6.0.5 Safari/536.30.1"
spider-37-140-141-6.yandex.com - - [23/Sep/2013:17:06:38 +0200] "GET /avsnitt/sr-p3-dokumentar/sodermannen.htm HTTP/1.1" 200 37091 "-" "Mozilla/5.0 (compatible; YandexBot/3.0; +http://yandex.com/bots)"
spider-37-140-141-6.yandex.com - - [23/Sep/2013:17:06:41 +0200] "GET /avsnitt/slashat-se/slashatse-116---ikidney.htm HTTP/1.1" 200 37098 "-" "Mozilla/5.0 (compatible; YandexBot/3.0; +http://yandex.com/bots)"
msnbot-157-56-229-247.search.msn.com - - [23/Sep/2013:17:08:07 +0200] "GET /avsnitt/co-hannah-och-amanda/62-den-stora-brollopspodden.htm HTTP/1.0" 200 37014 "-" "Mozilla/5.0 (compatible; bingbot/2.0; +http://www.bing.com/bingbot.htm)"
aee95.neoplus.adsl.tpnet.pl - - [23/Sep/2013:17:08:08 +0200] "GET /atmycasa/mejladress.jpg HTTP/1.1" 200 17337 "http://atmycasa.blogspot.com/" "Mozilla/5.0 (Windows NT 6.0; rv:23.0) Gecko/20100101 Firefox/23.0"
aee95.neoplus.adsl.tpnet.pl - - [23/Sep/2013:17:08:08 +0200] "GET /atmycasa/bloglovin.jpg HTTP/1.1" 200 19710 "http://atmycasa.blogspot.com/" "Mozilla/5.0 (Windows NT 6.0; rv:23.0) Gecko/20100101 Firefox/23.0"
aee95.neoplus.adsl.tpnet.pl - - [23/Sep/2013:17:08:09 +0200] "GET /atmycasa/instagram.jpg HTTP/1.1" 200 18596 "http://atmycasa.blogspot.com/" "Mozilla/5.0 (Windows NT 6.0; rv:23.0) Gecko/20100101 Firefox/23.0"
crawl-66-249-78-155.googlebot.com - - [23/Sep/2013:17:09:30 +0200] "GET /artister/varvet-podcast HTTP/1.1" 200 36852 "-" "Mozilla/5.0 (compatible; Googlebot/2.1; +http://www.google.com/bot.html)"
151.79-160-184.customer.lyse.net - - [23/Sep/2013:17:09:44 +0200] "GET /atmycasa/instagram.jpg HTTP/1.1" 200 18596 "http://atmycasa.blogspot.no/" "Mozilla/5.0 (iPad; U; CPU OS 4_3_5 like Mac OS X; nb-no) AppleWebKit/533.17.9 (KHTML, like Gecko) Version/5.0.2 Mobile/8L1 Safari/6533.18.5"
151.79-160-184.customer.lyse.net - - [23/Sep/2013:17:09:44 +0200] "GET /atmycasa/mejladress.jpg HTTP/1.1" 200 17337 "http://atmycasa.blogspot.no/" "Mozilla/5.0 (iPad; U; CPU OS 4_3_5 like Mac OS X; nb-no) AppleWebKit/533.17.9 (KHTML, like Gecko) Version/5.0.2 Mobile/8L1 Safari/6533.18.5"
151.79-160-184.customer.lyse.net - - [23/Sep/2013:17:09:44 +0200] "GET /atmycasa/bloglovin.jpg HTTP/1.1" 200 19710 "http://atmycasa.blogspot.no/" "Mozilla/5.0 (iPad; U; CPU OS 4_3_5 like Mac OS X; nb-no) AppleWebKit/533.17.9 (KHTML, like Gecko) Version/5.0.2 Mobile/8L1 Safari/6533.18.5"
c83-181-11-213.cust.tele2.se - - [23/Sep/2013:17:12:33 +0200] "GET /atmycasa/bloglovin.jpg HTTP/1.1" 304 175 "http://atmycasa.blogspot.se/?m=1" "Mozilla/5.0 (iPhone; CPU iPhone OS 6_1_4 like Mac OS X) AppleWebKit/536.26 (KHTML, like Gecko) Version/6.0 Mobile/10B350 Safari/8536.25"
81-231-230-112-no21.tbcn.telia.com - - [23/Sep/2013:17:13:39 +0200] "GET /atmycasa/instagram.jpg HTTP/1.1" 304 175 "http://atmycasa.blogspot.se/" "Mozilla/5.0 (Windows NT 6.1; WOW64; rv:23.0) Gecko/20100101 Firefox/23.0"
81-231-230-112-no21.tbcn.telia.com - - [23/Sep/2013:17:13:39 +0200] "GET /atmycasa/bloglovin.jpg HTTP/1.1" 304 175 "http://atmycasa.blogspot.se/" "Mozilla/5.0 (Windows NT 6.1; WOW64; rv:23.0) Gecko/20100101 Firefox/23.0"
81-231-230-112-no21.tbcn.telia.com - - [23/Sep/2013:17:13:39 +0200] "GET /atmycasa/mejladress.jpg HTTP/1.1" 304 174 "http://atmycasa.blogspot.se/" "Mozilla/5.0 (Windows NT 6.1; WOW64; rv:23.0) Gecko/20100101 Firefox/23.0"
h60n4.vexnet.ias.bredband.telia.com - - [23/Sep/2013:17:14:53 +0200] "GET /atmycasa/mejladress.jpg HTTP/1.1" 200 17337 "http://atmycasa.blogspot.se/" "Mozilla/5.0 (iPad; CPU OS 6_1_3 like Mac OS X) AppleWebKit/536.26 (KHTML, like Gecko) Version/6.0 Mobile/10B329 Safari/8536.25"
h60n4.vexnet.ias.bredband.telia.com - - [23/Sep/2013:17:14:53 +0200] "GET /atmycasa/instagram.jpg HTTP/1.1" 200 18596 "http://atmycasa.blogspot.se/" "Mozilla/5.0 (iPad; CPU OS 6_1_3 like Mac OS X) AppleWebKit/536.26 (KHTML, like Gecko) Version/6.0 Mobile/10B329 Safari/8536.25"
h60n4.vexnet.ias.bredband.telia.com - - [23/Sep/2013:17:14:53 +0200] "GET /atmycasa/bloglovin.jpg HTTP/1.1" 200 19710 "http://atmycasa.blogspot.se/" "Mozilla/5.0 (iPad; CPU OS 6_1_3 like Mac OS X) AppleWebKit/536.26 (KHTML, like Gecko) Version/6.0 Mobile/10B329 Safari/8536.25"
h148n5-lk-a31.ias.bredband.telia.com - - [23/Sep/2013:17:16:26 +0200] "GET /atmycasa/mejladress.jpg HTTP/1.1" 200 17337 "http://atmycasa.blogspot.se/?m=1" "Mozilla/5.0 (iPhone; CPU iPhone OS 6_1_3 like Mac OS X) AppleWebKit/536.26 (KHTML, like Gecko) Version/6.0 Mobile/10B329 Safari/8536.25"
h148n5-lk-a31.ias.bredband.telia.com - - [23/Sep/2013:17:16:26 +0200] "GET /atmycasa/bloglovin.jpg HTTP/1.1" 200 19710 "http://atmycasa.blogspot.se/?m=1" "Mozilla/5.0 (iPhone; CPU iPhone OS 6_1_3 like Mac OS X) AppleWebKit/536.26 (KHTML, like Gecko) Version/6.0 Mobile/10B329 Safari/8536.25"
h148n5-lk-a31.ias.bredband.telia.com - - [23/Sep/2013:17:16:26 +0200] "GET /atmycasa/instagram.jpg HTTP/1.1" 200 18596 "http://atmycasa.blogspot.se/?m=1" "Mozilla/5.0 (iPhone; CPU iPhone OS 6_1_3 like Mac OS X) AppleWebKit/536.26 (KHTML, like Gecko) Version/6.0 Mobile/10B329 Safari/8536.25"
h192n31-aars-gr100.ias.bredband.telia.com - - [23/Sep/2013:17:20:11 +0200] "GET /atmycasa/instagram.jpg HTTP/1.1" 200 18596 "http://atmycasa.blogspot.se/" "Mozilla/5.0 (Macintosh; Intel Mac OS X 10.8; rv:23.0) Gecko/20100101 Firefox/23.0"
h192n31-aars-gr100.ias.bredband.telia.com - - [23/Sep/2013:17:20:11 +0200] "GET /atmycasa/mejladress.jpg HTTP/1.1" 200 17337 "http://atmycasa.blogspot.se/" "Mozilla/5.0 (Macintosh; Intel Mac OS X 10.8; rv:23.0) Gecko/20100101 Firefox/23.0"
h192n31-aars-gr100.ias.bredband.telia.com - - [23/Sep/2013:17:20:11 +0200] "GET /atmycasa/bloglovin.jpg HTTP/1.1" 200 19710 "http://atmycasa.blogspot.se/" "Mozilla/5.0 (Macintosh; Intel Mac OS X 10.8; rv:23.0) Gecko/20100101 Firefox/23.0"
94.234.170.178 - - [23/Sep/2013:17:20:20 +0200] "GET /atmycasa/instagram.jpg HTTP/1.1" 200 18596 "http://atmycasa.blogspot.se/?m=1" "Mozilla/5.0 (iPhone; CPU iPhone OS 6_1_4 like Mac OS X) AppleWebKit/536.26 (KHTML, like Gecko) Version/6.0 Mobile/10B350 Safari/8536.25"
94.234.170.178 - - [23/Sep/2013:17:20:20 +0200] "GET /atmycasa/mejladress.jpg HTTP/1.1" 200 17337 "http://atmycasa.blogspot.se/?m=1" "Mozilla/5.0 (iPhone; CPU iPhone OS 6_1_4 like Mac OS X) AppleWebKit/536.26 (KHTML, like Gecko) Version/6.0 Mobile/10B350 Safari/8536.25"
94.234.170.178 - - [23/Sep/2013:17:20:20 +0200] "GET /atmycasa/bloglovin.jpg HTTP/1.1" 200 19710 "http://atmycasa.blogspot.se/?m=1" "Mozilla/5.0 (iPhone; CPU iPhone OS 6_1_4 like Mac OS X) AppleWebKit/536.26 (KHTML, like Gecko) Version/6.0 Mobile/10B350 Safari/8536.25"
c-a2d971d5.72-1080-74657210.cust.bredbandsbolaget.se - - [23/Sep/2013:17:22:44 +0200] "GET /atmycasa/bloglovin.jpg HTTP/1.1" 304 175 "http://atmycasa.blogspot.se/?m=1" "Mozilla/5.0 (iPhone; CPU iPhone OS 7_0 like Mac OS X) AppleWebKit/537.51.1 (KHTML, like Gecko) Version/7.0 Mobile/11A465 Safari/9537.53"
c-a2d971d5.72-1080-74657210.cust.bredbandsbolaget.se - - [23/Sep/2013:17:22:44 +0200] "GET /atmycasa/instagram.jpg HTTP/1.1" 304 175 "http://atmycasa.blogspot.se/?m=1" "Mozilla/5.0 (iPhone; CPU iPhone OS 7_0 like Mac OS X) AppleWebKit/537.51.1 (KHTML, like Gecko) Version/7.0 Mobile/11A465 Safari/9537.53"
fw.stendahls.net - - [23/Sep/2013:17:24:28 +0200] "GET /atmycasa/mejladress.jpg HTTP/1.1" 200 17337 "http://atmycasa.blogspot.se/" "Mozilla/5.0 (Macintosh; Intel Mac OS X 10_8_5) AppleWebKit/537.36 (KHTML, like Gecko) Chrome/29.0.1547.76 Safari/537.36"
fw.stendahls.net - - [23/Sep/2013:17:24:28 +0200] "GET /atmycasa/bloglovin.jpg HTTP/1.1" 200 19710 "http://atmycasa.blogspot.se/" "Mozilla/5.0 (Macintosh; Intel Mac OS X 10_8_5) AppleWebKit/537.36 (KHTML, like Gecko) Chrome/29.0.1547.76 Safari/537.36"
fw.stendahls.net - - [23/Sep/2013:17:24:28 +0200] "GET /atmycasa/instagram.jpg HTTP/1.1" 200 18596 "http://atmycasa.blogspot.se/" "Mozilla/5.0 (Macintosh; Intel Mac OS X 10_8_5) AppleWebKit/537.36 (KHTML, like Gecko) Chrome/29.0.1547.76 Safari/537.36"
crawl-66-249-78-155.googlebot.com - - [23/Sep/2013:17:26:01 +0200] "GET /latar/kurd-maverick/hell-yeah.htm HTTP/1.1" 200 36872 "-" "Mozilla/5.0 (compatible; Googlebot/2.1; +http://www.google.com/bot.html)"
c-5eeaaaca-74736162.cust.telenor.se - - [23/Sep/2013:17:27:07 +0200] "GET /atmycasa/bloglovin.jpg HTTP/1.1" 200 19710 "http://atmycasa.blogspot.se/2012/12/trastjarnor.html?m=1" "Mozilla/5.0 (iPhone; CPU iPhone OS 6_0 like Mac OS X) AppleWebKit/536.26 (KHTML, like Gecko) Version/6.0 Mobile/10A403 Safari/8536.25"
c-5eeaaaca-74736162.cust.telenor.se - - [23/Sep/2013:17:27:08 +0200] "GET /atmycasa/mejladress.jpg HTTP/1.1" 200 17337 "http://atmycasa.blogspot.se/2012/12/trastjarnor.html?m=1" "Mozilla/5.0 (iPhone; CPU iPhone OS 6_0 like Mac OS X) AppleWebKit/536.26 (KHTML, like Gecko) Version/6.0 Mobile/10A403 Safari/8536.25"
c-5eeaaaca-74736162.cust.telenor.se - - [23/Sep/2013:17:27:08 +0200] "GET /atmycasa/instagram.jpg HTTP/1.1" 200 18596 "http://atmycasa.blogspot.se/2012/12/trastjarnor.html?m=1" "Mozilla/5.0 (iPhone; CPU iPhone OS 6_0 like Mac OS X) AppleWebKit/536.26 (KHTML, like Gecko) Version/6.0 Mobile/10A403 Safari/8536.25"
h134n5-kba-a11.ias.bredband.telia.com - - [23/Sep/2013:17:27:25 +0200] "GET /atmycasa/bloglovin.jpg HTTP/1.1" 304 175 "http://atmycasa.blogspot.se/" "Mozilla/5.0 (iPad; CPU OS 6_1_3 like Mac OS X) AppleWebKit/536.26 (KHTML, like Gecko) CriOS/28.0.1500.16 Mobile/10B329 Safari/8536.25"
h134n5-kba-a11.ias.bredband.telia.com - - [23/Sep/2013:17:27:25 +0200] "GET /atmycasa/instagram.jpg HTTP/1.1" 304 175 "http://atmycasa.blogspot.se/" "Mozilla/5.0 (iPad; CPU OS 6_1_3 like Mac OS X) AppleWebKit/536.26 (KHTML, like Gecko) CriOS/28.0.1500.16 Mobile/10B329 Safari/8536.25"
crawl-66-249-78-155.googlebot.com - - [23/Sep/2013:17:27:45 +0200] "GET /latar/chris-kamara/sing-4-england.htm HTTP/1.1" 200 36880 "-" "Mozilla/5.0 (compatible; Googlebot/2.1; +http://www.google.com/bot.html)"
host-95-195-129-94.mobileonline.telia.com - - [23/Sep/2013:17:28:14 +0200] "GET /atmycasa/instagram.jpg HTTP/1.1" 200 18596 "http://atmycasa.blogspot.se/?m=1" "Mozilla/5.0 (Linux; U; Android 4.2.2; sv-se; HTC_One_X Build/JDQ39) AppleWebKit/534.30 (KHTML, like Gecko) Version/4.0 Mobile Safari/534.30"
host-95-195-129-94.mobileonline.telia.com - - [23/Sep/2013:17:28:14 +0200] "GET /atmycasa/bloglovin.jpg HTTP/1.1" 200 19710 "http://atmycasa.blogspot.se/?m=1" "Mozilla/5.0 (Linux; U; Android 4.2.2; sv-se; HTC_One_X Build/JDQ39) AppleWebKit/534.30 (KHTML, like Gecko) Version/4.0 Mobile Safari/534.30"
host-95-195-129-94.mobileonline.telia.com - - [23/Sep/2013:17:28:14 +0200] "GET /atmycasa/mejladress.jpg HTTP/1.1" 200 17337 "http://atmycasa.blogspot.se/?m=1" "Mozilla/5.0 (Linux; U; Android 4.2.2; sv-se; HTC_One_X Build/JDQ39) AppleWebKit/534.30 (KHTML, like Gecko) Version/4.0 Mobile Safari/534.30"
37.250.19.168.bredband.tre.se - - [23/Sep/2013:17:29:02 +0200] "GET /atmycasa/bloglovin.jpg HTTP/1.1" 304 175 "http://atmycasa.blogspot.se/" "Mozilla/5.0 (Windows NT 6.1; WOW64) AppleWebKit/537.36 (KHTML, like Gecko) Chrome/29.0.1547.76 Safari/537.36"
37.250.19.168.bredband.tre.se - - [23/Sep/2013:17:29:02 +0200] "GET /atmycasa/instagram.jpg HTTP/1.1" 304 175 "http://atmycasa.blogspot.se/" "Mozilla/5.0 (Windows NT 6.1; WOW64) AppleWebKit/537.36 (KHTML, like Gecko) Chrome/29.0.1547.76 Safari/537.36"
crawl-66-249-78-155.googlebot.com - - [23/Sep/2013:17:30:27 +0200] "GET /latar/rita-ora/radioactive.htm HTTP/1.1" 200 36866 "-" "Mozilla/5.0 (compatible; Googlebot/2.1; +http://www.google.com/bot.html)"
h-254-34-81.a238.priv.bahnhof.se - - [23/Sep/2013:17:30:32 +0200] "GET /atmycasa/mejladress.jpg HTTP/1.1" 200 17337 "http://atmycasa.blogspot.se/search?updated-max=2012-07-15T11:46:00%2B02:00&max-results=3&start=195&by-date=false" "Mozilla/5.0 (compatible; MSIE 10.0; Windows NT 6.1; WOW64; Trident/6.0; BOIE9;SVSE)"
h-254-34-81.a238.priv.bahnhof.se - - [23/Sep/2013:17:30:32 +0200] "GET /atmycasa/instagram.jpg HTTP/1.1" 200 18596 "http://atmycasa.blogspot.se/search?updated-max=2012-07-15T11:46:00%2B02:00&max-results=3&start=195&by-date=false" "Mozilla/5.0 (compatible; MSIE 10.0; Windows NT 6.1; WOW64; Trident/6.0; BOIE9;SVSE)"
h-254-34-81.a238.priv.bahnhof.se - - [23/Sep/2013:17:30:32 +0200] "GET /atmycasa/bloglovin.jpg HTTP/1.1" 200 19710 "http://atmycasa.blogspot.se/search?updated-max=2012-07-15T11:46:00%2B02:00&max-results=3&start=195&by-date=false" "Mozilla/5.0 (compatible; MSIE 10.0; Windows NT 6.1; WOW64; Trident/6.0; BOIE9;SVSE)"
crawl-66-249-74-81.googlebot.com - - [23/Sep/2013:17:30:48 +0200] "GET /latar/gurkan/kr-bara-kr.htm HTTP/1.1" 200 36859 "-" "Mozilla/5.0 (compatible; Googlebot/2.1; +http://www.google.com/bot.html)"
m37-197-37-15.cust.tele2.se - - [23/Sep/2013:17:30:51 +0200] "GET /atmycasa/instagram.jpg HTTP/1.1" 200 18596 "http://atmycasa.blogspot.se/?m=1" "Mozilla/5.0 (iPhone; CPU iPhone OS 6_1_1 like Mac OS X) AppleWebKit/536.26 (KHTML, like Gecko) Version/6.0 Mobile/10B145 Safari/8536.25"
m37-197-37-15.cust.tele2.se - - [23/Sep/2013:17:30:52 +0200] "GET /atmycasa/bloglovin.jpg HTTP/1.1" 200 19710 "http://atmycasa.blogspot.se/?m=1" "Mozilla/5.0 (iPhone; CPU iPhone OS 6_1_1 like Mac OS X) AppleWebKit/536.26 (KHTML, like Gecko) Version/6.0 Mobile/10B145 Safari/8536.25"
81-230-81-173-no201.tbcn.telia.com - - [23/Sep/2013:17:33:54 +0200] "GET /atmycasa/instagram.jpg HTTP/1.1" 200 18596 "http://atmycasa.blogspot.se/" "Mozilla/5.0 (compatible; MSIE 10.0; Windows NT 6.1; WOW64; Trident/6.0)"
81-230-81-173-no201.tbcn.telia.com - - [23/Sep/2013:17:33:54 +0200] "GET /atmycasa/mejladress.jpg HTTP/1.1" 200 17337 "http://atmycasa.blogspot.se/" "Mozilla/5.0 (compatible; MSIE 10.0; Windows NT 6.1; WOW64; Trident/6.0)"
81-230-81-173-no201.tbcn.telia.com - - [23/Sep/2013:17:33:54 +0200] "GET /atmycasa/bloglovin.jpg HTTP/1.1" 200 19710 "http://atmycasa.blogspot.se/" "Mozilla/5.0 (compatible; MSIE 10.0; Windows NT 6.1; WOW64; Trident/6.0)"
host-95-199-18-6.mobileonline.telia.com - - [23/Sep/2013:17:34:03 +0200] "GET /atmycasa/bloglovin.jpg HTTP/1.1" 304 175 "http://atmycasa.blogspot.se/?m=1" "Mozilla/5.0 (iPhone; CPU iPhone OS 6_1_3 like Mac OS X) AppleWebKit/536.26 (KHTML, like Gecko) Mobile/10B329"
host-95-199-18-6.mobileonline.telia.com - - [23/Sep/2013:17:34:03 +0200] "GET /atmycasa/instagram.jpg HTTP/1.1" 304 175 "http://atmycasa.blogspot.se/?m=1" "Mozilla/5.0 (iPhone; CPU iPhone OS 6_1_3 like Mac OS X) AppleWebKit/536.26 (KHTML, like Gecko) Mobile/10B329"
81-230-165-46-no236.tbcn.telia.com - - [23/Sep/2013:17:34:18 +0200] "GET /atmycasa/mejladress.jpg HTTP/1.1" 200 17337 "http://atmycasa.blogspot.se/" "Mozilla/5.0 (iPad; CPU OS 6_1_3 like Mac OS X) AppleWebKit/536.26 (KHTML, like Gecko) Version/6.0 Mobile/10B329 Safari/8536.25"
81-230-165-46-no236.tbcn.telia.com - - [23/Sep/2013:17:34:18 +0200] "GET /atmycasa/bloglovin.jpg HTTP/1.1" 200 19710 "http://atmycasa.blogspot.se/" "Mozilla/5.0 (iPad; CPU OS 6_1_3 like Mac OS X) AppleWebKit/536.26 (KHTML, like Gecko) Version/6.0 Mobile/10B329 Safari/8536.25"
81-230-165-46-no236.tbcn.telia.com - - [23/Sep/2013:17:34:18 +0200] "GET /atmycasa/instagram.jpg HTTP/1.1" 200 18596 "http://atmycasa.blogspot.se/" "Mozilla/5.0 (iPad; CPU OS 6_1_3 like Mac OS X) AppleWebKit/536.26 (KHTML, like Gecko) Version/6.0 Mobile/10B329 Safari/8536.25"
host-95-199-221-148.mobileonline.telia.com - - [23/Sep/2013:17:34:32 +0200] "GET /atmycasa/bloglovin.jpg HTTP/1.1" 200 19710 "http://atmycasa.blogspot.se/?m=1" "Mozilla/5.0 (iPhone; CPU iPhone OS 7_0 like Mac OS X) AppleWebKit/537.51.1 (KHTML, like Gecko) Version/7.0 Mobile/11A465 Safari/9537.53"
host-95-199-221-148.mobileonline.telia.com - - [23/Sep/2013:17:34:32 +0200] "GET /atmycasa/instagram.jpg HTTP/1.1" 200 18596 "http://atmycasa.blogspot.se/?m=1" "Mozilla/5.0 (iPhone; CPU iPhone OS 7_0 like Mac OS X) AppleWebKit/537.51.1 (KHTML, like Gecko) Version/7.0 Mobile/11A465 Safari/9537.53"
host-95-199-221-148.mobileonline.telia.com - - [23/Sep/2013:17:34:32 +0200] "GET /atmycasa/mejladress.jpg HTTP/1.1" 200 17337 "http://atmycasa.blogspot.se/?m=1" "Mozilla/5.0 (iPhone; CPU iPhone OS 7_0 like Mac OS X) AppleWebKit/537.51.1 (KHTML, like Gecko) Version/7.0 Mobile/11A465 Safari/9537.53"
host-95-199-18-207.mobileonline.telia.com - - [23/Sep/2013:17:35:41 +0200] "GET /atmycasa/mejladress.jpg HTTP/1.1" 304 175 "http://www.atmycasa.blogspot.se/?m=1" "Mozilla/5.0 (iPhone; CPU iPhone OS 6_1_3 like Mac OS X) AppleWebKit/536.26 (KHTML, like Gecko) Version/6.0 Mobile/10B329 Safari/8536.25"
host-95-199-18-207.mobileonline.telia.com - - [23/Sep/2013:17:35:42 +0200] "GET /atmycasa/instagram.jpg HTTP/1.1" 304 175 "http://www.atmycasa.blogspot.se/?m=1" "Mozilla/5.0 (iPhone; CPU iPhone OS 6_1_3 like Mac OS X) AppleWebKit/536.26 (KHTML, like Gecko) Version/6.0 Mobile/10B329 Safari/8536.25"
host-95-199-18-207.mobileonline.telia.com - - [23/Sep/2013:17:35:42 +0200] "GET /atmycasa/bloglovin.jpg HTTP/1.1" 304 175 "http://www.atmycasa.blogspot.se/?m=1" "Mozilla/5.0 (iPhone; CPU iPhone OS 6_1_3 like Mac OS X) AppleWebKit/536.26 (KHTML, like Gecko) Version/6.0 Mobile/10B329 Safari/8536.25"
kone9813270.ippnet.fi - - [23/Sep/2013:17:35:52 +0200] "GET /atmycasa/mejladress.jpg HTTP/1.1" 200 17337 "http://atmycasa.blogspot.fi/" "Mozilla/5.0 (iPad; CPU OS 6_1 like Mac OS X) AppleWebKit/536.26 (KHTML, like Gecko) Version/6.0 Mobile/10B141 Safari/8536.25"
kone9813270.ippnet.fi - - [23/Sep/2013:17:35:52 +0200] "GET /atmycasa/bloglovin.jpg HTTP/1.1" 200 19710 "http://atmycasa.blogspot.fi/" "Mozilla/5.0 (iPad; CPU OS 6_1 like Mac OS X) AppleWebKit/536.26 (KHTML, like Gecko) Version/6.0 Mobile/10B141 Safari/8536.25"
kone9813270.ippnet.fi - - [23/Sep/2013:17:35:52 +0200] "GET /atmycasa/instagram.jpg HTTP/1.1" 200 18596 "http://atmycasa.blogspot.fi/" "Mozilla/5.0 (iPad; CPU OS 6_1 like Mac OS X) AppleWebKit/536.26 (KHTML, like Gecko) Version/6.0 Mobile/10B141 Safari/8536.25"
m83-190-9-107.cust.tele2.se - - [23/Sep/2013:17:37:03 +0200] "GET /atmycasa/mejladress.jpg HTTP/1.1" 200 17337 "http://atmycasa.blogspot.se/" "Mozilla/5.0 (compatible; MSIE 9.0; Windows NT 6.1; WOW64; Trident/5.0)"
m83-190-9-107.cust.tele2.se - - [23/Sep/2013:17:37:03 +0200] "GET /atmycasa/bloglovin.jpg HTTP/1.1" 200 19710 "http://atmycasa.blogspot.se/" "Mozilla/5.0 (compatible; MSIE 9.0; Windows NT 6.1; WOW64; Trident/5.0)"
m83-190-9-107.cust.tele2.se - - [23/Sep/2013:17:37:03 +0200] "GET /atmycasa/instagram.jpg HTTP/1.1" 200 18596 "http://atmycasa.blogspot.se/" "Mozilla/5.0 (compatible; MSIE 9.0; Windows NT 6.1; WOW64; Trident/5.0)"
90-227-206-188-no238.tbcn.telia.com - - [23/Sep/2013:17:38:05 +0200] "GET /atmycasa/bloglovin.jpg HTTP/1.1" 304 175 "http://atmycasa.blogspot.se/" "Mozilla/5.0 (Macintosh; Intel Mac OS X 10_8_5) AppleWebKit/537.36 (KHTML, like Gecko) Chrome/29.0.1547.76 Safari/537.36"
90-227-206-188-no238.tbcn.telia.com - - [23/Sep/2013:17:38:05 +0200] "GET /atmycasa/instagram.jpg HTTP/1.1" 304 174 "http://atmycasa.blogspot.se/" "Mozilla/5.0 (Macintosh; Intel Mac OS X 10_8_5) AppleWebKit/537.36 (KHTML, like Gecko) Chrome/29.0.1547.76 Safari/537.36"
90-227-206-188-no238.tbcn.telia.com - - [23/Sep/2013:17:38:06 +0200] "GET /atmycasa/mejladress.jpg HTTP/1.1" 304 175 "http://atmycasa.blogspot.se/" "Mozilla/5.0 (Macintosh; Intel Mac OS X 10_8_5) AppleWebKit/537.36 (KHTML, like Gecko) Chrome/29.0.1547.76 Safari/537.36"
crawl-66-249-78-155.googlebot.com - - [23/Sep/2013:17:38:34 +0200] "GET /artister/loparpodden HTTP/1.1" 200 36841 "-" "Mozilla/5.0 (compatible; Googlebot/2.1; +http://www.google.com/bot.html)"
crawl-66-249-78-155.googlebot.com - - [23/Sep/2013:17:40:02 +0200] "GET /latar/pitbull/echa-palla.htm HTTP/1.1" 200 36857 "-" "Mozilla/5.0 (compatible; Googlebot/2.1; +http://www.google.com/bot.html)"
78-69-3-196-no121.tbcn.telia.com - - [23/Sep/2013:17:40:24 +0200] "GET /atmycasa/mejladress.jpg HTTP/1.1" 200 17337 "http://atmycasa.blogspot.se/" "Mozilla/5.0 (Windows NT 6.1; WOW64) AppleWebKit/537.36 (KHTML, like Gecko) Chrome/29.0.1547.76 Safari/537.36"
78-69-3-196-no121.tbcn.telia.com - - [23/Sep/2013:17:40:25 +0200] "GET /atmycasa/bloglovin.jpg HTTP/1.1" 200 19710 "http://atmycasa.blogspot.se/" "Mozilla/5.0 (Windows NT 6.1; WOW64) AppleWebKit/537.36 (KHTML, like Gecko) Chrome/29.0.1547.76 Safari/537.36"
78-69-3-196-no121.tbcn.telia.com - - [23/Sep/2013:17:40:25 +0200] "GET /atmycasa/instagram.jpg HTTP/1.1" 200 18596 "http://atmycasa.blogspot.se/" "Mozilla/5.0 (Windows NT 6.1; WOW64) AppleWebKit/537.36 (KHTML, like Gecko) Chrome/29.0.1547.76 Safari/537.36"
cm-84.212.85.107.getinternet.no - - [23/Sep/2013:17:41:40 +0200] "GET /atmycasa/instagram.jpg HTTP/1.1" 200 18596 "http://atmycasa.blogspot.no/" "Mozilla/5.0 (iPad; CPU OS 6_1_3 like Mac OS X) AppleWebKit/536.26 (KHTML, like Gecko) Version/6.0 Mobile/10B329 Safari/8536.25"
cm-84.212.85.107.getinternet.no - - [23/Sep/2013:17:41:40 +0200] "GET /atmycasa/mejladress.jpg HTTP/1.1" 200 17337 "http://atmycasa.blogspot.no/" "Mozilla/5.0 (iPad; CPU OS 6_1_3 like Mac OS X) AppleWebKit/536.26 (KHTML, like Gecko) Version/6.0 Mobile/10B329 Safari/8536.25"
cm-84.212.85.107.getinternet.no - - [23/Sep/2013:17:41:40 +0200] "GET /atmycasa/bloglovin.jpg HTTP/1.1" 200 19710 "http://atmycasa.blogspot.no/" "Mozilla/5.0 (iPad; CPU OS 6_1_3 like Mac OS X) AppleWebKit/536.26 (KHTML, like Gecko) Version/6.0 Mobile/10B329 Safari/8536.25"
178.174.241.238 - - [23/Sep/2013:17:41:48 +0200] "GET /atmycasa/mejladress.jpg HTTP/1.1" 200 17337 "http://atmycasa.blogspot.se/2013/04/kalas.html?m=1" "Mozilla/5.0 (iPhone; CPU iPhone OS 6_1_3 like Mac OS X) AppleWebKit/536.26 (KHTML, like Gecko) Version/6.0 Mobile/10B329 Safari/8536.25"
178.174.241.238 - - [23/Sep/2013:17:41:48 +0200] "GET /atmycasa/bloglovin.jpg HTTP/1.1" 200 19710 "http://atmycasa.blogspot.se/2013/04/kalas.html?m=1" "Mozilla/5.0 (iPhone; CPU iPhone OS 6_1_3 like Mac OS X) AppleWebKit/536.26 (KHTML, like Gecko) Version/6.0 Mobile/10B329 Safari/8536.25"
178.174.241.238 - - [23/Sep/2013:17:41:48 +0200] "GET /atmycasa/instagram.jpg HTTP/1.1" 200 18596 "http://atmycasa.blogspot.se/2013/04/kalas.html?m=1" "Mozilla/5.0 (iPhone; CPU iPhone OS 6_1_3 like Mac OS X) AppleWebKit/536.26 (KHTML, like Gecko) Version/6.0 Mobile/10B329 Safari/8536.25"
79-133-3-53.bredband.aland.net - - [23/Sep/2013:17:42:27 +0200] "GET /atmycasa/mejladress.jpg HTTP/1.1" 200 17337 "http://atmycasa.blogspot.com/" "Mozilla/5.0 (Macintosh; Intel Mac OS X 10_8_4) AppleWebKit/536.30.1 (KHTML, like Gecko) Version/6.0.5 Safari/536.30.1"
79-133-3-53.bredband.aland.net - - [23/Sep/2013:17:42:27 +0200] "GET /atmycasa/bloglovin.jpg HTTP/1.1" 200 19710 "http://atmycasa.blogspot.com/" "Mozilla/5.0 (Macintosh; Intel Mac OS X 10_8_4) AppleWebKit/536.30.1 (KHTML, like Gecko) Version/6.0.5 Safari/536.30.1"
79-133-3-53.bredband.aland.net - - [23/Sep/2013:17:42:27 +0200] "GET /atmycasa/instagram.jpg HTTP/1.1" 200 18596 "http://atmycasa.blogspot.com/" "Mozilla/5.0 (Macintosh; Intel Mac OS X 10_8_4) AppleWebKit/536.30.1 (KHTML, like Gecko) Version/6.0.5 Safari/536.30.1"
c-2ec357c1-74736162.cust.telenor.se - - [23/Sep/2013:17:42:33 +0200] "GET /atmycasa/bloglovin.jpg HTTP/1.1" 200 19710 "http://atmycasa.blogspot.se/" "Mozilla/5.0 (compatible; MSIE 10.0; Windows NT 6.1; Trident/6.0)"
c-2ec357c1-74736162.cust.telenor.se - - [23/Sep/2013:17:42:33 +0200] "GET /atmycasa/mejladress.jpg HTTP/1.1" 200 17337 "http://atmycasa.blogspot.se/" "Mozilla/5.0 (compatible; MSIE 10.0; Windows NT 6.1; Trident/6.0)"
c-2ec357c1-74736162.cust.telenor.se - - [23/Sep/2013:17:42:33 +0200] "GET /atmycasa/instagram.jpg HTTP/1.1" 200 18596 "http://atmycasa.blogspot.se/" "Mozilla/5.0 (compatible; MSIE 10.0; Windows NT 6.1; Trident/6.0)"
c83-254-112-174.bredband.comhem.se - - [23/Sep/2013:17:42:47 +0200] "GET /atmycasa/mejladress.jpg HTTP/1.1" 200 17337 "http://atmycasa.blogspot.se/?m=1" "Mozilla/5.0 (iPhone; CPU iPhone OS 6_1_3 like Mac OS X) AppleWebKit/536.26 (KHTML, like Gecko) Version/6.0 Mobile/10B329 Safari/8536.25"
c83-254-112-174.bredband.comhem.se - - [23/Sep/2013:17:42:47 +0200] "GET /atmycasa/bloglovin.jpg HTTP/1.1" 200 19710 "http://atmycasa.blogspot.se/?m=1" "Mozilla/5.0 (iPhone; CPU iPhone OS 6_1_3 like Mac OS X) AppleWebKit/536.26 (KHTML, like Gecko) Version/6.0 Mobile/10B329 Safari/8536.25"
c-31-208-22-75.cust.bredband2.com - - [23/Sep/2013:17:42:59 +0200] "GET /atmycasa/mejladress.jpg HTTP/1.1" 200 17337 "http://atmycasa.blogspot.se/" "Mozilla/5.0 (compatible; MSIE 9.0; Windows NT 6.0; Trident/5.0)"
c-31-208-22-75.cust.bredband2.com - - [23/Sep/2013:17:42:59 +0200] "GET /atmycasa/instagram.jpg HTTP/1.1" 200 18596 "http://atmycasa.blogspot.se/" "Mozilla/5.0 (compatible; MSIE 9.0; Windows NT 6.0; Trident/5.0)"
c-31-208-22-75.cust.bredband2.com - - [23/Sep/2013:17:42:59 +0200] "GET /atmycasa/bloglovin.jpg HTTP/1.1" 200 19710 "http://atmycasa.blogspot.se/" "Mozilla/5.0 (compatible; MSIE 9.0; Windows NT 6.0; Trident/5.0)"
crawl-66-249-78-155.googlebot.com - - [23/Sep/2013:17:43:26 +0200] "GET /latar/panetoz/dansa-pausa.htm HTTP/1.1" 200 36864 "-" "Mozilla/5.0 (compatible; Googlebot/2.1; +http://www.google.com/bot.html)"
crawl-66-249-78-155.googlebot.com - - [23/Sep/2013:17:43:59 +0200] "GET /artister/hemma-hos-birro HTTP/1.1" 200 36849 "-" "Mozilla/5.0 (compatible; Googlebot/2.1; +http://www.google.com/bot.html)"
host-90-236-69-224.mobileonline.telia.com - - [23/Sep/2013:17:44:06 +0200] "GET /atmycasa/mejladress.jpg HTTP/1.1" 200 17337 "http://atmycasa.blogspot.se/" "Mozilla/5.0 (Macintosh; Intel Mac OS X 10_7_5) AppleWebKit/537.36 (KHTML, like Gecko) Chrome/29.0.1547.76 Safari/537.36"
host-90-236-69-224.mobileonline.telia.com - - [23/Sep/2013:17:44:06 +0200] "GET /atmycasa/bloglovin.jpg HTTP/1.1" 200 19710 "http://atmycasa.blogspot.se/" "Mozilla/5.0 (Macintosh; Intel Mac OS X 10_7_5) AppleWebKit/537.36 (KHTML, like Gecko) Chrome/29.0.1547.76 Safari/537.36"
host-90-236-69-224.mobileonline.telia.com - - [23/Sep/2013:17:44:06 +0200] "GET /atmycasa/instagram.jpg HTTP/1.1" 200 18596 "http://atmycasa.blogspot.se/" "Mozilla/5.0 (Macintosh; Intel Mac OS X 10_7_5) AppleWebKit/537.36 (KHTML, like Gecko) Chrome/29.0.1547.76 Safari/537.36"
78-73-40-229-no184.tbcn.telia.com - - [23/Sep/2013:17:44:33 +0200] "GET /atmycasa/mejladress.jpg HTTP/1.1" 200 17337 "http://atmycasa.blogspot.se/" "Mozilla/5.0 (Linux; U; Android 4.0.4; sv-se; GT-P5110 Build/IMM76D) AppleWebKit/534.30 (KHTML, like Gecko) Version/4.0 Safari/534.30"
78-73-40-229-no184.tbcn.telia.com - - [23/Sep/2013:17:44:33 +0200] "GET /atmycasa/bloglovin.jpg HTTP/1.1" 200 19710 "http://atmycasa.blogspot.se/" "Mozilla/5.0 (Linux; U; Android 4.0.4; sv-se; GT-P5110 Build/IMM76D) AppleWebKit/534.30 (KHTML, like Gecko) Version/4.0 Safari/534.30"
78-73-40-229-no184.tbcn.telia.com - - [23/Sep/2013:17:44:33 +0200] "GET /atmycasa/instagram.jpg HTTP/1.1" 200 18596 "http://atmycasa.blogspot.se/" "Mozilla/5.0 (Linux; U; Android 4.0.4; sv-se; GT-P5110 Build/IMM76D) AppleWebKit/534.30 (KHTML, like Gecko) Version/4.0 Safari/534.30"
h109-225-126-222.dynamic.se.alltele.net - - [23/Sep/2013:17:46:00 +0200] "GET /atmycasa/mejladress.jpg HTTP/1.1" 200 17337 "http://atmycasa.blogspot.se/" "Mozilla/5.0 (Macintosh; Intel Mac OS X 10_7_5) AppleWebKit/536.26.17 (KHTML, like Gecko) Version/6.0.2 Safari/536.26.17"
h109-225-126-222.dynamic.se.alltele.net - - [23/Sep/2013:17:46:00 +0200] "GET /atmycasa/bloglovin.jpg HTTP/1.1" 200 19710 "http://atmycasa.blogspot.se/" "Mozilla/5.0 (Macintosh; Intel Mac OS X 10_7_5) AppleWebKit/536.26.17 (KHTML, like Gecko) Version/6.0.2 Safari/536.26.17"
h109-225-126-222.dynamic.se.alltele.net - - [23/Sep/2013:17:46:00 +0200] "GET /atmycasa/instagram.jpg HTTP/1.1" 200 18596 "http://atmycasa.blogspot.se/" "Mozilla/5.0 (Macintosh; Intel Mac OS X 10_7_5) AppleWebKit/536.26.17 (KHTML, like Gecko) Version/6.0.2 Safari/536.26.17"
78-82-96-117.tn.glocalnet.net - - [23/Sep/2013:17:49:00 +0200] "GET /atmycasa/instagram.jpg HTTP/1.1" 200 18596 "http://atmycasa.blogspot.se/" "Mozilla/5.0 (Macintosh; Intel Mac OS X 10_7_5) AppleWebKit/536.30.1 (KHTML, like Gecko) Version/6.0.5 Safari/536.30.1"
78-82-96-117.tn.glocalnet.net - - [23/Sep/2013:17:49:00 +0200] "GET /atmycasa/mejladress.jpg HTTP/1.1" 200 17337 "http://atmycasa.blogspot.se/" "Mozilla/5.0 (Macintosh; Intel Mac OS X 10_7_5) AppleWebKit/536.30.1 (KHTML, like Gecko) Version/6.0.5 Safari/536.30.1"
78-82-96-117.tn.glocalnet.net - - [23/Sep/2013:17:49:00 +0200] "GET /atmycasa/bloglovin.jpg HTTP/1.1" 200 19710 "http://atmycasa.blogspot.se/" "Mozilla/5.0 (Macintosh; Intel Mac OS X 10_7_5) AppleWebKit/536.30.1 (KHTML, like Gecko) Version/6.0.5 Safari/536.30.1"
81-235-250-114-no24.tbcn.telia.com - - [23/Sep/2013:17:51:46 +0200] "GET /atmycasa/mejladress.jpg HTTP/1.1" 200 17337 "http://atmycasa.blogspot.se/" "Mozilla/5.0 (Linux; U; Android 4.2.2; sv-se; GT-P7310 Build/JDQ39; CyanogenMod-10.1) AppleWebKit/534.30 (KHTML, like Gecko) Version/4.0 Safari/534.30"
81-235-250-114-no24.tbcn.telia.com - - [23/Sep/2013:17:51:46 +0200] "GET /atmycasa/bloglovin.jpg HTTP/1.1" 200 19709 "http://atmycasa.blogspot.se/" "Mozilla/5.0 (Linux; U; Android 4.2.2; sv-se; GT-P7310 Build/JDQ39; CyanogenMod-10.1) AppleWebKit/534.30 (KHTML, like Gecko) Version/4.0 Safari/534.30"
81-235-250-114-no24.tbcn.telia.com - - [23/Sep/2013:17:51:46 +0200] "GET /atmycasa/instagram.jpg HTTP/1.1" 200 18596 "http://atmycasa.blogspot.se/" "Mozilla/5.0 (Linux; U; Android 4.2.2; sv-se; GT-P7310 Build/JDQ39; CyanogenMod-10.1) AppleWebKit/534.30 (KHTML, like Gecko) Version/4.0 Safari/534.30"
host-95-195-158-41.mobileonline.telia.com - - [23/Sep/2013:17:53:39 +0200] "GET /atmycasa/instagram.jpg HTTP/1.1" 200 18596 "http://atmycasa.blogspot.se/?m=1" "Mozilla/5.0 (iPhone; CPU iPhone OS 6_1_3 like Mac OS X) AppleWebKit/536.26 (KHTML, like Gecko) Version/6.0 Mobile/10B329 Safari/8536.25"
host-95-195-158-41.mobileonline.telia.com - - [23/Sep/2013:17:53:39 +0200] "GET /atmycasa/mejladress.jpg HTTP/1.1" 200 17337 "http://atmycasa.blogspot.se/?m=1" "Mozilla/5.0 (iPhone; CPU iPhone OS 6_1_3 like Mac OS X) AppleWebKit/536.26 (KHTML, like Gecko) Version/6.0 Mobile/10B329 Safari/8536.25"
host-95-195-158-41.mobileonline.telia.com - - [23/Sep/2013:17:53:39 +0200] "GET /atmycasa/bloglovin.jpg HTTP/1.1" 200 19710 "http://atmycasa.blogspot.se/?m=1" "Mozilla/5.0 (iPhone; CPU iPhone OS 6_1_3 like Mac OS X) AppleWebKit/536.26 (KHTML, like Gecko) Version/6.0 Mobile/10B329 Safari/8536.25"
c213-89-123-244.bredband.comhem.se - - [23/Sep/2013:17:54:50 +0200] "GET /atmycasa/mejladress.jpg HTTP/1.1" 200 17337 "http://atmycasa.blogspot.se/" "Mozilla/5.0 (iPad; CPU OS 6_0 like Mac OS X) AppleWebKit/536.26 (KHTML, like Gecko) Version/6.0 Mobile/10A403 Safari/8536.25"
c213-89-123-244.bredband.comhem.se - - [23/Sep/2013:17:54:50 +0200] "GET /atmycasa/instagram.jpg HTTP/1.1" 200 18596 "http://atmycasa.blogspot.se/" "Mozilla/5.0 (iPad; CPU OS 6_0 like Mac OS X) AppleWebKit/536.26 (KHTML, like Gecko) Version/6.0 Mobile/10A403 Safari/8536.25"
c213-89-123-244.bredband.comhem.se - - [23/Sep/2013:17:54:50 +0200] "GET /atmycasa/bloglovin.jpg HTTP/1.1" 200 19710 "http://atmycasa.blogspot.se/" "Mozilla/5.0 (iPad; CPU OS 6_0 like Mac OS X) AppleWebKit/536.26 (KHTML, like Gecko) Version/6.0 Mobile/10A403 Safari/8536.25"
81-233-173-157-no85.tbcn.telia.com - - [23/Sep/2013:17:55:38 +0200] "GET /atmycasa/mejladress.jpg HTTP/1.1" 200 17337 "http://atmycasa.blogspot.se/" "Mozilla/5.0 (Macintosh; Intel Mac OS X 10_7_5) AppleWebKit/536.30.1 (KHTML, like Gecko) Version/6.0.5 Safari/536.30.1"
81-233-173-157-no85.tbcn.telia.com - - [23/Sep/2013:17:55:38 +0200] "GET /atmycasa/bloglovin.jpg HTTP/1.1" 200 19710 "http://atmycasa.blogspot.se/" "Mozilla/5.0 (Macintosh; Intel Mac OS X 10_7_5) AppleWebKit/536.30.1 (KHTML, like Gecko) Version/6.0.5 Safari/536.30.1"
81-233-173-157-no85.tbcn.telia.com - - [23/Sep/2013:17:55:38 +0200] "GET /atmycasa/instagram.jpg HTTP/1.1" 200 18596 "http://atmycasa.blogspot.se/" "Mozilla/5.0 (Macintosh; Intel Mac OS X 10_7_5) AppleWebKit/536.30.1 (KHTML, like Gecko) Version/6.0.5 Safari/536.30.1"
d83-183-8-238.cust.tele2.se - - [23/Sep/2013:17:56:33 +0200] "GET /atmycasa/bloglovin.jpg HTTP/1.1" 304 175 "http://atmycasa.blogspot.se/" "Mozilla/5.0 (iPad; CPU OS 6_1_3 like Mac OS X) AppleWebKit/536.26 (KHTML, like Gecko) Version/6.0 Mobile/10B329 Safari/8536.25"
d83-183-8-238.cust.tele2.se - - [23/Sep/2013:17:56:33 +0200] "GET /atmycasa/instagram.jpg HTTP/1.1" 304 175 "http://atmycasa.blogspot.se/" "Mozilla/5.0 (iPad; CPU OS 6_1_3 like Mac OS X) AppleWebKit/536.26 (KHTML, like Gecko) Version/6.0 Mobile/10B329 Safari/8536.25"
h-126-7.a324.priv.bahnhof.se - - [23/Sep/2013:17:56:59 +0200] "GET /atmycasa/bloglovin.jpg HTTP/1.1" 200 19710 "http://atmycasa.blogspot.se/" "Mozilla/5.0 (iPad; CPU OS 7_0 like Mac OS X) AppleWebKit/537.51.1 (KHTML, like Gecko) Version/7.0 Mobile/11A465 Safari/9537.53"
h-126-7.a324.priv.bahnhof.se - - [23/Sep/2013:17:56:59 +0200] "GET /atmycasa/mejladress.jpg HTTP/1.1" 200 17337 "http://atmycasa.blogspot.se/" "Mozilla/5.0 (iPad; CPU OS 7_0 like Mac OS X) AppleWebKit/537.51.1 (KHTML, like Gecko) Version/7.0 Mobile/11A465 Safari/9537.53"
h-126-7.a324.priv.bahnhof.se - - [23/Sep/2013:17:56:59 +0200] "GET /atmycasa/instagram.jpg HTTP/1.1" 200 18596 "http://atmycasa.blogspot.se/" "Mozilla/5.0 (iPad; CPU OS 7_0 like Mac OS X) AppleWebKit/537.51.1 (KHTML, like Gecko) Version/7.0 Mobile/11A465 Safari/9537.53"
c-83-233-135-172.cust.bredband2.com - - [23/Sep/2013:17:59:03 +0200] "GET /atmycasa/mejladress.jpg HTTP/1.1" 200 17337 "http://atmycasa.blogspot.se/2013_05_01_archive.html" "Mozilla/5.0 (Macintosh; Intel Mac OS X 10_8_5) AppleWebKit/536.30.1 (KHTML, like Gecko) Version/6.0.5 Safari/536.30.1"
c-83-233-135-172.cust.bredband2.com - - [23/Sep/2013:17:59:03 +0200] "GET /atmycasa/bloglovin.jpg HTTP/1.1" 200 19710 "http://atmycasa.blogspot.se/2013_05_01_archive.html" "Mozilla/5.0 (Macintosh; Intel Mac OS X 10_8_5) AppleWebKit/536.30.1 (KHTML, like Gecko) Version/6.0.5 Safari/536.30.1"
c-83-233-135-172.cust.bredband2.com - - [23/Sep/2013:17:59:03 +0200] "GET /atmycasa/instagram.jpg HTTP/1.1" 200 18596 "http://atmycasa.blogspot.se/2013_05_01_archive.html" "Mozilla/5.0 (Macintosh; Intel Mac OS X 10_8_5) AppleWebKit/536.30.1 (KHTML, like Gecko) Version/6.0.5 Safari/536.30.1"
h-70-215.a160.priv.bahnhof.se - - [23/Sep/2013:17:59:06 +0200] "GET /atmycasa/instagram.jpg HTTP/1.1" 200 18596 "http://atmycasa.blogspot.se/" "Mozilla/5.0 (Macintosh; Intel Mac OS X 10_8_5) AppleWebKit/536.30.1 (KHTML, like Gecko) Version/6.0.5 Safari/536.30.1"
h-70-215.a160.priv.bahnhof.se - - [23/Sep/2013:17:59:06 +0200] "GET /atmycasa/bloglovin.jpg HTTP/1.1" 200 19710 "http://atmycasa.blogspot.se/" "Mozilla/5.0 (Macintosh; Intel Mac OS X 10_8_5) AppleWebKit/536.30.1 (KHTML, like Gecko) Version/6.0.5 Safari/536.30.1"
h-70-215.a160.priv.bahnhof.se - - [23/Sep/2013:17:59:06 +0200] "GET /atmycasa/mejladress.jpg HTTP/1.1" 200 17337 "http://atmycasa.blogspot.se/" "Mozilla/5.0 (Macintosh; Intel Mac OS X 10_8_5) AppleWebKit/536.30.1 (KHTML, like Gecko) Version/6.0.5 Safari/536.30.1"
