crawl-66-249-78-155.googlebot.com - - [24/Sep/2013:05:00:00 +0200] "GET /latar/de-vet-du/kr-i-en-kndis.htm HTTP/1.1" 200 36872 "-" "Mozilla/5.0 (compatible; Googlebot/2.1; +http://www.google.com/bot.html)"
92-33-138-218.tn.glocalnet.net - - [24/Sep/2013:05:00:37 +0200] "GET /atmycasa/instagram.jpg HTTP/1.1" 200 18596 "http://atmycasa.blogspot.se/2013/09/nymalat.html" "Mozilla/5.0 (Windows NT 6.0; rv:23.0) Gecko/20100101 Firefox/23.0"
92-33-138-218.tn.glocalnet.net - - [24/Sep/2013:05:00:37 +0200] "GET /atmycasa/bloglovin.jpg HTTP/1.1" 200 19710 "http://atmycasa.blogspot.se/2013/09/nymalat.html" "Mozilla/5.0 (Windows NT 6.0; rv:23.0) Gecko/20100101 Firefox/23.0"
92-33-138-218.tn.glocalnet.net - - [24/Sep/2013:05:00:37 +0200] "GET /atmycasa/mejladress.jpg HTTP/1.1" 200 17337 "http://atmycasa.blogspot.se/2013/09/nymalat.html" "Mozilla/5.0 (Windows NT 6.0; rv:23.0) Gecko/20100101 Firefox/23.0"
crawl-66-249-78-155.googlebot.com - - [24/Sep/2013:05:03:02 +0200] "GET /artister/sidney-samson-ft-william HTTP/1.1" 200 36872 "-" "Mozilla/5.0 (compatible; Googlebot/2.1; +http://www.google.com/bot.html)"
crawl-66-249-78-155.googlebot.com - - [24/Sep/2013:05:11:14 +0200] "GET /latar/stiftelsen/vart-jag-n-gr.htm HTTP/1.1" 200 36874 "-" "Mozilla/5.0 (compatible; Googlebot/2.1; +http://www.google.com/bot.html)"
87-95-195-180.bb.dnainternet.fi - - [24/Sep/2013:05:14:27 +0200] "GET /atmycasa/bloglovin.jpg HTTP/1.1" 200 19710 "http://atmycasa.blogspot.fi/search?updated-max=2013-07-10T18:44:00%2B02:00&max-results=3&start=63&by-date=false" "Mozilla/5.0 (iPad; CPU OS 6_1_3 like Mac OS X) AppleWebKit/536.26 (KHTML, like Gecko) Version/6.0 Mobile/10B329 Safari/8536.25"
87-95-195-180.bb.dnainternet.fi - - [24/Sep/2013:05:14:27 +0200] "GET /atmycasa/mejladress.jpg HTTP/1.1" 200 17337 "http://atmycasa.blogspot.fi/search?updated-max=2013-07-10T18:44:00%2B02:00&max-results=3&start=63&by-date=false" "Mozilla/5.0 (iPad; CPU OS 6_1_3 like Mac OS X) AppleWebKit/536.26 (KHTML, like Gecko) Version/6.0 Mobile/10B329 Safari/8536.25"
87-95-195-180.bb.dnainternet.fi - - [24/Sep/2013:05:14:27 +0200] "GET /atmycasa/instagram.jpg HTTP/1.1" 200 18596 "http://atmycasa.blogspot.fi/search?updated-max=2013-07-10T18:44:00%2B02:00&max-results=3&start=63&by-date=false" "Mozilla/5.0 (iPad; CPU OS 6_1_3 like Mac OS X) AppleWebKit/536.26 (KHTML, like Gecko) Version/6.0 Mobile/10B329 Safari/8536.25"
spider-37-140-141-6.yandex.com - - [24/Sep/2013:05:16:20 +0200] "GET /avsnitt/varvet-podcast/86-dominik-henzel.htm HTTP/1.1" 200 37099 "-" "Mozilla/5.0 (compatible; YandexBot/3.0; +http://yandex.com/bots)"
crawl-66-249-78-155.googlebot.com - - [24/Sep/2013:05:22:03 +0200] "GET /latar/nicki-minaj/va-va-voom.htm HTTP/1.1" 200 36865 "-" "Mozilla/5.0 (compatible; Googlebot/2.1; +http://www.google.com/bot.html)"
crawl-66-249-74-81.googlebot.com - - [24/Sep/2013:05:24:18 +0200] "GET /latar/bosson-apollo-4/10000-feet.htm HTTP/1.1" 200 36877 "-" "Mozilla/5.0 (compatible; Googlebot/2.1; +http://www.google.com/bot.html)"
crawl-66-249-78-155.googlebot.com - - [24/Sep/2013:05:24:29 +0200] "GET /latar/the-black-eyed-peas/i-gotta-feeling.htm HTTP/1.1" 200 36896 "-" "Mozilla/5.0 (compatible; Googlebot/2.1; +http://www.google.com/bot.html)"
108-84-185-175.lightspeed.irvnca.sbcglobal.net - - [24/Sep/2013:05:25:13 +0200] "GET / HTTP/1.1" 200 5395 "https://www.google.com/" "Mozilla/5.0 (Windows NT 6.2; WOW64) AppleWebKit/537.36 (KHTML, like Gecko) Chrome/29.0.1547.76 Safari/537.36"
108-84-185-175.lightspeed.irvnca.sbcglobal.net - - [24/Sep/2013:05:25:13 +0200] "GET /css/normalize.css HTTP/1.1" 200 7638 "http://www.myrberginnovation.se/" "Mozilla/5.0 (Windows NT 6.2; WOW64) AppleWebKit/537.36 (KHTML, like Gecko) Chrome/29.0.1547.76 Safari/537.36"
108-84-185-175.lightspeed.irvnca.sbcglobal.net - - [24/Sep/2013:05:25:13 +0200] "GET /css/global.css HTTP/1.1" 200 327 "http://www.myrberginnovation.se/" "Mozilla/5.0 (Windows NT 6.2; WOW64) AppleWebKit/537.36 (KHTML, like Gecko) Chrome/29.0.1547.76 Safari/537.36"
108-84-185-175.lightspeed.irvnca.sbcglobal.net - - [24/Sep/2013:05:25:14 +0200] "GET /css/layouts/main.css HTTP/1.1" 200 2672 "http://www.myrberginnovation.se/" "Mozilla/5.0 (Windows NT 6.2; WOW64) AppleWebKit/537.36 (KHTML, like Gecko) Chrome/29.0.1547.76 Safari/537.36"
108-84-185-175.lightspeed.irvnca.sbcglobal.net - - [24/Sep/2013:05:25:14 +0200] "GET /css/home/index.css HTTP/1.1" 200 704 "http://www.myrberginnovation.se/" "Mozilla/5.0 (Windows NT 6.2; WOW64) AppleWebKit/537.36 (KHTML, like Gecko) Chrome/29.0.1547.76 Safari/537.36"
108-84-185-175.lightspeed.irvnca.sbcglobal.net - - [24/Sep/2013:05:25:14 +0200] "GET /js/jquery.js HTTP/1.1" 200 83783 "http://www.myrberginnovation.se/" "Mozilla/5.0 (Windows NT 6.2; WOW64) AppleWebKit/537.36 (KHTML, like Gecko) Chrome/29.0.1547.76 Safari/537.36"
108-84-185-175.lightspeed.irvnca.sbcglobal.net - - [24/Sep/2013:05:25:14 +0200] "GET /libs/bootstrap/js/bootstrap.js HTTP/1.1" 200 28025 "http://www.myrberginnovation.se/" "Mozilla/5.0 (Windows NT 6.2; WOW64) AppleWebKit/537.36 (KHTML, like Gecko) Chrome/29.0.1547.76 Safari/537.36"
108-84-185-175.lightspeed.irvnca.sbcglobal.net - - [24/Sep/2013:05:25:14 +0200] "GET /libs/bootbox/bootbox.js HTTP/1.1" 200 5740 "http://www.myrberginnovation.se/" "Mozilla/5.0 (Windows NT 6.2; WOW64) AppleWebKit/537.36 (KHTML, like Gecko) Chrome/29.0.1547.76 Safari/537.36"
108-84-185-175.lightspeed.irvnca.sbcglobal.net - - [24/Sep/2013:05:25:14 +0200] "GET /js/base.js HTTP/1.1" 200 633 "http://www.myrberginnovation.se/" "Mozilla/5.0 (Windows NT 6.2; WOW64) AppleWebKit/537.36 (KHTML, like Gecko) Chrome/29.0.1547.76 Safari/537.36"
108-84-185-175.lightspeed.irvnca.sbcglobal.net - - [24/Sep/2013:05:25:14 +0200] "GET /images/logo.png HTTP/1.1" 200 15685 "http://www.myrberginnovation.se/" "Mozilla/5.0 (Windows NT 6.2; WOW64) AppleWebKit/537.36 (KHTML, like Gecko) Chrome/29.0.1547.76 Safari/537.36"
108-84-185-175.lightspeed.irvnca.sbcglobal.net - - [24/Sep/2013:05:25:13 +0200] "GET /libs/bootstrap/css/bootstrap.css HTTP/1.1" 200 116238 "http://www.myrberginnovation.se/" "Mozilla/5.0 (Windows NT 6.2; WOW64) AppleWebKit/537.36 (KHTML, like Gecko) Chrome/29.0.1547.76 Safari/537.36"
108-84-185-175.lightspeed.irvnca.sbcglobal.net - - [24/Sep/2013:05:25:14 +0200] "GET /images/icons/news_items.png HTTP/1.1" 200 5820 "http://www.myrberginnovation.se/" "Mozilla/5.0 (Windows NT 6.2; WOW64) AppleWebKit/537.36 (KHTML, like Gecko) Chrome/29.0.1547.76 Safari/537.36"
108-84-185-175.lightspeed.irvnca.sbcglobal.net - - [24/Sep/2013:05:25:14 +0200] "GET /images/icons/comment.png HTTP/1.1" 200 4125 "http://www.myrberginnovation.se/" "Mozilla/5.0 (Windows NT 6.2; WOW64) AppleWebKit/537.36 (KHTML, like Gecko) Chrome/29.0.1547.76 Safari/537.36"
108-84-185-175.lightspeed.irvnca.sbcglobal.net - - [24/Sep/2013:05:25:14 +0200] "GET /fonts/harababa/harabara-webfont.woff HTTP/1.1" 200 21713 "http://www.myrberginnovation.se/" "Mozilla/5.0 (Windows NT 6.2; WOW64) AppleWebKit/537.36 (KHTML, like Gecko) Chrome/29.0.1547.76 Safari/537.36"
108-84-185-175.lightspeed.irvnca.sbcglobal.net - - [24/Sep/2013:05:25:14 +0200] "GET /images/icons/played.png HTTP/1.1" 200 5058 "http://www.myrberginnovation.se/" "Mozilla/5.0 (Windows NT 6.2; WOW64) AppleWebKit/537.36 (KHTML, like Gecko) Chrome/29.0.1547.76 Safari/537.36"
108-84-185-175.lightspeed.irvnca.sbcglobal.net - - [24/Sep/2013:05:25:15 +0200] "GET /favicon.ico HTTP/1.1" 200 274 "-" "Mozilla/5.0 (Windows NT 6.2; WOW64) AppleWebKit/537.36 (KHTML, like Gecko) Chrome/29.0.1547.76 Safari/537.36"
108-84-185-175.lightspeed.irvnca.sbcglobal.net - - [24/Sep/2013:05:25:20 +0200] "GET /avsnitt.html HTTP/1.1" 200 38820 "http://www.myrberginnovation.se/" "Mozilla/5.0 (Windows NT 6.2; WOW64) AppleWebKit/537.36 (KHTML, like Gecko) Chrome/29.0.1547.76 Safari/537.36"
108-84-185-175.lightspeed.irvnca.sbcglobal.net - - [24/Sep/2013:05:25:22 +0200] "GET /poddar HTTP/1.1" 200 20958 "http://www.myrberginnovation.se/" "Mozilla/5.0 (Windows NT 6.2; WOW64) AppleWebKit/537.36 (KHTML, like Gecko) Chrome/29.0.1547.76 Safari/537.36"
108-84-185-175.lightspeed.irvnca.sbcglobal.net - - [24/Sep/2013:05:25:23 +0200] "GET /css/home/view_podcasts.css HTTP/1.1" 200 651 "http://www.myrberginnovation.se/poddar" "Mozilla/5.0 (Windows NT 6.2; WOW64) AppleWebKit/537.36 (KHTML, like Gecko) Chrome/29.0.1547.76 Safari/537.36"
108-84-185-175.lightspeed.irvnca.sbcglobal.net - - [24/Sep/2013:05:25:23 +0200] "GET /images/podcasts/1/filip-och-fredriks-podcast-standard.jpg HTTP/1.1" 200 15852 "http://www.myrberginnovation.se/poddar" "Mozilla/5.0 (Windows NT 6.2; WOW64) AppleWebKit/537.36 (KHTML, like Gecko) Chrome/29.0.1547.76 Safari/537.36"
108-84-185-175.lightspeed.irvnca.sbcglobal.net - - [24/Sep/2013:05:25:23 +0200] "GET /images/podcasts/4/varvet-podcast-standard.jpg HTTP/1.1" 200 17826 "http://www.myrberginnovation.se/poddar" "Mozilla/5.0 (Windows NT 6.2; WOW64) AppleWebKit/537.36 (KHTML, like Gecko) Chrome/29.0.1547.76 Safari/537.36"
108-84-185-175.lightspeed.irvnca.sbcglobal.net - - [24/Sep/2013:05:25:23 +0200] "GET /images/podcasts/5/sr-p3-dokumentar-standard.jpg HTTP/1.1" 200 73792 "http://www.myrberginnovation.se/poddar" "Mozilla/5.0 (Windows NT 6.2; WOW64) AppleWebKit/537.36 (KHTML, like Gecko) Chrome/29.0.1547.76 Safari/537.36"
108-84-185-175.lightspeed.irvnca.sbcglobal.net - - [24/Sep/2013:05:25:23 +0200] "GET /js/home/view_podcasts.js HTTP/1.1" 200 1346 "http://www.myrberginnovation.se/poddar" "Mozilla/5.0 (Windows NT 6.2; WOW64) AppleWebKit/537.36 (KHTML, like Gecko) Chrome/29.0.1547.76 Safari/537.36"
108-84-185-175.lightspeed.irvnca.sbcglobal.net - - [24/Sep/2013:05:25:23 +0200] "GET /images/podcasts/7/adam-och-kompani-standard.jpg HTTP/1.1" 200 15805 "http://www.myrberginnovation.se/poddar" "Mozilla/5.0 (Windows NT 6.2; WOW64) AppleWebKit/537.36 (KHTML, like Gecko) Chrome/29.0.1547.76 Safari/537.36"
108-84-185-175.lightspeed.irvnca.sbcglobal.net - - [24/Sep/2013:05:25:23 +0200] "GET /images/podcasts/8/alla-mina-kamrater-standard.jpg HTTP/1.1" 200 18805 "http://www.myrberginnovation.se/poddar" "Mozilla/5.0 (Windows NT 6.2; WOW64) AppleWebKit/537.36 (KHTML, like Gecko) Chrome/29.0.1547.76 Safari/537.36"
108-84-185-175.lightspeed.irvnca.sbcglobal.net - - [24/Sep/2013:05:25:23 +0200] "GET /images/podcasts/9/sr-tankesmedjan-standard.jpg HTTP/1.1" 200 19294 "http://www.myrberginnovation.se/poddar" "Mozilla/5.0 (Windows NT 6.2; WOW64) AppleWebKit/537.36 (KHTML, like Gecko) Chrome/29.0.1547.76 Safari/537.36"
108-84-185-175.lightspeed.irvnca.sbcglobal.net - - [24/Sep/2013:05:25:23 +0200] "GET /images/podcasts/10/olof-och-rickards-podcast-standard.jpg HTTP/1.1" 200 11229 "http://www.myrberginnovation.se/poddar" "Mozilla/5.0 (Windows NT 6.2; WOW64) AppleWebKit/537.36 (KHTML, like Gecko) Chrome/29.0.1547.76 Safari/537.36"
108-84-185-175.lightspeed.irvnca.sbcglobal.net - - [24/Sep/2013:05:25:24 +0200] "GET /images/podcasts/11/luuk-och-lokko-standard.jpg HTTP/1.1" 200 12651 "http://www.myrberginnovation.se/poddar" "Mozilla/5.0 (Windows NT 6.2; WOW64) AppleWebKit/537.36 (KHTML, like Gecko) Chrome/29.0.1547.76 Safari/537.36"
108-84-185-175.lightspeed.irvnca.sbcglobal.net - - [24/Sep/2013:05:25:23 +0200] "GET /images/podcasts/3/alex-och-sigges-podcast-standard.jpg HTTP/1.1" 200 170440 "http://www.myrberginnovation.se/poddar" "Mozilla/5.0 (Windows NT 6.2; WOW64) AppleWebKit/537.36 (KHTML, like Gecko) Chrome/29.0.1547.76 Safari/537.36"
108-84-185-175.lightspeed.irvnca.sbcglobal.net - - [24/Sep/2013:05:25:24 +0200] "GET /images/podcasts/12/fysiopodden-standard.jpg HTTP/1.1" 200 8606 "http://www.myrberginnovation.se/poddar" "Mozilla/5.0 (Windows NT 6.2; WOW64) AppleWebKit/537.36 (KHTML, like Gecko) Chrome/29.0.1547.76 Safari/537.36"
108-84-185-175.lightspeed.irvnca.sbcglobal.net - - [24/Sep/2013:05:25:23 +0200] "GET /images/podcasts/6/co-hannah-och-amanda-standard.jpg HTTP/1.1" 200 125908 "http://www.myrberginnovation.se/poddar" "Mozilla/5.0 (Windows NT 6.2; WOW64) AppleWebKit/537.36 (KHTML, like Gecko) Chrome/29.0.1547.76 Safari/537.36"
crawl-66-249-78-155.googlebot.com - - [24/Sep/2013:05:26:39 +0200] "GET /latar/den-svenska-bjrnstammen/vart-jag-mig-i-vrlden-vnder.htm HTTP/1.1" 200 36928 "-" "Mozilla/5.0 (compatible; Googlebot/2.1; +http://www.google.com/bot.html)"
crawl-66-249-78-155.googlebot.com - - [24/Sep/2013:05:27:35 +0200] "GET /latar/camp-sweden-feat-ola-lustig/kmpa-gul-bl.htm HTTP/1.1" 200 36904 "-" "Mozilla/5.0 (compatible; Googlebot/2.1; +http://www.google.com/bot.html)"
crawl-66-249-78-155.googlebot.com - - [24/Sep/2013:05:28:04 +0200] "GET /latar/the-do/too-insistent.htm HTTP/1.1" 200 36865 "-" "Mozilla/5.0 (compatible; Googlebot/2.1; +http://www.google.com/bot.html)"
crawl-66-249-78-155.googlebot.com - - [24/Sep/2013:05:28:23 +0200] "GET /latar/robin-og-bugge/elak-elak.htm HTTP/1.1" 200 36874 "-" "Mozilla/5.0 (compatible; Googlebot/2.1; +http://www.google.com/bot.html)"
crawl-66-249-78-155.googlebot.com - - [24/Sep/2013:05:28:52 +0200] "GET /latar/icona-pop/i-love-it.htm HTTP/1.1" 200 36864 "-" "Mozilla/5.0 (compatible; Googlebot/2.1; +http://www.google.com/bot.html)"
crawl-66-249-78-155.googlebot.com - - [24/Sep/2013:05:29:03 +0200] "GET /latar/lolita-jolie/non-non-non.htm HTTP/1.1" 200 36874 "-" "Mozilla/5.0 (compatible; Googlebot/2.1; +http://www.google.com/bot.html)"
crawl-66-249-78-155.googlebot.com - - [24/Sep/2013:05:29:46 +0200] "GET /latar/calvin-harris/sweet-nothing-ft-florence-welch.htm HTTP/1.1" 200 36916 "-" "Mozilla/5.0 (compatible; Googlebot/2.1; +http://www.google.com/bot.html)"
crawl-66-249-78-155.googlebot.com - - [24/Sep/2013:05:29:57 +0200] "GET /latar/mike-candys/2012-if-the-world-would-end.htm HTTP/1.1" 200 36904 "-" "Mozilla/5.0 (compatible; Googlebot/2.1; +http://www.google.com/bot.html)"
crawl-66-249-78-155.googlebot.com - - [24/Sep/2013:05:30:32 +0200] "GET /latar/inna/alright-by-playwin.htm HTTP/1.1" 200 36872 "-" "Mozilla/5.0 (compatible; Googlebot/2.1; +http://www.google.com/bot.html)"
crawl-66-249-78-155.googlebot.com - - [24/Sep/2013:05:31:20 +0200] "GET /latar/kesha/cmon.htm HTTP/1.1" 200 36841 "-" "Mozilla/5.0 (compatible; Googlebot/2.1; +http://www.google.com/bot.html)"
crawl-66-249-78-155.googlebot.com - - [24/Sep/2013:05:31:58 +0200] "GET /latar/hkartorget/adhd-skalle.htm HTTP/1.1" 200 36865 "-" "Mozilla/5.0 (compatible; Googlebot/2.1; +http://www.google.com/bot.html)"
crawl-66-249-78-155.googlebot.com - - [24/Sep/2013:05:32:18 +0200] "GET /artister/varvet-podcast HTTP/1.1" 200 36852 "-" "Mozilla/5.0 (compatible; Googlebot/2.1; +http://www.google.com/bot.html)"
crawl-66-249-78-155.googlebot.com - - [24/Sep/2013:05:32:41 +0200] "GET /latar/stiftelsen/en-annan-vrld.htm HTTP/1.1" 200 36874 "-" "Mozilla/5.0 (compatible; Googlebot/2.1; +http://www.google.com/bot.html)"
crawl-66-249-78-155.googlebot.com - - [24/Sep/2013:05:32:54 +0200] "GET /latar/michael-mind-project/feeling-so-blue.htm HTTP/1.1" 200 36898 "-" "Mozilla/5.0 (compatible; Googlebot/2.1; +http://www.google.com/bot.html)"
crawl-66-249-78-155.googlebot.com - - [24/Sep/2013:05:33:04 +0200] "GET /latar/ola/im-in-love.htm HTTP/1.1" 200 36849 "-" "Mozilla/5.0 (compatible; Googlebot/2.1; +http://www.google.com/bot.html)"
crawl-66-249-78-155.googlebot.com - - [24/Sep/2013:05:33:16 +0200] "GET /latar/rob-nino/freak-feat-lazee.htm HTTP/1.1" 200 36876 "-" "Mozilla/5.0 (compatible; Googlebot/2.1; +http://www.google.com/bot.html)"
crawl-66-249-78-155.googlebot.com - - [24/Sep/2013:05:33:27 +0200] "GET /latar/maskinen/krossa-alla-fnster.htm HTTP/1.1" 200 36880 "-" "Mozilla/5.0 (compatible; Googlebot/2.1; +http://www.google.com/bot.html)"
crawl-66-249-78-155.googlebot.com - - [24/Sep/2013:05:33:39 +0200] "GET /latar/alexandra-stan/mr-saxobeat.htm HTTP/1.1" 200 36877 "-" "Mozilla/5.0 (compatible; Googlebot/2.1; +http://www.google.com/bot.html)"
crawl-66-249-78-155.googlebot.com - - [24/Sep/2013:05:34:03 +0200] "GET /latar/imagine-dragons/on-top-of-the-world.htm HTTP/1.1" 200 36896 "-" "Mozilla/5.0 (compatible; Googlebot/2.1; +http://www.google.com/bot.html)"
crawl-66-249-78-155.googlebot.com - - [24/Sep/2013:05:34:14 +0200] "GET /latar/nause/this-is-the-song.htm HTTP/1.1" 200 36869 "-" "Mozilla/5.0 (compatible; Googlebot/2.1; +http://www.google.com/bot.html)"
crawl-66-249-78-155.googlebot.com - - [24/Sep/2013:05:34:25 +0200] "GET /latar/ason-id-e-flex/sunshade.htm HTTP/1.1" 200 36872 "-" "Mozilla/5.0 (compatible; Googlebot/2.1; +http://www.google.com/bot.html)"
crawl-66-249-78-155.googlebot.com - - [24/Sep/2013:05:34:25 +0200] "GET /latar/remady-manu-l-j-son/hollywood-ending.htm HTTP/1.1" 200 36898 "-" "Mozilla/5.0 (compatible; Googlebot/2.1; +http://www.google.com/bot.html)"
crawl-66-249-78-155.googlebot.com - - [24/Sep/2013:05:34:37 +0200] "GET /latar/in-styles-feat-kerima/den-bsta-dagen-i-mitt-liv.htm HTTP/1.1" 200 36920 "-" "Mozilla/5.0 (compatible; Googlebot/2.1; +http://www.google.com/bot.html)"
crawl-66-249-78-155.googlebot.com - - [24/Sep/2013:05:34:49 +0200] "GET /latar/michel-telo/ai-se-eu-te-pego.htm HTTP/1.1" 200 36882 "-" "Mozilla/5.0 (compatible; Googlebot/2.1; +http://www.google.com/bot.html)"
crawl-66-249-78-155.googlebot.com - - [24/Sep/2013:05:35:01 +0200] "GET /latar/fjrilseffekten/dansa-som-en-idiot.htm HTTP/1.1" 200 36892 "-" "Mozilla/5.0 (compatible; Googlebot/2.1; +http://www.google.com/bot.html)"
crawl-66-249-78-155.googlebot.com - - [24/Sep/2013:05:35:17 +0200] "GET /latar/swedish-house-mafia/dont-you-worry-child.htm HTTP/1.1" 200 36906 "-" "Mozilla/5.0 (compatible; Googlebot/2.1; +http://www.google.com/bot.html)"
crawl-66-249-78-155.googlebot.com - - [24/Sep/2013:05:35:30 +0200] "GET /latar/alina-devecerski/ikvll-skiter-jag-i-allt.htm HTTP/1.1" 200 36906 "-" "Mozilla/5.0 (compatible; Googlebot/2.1; +http://www.google.com/bot.html)"
crawl-66-249-78-155.googlebot.com - - [24/Sep/2013:05:35:44 +0200] "GET /latar/gusttavo-lima/balada.htm HTTP/1.1" 200 36866 "-" "Mozilla/5.0 (compatible; Googlebot/2.1; +http://www.google.com/bot.html)"
crawl-66-249-78-155.googlebot.com - - [24/Sep/2013:05:35:55 +0200] "GET /latar/sir-duke/hot-summer-night.htm HTTP/1.1" 200 36876 "-" "Mozilla/5.0 (compatible; Googlebot/2.1; +http://www.google.com/bot.html)"
crawl-66-249-78-155.googlebot.com - - [24/Sep/2013:05:36:22 +0200] "GET /latar/numera/varfr-gr-du-det-med-honom.htm HTTP/1.1" 200 36890 "-" "Mozilla/5.0 (compatible; Googlebot/2.1; +http://www.google.com/bot.html)"
crawl-66-249-78-155.googlebot.com - - [24/Sep/2013:05:36:35 +0200] "GET /latar/laroxx-project/jabba-jabba.htm HTTP/1.1" 200 36877 "-" "Mozilla/5.0 (compatible; Googlebot/2.1; +http://www.google.com/bot.html)"
crawl-66-249-78-155.googlebot.com - - [24/Sep/2013:05:36:48 +0200] "GET /latar/far-east-movement-feat-cover-drive/turn-up-the-love.htm HTTP/1.1" 200 36928 "-" "Mozilla/5.0 (compatible; Googlebot/2.1; +http://www.google.com/bot.html)"
crawl-66-249-78-155.googlebot.com - - [24/Sep/2013:05:37:00 +0200] "GET /latar/nik-jay/vi-vandt-i-dag.htm HTTP/1.1" 200 36865 "-" "Mozilla/5.0 (compatible; Googlebot/2.1; +http://www.google.com/bot.html)"
crawl-66-249-78-155.googlebot.com - - [24/Sep/2013:05:37:13 +0200] "GET /latar/robin-stjernberg/you.htm HTTP/1.1" 200 36866 "-" "Mozilla/5.0 (compatible; Googlebot/2.1; +http://www.google.com/bot.html)"
crawl-66-249-78-155.googlebot.com - - [24/Sep/2013:05:37:31 +0200] "GET /latar/far-east-movement-feat-justin-bieber/live-my-life-part-rock-remix.htm HTTP/1.1" 200 36956 "-" "Mozilla/5.0 (compatible; Googlebot/2.1; +http://www.google.com/bot.html)"
crawl-66-249-78-155.googlebot.com - - [24/Sep/2013:05:37:57 +0200] "GET /latar/sebastian-ingrosso/reload.htm HTTP/1.1" 200 36876 "-" "Mozilla/5.0 (compatible; Googlebot/2.1; +http://www.google.com/bot.html)"
crawl-66-249-78-155.googlebot.com - - [24/Sep/2013:05:38:07 +0200] "GET /latar/eric-amarillo/om-sanningen-ska-fram.htm HTTP/1.1" 200 36896 "-" "Mozilla/5.0 (compatible; Googlebot/2.1; +http://www.google.com/bot.html)"
crawl-66-249-78-155.googlebot.com - - [24/Sep/2013:05:38:18 +0200] "GET /latar/benny-benassi-feat-gary-go/control.htm HTTP/1.1" 200 36889 "-" "Mozilla/5.0 (compatible; Googlebot/2.1; +http://www.google.com/bot.html)"
crawl-66-249-78-155.googlebot.com - - [24/Sep/2013:05:38:49 +0200] "GET /latar/lorentz-msakarias/garbo-astrid-taube.htm HTTP/1.1" 200 36898 "-" "Mozilla/5.0 (compatible; Googlebot/2.1; +http://www.google.com/bot.html)"
crawl-66-249-78-155.googlebot.com - - [24/Sep/2013:05:39:00 +0200] "GET /latar/alex-ferrari/bara-bara-bere-bere-2012.htm HTTP/1.1" 200 36900 "-" "Mozilla/5.0 (compatible; Googlebot/2.1; +http://www.google.com/bot.html)"
crawl-66-249-78-155.googlebot.com - - [24/Sep/2013:05:39:22 +0200] "GET /latar/behrang-miri/jalla-dansa-sawa.htm HTTP/1.1" 200 36884 "-" "Mozilla/5.0 (compatible; Googlebot/2.1; +http://www.google.com/bot.html)"
crawl-66-249-78-155.googlebot.com - - [24/Sep/2013:05:39:33 +0200] "GET /latar/cidinho-doca/rap-das-armas.htm HTTP/1.1" 200 36873 "-" "Mozilla/5.0 (compatible; Googlebot/2.1; +http://www.google.com/bot.html)"
crawl-66-249-78-155.googlebot.com - - [24/Sep/2013:05:39:45 +0200] "GET /latar/ola/natalie.htm HTTP/1.1" 200 36848 "-" "Mozilla/5.0 (compatible; Googlebot/2.1; +http://www.google.com/bot.html)"
crawl-66-249-78-155.googlebot.com - - [24/Sep/2013:05:40:02 +0200] "GET /latar/muri-mario/hun-tog-min-guitar.htm HTTP/1.1" 200 36884 "-" "Mozilla/5.0 (compatible; Googlebot/2.1; +http://www.google.com/bot.html)"
crawl-66-249-78-155.googlebot.com - - [24/Sep/2013:05:40:13 +0200] "GET /latar/phillip-phillips/home.htm HTTP/1.1" 200 36868 "-" "Mozilla/5.0 (compatible; Googlebot/2.1; +http://www.google.com/bot.html)"
crawl-66-249-78-155.googlebot.com - - [24/Sep/2013:05:40:35 +0200] "GET /latar/lilla-sllskapet/din-grd.htm HTTP/1.1" 200 36872 "-" "Mozilla/5.0 (compatible; Googlebot/2.1; +http://www.google.com/bot.html)"
crawl-66-249-78-155.googlebot.com - - [24/Sep/2013:05:40:50 +0200] "GET /latar/basebrothers/hjrtat-rider-p-sommartider.htm HTTP/1.1" 200 36904 "-" "Mozilla/5.0 (compatible; Googlebot/2.1; +http://www.google.com/bot.html)"
crawl-66-249-78-155.googlebot.com - - [24/Sep/2013:05:41:02 +0200] "GET /latar/lil-jon-feat-lmfao/drink.htm HTTP/1.1" 200 36874 "-" "Mozilla/5.0 (compatible; Googlebot/2.1; +http://www.google.com/bot.html)"
crawl-66-249-78-155.googlebot.com - - [24/Sep/2013:05:41:22 +0200] "GET /latar/nause/hungry-hearts.htm HTTP/1.1" 200 36864 "-" "Mozilla/5.0 (compatible; Googlebot/2.1; +http://www.google.com/bot.html)"
spider-37-140-141-6.yandex.com - - [24/Sep/2013:05:43:13 +0200] "GET /avsnitt/via-lascaris/robert-broberg.htm HTTP/1.1" 200 37089 "-" "Mozilla/5.0 (compatible; YandexBot/3.0; +http://yandex.com/bots)"
c-46-162-86-47.cust.bredband2.com - - [24/Sep/2013:05:44:24 +0200] "GET /atmycasa/instagram.jpg HTTP/1.1" 200 18596 "http://atmycasa.blogspot.se/?m=1" "Mozilla/5.0 (iPhone; CPU iPhone OS 7_0 like Mac OS X) AppleWebKit/537.51.1 (KHTML, like Gecko) Version/7.0 Mobile/11A465 Safari/9537.53"
c-46-162-86-47.cust.bredband2.com - - [24/Sep/2013:05:44:24 +0200] "GET /atmycasa/bloglovin.jpg HTTP/1.1" 200 19710 "http://atmycasa.blogspot.se/?m=1" "Mozilla/5.0 (iPhone; CPU iPhone OS 7_0 like Mac OS X) AppleWebKit/537.51.1 (KHTML, like Gecko) Version/7.0 Mobile/11A465 Safari/9537.53"
c-46-162-86-47.cust.bredband2.com - - [24/Sep/2013:05:44:24 +0200] "GET /atmycasa/mejladress.jpg HTTP/1.1" 200 17337 "http://atmycasa.blogspot.se/?m=1" "Mozilla/5.0 (iPhone; CPU iPhone OS 7_0 like Mac OS X) AppleWebKit/537.51.1 (KHTML, like Gecko) Version/7.0 Mobile/11A465 Safari/9537.53"
78-73-106-224-no162.tbcn.telia.com - - [24/Sep/2013:05:45:31 +0200] "GET /atmycasa/mejladress.jpg HTTP/1.1" 200 17337 "http://atmycasa.blogspot.se/" "Mozilla/5.0 (iPad; CPU OS 7_0 like Mac OS X) AppleWebKit/537.51.1 (KHTML, like Gecko) Version/7.0 Mobile/11A465 Safari/9537.53"
78-73-106-224-no162.tbcn.telia.com - - [24/Sep/2013:05:45:31 +0200] "GET /atmycasa/instagram.jpg HTTP/1.1" 200 18596 "http://atmycasa.blogspot.se/" "Mozilla/5.0 (iPad; CPU OS 7_0 like Mac OS X) AppleWebKit/537.51.1 (KHTML, like Gecko) Version/7.0 Mobile/11A465 Safari/9537.53"
78-73-106-224-no162.tbcn.telia.com - - [24/Sep/2013:05:45:31 +0200] "GET /atmycasa/bloglovin.jpg HTTP/1.1" 200 19710 "http://atmycasa.blogspot.se/" "Mozilla/5.0 (iPad; CPU OS 7_0 like Mac OS X) AppleWebKit/537.51.1 (KHTML, like Gecko) Version/7.0 Mobile/11A465 Safari/9537.53"
88-148-153-69.bb.dnainternet.fi - - [24/Sep/2013:05:48:56 +0200] "GET /atmycasa/mejladress.jpg HTTP/1.1" 200 17337 "http://atmycasa.blogspot.fi/" "Mozilla/5.0 (Macintosh; Intel Mac OS X 10_8_4) AppleWebKit/536.30.1 (KHTML, like Gecko) Version/6.0.5 Safari/536.30.1"
88-148-153-69.bb.dnainternet.fi - - [24/Sep/2013:05:48:56 +0200] "GET /atmycasa/instagram.jpg HTTP/1.1" 200 18596 "http://atmycasa.blogspot.fi/" "Mozilla/5.0 (Macintosh; Intel Mac OS X 10_8_4) AppleWebKit/536.30.1 (KHTML, like Gecko) Version/6.0.5 Safari/536.30.1"
88-148-153-69.bb.dnainternet.fi - - [24/Sep/2013:05:48:56 +0200] "GET /atmycasa/bloglovin.jpg HTTP/1.1" 200 19710 "http://atmycasa.blogspot.fi/" "Mozilla/5.0 (Macintosh; Intel Mac OS X 10_8_4) AppleWebKit/536.30.1 (KHTML, like Gecko) Version/6.0.5 Safari/536.30.1"
crawl-66-249-78-155.googlebot.com - - [24/Sep/2013:05:52:50 +0200] "GET /latar/nadroid/vinlten.htm HTTP/1.1" 200 36856 "-" "Mozilla/5.0 (compatible; Googlebot/2.1; +http://www.google.com/bot.html)"
90-225-26-124-no185.bredband.skanova.com - - [24/Sep/2013:05:53:18 +0200] "GET /atmycasa/bloglovin.jpg HTTP/1.1" 200 19710 "http://atmycasa.blogspot.se/" "Mozilla/5.0 (iPad; CPU OS 7_0 like Mac OS X) AppleWebKit/537.51.1 (KHTML, like Gecko) Version/7.0 Mobile/11A465 Safari/9537.53"
90-225-26-124-no185.bredband.skanova.com - - [24/Sep/2013:05:53:19 +0200] "GET /atmycasa/instagram.jpg HTTP/1.1" 200 18596 "http://atmycasa.blogspot.se/" "Mozilla/5.0 (iPad; CPU OS 7_0 like Mac OS X) AppleWebKit/537.51.1 (KHTML, like Gecko) Version/7.0 Mobile/11A465 Safari/9537.53"
90-225-26-124-no185.bredband.skanova.com - - [24/Sep/2013:05:53:19 +0200] "GET /atmycasa/mejladress.jpg HTTP/1.1" 200 17337 "http://atmycasa.blogspot.se/" "Mozilla/5.0 (iPad; CPU OS 7_0 like Mac OS X) AppleWebKit/537.51.1 (KHTML, like Gecko) Version/7.0 Mobile/11A465 Safari/9537.53"
h134n5-kba-a11.ias.bredband.telia.com - - [24/Sep/2013:05:53:52 +0200] "GET /atmycasa/mejladress.jpg HTTP/1.1" 200 17337 "http://atmycasa.blogspot.se/" "Mozilla/5.0 (iPad; CPU OS 6_1_3 like Mac OS X) AppleWebKit/536.26 (KHTML, like Gecko) Version/6.0 Mobile/10B329 Safari/8536.25"
h134n5-kba-a11.ias.bredband.telia.com - - [24/Sep/2013:05:53:52 +0200] "GET /atmycasa/instagram.jpg HTTP/1.1" 200 18596 "http://atmycasa.blogspot.se/" "Mozilla/5.0 (iPad; CPU OS 6_1_3 like Mac OS X) AppleWebKit/536.26 (KHTML, like Gecko) Version/6.0 Mobile/10B329 Safari/8536.25"
h134n5-kba-a11.ias.bredband.telia.com - - [24/Sep/2013:05:53:52 +0200] "GET /atmycasa/bloglovin.jpg HTTP/1.1" 200 19710 "http://atmycasa.blogspot.se/" "Mozilla/5.0 (iPad; CPU OS 6_1_3 like Mac OS X) AppleWebKit/536.26 (KHTML, like Gecko) Version/6.0 Mobile/10B329 Safari/8536.25"
crawl-66-249-78-155.googlebot.com - - [24/Sep/2013:05:55:16 +0200] "GET /artister/varvet-podcast HTTP/1.1" 200 36852 "-" "Mozilla/5.0 (compatible; Googlebot/2.1; +http://www.google.com/bot.html)"
crawl-66-249-78-155.googlebot.com - - [24/Sep/2013:05:57:36 +0200] "GET /artister/smaka-pa-den-podcast HTTP/1.1" 200 36864 "-" "Mozilla/5.0 (compatible; Googlebot/2.1; +http://www.google.com/bot.html)"
