78-82-29-63.tn.glocalnet.net - - [23/Sep/2013:21:01:09 +0200] "GET /atmycasa/bloglovin.jpg HTTP/1.1" 200 19710 "http://atmycasa.blogspot.se/" "Mozilla/5.0 (Windows NT 6.2; WOW64) AppleWebKit/537.36 (KHTML, like Gecko) Chrome/29.0.1547.76 Safari/537.36"
78-82-29-63.tn.glocalnet.net - - [23/Sep/2013:21:01:09 +0200] "GET /atmycasa/instagram.jpg HTTP/1.1" 200 18596 "http://atmycasa.blogspot.se/" "Mozilla/5.0 (Windows NT 6.2; WOW64) AppleWebKit/537.36 (KHTML, like Gecko) Chrome/29.0.1547.76 Safari/537.36"
78-82-29-63.tn.glocalnet.net - - [23/Sep/2013:21:01:09 +0200] "GET /atmycasa/mejladress.jpg HTTP/1.1" 200 17337 "http://atmycasa.blogspot.se/" "Mozilla/5.0 (Windows NT 6.2; WOW64) AppleWebKit/537.36 (KHTML, like Gecko) Chrome/29.0.1547.76 Safari/537.36"
81-235-168-43-no44.tbcn.telia.com - - [23/Sep/2013:21:01:48 +0200] "GET /atmycasa/mejladress.jpg HTTP/1.1" 304 175 "http://atmycasa.blogspot.se/" "Mozilla/5.0 (Linux; U; Android 3.2; sv-se; GT-P7510 Build/HTJ85B) AppleWebKit/534.13 (KHTML, like Gecko) Version/4.0 Safari/534.13"
81-235-168-43-no44.tbcn.telia.com - - [23/Sep/2013:21:01:48 +0200] "GET /atmycasa/bloglovin.jpg HTTP/1.1" 304 175 "http://atmycasa.blogspot.se/" "Mozilla/5.0 (Linux; U; Android 3.2; sv-se; GT-P7510 Build/HTJ85B) AppleWebKit/534.13 (KHTML, like Gecko) Version/4.0 Safari/534.13"
81-235-168-43-no44.tbcn.telia.com - - [23/Sep/2013:21:01:48 +0200] "GET /atmycasa/instagram.jpg HTTP/1.1" 304 175 "http://atmycasa.blogspot.se/" "Mozilla/5.0 (Linux; U; Android 3.2; sv-se; GT-P7510 Build/HTJ85B) AppleWebKit/534.13 (KHTML, like Gecko) Version/4.0 Safari/534.13"
h-90-56.a259.priv.bahnhof.se - - [23/Sep/2013:21:02:23 +0200] "GET /atmycasa/instagram.jpg HTTP/1.1" 200 18596 "http://atmycasa.blogspot.se/?m=1" "Mozilla/5.0 (iPhone; CPU iPhone OS 7_0 like Mac OS X) AppleWebKit/537.51.1 (KHTML, like Gecko) Version/7.0 Mobile/11A465 Safari/9537.53"
h-90-56.a259.priv.bahnhof.se - - [23/Sep/2013:21:02:23 +0200] "GET /atmycasa/mejladress.jpg HTTP/1.1" 200 17337 "http://atmycasa.blogspot.se/?m=1" "Mozilla/5.0 (iPhone; CPU iPhone OS 7_0 like Mac OS X) AppleWebKit/537.51.1 (KHTML, like Gecko) Version/7.0 Mobile/11A465 Safari/9537.53"
h-90-56.a259.priv.bahnhof.se - - [23/Sep/2013:21:02:23 +0200] "GET /atmycasa/bloglovin.jpg HTTP/1.1" 200 19710 "http://atmycasa.blogspot.se/?m=1" "Mozilla/5.0 (iPhone; CPU iPhone OS 7_0 like Mac OS X) AppleWebKit/537.51.1 (KHTML, like Gecko) Version/7.0 Mobile/11A465 Safari/9537.53"
78-69-77-184-no171.tbcn.telia.com - - [23/Sep/2013:21:02:38 +0200] "GET /atmycasa/instagram.jpg HTTP/1.1" 200 18596 "http://atmycasa.blogspot.se/" "Mozilla/5.0 (iPad; CPU OS 6_1 like Mac OS X) AppleWebKit/536.26 (KHTML, like Gecko) Version/6.0 Mobile/10B141 Safari/8536.25"
78-69-77-184-no171.tbcn.telia.com - - [23/Sep/2013:21:02:38 +0200] "GET /atmycasa/mejladress.jpg HTTP/1.1" 200 17337 "http://atmycasa.blogspot.se/" "Mozilla/5.0 (iPad; CPU OS 6_1 like Mac OS X) AppleWebKit/536.26 (KHTML, like Gecko) Version/6.0 Mobile/10B141 Safari/8536.25"
78-69-77-184-no171.tbcn.telia.com - - [23/Sep/2013:21:02:41 +0200] "GET /atmycasa/bloglovin.jpg HTTP/1.1" 200 19710 "http://atmycasa.blogspot.se/" "Mozilla/5.0 (iPad; CPU OS 6_1 like Mac OS X) AppleWebKit/536.26 (KHTML, like Gecko) Version/6.0 Mobile/10B141 Safari/8536.25"
c-a142e155.159-1-64736c10.cust.bredbandsbolaget.se - - [23/Sep/2013:21:03:20 +0200] "GET /atmycasa/mejladress.jpg HTTP/1.1" 200 17337 "http://atmycasa.blogspot.se/" "Mozilla/5.0 (Macintosh; Intel Mac OS X 10_5_8) AppleWebKit/534.50.2 (KHTML, like Gecko) Version/5.0.6 Safari/533.22.3"
c-a142e155.159-1-64736c10.cust.bredbandsbolaget.se - - [23/Sep/2013:21:03:20 +0200] "GET /atmycasa/bloglovin.jpg HTTP/1.1" 200 19710 "http://atmycasa.blogspot.se/" "Mozilla/5.0 (Macintosh; Intel Mac OS X 10_5_8) AppleWebKit/534.50.2 (KHTML, like Gecko) Version/5.0.6 Safari/533.22.3"
c-a142e155.159-1-64736c10.cust.bredbandsbolaget.se - - [23/Sep/2013:21:03:21 +0200] "GET /atmycasa/instagram.jpg HTTP/1.1" 200 18596 "http://atmycasa.blogspot.se/" "Mozilla/5.0 (Macintosh; Intel Mac OS X 10_5_8) AppleWebKit/534.50.2 (KHTML, like Gecko) Version/5.0.6 Safari/533.22.3"
bd66d466.virtua.com.br - - [23/Sep/2013:21:03:31 +0200] "GET /atmycasa/bloglovin.jpg HTTP/1.1" 200 19710 "http://atmycasa.blogspot.fr/2013/09/guld.html" "Mozilla/5.0 (Macintosh; Intel Mac OS X 10_8_5) AppleWebKit/536.30.1 (KHTML, like Gecko) Version/6.0.5 Safari/536.30.1"
bd66d466.virtua.com.br - - [23/Sep/2013:21:03:31 +0200] "GET /atmycasa/instagram.jpg HTTP/1.1" 200 18596 "http://atmycasa.blogspot.fr/2013/09/guld.html" "Mozilla/5.0 (Macintosh; Intel Mac OS X 10_8_5) AppleWebKit/536.30.1 (KHTML, like Gecko) Version/6.0.5 Safari/536.30.1"
bd66d466.virtua.com.br - - [23/Sep/2013:21:03:31 +0200] "GET /atmycasa/mejladress.jpg HTTP/1.1" 200 17337 "http://atmycasa.blogspot.fr/2013/09/guld.html" "Mozilla/5.0 (Macintosh; Intel Mac OS X 10_8_5) AppleWebKit/536.30.1 (KHTML, like Gecko) Version/6.0.5 Safari/536.30.1"
90-231-210-32-no214.tbcn.telia.com - - [23/Sep/2013:21:04:15 +0200] "GET /atmycasa/mejladress.jpg HTTP/1.1" 200 17337 "http://atmycasa.blogspot.se/" "Mozilla/5.0 (iPad; CPU OS 6_0 like Mac OS X) AppleWebKit/536.26 (KHTML, like Gecko) Version/6.0 Mobile/10A407 Safari/8536.25"
90-231-210-32-no214.tbcn.telia.com - - [23/Sep/2013:21:04:15 +0200] "GET /atmycasa/bloglovin.jpg HTTP/1.1" 200 19710 "http://atmycasa.blogspot.se/" "Mozilla/5.0 (iPad; CPU OS 6_0 like Mac OS X) AppleWebKit/536.26 (KHTML, like Gecko) Version/6.0 Mobile/10A407 Safari/8536.25"
90-231-210-32-no214.tbcn.telia.com - - [23/Sep/2013:21:04:15 +0200] "GET /atmycasa/instagram.jpg HTTP/1.1" 200 18596 "http://atmycasa.blogspot.se/" "Mozilla/5.0 (iPad; CPU OS 6_0 like Mac OS X) AppleWebKit/536.26 (KHTML, like Gecko) Version/6.0 Mobile/10A407 Safari/8536.25"
host-90-237-225-245.mobileonline.telia.com - - [23/Sep/2013:21:05:24 +0200] "GET /atmycasa/mejladress.jpg HTTP/1.1" 200 17337 "http://atmycasa.blogspot.se/" "Mozilla/5.0 (iPad; CPU OS 5_1_1 like Mac OS X) AppleWebKit/534.46 (KHTML, like Gecko) Version/5.1 Mobile/9B206 Safari/7534.48.3"
host-90-237-225-245.mobileonline.telia.com - - [23/Sep/2013:21:05:24 +0200] "GET /atmycasa/instagram.jpg HTTP/1.1" 200 18596 "http://atmycasa.blogspot.se/" "Mozilla/5.0 (iPad; CPU OS 5_1_1 like Mac OS X) AppleWebKit/534.46 (KHTML, like Gecko) Version/5.1 Mobile/9B206 Safari/7534.48.3"
c-508ae255.93-13-64736c12.cust.bredbandsbolaget.se - - [23/Sep/2013:21:05:24 +0200] "GET /atmycasa/instagram.jpg HTTP/1.1" 200 18596 "http://atmycasa.blogspot.se/" "Mozilla/5.0 (Macintosh; Intel Mac OS X 10_7_5) AppleWebKit/536.30.1 (KHTML, like Gecko) Version/6.0.5 Safari/536.30.1"
host-90-237-225-245.mobileonline.telia.com - - [23/Sep/2013:21:05:24 +0200] "GET /atmycasa/bloglovin.jpg HTTP/1.1" 200 19710 "http://atmycasa.blogspot.se/" "Mozilla/5.0 (iPad; CPU OS 5_1_1 like Mac OS X) AppleWebKit/534.46 (KHTML, like Gecko) Version/5.1 Mobile/9B206 Safari/7534.48.3"
ti0122a340-dhcp0023.bb.online.no - - [23/Sep/2013:21:05:27 +0200] "GET /atmycasa/instagram.jpg HTTP/1.1" 200 18596 "http://www.atmycasa.blogspot.se/?m=1" "Mozilla/5.0 (iPhone; CPU iPhone OS 6_0_1 like Mac OS X) AppleWebKit/536.26 (KHTML, like Gecko) Version/6.0 Mobile/10A523 Safari/8536.25"
ti0122a340-dhcp0023.bb.online.no - - [23/Sep/2013:21:05:30 +0200] "GET /atmycasa/mejladress.jpg HTTP/1.1" 200 17337 "http://www.atmycasa.blogspot.se/?m=1" "Mozilla/5.0 (iPhone; CPU iPhone OS 6_0_1 like Mac OS X) AppleWebKit/536.26 (KHTML, like Gecko) Version/6.0 Mobile/10A523 Safari/8536.25"
ti0122a340-dhcp0023.bb.online.no - - [23/Sep/2013:21:05:30 +0200] "GET /atmycasa/bloglovin.jpg HTTP/1.1" 200 19710 "http://www.atmycasa.blogspot.se/?m=1" "Mozilla/5.0 (iPhone; CPU iPhone OS 6_0_1 like Mac OS X) AppleWebKit/536.26 (KHTML, like Gecko) Version/6.0 Mobile/10A523 Safari/8536.25"
gprs-internet-bcee40-116.dhcp.inet.fi - - [23/Sep/2013:21:05:32 +0200] "GET /atmycasa/mejladress.jpg HTTP/1.1" 200 17337 "http://atmycasa.blogspot.fi/" "Mozilla/5.0 (iPad; CPU OS 7_0 like Mac OS X) AppleWebKit/537.51.1 (KHTML, like Gecko) Version/7.0 Mobile/11A465 Safari/9537.53"
gprs-internet-bcee40-116.dhcp.inet.fi - - [23/Sep/2013:21:05:32 +0200] "GET /atmycasa/bloglovin.jpg HTTP/1.1" 200 19710 "http://atmycasa.blogspot.fi/" "Mozilla/5.0 (iPad; CPU OS 7_0 like Mac OS X) AppleWebKit/537.51.1 (KHTML, like Gecko) Version/7.0 Mobile/11A465 Safari/9537.53"
gprs-internet-bcee40-116.dhcp.inet.fi - - [23/Sep/2013:21:05:32 +0200] "GET /atmycasa/instagram.jpg HTTP/1.1" 200 18596 "http://atmycasa.blogspot.fi/" "Mozilla/5.0 (iPad; CPU OS 7_0 like Mac OS X) AppleWebKit/537.51.1 (KHTML, like Gecko) Version/7.0 Mobile/11A465 Safari/9537.53"
c-508ae255.93-13-64736c12.cust.bredbandsbolaget.se - - [23/Sep/2013:21:05:45 +0200] "GET /atmycasa/bloglovin.jpg HTTP/1.1" 200 19710 "http://atmycasa.blogspot.se/" "Mozilla/5.0 (Macintosh; Intel Mac OS X 10_7_5) AppleWebKit/536.30.1 (KHTML, like Gecko) Version/6.0.5 Safari/536.30.1"
crawl-66-249-78-36.googlebot.com - - [23/Sep/2013:21:06:20 +0200] "GET /robots.txt HTTP/1.1" 200 302 "-" "Mozilla/5.0 (compatible; Googlebot/2.1; +http://www.google.com/bot.html)"
crawl-66-249-78-36.googlebot.com - - [23/Sep/2013:21:06:20 +0200] "GET /atmycasa/mejladress.jpg HTTP/1.1" 200 17336 "http://atmycasa.blogspot.se/" "Mozilla/5.0 (X11; Linux x86_64) AppleWebKit/537.4 (KHTML, like Gecko; Google Page Speed Insights) Chrome/22.0.1229 Safari/537.4 GoogleBot/2.1"
crawl-66-249-78-36.googlebot.com - - [23/Sep/2013:21:06:21 +0200] "GET /atmycasa/bloglovin.jpg HTTP/1.1" 200 19710 "http://atmycasa.blogspot.se/" "Mozilla/5.0 (X11; Linux x86_64) AppleWebKit/537.4 (KHTML, like Gecko; Google Page Speed Insights) Chrome/22.0.1229 Safari/537.4 GoogleBot/2.1"
crawl-66-249-78-36.googlebot.com - - [23/Sep/2013:21:06:21 +0200] "GET /atmycasa/instagram.jpg HTTP/1.1" 200 18595 "http://atmycasa.blogspot.se/" "Mozilla/5.0 (X11; Linux x86_64) AppleWebKit/537.4 (KHTML, like Gecko; Google Page Speed Insights) Chrome/22.0.1229 Safari/537.4 GoogleBot/2.1"
crawl-66-249-78-155.googlebot.com - - [23/Sep/2013:21:06:24 +0200] "GET /artister/madcon/ HTTP/1.1" 200 775 "-" "Mozilla/5.0 (compatible; Googlebot/2.1; +http://www.google.com/bot.html)"
crawl-66-249-78-155.googlebot.com - - [23/Sep/2013:21:06:25 +0200] "GET /artister/madcon HTTP/1.1" 200 36836 "-" "Mozilla/5.0 (compatible; Googlebot/2.1; +http://www.google.com/bot.html)"
c-508ae255.93-13-64736c12.cust.bredbandsbolaget.se - - [23/Sep/2013:21:06:26 +0200] "GET /atmycasa/mejladress.jpg HTTP/1.1" 200 17337 "http://atmycasa.blogspot.se/" "Mozilla/5.0 (Macintosh; Intel Mac OS X 10_7_5) AppleWebKit/536.30.1 (KHTML, like Gecko) Version/6.0.5 Safari/536.30.1"
c-508ae255.93-13-64736c12.cust.bredbandsbolaget.se - - [23/Sep/2013:21:06:26 +0200] "GET /atmycasa/instagram.jpg HTTP/1.1" 200 18596 "http://atmycasa.blogspot.se/" "Mozilla/5.0 (Macintosh; Intel Mac OS X 10_7_5) AppleWebKit/536.30.1 (KHTML, like Gecko) Version/6.0.5 Safari/536.30.1"
c-508ae255.93-13-64736c12.cust.bredbandsbolaget.se - - [23/Sep/2013:21:06:29 +0200] "GET /atmycasa/bloglovin.jpg HTTP/1.1" 200 19710 "http://atmycasa.blogspot.se/" "Mozilla/5.0 (Macintosh; Intel Mac OS X 10_7_5) AppleWebKit/536.30.1 (KHTML, like Gecko) Version/6.0.5 Safari/536.30.1"
c-508ae255.93-13-64736c12.cust.bredbandsbolaget.se - - [23/Sep/2013:21:06:35 +0200] "GET /atmycasa/mejladress.jpg HTTP/1.1" 200 17337 "http://atmycasa.blogspot.se/" "Mozilla/5.0 (Macintosh; Intel Mac OS X 10_7_5) AppleWebKit/536.30.1 (KHTML, like Gecko) Version/6.0.5 Safari/536.30.1"
crawl-66-249-78-155.googlebot.com - - [23/Sep/2013:21:06:40 +0200] "GET /artister/pappapodden/ HTTP/1.1" 200 800 "-" "Mozilla/5.0 (compatible; Googlebot/2.1; +http://www.google.com/bot.html)"
crawl-66-249-78-155.googlebot.com - - [23/Sep/2013:21:06:41 +0200] "GET /artister/pappapodden HTTP/1.1" 200 36841 "-" "Mozilla/5.0 (compatible; Googlebot/2.1; +http://www.google.com/bot.html)"
78-69-73-171-no171.tbcn.telia.com - - [23/Sep/2013:21:06:49 +0200] "GET /atmycasa/bloglovin.jpg HTTP/1.1" 200 19710 "http://atmycasa.blogspot.se/?m=1" "Mozilla/5.0 (iPhone; CPU iPhone OS 6_0_2 like Mac OS X) AppleWebKit/536.26 (KHTML, like Gecko) Version/6.0 Mobile/10A551 Safari/8536.25"
78-69-73-171-no171.tbcn.telia.com - - [23/Sep/2013:21:06:49 +0200] "GET /atmycasa/mejladress.jpg HTTP/1.1" 200 17337 "http://atmycasa.blogspot.se/?m=1" "Mozilla/5.0 (iPhone; CPU iPhone OS 6_0_2 like Mac OS X) AppleWebKit/536.26 (KHTML, like Gecko) Version/6.0 Mobile/10A551 Safari/8536.25"
78-69-73-171-no171.tbcn.telia.com - - [23/Sep/2013:21:06:49 +0200] "GET /atmycasa/instagram.jpg HTTP/1.1" 200 18596 "http://atmycasa.blogspot.se/?m=1" "Mozilla/5.0 (iPhone; CPU iPhone OS 6_0_2 like Mac OS X) AppleWebKit/536.26 (KHTML, like Gecko) Version/6.0 Mobile/10A551 Safari/8536.25"
95.209.0.224.bredband.tre.se - - [23/Sep/2013:21:07:10 +0200] "GET /atmycasa/mejladress.jpg HTTP/1.1" 200 17337 "http://atmycasa.blogspot.se/" "Mozilla/5.0 (Macintosh; Intel Mac OS X 10_6_8) AppleWebKit/534.59.8 (KHTML, like Gecko) Version/5.1.9 Safari/534.59.8"
95.209.0.224.bredband.tre.se - - [23/Sep/2013:21:07:10 +0200] "GET /atmycasa/bloglovin.jpg HTTP/1.1" 200 19710 "http://atmycasa.blogspot.se/" "Mozilla/5.0 (Macintosh; Intel Mac OS X 10_6_8) AppleWebKit/534.59.8 (KHTML, like Gecko) Version/5.1.9 Safari/534.59.8"
95.209.0.224.bredband.tre.se - - [23/Sep/2013:21:07:10 +0200] "GET /atmycasa/instagram.jpg HTTP/1.1" 200 18596 "http://atmycasa.blogspot.se/" "Mozilla/5.0 (Macintosh; Intel Mac OS X 10_6_8) AppleWebKit/534.59.8 (KHTML, like Gecko) Version/5.1.9 Safari/534.59.8"
crawl-66-249-78-155.googlebot.com - - [23/Sep/2013:21:08:02 +0200] "GET /artister/ansiktet/ HTTP/1.1" 200 785 "-" "Mozilla/5.0 (compatible; Googlebot/2.1; +http://www.google.com/bot.html)"
crawl-66-249-78-155.googlebot.com - - [23/Sep/2013:21:08:25 +0200] "GET /artister/ansiktet HTTP/1.1" 200 36840 "-" "Mozilla/5.0 (compatible; Googlebot/2.1; +http://www.google.com/bot.html)"
c-5eeaaa6f-74736162.cust.telenor.se - - [23/Sep/2013:21:08:34 +0200] "GET /atmycasa/mejladress.jpg HTTP/1.1" 200 17337 "http://atmycasa.blogspot.se/2012_12_01_archive.html" "Mozilla/5.0 (Macintosh; Intel Mac OS X 10.7; rv:23.0) Gecko/20100101 Firefox/23.0"
c-5eeaaa6f-74736162.cust.telenor.se - - [23/Sep/2013:21:08:34 +0200] "GET /atmycasa/bloglovin.jpg HTTP/1.1" 200 19710 "http://atmycasa.blogspot.se/2012_12_01_archive.html" "Mozilla/5.0 (Macintosh; Intel Mac OS X 10.7; rv:23.0) Gecko/20100101 Firefox/23.0"
c-5eeaaa6f-74736162.cust.telenor.se - - [23/Sep/2013:21:08:34 +0200] "GET /atmycasa/instagram.jpg HTTP/1.1" 200 18596 "http://atmycasa.blogspot.se/2012_12_01_archive.html" "Mozilla/5.0 (Macintosh; Intel Mac OS X 10.7; rv:23.0) Gecko/20100101 Firefox/23.0"
crawl-66-249-78-155.googlebot.com - - [23/Sep/2013:21:09:11 +0200] "GET /latar/bastille/pomepii.htm HTTP/1.1" 200 36858 "-" "Mozilla/5.0 (compatible; Googlebot/2.1; +http://www.google.com/bot.html)"
h53n1fls33o1017.telia.com - - [23/Sep/2013:21:09:12 +0200] "GET /atmycasa/mejladress.jpg HTTP/1.1" 200 17337 "http://atmycasa.blogspot.se/" "Mozilla/5.0 (compatible; MSIE 10.0; Windows NT 6.2; WOW64; Trident/6.0; MASMJS)"
h53n1fls33o1017.telia.com - - [23/Sep/2013:21:09:12 +0200] "GET /atmycasa/bloglovin.jpg HTTP/1.1" 200 19710 "http://atmycasa.blogspot.se/" "Mozilla/5.0 (compatible; MSIE 10.0; Windows NT 6.2; WOW64; Trident/6.0; MASMJS)"
h53n1fls33o1017.telia.com - - [23/Sep/2013:21:09:15 +0200] "GET /atmycasa/instagram.jpg HTTP/1.1" 200 18595 "http://atmycasa.blogspot.se/" "Mozilla/5.0 (compatible; MSIE 10.0; Windows NT 6.2; WOW64; Trident/6.0; MASMJS)"
67.68.34.95.customer.cdi.no - - [23/Sep/2013:21:09:53 +0200] "GET /atmycasa/instagram.jpg HTTP/1.1" 200 18596 "http://atmycasa.blogspot.no/" "Mozilla/5.0 (Macintosh; Intel Mac OS X 10_8_5) AppleWebKit/536.30.1 (KHTML, like Gecko) Version/6.0.5 Safari/536.30.1"
67.68.34.95.customer.cdi.no - - [23/Sep/2013:21:09:53 +0200] "GET /atmycasa/bloglovin.jpg HTTP/1.1" 200 19710 "http://atmycasa.blogspot.no/" "Mozilla/5.0 (Macintosh; Intel Mac OS X 10_8_5) AppleWebKit/536.30.1 (KHTML, like Gecko) Version/6.0.5 Safari/536.30.1"
67.68.34.95.customer.cdi.no - - [23/Sep/2013:21:09:53 +0200] "GET /atmycasa/mejladress.jpg HTTP/1.1" 200 17337 "http://atmycasa.blogspot.no/" "Mozilla/5.0 (Macintosh; Intel Mac OS X 10_8_5) AppleWebKit/536.30.1 (KHTML, like Gecko) Version/6.0.5 Safari/536.30.1"
h26n6-hdn-a12.ias.bredband.telia.com - - [23/Sep/2013:21:10:04 +0200] "GET /atmycasa/mejladress.jpg HTTP/1.1" 200 17337 "http://atmycasa.blogspot.se/" "Mozilla/5.0 (iPad; CPU OS 6_1_3 like Mac OS X) AppleWebKit/536.26 (KHTML, like Gecko) Version/6.0 Mobile/10B329 Safari/8536.25"
h26n6-hdn-a12.ias.bredband.telia.com - - [23/Sep/2013:21:10:04 +0200] "GET /atmycasa/bloglovin.jpg HTTP/1.1" 200 19710 "http://atmycasa.blogspot.se/" "Mozilla/5.0 (iPad; CPU OS 6_1_3 like Mac OS X) AppleWebKit/536.26 (KHTML, like Gecko) Version/6.0 Mobile/10B329 Safari/8536.25"
h26n6-hdn-a12.ias.bredband.telia.com - - [23/Sep/2013:21:10:04 +0200] "GET /atmycasa/instagram.jpg HTTP/1.1" 200 18596 "http://atmycasa.blogspot.se/" "Mozilla/5.0 (iPad; CPU OS 6_1_3 like Mac OS X) AppleWebKit/536.26 (KHTML, like Gecko) Version/6.0 Mobile/10B329 Safari/8536.25"
90-230-190-66-no203.tbcn.telia.com - - [23/Sep/2013:21:10:05 +0200] "GET /atmycasa/mejladress.jpg HTTP/1.1" 200 17337 "http://www.atmycasa.blogspot.se/?m=1" "Mozilla/5.0 (iPhone; CPU iPhone OS 7_0 like Mac OS X) AppleWebKit/537.51.1 (KHTML, like Gecko) Version/7.0 Mobile/11A465 Safari/9537.53"
90-230-190-66-no203.tbcn.telia.com - - [23/Sep/2013:21:10:05 +0200] "GET /atmycasa/instagram.jpg HTTP/1.1" 200 18596 "http://www.atmycasa.blogspot.se/?m=1" "Mozilla/5.0 (iPhone; CPU iPhone OS 7_0 like Mac OS X) AppleWebKit/537.51.1 (KHTML, like Gecko) Version/7.0 Mobile/11A465 Safari/9537.53"
90-230-190-66-no203.tbcn.telia.com - - [23/Sep/2013:21:10:05 +0200] "GET /atmycasa/bloglovin.jpg HTTP/1.1" 200 19710 "http://www.atmycasa.blogspot.se/?m=1" "Mozilla/5.0 (iPhone; CPU iPhone OS 7_0 like Mac OS X) AppleWebKit/537.51.1 (KHTML, like Gecko) Version/7.0 Mobile/11A465 Safari/9537.53"
c-6a62e055.6271047--62697410.cust.bredbandsbolaget.se - - [23/Sep/2013:21:10:15 +0200] "GET /atmycasa/mejladress.jpg HTTP/1.1" 200 17337 "http://atmycasa.blogspot.se/?m=1" "Mozilla/5.0 (iPhone; CPU iPhone OS 7_0 like Mac OS X) AppleWebKit/537.51.1 (KHTML, like Gecko) Version/7.0 Mobile/11A465 Safari/9537.53"
c-6a62e055.6271047--62697410.cust.bredbandsbolaget.se - - [23/Sep/2013:21:10:16 +0200] "GET /atmycasa/instagram.jpg HTTP/1.1" 200 18596 "http://atmycasa.blogspot.se/?m=1" "Mozilla/5.0 (iPhone; CPU iPhone OS 7_0 like Mac OS X) AppleWebKit/537.51.1 (KHTML, like Gecko) Version/7.0 Mobile/11A465 Safari/9537.53"
c-6a62e055.6271047--62697410.cust.bredbandsbolaget.se - - [23/Sep/2013:21:10:16 +0200] "GET /atmycasa/bloglovin.jpg HTTP/1.1" 200 19710 "http://atmycasa.blogspot.se/?m=1" "Mozilla/5.0 (iPhone; CPU iPhone OS 7_0 like Mac OS X) AppleWebKit/537.51.1 (KHTML, like Gecko) Version/7.0 Mobile/11A465 Safari/9537.53"
90-227-186-140-no129.tbcn.telia.com - - [23/Sep/2013:21:10:17 +0200] "GET /atmycasa/bloglovin.jpg HTTP/1.1" 304 175 "http://atmycasa.blogspot.se/" "Mozilla/5.0 (Windows NT 6.0) AppleWebKit/537.36 (KHTML, like Gecko) Chrome/29.0.1547.66 Safari/537.36"
90-227-186-140-no129.tbcn.telia.com - - [23/Sep/2013:21:10:17 +0200] "GET /atmycasa/instagram.jpg HTTP/1.1" 304 175 "http://atmycasa.blogspot.se/" "Mozilla/5.0 (Windows NT 6.0) AppleWebKit/537.36 (KHTML, like Gecko) Chrome/29.0.1547.66 Safari/537.36"
90-227-186-140-no129.tbcn.telia.com - - [23/Sep/2013:21:10:18 +0200] "GET /atmycasa/mejladress.jpg HTTP/1.1" 304 175 "http://atmycasa.blogspot.se/" "Mozilla/5.0 (Windows NT 6.0) AppleWebKit/537.36 (KHTML, like Gecko) Chrome/29.0.1547.66 Safari/537.36"
h199n10-oer-a32.ias.bredband.telia.com - - [23/Sep/2013:21:10:19 +0200] "GET /atmycasa/mejladress.jpg HTTP/1.1" 200 17337 "http://atmycasa.blogspot.se/" "Mozilla/5.0 (Macintosh; Intel Mac OS X 10_8_5) AppleWebKit/536.30.1 (KHTML, like Gecko) Version/6.0.5 Safari/536.30.1"
h199n10-oer-a32.ias.bredband.telia.com - - [23/Sep/2013:21:10:19 +0200] "GET /atmycasa/instagram.jpg HTTP/1.1" 200 18596 "http://atmycasa.blogspot.se/" "Mozilla/5.0 (Macintosh; Intel Mac OS X 10_8_5) AppleWebKit/536.30.1 (KHTML, like Gecko) Version/6.0.5 Safari/536.30.1"
h199n10-oer-a32.ias.bredband.telia.com - - [23/Sep/2013:21:10:19 +0200] "GET /atmycasa/bloglovin.jpg HTTP/1.1" 200 19710 "http://atmycasa.blogspot.se/" "Mozilla/5.0 (Macintosh; Intel Mac OS X 10_8_5) AppleWebKit/536.30.1 (KHTML, like Gecko) Version/6.0.5 Safari/536.30.1"
c-c683e255.010-54-626c671.cust.bredbandsbolaget.se - - [23/Sep/2013:21:11:20 +0200] "GET /atmycasa/mejladress.jpg HTTP/1.1" 200 17337 "http://atmycasa.blogspot.se/2013/09/nymalat.html?m=1" "Mozilla/5.0 (iPhone; CPU iPhone OS 7_0 like Mac OS X) AppleWebKit/537.51.1 (KHTML, like Gecko) Version/7.0 Mobile/11A465 Safari/9537.53"
c-c683e255.010-54-626c671.cust.bredbandsbolaget.se - - [23/Sep/2013:21:11:22 +0200] "GET /atmycasa/instagram.jpg HTTP/1.1" 200 18596 "http://atmycasa.blogspot.se/2013/09/nymalat.html?m=1" "Mozilla/5.0 (iPhone; CPU iPhone OS 7_0 like Mac OS X) AppleWebKit/537.51.1 (KHTML, like Gecko) Version/7.0 Mobile/11A465 Safari/9537.53"
c-c683e255.010-54-626c671.cust.bredbandsbolaget.se - - [23/Sep/2013:21:11:22 +0200] "GET /atmycasa/bloglovin.jpg HTTP/1.1" 200 19710 "http://atmycasa.blogspot.se/2013/09/nymalat.html?m=1" "Mozilla/5.0 (iPhone; CPU iPhone OS 7_0 like Mac OS X) AppleWebKit/537.51.1 (KHTML, like Gecko) Version/7.0 Mobile/11A465 Safari/9537.53"
h59ec254a.seststf.dyn.perspektivbredband.net - - [23/Sep/2013:21:12:44 +0200] "GET /atmycasa/bloglovin.jpg HTTP/1.1" 200 19710 "http://atmycasa.blogspot.se/" "Mozilla/5.0 (compatible; MSIE 10.0; Windows NT 6.1; WOW64; Trident/6.0)"
h59ec254a.seststf.dyn.perspektivbredband.net - - [23/Sep/2013:21:12:44 +0200] "GET /atmycasa/mejladress.jpg HTTP/1.1" 200 17337 "http://atmycasa.blogspot.se/" "Mozilla/5.0 (compatible; MSIE 10.0; Windows NT 6.1; WOW64; Trident/6.0)"
h59ec254a.seststf.dyn.perspektivbredband.net - - [23/Sep/2013:21:12:44 +0200] "GET /atmycasa/instagram.jpg HTTP/1.1" 200 18596 "http://atmycasa.blogspot.se/" "Mozilla/5.0 (compatible; MSIE 10.0; Windows NT 6.1; WOW64; Trident/6.0)"
79-133-3-53.bredband.aland.net - - [23/Sep/2013:21:12:53 +0200] "GET /atmycasa/bloglovin.jpg HTTP/1.1" 200 19710 "http://atmycasa.blogspot.com/" "Mozilla/5.0 (Macintosh; Intel Mac OS X 10_8_4) AppleWebKit/536.30.1 (KHTML, like Gecko) Version/6.0.5 Safari/536.30.1"
79-133-3-53.bredband.aland.net - - [23/Sep/2013:21:12:53 +0200] "GET /atmycasa/mejladress.jpg HTTP/1.1" 200 17337 "http://atmycasa.blogspot.com/" "Mozilla/5.0 (Macintosh; Intel Mac OS X 10_8_4) AppleWebKit/536.30.1 (KHTML, like Gecko) Version/6.0.5 Safari/536.30.1"
79-133-3-53.bredband.aland.net - - [23/Sep/2013:21:12:53 +0200] "GET /atmycasa/instagram.jpg HTTP/1.1" 200 18596 "http://atmycasa.blogspot.com/" "Mozilla/5.0 (Macintosh; Intel Mac OS X 10_8_4) AppleWebKit/536.30.1 (KHTML, like Gecko) Version/6.0.5 Safari/536.30.1"
host-95-199-18-189.mobileonline.telia.com - - [23/Sep/2013:21:12:55 +0200] "GET /atmycasa/instagram.jpg HTTP/1.1" 304 175 "http://atmycasa.blogspot.se/?m=1" "Mozilla/5.0 (iPhone; CPU iPhone OS 6_1_2 like Mac OS X) AppleWebKit/536.26 (KHTML, like Gecko) Version/6.0 Mobile/10B146 Safari/8536.25"
host-95-199-18-189.mobileonline.telia.com - - [23/Sep/2013:21:12:55 +0200] "GET /atmycasa/bloglovin.jpg HTTP/1.1" 304 175 "http://atmycasa.blogspot.se/?m=1" "Mozilla/5.0 (iPhone; CPU iPhone OS 6_1_2 like Mac OS X) AppleWebKit/536.26 (KHTML, like Gecko) Version/6.0 Mobile/10B146 Safari/8536.25"
78-73-40-229-no184.tbcn.telia.com - - [23/Sep/2013:21:13:47 +0200] "GET /atmycasa/bloglovin.jpg HTTP/1.1" 200 19710 "http://atmycasa.blogspot.se/" "Mozilla/5.0 (Windows NT 6.1) AppleWebKit/537.36 (KHTML, like Gecko) Chrome/29.0.1547.76 Safari/537.36"
78-73-40-229-no184.tbcn.telia.com - - [23/Sep/2013:21:13:47 +0200] "GET /atmycasa/mejladress.jpg HTTP/1.1" 200 17337 "http://atmycasa.blogspot.se/" "Mozilla/5.0 (Windows NT 6.1) AppleWebKit/537.36 (KHTML, like Gecko) Chrome/29.0.1547.76 Safari/537.36"
78-73-40-229-no184.tbcn.telia.com - - [23/Sep/2013:21:13:47 +0200] "GET /atmycasa/instagram.jpg HTTP/1.1" 200 18596 "http://atmycasa.blogspot.se/" "Mozilla/5.0 (Windows NT 6.1) AppleWebKit/537.36 (KHTML, like Gecko) Chrome/29.0.1547.76 Safari/537.36"
88.129.145.113 - - [23/Sep/2013:21:14:03 +0200] "GET /atmycasa/instagram.jpg HTTP/1.1" 200 18596 "http://atmycasa.blogspot.se/" "Mozilla/5.0 (iPad; CPU OS 6_1_3 like Mac OS X) AppleWebKit/536.26 (KHTML, like Gecko) Mobile/10B329"
88.129.145.113 - - [23/Sep/2013:21:14:03 +0200] "GET /atmycasa/mejladress.jpg HTTP/1.1" 200 17337 "http://atmycasa.blogspot.se/" "Mozilla/5.0 (iPad; CPU OS 6_1_3 like Mac OS X) AppleWebKit/536.26 (KHTML, like Gecko) Mobile/10B329"
88.129.145.113 - - [23/Sep/2013:21:14:03 +0200] "GET /atmycasa/bloglovin.jpg HTTP/1.1" 200 19710 "http://atmycasa.blogspot.se/" "Mozilla/5.0 (iPad; CPU OS 6_1_3 like Mac OS X) AppleWebKit/536.26 (KHTML, like Gecko) Mobile/10B329"
crawl-66-249-78-155.googlebot.com - - [23/Sep/2013:21:15:02 +0200] "GET /latar/joao-lucas-marcelo/tchu-tcha-tcha.htm HTTP/1.1" 200 36892 "-" "Mozilla/5.0 (compatible; Googlebot/2.1; +http://www.google.com/bot.html)"
81-237-242-47-no43.tbcn.telia.com - - [23/Sep/2013:21:15:58 +0200] "GET /atmycasa/mejladress.jpg HTTP/1.1" 200 17337 "http://atmycasa.blogspot.se/?m=1" "Mozilla/5.0 (iPhone; CPU iPhone OS 6_1_3 like Mac OS X) AppleWebKit/536.26 (KHTML, like Gecko) Version/6.0 Mobile/10B329 Safari/8536.25"
81-237-242-47-no43.tbcn.telia.com - - [23/Sep/2013:21:15:58 +0200] "GET /atmycasa/bloglovin.jpg HTTP/1.1" 200 19710 "http://atmycasa.blogspot.se/?m=1" "Mozilla/5.0 (iPhone; CPU iPhone OS 6_1_3 like Mac OS X) AppleWebKit/536.26 (KHTML, like Gecko) Version/6.0 Mobile/10B329 Safari/8536.25"
81-237-242-47-no43.tbcn.telia.com - - [23/Sep/2013:21:15:58 +0200] "GET /atmycasa/instagram.jpg HTTP/1.1" 200 18595 "http://atmycasa.blogspot.se/?m=1" "Mozilla/5.0 (iPhone; CPU iPhone OS 6_1_3 like Mac OS X) AppleWebKit/536.26 (KHTML, like Gecko) Version/6.0 Mobile/10B329 Safari/8536.25"
90-227-186-140-no129.tbcn.telia.com - - [23/Sep/2013:21:16:57 +0200] "GET /atmycasa/mejladress.jpg HTTP/1.1" 200 17337 "http://atmycasa.blogspot.se/" "Mozilla/5.0 (iPad; CPU OS 7_0 like Mac OS X) AppleWebKit/537.51.1 (KHTML, like Gecko) Version/7.0 Mobile/11A465 Safari/9537.53"
90-227-186-140-no129.tbcn.telia.com - - [23/Sep/2013:21:16:57 +0200] "GET /atmycasa/bloglovin.jpg HTTP/1.1" 200 19710 "http://atmycasa.blogspot.se/" "Mozilla/5.0 (iPad; CPU OS 7_0 like Mac OS X) AppleWebKit/537.51.1 (KHTML, like Gecko) Version/7.0 Mobile/11A465 Safari/9537.53"
90-227-186-140-no129.tbcn.telia.com - - [23/Sep/2013:21:16:57 +0200] "GET /atmycasa/instagram.jpg HTTP/1.1" 200 18596 "http://atmycasa.blogspot.se/" "Mozilla/5.0 (iPad; CPU OS 7_0 like Mac OS X) AppleWebKit/537.51.1 (KHTML, like Gecko) Version/7.0 Mobile/11A465 Safari/9537.53"
c-08eae055.14-7-64736c10.cust.bredbandsbolaget.se - - [23/Sep/2013:21:17:00 +0200] "GET /atmycasa/mejladress.jpg HTTP/1.1" 200 17337 "http://atmycasa.blogspot.se/?m=1" "Mozilla/5.0 (iPad; CPU OS 6_1_3 like Mac OS X) AppleWebKit/536.26 (KHTML, like Gecko) Version/6.0 Mobile/10B329 Safari/8536.25"
c-08eae055.14-7-64736c10.cust.bredbandsbolaget.se - - [23/Sep/2013:21:17:00 +0200] "GET /atmycasa/instagram.jpg HTTP/1.1" 200 18596 "http://atmycasa.blogspot.se/?m=1" "Mozilla/5.0 (iPad; CPU OS 6_1_3 like Mac OS X) AppleWebKit/536.26 (KHTML, like Gecko) Version/6.0 Mobile/10B329 Safari/8536.25"
c-08eae055.14-7-64736c10.cust.bredbandsbolaget.se - - [23/Sep/2013:21:17:00 +0200] "GET /atmycasa/bloglovin.jpg HTTP/1.1" 200 19710 "http://atmycasa.blogspot.se/?m=1" "Mozilla/5.0 (iPad; CPU OS 6_1_3 like Mac OS X) AppleWebKit/536.26 (KHTML, like Gecko) Version/6.0 Mobile/10B329 Safari/8536.25"
host-90-236-73-78.mobileonline.telia.com - - [23/Sep/2013:21:17:02 +0200] "GET /atmycasa/bloglovin.jpg HTTP/1.1" 304 175 "http://atmycasa.blogspot.se/" "Mozilla/5.0 (compatible; MSIE 10.0; Windows NT 6.1; WOW64; Trident/6.0; NP06)"
crawl-66-249-78-155.googlebot.com - - [23/Sep/2013:21:17:02 +0200] "GET /artister/filip-och-fredriks-podcast/ HTTP/1.1" 200 875 "-" "Mozilla/5.0 (compatible; Googlebot/2.1; +http://www.google.com/bot.html)"
host-90-236-73-78.mobileonline.telia.com - - [23/Sep/2013:21:17:02 +0200] "GET /atmycasa/instagram.jpg HTTP/1.1" 304 175 "http://atmycasa.blogspot.se/" "Mozilla/5.0 (compatible; MSIE 10.0; Windows NT 6.1; WOW64; Trident/6.0; NP06)"
manz-590c97c6.pool.mediaWays.net - - [23/Sep/2013:21:17:06 +0200] "GET /atmycasa/mejladress.jpg HTTP/1.1" 200 17337 "http://atmycasa.blogspot.de/2013/09/nymalat.html" "Mozilla/5.0 (iPad; CPU OS 7_0 like Mac OS X) AppleWebKit/537.51.1 (KHTML, like Gecko) Version/7.0 Mobile/11A465 Safari/9537.53"
manz-590c97c6.pool.mediaWays.net - - [23/Sep/2013:21:17:06 +0200] "GET /atmycasa/bloglovin.jpg HTTP/1.1" 200 19710 "http://atmycasa.blogspot.de/2013/09/nymalat.html" "Mozilla/5.0 (iPad; CPU OS 7_0 like Mac OS X) AppleWebKit/537.51.1 (KHTML, like Gecko) Version/7.0 Mobile/11A465 Safari/9537.53"
manz-590c97c6.pool.mediaWays.net - - [23/Sep/2013:21:17:06 +0200] "GET /atmycasa/instagram.jpg HTTP/1.1" 200 18596 "http://atmycasa.blogspot.de/2013/09/nymalat.html" "Mozilla/5.0 (iPad; CPU OS 7_0 like Mac OS X) AppleWebKit/537.51.1 (KHTML, like Gecko) Version/7.0 Mobile/11A465 Safari/9537.53"
h-224-189.a240.priv.bahnhof.se - - [23/Sep/2013:21:17:09 +0200] "GET /atmycasa/instagram.jpg HTTP/1.1" 200 18596 "http://atmycasa.blogspot.se/2013/09/nymalat.html" "Mozilla/5.0 (iPad; CPU OS 6_1_3 like Mac OS X) AppleWebKit/536.26 (KHTML, like Gecko) Version/6.0 Mobile/10B329 Safari/8536.25"
h-224-189.a240.priv.bahnhof.se - - [23/Sep/2013:21:17:09 +0200] "GET /atmycasa/bloglovin.jpg HTTP/1.1" 200 19710 "http://atmycasa.blogspot.se/2013/09/nymalat.html" "Mozilla/5.0 (iPad; CPU OS 6_1_3 like Mac OS X) AppleWebKit/536.26 (KHTML, like Gecko) Version/6.0 Mobile/10B329 Safari/8536.25"
h-224-189.a240.priv.bahnhof.se - - [23/Sep/2013:21:17:09 +0200] "GET /atmycasa/mejladress.jpg HTTP/1.1" 200 17337 "http://atmycasa.blogspot.se/2013/09/nymalat.html" "Mozilla/5.0 (iPad; CPU OS 6_1_3 like Mac OS X) AppleWebKit/536.26 (KHTML, like Gecko) Version/6.0 Mobile/10B329 Safari/8536.25"
crawl-66-249-74-81.googlebot.com - - [23/Sep/2013:21:17:29 +0200] "GET /artister/filip-och-fredriks-podcast HTTP/1.1" 200 36875 "-" "Mozilla/5.0 (compatible; Googlebot/2.1; +http://www.google.com/bot.html)"
221.109-247-32.customer.lyse.net - - [23/Sep/2013:21:17:52 +0200] "GET /atmycasa/bloglovin.jpg HTTP/1.1" 200 19710 "http://atmycasa.blogspot.no/" "Mozilla/5.0 (compatible; MSIE 9.0; Windows NT 6.0; Trident/5.0)"
221.109-247-32.customer.lyse.net - - [23/Sep/2013:21:17:52 +0200] "GET /atmycasa/mejladress.jpg HTTP/1.1" 200 17337 "http://atmycasa.blogspot.no/" "Mozilla/5.0 (compatible; MSIE 9.0; Windows NT 6.0; Trident/5.0)"
221.109-247-32.customer.lyse.net - - [23/Sep/2013:21:17:52 +0200] "GET /atmycasa/instagram.jpg HTTP/1.1" 200 18596 "http://atmycasa.blogspot.no/" "Mozilla/5.0 (compatible; MSIE 9.0; Windows NT 6.0; Trident/5.0)"
206.222.216.81.static.ud.siw.siwnet.net - - [23/Sep/2013:21:17:53 +0200] "GET /atmycasa/mejladress.jpg HTTP/1.1" 200 17337 "http://atmycasa.blogspot.se/" "Mozilla/5.0 (compatible; MSIE 10.0; Windows NT 6.1; Trident/6.0)"
206.222.216.81.static.ud.siw.siwnet.net - - [23/Sep/2013:21:17:53 +0200] "GET /atmycasa/bloglovin.jpg HTTP/1.1" 200 19710 "http://atmycasa.blogspot.se/" "Mozilla/5.0 (compatible; MSIE 10.0; Windows NT 6.1; Trident/6.0)"
206.222.216.81.static.ud.siw.siwnet.net - - [23/Sep/2013:21:17:53 +0200] "GET /atmycasa/instagram.jpg HTTP/1.1" 200 18596 "http://atmycasa.blogspot.se/" "Mozilla/5.0 (compatible; MSIE 10.0; Windows NT 6.1; Trident/6.0)"
c83-255-144-230.bredband.comhem.se - - [23/Sep/2013:21:18:04 +0200] "GET /atmycasa/mejladress.jpg HTTP/1.1" 200 17337 "http://atmycasa.blogspot.se/" "Mozilla/5.0 (Macintosh; Intel Mac OS X 10_8_2) AppleWebKit/536.26.14 (KHTML, like Gecko) Version/6.0.1 Safari/536.26.14"
c83-255-144-230.bredband.comhem.se - - [23/Sep/2013:21:18:04 +0200] "GET /atmycasa/bloglovin.jpg HTTP/1.1" 200 19710 "http://atmycasa.blogspot.se/" "Mozilla/5.0 (Macintosh; Intel Mac OS X 10_8_2) AppleWebKit/536.26.14 (KHTML, like Gecko) Version/6.0.1 Safari/536.26.14"
c83-255-144-230.bredband.comhem.se - - [23/Sep/2013:21:18:04 +0200] "GET /atmycasa/instagram.jpg HTTP/1.1" 200 18596 "http://atmycasa.blogspot.se/" "Mozilla/5.0 (Macintosh; Intel Mac OS X 10_8_2) AppleWebKit/536.26.14 (KHTML, like Gecko) Version/6.0.1 Safari/536.26.14"
94.234.170.87 - - [23/Sep/2013:21:18:43 +0200] "GET /atmycasa/instagram.jpg HTTP/1.1" 200 18596 "http://atmycasa.blogspot.se/?m=1" "Mozilla/5.0 (iPhone; CPU iPhone OS 6_1_4 like Mac OS X) AppleWebKit/536.26 (KHTML, like Gecko) Mobile/10B350 [FBAN/FBIOS;FBAV/6.4;FBBV/290891;FBDV/iPhone5,2;FBMD/iPhone;FBSN/iPhone OS;FBSV/6.1.4;FBSS/2; FBCR/Telenor;FBID/phone;FBLC/en_US;FBOP/1]"
94.234.170.87 - - [23/Sep/2013:21:18:43 +0200] "GET /atmycasa/mejladress.jpg HTTP/1.1" 200 17337 "http://atmycasa.blogspot.se/?m=1" "Mozilla/5.0 (iPhone; CPU iPhone OS 6_1_4 like Mac OS X) AppleWebKit/536.26 (KHTML, like Gecko) Mobile/10B350 [FBAN/FBIOS;FBAV/6.4;FBBV/290891;FBDV/iPhone5,2;FBMD/iPhone;FBSN/iPhone OS;FBSV/6.1.4;FBSS/2; FBCR/Telenor;FBID/phone;FBLC/en_US;FBOP/1]"
94.234.170.87 - - [23/Sep/2013:21:18:43 +0200] "GET /atmycasa/bloglovin.jpg HTTP/1.1" 200 19710 "http://atmycasa.blogspot.se/?m=1" "Mozilla/5.0 (iPhone; CPU iPhone OS 6_1_4 like Mac OS X) AppleWebKit/536.26 (KHTML, like Gecko) Mobile/10B350 [FBAN/FBIOS;FBAV/6.4;FBBV/290891;FBDV/iPhone5,2;FBMD/iPhone;FBSN/iPhone OS;FBSV/6.1.4;FBSS/2; FBCR/Telenor;FBID/phone;FBLC/en_US;FBOP/1]"
90-224-4-147-no136.tbcn.telia.com - - [23/Sep/2013:21:19:01 +0200] "GET /atmycasa/mejladress.jpg HTTP/1.1" 200 17337 "http://atmycasa.blogspot.se/" "Mozilla/5.0 (compatible; MSIE 10.0; Windows NT 6.1; WOW64; Trident/6.0)"
90-224-4-147-no136.tbcn.telia.com - - [23/Sep/2013:21:19:01 +0200] "GET /atmycasa/bloglovin.jpg HTTP/1.1" 200 19710 "http://atmycasa.blogspot.se/" "Mozilla/5.0 (compatible; MSIE 10.0; Windows NT 6.1; WOW64; Trident/6.0)"
90-224-4-147-no136.tbcn.telia.com - - [23/Sep/2013:21:19:01 +0200] "GET /atmycasa/instagram.jpg HTTP/1.1" 200 18596 "http://atmycasa.blogspot.se/" "Mozilla/5.0 (compatible; MSIE 10.0; Windows NT 6.1; WOW64; Trident/6.0)"
host-90-238-14-127.mobileonline.telia.com - - [23/Sep/2013:21:19:38 +0200] "GET /atmycasa/bloglovin.jpg HTTP/1.1" 200 19710 "http://atmycasa.blogspot.se/" "Mozilla/5.0 (compatible; MSIE 10.0; Windows NT 6.1; WOW64; Trident/6.0)"
host-90-238-14-127.mobileonline.telia.com - - [23/Sep/2013:21:19:38 +0200] "GET /atmycasa/mejladress.jpg HTTP/1.1" 200 17337 "http://atmycasa.blogspot.se/" "Mozilla/5.0 (compatible; MSIE 10.0; Windows NT 6.1; WOW64; Trident/6.0)"
host-90-238-14-127.mobileonline.telia.com - - [23/Sep/2013:21:19:38 +0200] "GET /atmycasa/instagram.jpg HTTP/1.1" 200 18596 "http://atmycasa.blogspot.se/" "Mozilla/5.0 (compatible; MSIE 10.0; Windows NT 6.1; WOW64; Trident/6.0)"
m176-70-159-68.cust.tele2.se - - [23/Sep/2013:21:19:53 +0200] "GET /atmycasa/instagram.jpg HTTP/1.1" 200 18596 "http://atmycasa.blogspot.se/?m=1" "Mozilla/5.0 (iPhone; CPU iPhone OS 7_0 like Mac OS X) AppleWebKit/537.51.1 (KHTML, like Gecko) Version/7.0 Mobile/11A465 Safari/9537.53"
m176-70-159-68.cust.tele2.se - - [23/Sep/2013:21:19:53 +0200] "GET /atmycasa/bloglovin.jpg HTTP/1.1" 200 19710 "http://atmycasa.blogspot.se/?m=1" "Mozilla/5.0 (iPhone; CPU iPhone OS 7_0 like Mac OS X) AppleWebKit/537.51.1 (KHTML, like Gecko) Version/7.0 Mobile/11A465 Safari/9537.53"
m176-70-159-68.cust.tele2.se - - [23/Sep/2013:21:19:53 +0200] "GET /atmycasa/mejladress.jpg HTTP/1.1" 200 17337 "http://atmycasa.blogspot.se/?m=1" "Mozilla/5.0 (iPhone; CPU iPhone OS 7_0 like Mac OS X) AppleWebKit/537.51.1 (KHTML, like Gecko) Version/7.0 Mobile/11A465 Safari/9537.53"
h-24-172-65.a162.priv.bahnhof.se - - [23/Sep/2013:21:20:30 +0200] "GET /atmycasa/mejladress.jpg HTTP/1.1" 200 17337 "http://atmycasa.blogspot.se/" "Mozilla/5.0 (Macintosh; Intel Mac OS X 10_6_8) AppleWebKit/534.59.8 (KHTML, like Gecko) Version/5.1.9 Safari/534.59.8"
h-24-172-65.a162.priv.bahnhof.se - - [23/Sep/2013:21:20:30 +0200] "GET /atmycasa/instagram.jpg HTTP/1.1" 200 18596 "http://atmycasa.blogspot.se/" "Mozilla/5.0 (Macintosh; Intel Mac OS X 10_6_8) AppleWebKit/534.59.8 (KHTML, like Gecko) Version/5.1.9 Safari/534.59.8"
h-24-172-65.a162.priv.bahnhof.se - - [23/Sep/2013:21:20:30 +0200] "GET /atmycasa/bloglovin.jpg HTTP/1.1" 200 19710 "http://atmycasa.blogspot.se/" "Mozilla/5.0 (Macintosh; Intel Mac OS X 10_6_8) AppleWebKit/534.59.8 (KHTML, like Gecko) Version/5.1.9 Safari/534.59.8"
m37-197-153-63.cust.tele2.se - - [23/Sep/2013:21:21:01 +0200] "GET /atmycasa/instagram.jpg HTTP/1.1" 200 18596 "http://atmycasa.blogspot.se/" "Mozilla/5.0 (Macintosh; Intel Mac OS X 10_8_4) AppleWebKit/536.30.1 (KHTML, like Gecko) Version/6.0.5 Safari/536.30.1"
m37-197-153-63.cust.tele2.se - - [23/Sep/2013:21:21:01 +0200] "GET /atmycasa/bloglovin.jpg HTTP/1.1" 200 19710 "http://atmycasa.blogspot.se/" "Mozilla/5.0 (Macintosh; Intel Mac OS X 10_8_4) AppleWebKit/536.30.1 (KHTML, like Gecko) Version/6.0.5 Safari/536.30.1"
m37-197-153-63.cust.tele2.se - - [23/Sep/2013:21:21:01 +0200] "GET /atmycasa/mejladress.jpg HTTP/1.1" 200 17337 "http://atmycasa.blogspot.se/" "Mozilla/5.0 (Macintosh; Intel Mac OS X 10_8_4) AppleWebKit/536.30.1 (KHTML, like Gecko) Version/6.0.5 Safari/536.30.1"
crawl-66-249-78-155.googlebot.com - - [23/Sep/2013:21:22:12 +0200] "GET /latar/mange-schmidt/glassigt.htm HTTP/1.1" 200 36865 "-" "Mozilla/5.0 (compatible; Googlebot/2.1; +http://www.google.com/bot.html)"
h59ec24e5.seststf.dyn.perspektivbredband.net - - [23/Sep/2013:21:22:19 +0200] "GET /atmycasa/instagram.jpg HTTP/1.1" 200 18596 "http://atmycasa.blogspot.se/?m=1" "Mozilla/5.0 (iPhone; CPU iPhone OS 7_0 like Mac OS X) AppleWebKit/537.51.1 (KHTML, like Gecko) Version/7.0 Mobile/11A465 Safari/9537.53"
h59ec24e5.seststf.dyn.perspektivbredband.net - - [23/Sep/2013:21:22:19 +0200] "GET /atmycasa/bloglovin.jpg HTTP/1.1" 200 19710 "http://atmycasa.blogspot.se/?m=1" "Mozilla/5.0 (iPhone; CPU iPhone OS 7_0 like Mac OS X) AppleWebKit/537.51.1 (KHTML, like Gecko) Version/7.0 Mobile/11A465 Safari/9537.53"
h59ec24e5.seststf.dyn.perspektivbredband.net - - [23/Sep/2013:21:22:20 +0200] "GET /atmycasa/mejladress.jpg HTTP/1.1" 200 17337 "http://atmycasa.blogspot.se/?m=1" "Mozilla/5.0 (iPhone; CPU iPhone OS 7_0 like Mac OS X) AppleWebKit/537.51.1 (KHTML, like Gecko) Version/7.0 Mobile/11A465 Safari/9537.53"
ua-85-225-8-238.cust.bredbandsbolaget.se - - [23/Sep/2013:21:22:21 +0200] "GET /atmycasa/instagram.jpg HTTP/1.1" 200 18596 "http://atmycasa.blogspot.se/2012/07/alskade-rodbeta.html" "Mozilla/5.0 (Macintosh; Intel Mac OS X 10_8_5) AppleWebKit/536.30.1 (KHTML, like Gecko) Version/6.0.5 Safari/536.30.1"
ua-85-225-8-238.cust.bredbandsbolaget.se - - [23/Sep/2013:21:22:21 +0200] "GET /atmycasa/bloglovin.jpg HTTP/1.1" 200 19710 "http://atmycasa.blogspot.se/2012/07/alskade-rodbeta.html" "Mozilla/5.0 (Macintosh; Intel Mac OS X 10_8_5) AppleWebKit/536.30.1 (KHTML, like Gecko) Version/6.0.5 Safari/536.30.1"
90-227-186-140-no129.tbcn.telia.com - - [23/Sep/2013:21:22:27 +0200] "GET /atmycasa/bloglovin.jpg HTTP/1.1" 200 19710 "http://atmycasa.blogspot.se/2013/09/tradgardsvaxterna.html" "Mozilla/5.0 (iPad; CPU OS 7_0 like Mac OS X) AppleWebKit/537.51.1 (KHTML, like Gecko) Version/7.0 Mobile/11A465 Safari/9537.53"
90-227-186-140-no129.tbcn.telia.com - - [23/Sep/2013:21:22:27 +0200] "GET /atmycasa/instagram.jpg HTTP/1.1" 200 18596 "http://atmycasa.blogspot.se/2013/09/tradgardsvaxterna.html" "Mozilla/5.0 (iPad; CPU OS 7_0 like Mac OS X) AppleWebKit/537.51.1 (KHTML, like Gecko) Version/7.0 Mobile/11A465 Safari/9537.53"
90-227-186-140-no129.tbcn.telia.com - - [23/Sep/2013:21:22:27 +0200] "GET /atmycasa/mejladress.jpg HTTP/1.1" 200 17337 "http://atmycasa.blogspot.se/2013/09/tradgardsvaxterna.html" "Mozilla/5.0 (iPad; CPU OS 7_0 like Mac OS X) AppleWebKit/537.51.1 (KHTML, like Gecko) Version/7.0 Mobile/11A465 Safari/9537.53"
83-142-1-81.oktv.se - - [23/Sep/2013:21:23:16 +0200] "GET /atmycasa/mejladress.jpg HTTP/1.1" 200 17337 "http://atmycasa.blogspot.se/" "Mozilla/5.0 (Windows NT 6.1; WOW64) AppleWebKit/537.36 (KHTML, like Gecko) Chrome/29.0.1547.76 Safari/537.36"
83-142-1-81.oktv.se - - [23/Sep/2013:21:23:16 +0200] "GET /atmycasa/bloglovin.jpg HTTP/1.1" 200 19710 "http://atmycasa.blogspot.se/" "Mozilla/5.0 (Windows NT 6.1; WOW64) AppleWebKit/537.36 (KHTML, like Gecko) Chrome/29.0.1547.76 Safari/537.36"
83-142-1-81.oktv.se - - [23/Sep/2013:21:23:16 +0200] "GET /atmycasa/instagram.jpg HTTP/1.1" 200 18596 "http://atmycasa.blogspot.se/" "Mozilla/5.0 (Windows NT 6.1; WOW64) AppleWebKit/537.36 (KHTML, like Gecko) Chrome/29.0.1547.76 Safari/537.36"
host-95-199-193-249.mobileonline.telia.com - - [23/Sep/2013:21:24:17 +0200] "GET /atmycasa/instagram.jpg HTTP/1.1" 200 18596 "http://atmycasa.blogspot.se/?m=1" "Mozilla/5.0 (iPhone; CPU iPhone OS 5_1_1 like Mac OS X) AppleWebKit/534.46 (KHTML, like Gecko) Version/5.1 Mobile/9B206 Safari/7534.48.3"
host-95-199-193-249.mobileonline.telia.com - - [23/Sep/2013:21:24:17 +0200] "GET /atmycasa/bloglovin.jpg HTTP/1.1" 200 19710 "http://atmycasa.blogspot.se/?m=1" "Mozilla/5.0 (iPhone; CPU iPhone OS 5_1_1 like Mac OS X) AppleWebKit/534.46 (KHTML, like Gecko) Version/5.1 Mobile/9B206 Safari/7534.48.3"
host-95-199-193-249.mobileonline.telia.com - - [23/Sep/2013:21:24:17 +0200] "GET /atmycasa/mejladress.jpg HTTP/1.1" 200 17337 "http://atmycasa.blogspot.se/?m=1" "Mozilla/5.0 (iPhone; CPU iPhone OS 5_1_1 like Mac OS X) AppleWebKit/534.46 (KHTML, like Gecko) Version/5.1 Mobile/9B206 Safari/7534.48.3"
81-233-24-66-no28.tbcn.telia.com - - [23/Sep/2013:21:24:23 +0200] "GET /atmycasa/mejladress.jpg HTTP/1.1" 200 17337 "http://atmycasa.blogspot.ch/" "Mozilla/5.0 (Linux; U; Android 4.2.1; en-gb; ASUS Transformer Pad TF300T Build/JOP40D) AppleWebKit/534.30 (KHTML, like Gecko) Version/4.0 Safari/534.30"
81-233-24-66-no28.tbcn.telia.com - - [23/Sep/2013:21:24:23 +0200] "GET /atmycasa/bloglovin.jpg HTTP/1.1" 200 19710 "http://atmycasa.blogspot.ch/" "Mozilla/5.0 (Linux; U; Android 4.2.1; en-gb; ASUS Transformer Pad TF300T Build/JOP40D) AppleWebKit/534.30 (KHTML, like Gecko) Version/4.0 Safari/534.30"
81-233-24-66-no28.tbcn.telia.com - - [23/Sep/2013:21:24:23 +0200] "GET /atmycasa/instagram.jpg HTTP/1.1" 200 18596 "http://atmycasa.blogspot.ch/" "Mozilla/5.0 (Linux; U; Android 4.2.1; en-gb; ASUS Transformer Pad TF300T Build/JOP40D) AppleWebKit/534.30 (KHTML, like Gecko) Version/4.0 Safari/534.30"
c-f070e353.6174866--62697410.cust.bredbandsbolaget.se - - [23/Sep/2013:21:24:35 +0200] "GET /atmycasa/bloglovin.jpg HTTP/1.1" 200 19710 "http://atmycasa.blogspot.se/search?updated-max=2012-06-07T21:59:00%2B02:00&max-results=20&reverse-paginate=true&start=22&by-date=false" "Mozilla/5.0 (compatible; MSIE 10.0; Windows NT 6.1; WOW64; Trident/6.0)"
c-f070e353.6174866--62697410.cust.bredbandsbolaget.se - - [23/Sep/2013:21:24:35 +0200] "GET /atmycasa/mejladress.jpg HTTP/1.1" 200 17337 "http://atmycasa.blogspot.se/search?updated-max=2012-06-07T21:59:00%2B02:00&max-results=20&reverse-paginate=true&start=22&by-date=false" "Mozilla/5.0 (compatible; MSIE 10.0; Windows NT 6.1; WOW64; Trident/6.0)"
c-f070e353.6174866--62697410.cust.bredbandsbolaget.se - - [23/Sep/2013:21:24:35 +0200] "GET /atmycasa/instagram.jpg HTTP/1.1" 200 18596 "http://atmycasa.blogspot.se/search?updated-max=2012-06-07T21:59:00%2B02:00&max-results=20&reverse-paginate=true&start=22&by-date=false" "Mozilla/5.0 (compatible; MSIE 10.0; Windows NT 6.1; WOW64; Trident/6.0)"
81-230-28-169-no49.bredband.skanova.com - - [23/Sep/2013:21:25:41 +0200] "GET /atmycasa/mejladress.jpg HTTP/1.1" 200 17337 "http://atmycasa.blogspot.se/2011/10/att-slipa-lampor.html" "Mozilla/5.0 (Windows NT 6.1; WOW64; rv:23.0) Gecko/20100101 Firefox/23.0"
81-230-28-169-no49.bredband.skanova.com - - [23/Sep/2013:21:25:41 +0200] "GET /atmycasa/instagram.jpg HTTP/1.1" 200 18596 "http://atmycasa.blogspot.se/2011/10/att-slipa-lampor.html" "Mozilla/5.0 (Windows NT 6.1; WOW64; rv:23.0) Gecko/20100101 Firefox/23.0"
81-230-28-169-no49.bredband.skanova.com - - [23/Sep/2013:21:25:41 +0200] "GET /atmycasa/bloglovin.jpg HTTP/1.1" 200 19710 "http://atmycasa.blogspot.se/2011/10/att-slipa-lampor.html" "Mozilla/5.0 (Windows NT 6.1; WOW64; rv:23.0) Gecko/20100101 Firefox/23.0"
213-66-218-238-no209.tbcn.telia.com - - [23/Sep/2013:21:25:59 +0200] "GET /atmycasa/bloglovin.jpg HTTP/1.1" 304 175 "http://atmycasa.blogspot.se/?m=1" "Mozilla/5.0 (iPhone; CPU iPhone OS 7_0 like Mac OS X) AppleWebKit/537.51.1 (KHTML, like Gecko) Version/7.0 Mobile/11A465 Safari/9537.53"
213-66-218-238-no209.tbcn.telia.com - - [23/Sep/2013:21:26:00 +0200] "GET /atmycasa/instagram.jpg HTTP/1.1" 304 175 "http://atmycasa.blogspot.se/?m=1" "Mozilla/5.0 (iPhone; CPU iPhone OS 7_0 like Mac OS X) AppleWebKit/537.51.1 (KHTML, like Gecko) Version/7.0 Mobile/11A465 Safari/9537.53"
83.146.241.46 - - [23/Sep/2013:21:26:08 +0200] "GET /atmycasa/bloglovin.jpg HTTP/1.1" 200 19710 "http://atmycasa.blogspot.fi/2013/09/nymalat.html" "Mozilla/5.0 (Windows NT 6.1; WOW64) AppleWebKit/537.36 (KHTML, like Gecko) Chrome/29.0.1547.66 Safari/537.36"
83.146.241.46 - - [23/Sep/2013:21:26:08 +0200] "GET /atmycasa/mejladress.jpg HTTP/1.1" 200 17337 "http://atmycasa.blogspot.fi/2013/09/nymalat.html" "Mozilla/5.0 (Windows NT 6.1; WOW64) AppleWebKit/537.36 (KHTML, like Gecko) Chrome/29.0.1547.66 Safari/537.36"
83.146.241.46 - - [23/Sep/2013:21:26:08 +0200] "GET /atmycasa/instagram.jpg HTTP/1.1" 200 18596 "http://atmycasa.blogspot.fi/2013/09/nymalat.html" "Mozilla/5.0 (Windows NT 6.1; WOW64) AppleWebKit/537.36 (KHTML, like Gecko) Chrome/29.0.1547.66 Safari/537.36"
h46n5-m-sp-d1.ias.bredband.telia.com - - [23/Sep/2013:21:26:10 +0200] "GET /atmycasa/bloglovin.jpg HTTP/1.1" 200 19710 "http://atmycasa.blogspot.se/search?updated-max=2013-07-21T14:09:00%2B02:00&max-results=3&start=9&by-date=false" "Mozilla/4.0 (compatible; MSIE 8.0; Windows NT 6.0; Trident/4.0; GTB7.5; SLCC1; .NET CLR 2.0.50727; Media Center PC 5.0; .NET CLR 3.0.30618; .NET CLR 3.5.30729; InfoPath.2; OfficeLiveConnector.1.5; OfficeLivePatch.1.3; .NET4.0C; BRI/2)"
h46n5-m-sp-d1.ias.bredband.telia.com - - [23/Sep/2013:21:26:10 +0200] "GET /atmycasa/instagram.jpg HTTP/1.1" 200 18595 "http://atmycasa.blogspot.se/search?updated-max=2013-07-21T14:09:00%2B02:00&max-results=3&start=9&by-date=false" "Mozilla/4.0 (compatible; MSIE 8.0; Windows NT 6.0; Trident/4.0; GTB7.5; SLCC1; .NET CLR 2.0.50727; Media Center PC 5.0; .NET CLR 3.0.30618; .NET CLR 3.5.30729; InfoPath.2; OfficeLiveConnector.1.5; OfficeLivePatch.1.3; .NET4.0C; BRI/2)"
h46n5-m-sp-d1.ias.bredband.telia.com - - [23/Sep/2013:21:26:13 +0200] "GET /atmycasa/mejladress.jpg HTTP/1.1" 200 17337 "http://atmycasa.blogspot.se/search?updated-max=2013-07-21T14:09:00%2B02:00&max-results=3&start=9&by-date=false" "Mozilla/4.0 (compatible; MSIE 8.0; Windows NT 6.0; Trident/4.0; GTB7.5; SLCC1; .NET CLR 2.0.50727; Media Center PC 5.0; .NET CLR 3.0.30618; .NET CLR 3.5.30729; InfoPath.2; OfficeLiveConnector.1.5; OfficeLivePatch.1.3; .NET4.0C; BRI/2)"
crawl-66-249-78-155.googlebot.com - - [23/Sep/2013:21:27:00 +0200] "GET /latar/amir-sahara/barfota-ft-thirdson.htm HTTP/1.1" 200 36888 "-" "Mozilla/5.0 (compatible; Googlebot/2.1; +http://www.google.com/bot.html)"
h109-225-68-140.dynamic.se.alltele.net - - [23/Sep/2013:21:28:25 +0200] "GET /atmycasa/mejladress.jpg HTTP/1.1" 200 17337 "http://atmycasa.blogspot.se/search?updated-max=2012-10-26T11:13:00%2B02:00&max-results=3&start=9&by-date=false" "Mozilla/5.0 (iPad; CPU OS 6_1_3 like Mac OS X) AppleWebKit/536.26 (KHTML, like Gecko) Version/6.0 Mobile/10B329 Safari/8536.25"
h109-225-68-140.dynamic.se.alltele.net - - [23/Sep/2013:21:28:25 +0200] "GET /atmycasa/bloglovin.jpg HTTP/1.1" 200 19710 "http://atmycasa.blogspot.se/search?updated-max=2012-10-26T11:13:00%2B02:00&max-results=3&start=9&by-date=false" "Mozilla/5.0 (iPad; CPU OS 6_1_3 like Mac OS X) AppleWebKit/536.26 (KHTML, like Gecko) Version/6.0 Mobile/10B329 Safari/8536.25"
h109-225-68-140.dynamic.se.alltele.net - - [23/Sep/2013:21:28:25 +0200] "GET /atmycasa/instagram.jpg HTTP/1.1" 200 18596 "http://atmycasa.blogspot.se/search?updated-max=2012-10-26T11:13:00%2B02:00&max-results=3&start=9&by-date=false" "Mozilla/5.0 (iPad; CPU OS 6_1_3 like Mac OS X) AppleWebKit/536.26 (KHTML, like Gecko) Version/6.0 Mobile/10B329 Safari/8536.25"
c-b59ce055.371-1-64736c11.cust.bredbandsbolaget.se - - [23/Sep/2013:21:28:36 +0200] "GET /atmycasa/instagram.jpg HTTP/1.1" 200 18596 "http://atmycasa.blogspot.se/" "Mozilla/5.0 (Macintosh; Intel Mac OS X 10_7_4) AppleWebKit/534.57.5 (KHTML, like Gecko) Version/5.1.7 Safari/534.57.4"
c-b59ce055.371-1-64736c11.cust.bredbandsbolaget.se - - [23/Sep/2013:21:28:36 +0200] "GET /atmycasa/mejladress.jpg HTTP/1.1" 200 17337 "http://atmycasa.blogspot.se/" "Mozilla/5.0 (Macintosh; Intel Mac OS X 10_7_4) AppleWebKit/534.57.5 (KHTML, like Gecko) Version/5.1.7 Safari/534.57.4"
c-b59ce055.371-1-64736c11.cust.bredbandsbolaget.se - - [23/Sep/2013:21:28:36 +0200] "GET /atmycasa/bloglovin.jpg HTTP/1.1" 200 19710 "http://atmycasa.blogspot.se/" "Mozilla/5.0 (Macintosh; Intel Mac OS X 10_7_4) AppleWebKit/534.57.5 (KHTML, like Gecko) Version/5.1.7 Safari/534.57.4"
81-230-27-18-no32.bredband.skanova.com - - [23/Sep/2013:21:28:38 +0200] "GET /atmycasa/instagram.jpg HTTP/1.1" 200 18596 "http://atmycasa.blogspot.se/" "Mozilla/5.0 (iPad; CPU OS 6_1_3 like Mac OS X) AppleWebKit/536.26 (KHTML, like Gecko) Version/6.0 Mobile/10B329 Safari/8536.25"
81-230-27-18-no32.bredband.skanova.com - - [23/Sep/2013:21:28:41 +0200] "GET /atmycasa/bloglovin.jpg HTTP/1.1" 200 19710 "http://atmycasa.blogspot.se/" "Mozilla/5.0 (iPad; CPU OS 6_1_3 like Mac OS X) AppleWebKit/536.26 (KHTML, like Gecko) Version/6.0 Mobile/10B329 Safari/8536.25"
81-230-27-18-no32.bredband.skanova.com - - [23/Sep/2013:21:28:41 +0200] "GET /atmycasa/mejladress.jpg HTTP/1.1" 200 17337 "http://atmycasa.blogspot.se/" "Mozilla/5.0 (iPad; CPU OS 6_1_3 like Mac OS X) AppleWebKit/536.26 (KHTML, like Gecko) Version/6.0 Mobile/10B329 Safari/8536.25"
h-15-176.a260.priv.bahnhof.se - - [23/Sep/2013:21:28:51 +0200] "GET /atmycasa/mejladress.jpg HTTP/1.1" 200 17337 "http://atmycasa.blogspot.se/" "Mozilla/5.0 (Windows NT 6.1; WOW64; rv:24.0) Gecko/20100101 Firefox/24.0"
h-15-176.a260.priv.bahnhof.se - - [23/Sep/2013:21:28:51 +0200] "GET /atmycasa/bloglovin.jpg HTTP/1.1" 200 19710 "http://atmycasa.blogspot.se/" "Mozilla/5.0 (Windows NT 6.1; WOW64; rv:24.0) Gecko/20100101 Firefox/24.0"
h-15-176.a260.priv.bahnhof.se - - [23/Sep/2013:21:28:51 +0200] "GET /atmycasa/instagram.jpg HTTP/1.1" 200 18596 "http://atmycasa.blogspot.se/" "Mozilla/5.0 (Windows NT 6.1; WOW64; rv:24.0) Gecko/20100101 Firefox/24.0"
p57A93C80.dip0.t-ipconnect.de - - [23/Sep/2013:21:28:52 +0200] "GET /atmycasa/mejladress.jpg HTTP/1.1" 200 17337 "http://atmycasa.blogspot.de/" "Mozilla/5.0 (Windows NT 6.1; WOW64; rv:22.0) Gecko/20100101 Firefox/22.0"
p57A93C80.dip0.t-ipconnect.de - - [23/Sep/2013:21:28:52 +0200] "GET /atmycasa/bloglovin.jpg HTTP/1.1" 200 19710 "http://atmycasa.blogspot.de/" "Mozilla/5.0 (Windows NT 6.1; WOW64; rv:22.0) Gecko/20100101 Firefox/22.0"
p57A93C80.dip0.t-ipconnect.de - - [23/Sep/2013:21:28:52 +0200] "GET /atmycasa/instagram.jpg HTTP/1.1" 200 18596 "http://atmycasa.blogspot.de/" "Mozilla/5.0 (Windows NT 6.1; WOW64; rv:22.0) Gecko/20100101 Firefox/22.0"
h88-206-149-12.vokby.se - - [23/Sep/2013:21:29:01 +0200] "GET /atmycasa/mejladress.jpg HTTP/1.1" 200 17337 "http://atmycasa.blogspot.se/" "Mozilla/5.0 (compatible; MSIE 10.0; Windows NT 6.1; WOW64; Trident/6.0)"
h88-206-149-12.vokby.se - - [23/Sep/2013:21:29:01 +0200] "GET /atmycasa/instagram.jpg HTTP/1.1" 200 18596 "http://atmycasa.blogspot.se/" "Mozilla/5.0 (compatible; MSIE 10.0; Windows NT 6.1; WOW64; Trident/6.0)"
h88-206-149-12.vokby.se - - [23/Sep/2013:21:29:01 +0200] "GET /atmycasa/bloglovin.jpg HTTP/1.1" 200 19710 "http://atmycasa.blogspot.se/" "Mozilla/5.0 (compatible; MSIE 10.0; Windows NT 6.1; WOW64; Trident/6.0)"
crawl-66-249-78-155.googlebot.com - - [23/Sep/2013:21:29:53 +0200] "GET /latar/tacabro/tacata.htm HTTP/1.1" 200 36849 "-" "Mozilla/5.0 (compatible; Googlebot/2.1; +http://www.google.com/bot.html)"
81-234-202-58-no112.tbcn.telia.com - - [23/Sep/2013:21:31:15 +0200] "GET /atmycasa/mejladress.jpg HTTP/1.1" 200 17337 "http://atmycasa.blogspot.se/?m=1" "Mozilla/5.0 (iPad; CPU OS 6_1_3 like Mac OS X) AppleWebKit/536.26 (KHTML, like Gecko) Version/6.0 Mobile/10B329 Safari/8536.25"
81-234-202-58-no112.tbcn.telia.com - - [23/Sep/2013:21:31:15 +0200] "GET /atmycasa/bloglovin.jpg HTTP/1.1" 200 19710 "http://atmycasa.blogspot.se/?m=1" "Mozilla/5.0 (iPad; CPU OS 6_1_3 like Mac OS X) AppleWebKit/536.26 (KHTML, like Gecko) Version/6.0 Mobile/10B329 Safari/8536.25"
81-234-202-58-no112.tbcn.telia.com - - [23/Sep/2013:21:31:15 +0200] "GET /atmycasa/instagram.jpg HTTP/1.1" 200 18596 "http://atmycasa.blogspot.se/?m=1" "Mozilla/5.0 (iPad; CPU OS 6_1_3 like Mac OS X) AppleWebKit/536.26 (KHTML, like Gecko) Version/6.0 Mobile/10B329 Safari/8536.25"
c83-251-247-41.bredband.comhem.se - - [23/Sep/2013:21:32:15 +0200] "GET /atmycasa/mejladress.jpg HTTP/1.1" 304 175 "http://atmycasa.blogspot.se/?m=1" "Mozilla/5.0 (Linux; Android 4.2.2; sv-se; SAMSUNG GT-I9505 Build/JDQ39) AppleWebKit/535.19 (KHTML, like Gecko) Version/1.0 Chrome/18.0.1025.308 Mobile Safari/535.19"
h106n1-g-ml-a11.ias.bredband.telia.com - - [23/Sep/2013:21:32:18 +0200] "GET /atmycasa/mejladress.jpg HTTP/1.1" 200 17337 "http://atmycasa.blogspot.se/" "Mozilla/5.0 (Macintosh; Intel Mac OS X 10.8; rv:23.0) Gecko/20100101 Firefox/23.0"
h106n1-g-ml-a11.ias.bredband.telia.com - - [23/Sep/2013:21:32:18 +0200] "GET /atmycasa/bloglovin.jpg HTTP/1.1" 200 19710 "http://atmycasa.blogspot.se/" "Mozilla/5.0 (Macintosh; Intel Mac OS X 10.8; rv:23.0) Gecko/20100101 Firefox/23.0"
h106n1-g-ml-a11.ias.bredband.telia.com - - [23/Sep/2013:21:32:18 +0200] "GET /atmycasa/instagram.jpg HTTP/1.1" 200 18596 "http://atmycasa.blogspot.se/" "Mozilla/5.0 (Macintosh; Intel Mac OS X 10.8; rv:23.0) Gecko/20100101 Firefox/23.0"
crawl-66-249-78-155.googlebot.com - - [23/Sep/2013:21:32:54 +0200] "GET /latar/rihanna/umbrella.htm HTTP/1.1" 200 36857 "-" "Mozilla/5.0 (compatible; Googlebot/2.1; +http://www.google.com/bot.html)"
78-72-53-19-no66.tbcn.telia.com - - [23/Sep/2013:21:33:04 +0200] "GET /atmycasa/mejladress.jpg HTTP/1.1" 200 17337 "http://atmycasa.blogspot.se/" "Mozilla/5.0 (iPad; CPU OS 7_0 like Mac OS X) AppleWebKit/537.51.1 (KHTML, like Gecko) Version/7.0 Mobile/11A465 Safari/9537.53"
78-72-53-19-no66.tbcn.telia.com - - [23/Sep/2013:21:33:04 +0200] "GET /atmycasa/bloglovin.jpg HTTP/1.1" 200 19710 "http://atmycasa.blogspot.se/" "Mozilla/5.0 (iPad; CPU OS 7_0 like Mac OS X) AppleWebKit/537.51.1 (KHTML, like Gecko) Version/7.0 Mobile/11A465 Safari/9537.53"
78-72-53-19-no66.tbcn.telia.com - - [23/Sep/2013:21:33:04 +0200] "GET /atmycasa/instagram.jpg HTTP/1.1" 200 18596 "http://atmycasa.blogspot.se/" "Mozilla/5.0 (iPad; CPU OS 7_0 like Mac OS X) AppleWebKit/537.51.1 (KHTML, like Gecko) Version/7.0 Mobile/11A465 Safari/9537.53"
m37-197-37-15.cust.tele2.se - - [23/Sep/2013:21:33:18 +0200] "GET /atmycasa/instagram.jpg HTTP/1.1" 304 175 "http://atmycasa.blogspot.se/?m=1" "Mozilla/5.0 (iPhone; CPU iPhone OS 6_1_1 like Mac OS X) AppleWebKit/536.26 (KHTML, like Gecko) Version/6.0 Mobile/10B145 Safari/8536.25"
m37-197-37-15.cust.tele2.se - - [23/Sep/2013:21:33:18 +0200] "GET /atmycasa/mejladress.jpg HTTP/1.1" 304 175 "http://atmycasa.blogspot.se/?m=1" "Mozilla/5.0 (iPhone; CPU iPhone OS 6_1_1 like Mac OS X) AppleWebKit/536.26 (KHTML, like Gecko) Version/6.0 Mobile/10B145 Safari/8536.25"
m37-197-37-15.cust.tele2.se - - [23/Sep/2013:21:33:18 +0200] "GET /atmycasa/bloglovin.jpg HTTP/1.1" 304 175 "http://atmycasa.blogspot.se/?m=1" "Mozilla/5.0 (iPhone; CPU iPhone OS 6_1_1 like Mac OS X) AppleWebKit/536.26 (KHTML, like Gecko) Version/6.0 Mobile/10B145 Safari/8536.25"
c80-217-249-115.bredband.comhem.se - - [23/Sep/2013:21:34:20 +0200] "GET /atmycasa/instagram.jpg HTTP/1.1" 200 18596 "http://www.atmycasa.blogspot.se/?m=1" "Mozilla/5.0 (iPhone; CPU iPhone OS 6_1_3 like Mac OS X) AppleWebKit/536.26 (KHTML, like Gecko) Version/6.0 Mobile/10B329 Safari/8536.25"
c80-217-249-115.bredband.comhem.se - - [23/Sep/2013:21:34:21 +0200] "GET /atmycasa/mejladress.jpg HTTP/1.1" 200 17337 "http://www.atmycasa.blogspot.se/?m=1" "Mozilla/5.0 (iPhone; CPU iPhone OS 6_1_3 like Mac OS X) AppleWebKit/536.26 (KHTML, like Gecko) Version/6.0 Mobile/10B329 Safari/8536.25"
c80-217-249-115.bredband.comhem.se - - [23/Sep/2013:21:34:21 +0200] "GET /atmycasa/bloglovin.jpg HTTP/1.1" 200 19710 "http://www.atmycasa.blogspot.se/?m=1" "Mozilla/5.0 (iPhone; CPU iPhone OS 6_1_3 like Mac OS X) AppleWebKit/536.26 (KHTML, like Gecko) Version/6.0 Mobile/10B329 Safari/8536.25"
h79n4-n-d4.ias.bredband.telia.com - - [23/Sep/2013:21:35:33 +0200] "GET /atmycasa/mejladress.jpg HTTP/1.1" 200 17337 "http://atmycasa.blogspot.se/2013/08/godmorgon-mandag-manga-1a-veckan-efter.html" "Mozilla/5.0 (iPad; U; CPU OS 4_3_5 like Mac OS X; sv-se) AppleWebKit/533.17.9 (KHTML, like Gecko) Version/5.0.2 Mobile/8L1 Safari/6533.18.5"
h79n4-n-d4.ias.bredband.telia.com - - [23/Sep/2013:21:35:33 +0200] "GET /atmycasa/bloglovin.jpg HTTP/1.1" 200 19709 "http://atmycasa.blogspot.se/2013/08/godmorgon-mandag-manga-1a-veckan-efter.html" "Mozilla/5.0 (iPad; U; CPU OS 4_3_5 like Mac OS X; sv-se) AppleWebKit/533.17.9 (KHTML, like Gecko) Version/5.0.2 Mobile/8L1 Safari/6533.18.5"
h79n4-n-d4.ias.bredband.telia.com - - [23/Sep/2013:21:35:34 +0200] "GET /atmycasa/instagram.jpg HTTP/1.1" 200 18596 "http://atmycasa.blogspot.se/2013/08/godmorgon-mandag-manga-1a-veckan-efter.html" "Mozilla/5.0 (iPad; U; CPU OS 4_3_5 like Mac OS X; sv-se) AppleWebKit/533.17.9 (KHTML, like Gecko) Version/5.0.2 Mobile/8L1 Safari/6533.18.5"
h143n3-hlm-d2.ias.bredband.telia.com - - [23/Sep/2013:21:35:52 +0200] "GET /atmycasa/bloglovin.jpg HTTP/1.1" 200 19710 "http://atmycasa.blogspot.se/search?updated-max=2013-09-20T12:15:00%2B02:00&max-results=3&m=1" "Mozilla/5.0 (iPhone; CPU iPhone OS 7_0 like Mac OS X) AppleWebKit/537.51.1 (KHTML, like Gecko) Version/7.0 Mobile/11A465 Safari/9537.53"
h143n3-hlm-d2.ias.bredband.telia.com - - [23/Sep/2013:21:35:52 +0200] "GET /atmycasa/mejladress.jpg HTTP/1.1" 200 17337 "http://atmycasa.blogspot.se/search?updated-max=2013-09-20T12:15:00%2B02:00&max-results=3&m=1" "Mozilla/5.0 (iPhone; CPU iPhone OS 7_0 like Mac OS X) AppleWebKit/537.51.1 (KHTML, like Gecko) Version/7.0 Mobile/11A465 Safari/9537.53"
h143n3-hlm-d2.ias.bredband.telia.com - - [23/Sep/2013:21:35:52 +0200] "GET /atmycasa/instagram.jpg HTTP/1.1" 200 18596 "http://atmycasa.blogspot.se/search?updated-max=2013-09-20T12:15:00%2B02:00&max-results=3&m=1" "Mozilla/5.0 (iPhone; CPU iPhone OS 7_0 like Mac OS X) AppleWebKit/537.51.1 (KHTML, like Gecko) Version/7.0 Mobile/11A465 Safari/9537.53"
h26n2.sundbybergbredband.ias.bredband.telia.com - - [23/Sep/2013:21:36:53 +0200] "GET /atmycasa/mejladress.jpg HTTP/1.1" 200 17337 "http://atmycasa.blogspot.se/" "Mozilla/5.0 (iPad; CPU OS 6_1_3 like Mac OS X) AppleWebKit/536.26 (KHTML, like Gecko) Version/6.0 Mobile/10B329 Safari/8536.25"
h26n2.sundbybergbredband.ias.bredband.telia.com - - [23/Sep/2013:21:36:53 +0200] "GET /atmycasa/instagram.jpg HTTP/1.1" 200 18596 "http://atmycasa.blogspot.se/" "Mozilla/5.0 (iPad; CPU OS 6_1_3 like Mac OS X) AppleWebKit/536.26 (KHTML, like Gecko) Version/6.0 Mobile/10B329 Safari/8536.25"
h26n2.sundbybergbredband.ias.bredband.telia.com - - [23/Sep/2013:21:36:53 +0200] "GET /atmycasa/bloglovin.jpg HTTP/1.1" 200 19710 "http://atmycasa.blogspot.se/" "Mozilla/5.0 (iPad; CPU OS 6_1_3 like Mac OS X) AppleWebKit/536.26 (KHTML, like Gecko) Version/6.0 Mobile/10B329 Safari/8536.25"
p5DCD7EEF.dip0.t-ipconnect.de - - [23/Sep/2013:21:37:15 +0200] "GET /atmycasa/mejladress.jpg HTTP/1.1" 200 17337 "http://atmycasa.blogspot.de/" "Mozilla/5.0 (compatible; MSIE 9.0; Windows NT 6.0; Trident/5.0; tb-webde/2.3.0)"
p5DCD7EEF.dip0.t-ipconnect.de - - [23/Sep/2013:21:37:15 +0200] "GET /atmycasa/instagram.jpg HTTP/1.1" 200 18596 "http://atmycasa.blogspot.de/" "Mozilla/5.0 (compatible; MSIE 9.0; Windows NT 6.0; Trident/5.0; tb-webde/2.3.0)"
p5DCD7EEF.dip0.t-ipconnect.de - - [23/Sep/2013:21:37:15 +0200] "GET /atmycasa/bloglovin.jpg HTTP/1.1" 200 19710 "http://atmycasa.blogspot.de/" "Mozilla/5.0 (compatible; MSIE 9.0; Windows NT 6.0; Trident/5.0; tb-webde/2.3.0)"
109.58.77.146.bredband.tre.se - - [23/Sep/2013:21:37:41 +0200] "GET /atmycasa/mejladress.jpg HTTP/1.1" 200 17337 "http://atmycasa.blogspot.se/" "Mozilla/5.0 (Windows NT 6.0) AppleWebKit/537.36 (KHTML, like Gecko) Chrome/29.0.1547.76 Safari/537.36"
109.58.77.146.bredband.tre.se - - [23/Sep/2013:21:37:41 +0200] "GET /atmycasa/bloglovin.jpg HTTP/1.1" 200 19710 "http://atmycasa.blogspot.se/" "Mozilla/5.0 (Windows NT 6.0) AppleWebKit/537.36 (KHTML, like Gecko) Chrome/29.0.1547.76 Safari/537.36"
109.58.77.146.bredband.tre.se - - [23/Sep/2013:21:37:41 +0200] "GET /atmycasa/instagram.jpg HTTP/1.1" 200 18596 "http://atmycasa.blogspot.se/" "Mozilla/5.0 (Windows NT 6.0) AppleWebKit/537.36 (KHTML, like Gecko) Chrome/29.0.1547.76 Safari/537.36"
251.Red-83-37-61.dynamicIP.rima-tde.net - - [23/Sep/2013:21:37:46 +0200] "GET /atmycasa/bloglovin.jpg HTTP/1.1" 200 19710 "http://www.atmycasa.blogspot.se/" "Mozilla/5.0 (iPad; CPU OS 7_0 like Mac OS X) AppleWebKit/537.51.1 (KHTML, like Gecko) Version/7.0 Mobile/11A465 Safari/9537.53"
251.Red-83-37-61.dynamicIP.rima-tde.net - - [23/Sep/2013:21:37:47 +0200] "GET /atmycasa/mejladress.jpg HTTP/1.1" 200 17337 "http://www.atmycasa.blogspot.se/" "Mozilla/5.0 (iPad; CPU OS 7_0 like Mac OS X) AppleWebKit/537.51.1 (KHTML, like Gecko) Version/7.0 Mobile/11A465 Safari/9537.53"
251.Red-83-37-61.dynamicIP.rima-tde.net - - [23/Sep/2013:21:37:47 +0200] "GET /atmycasa/instagram.jpg HTTP/1.1" 200 18596 "http://www.atmycasa.blogspot.se/" "Mozilla/5.0 (iPad; CPU OS 7_0 like Mac OS X) AppleWebKit/537.51.1 (KHTML, like Gecko) Version/7.0 Mobile/11A465 Safari/9537.53"
78-69-188-4-no85.tbcn.telia.com - - [23/Sep/2013:21:38:01 +0200] "GET /atmycasa/mejladress.jpg HTTP/1.1" 200 17337 "http://atmycasa.blogspot.se/?m=1" "Mozilla/5.0 (iPhone; CPU iPhone OS 6_0_1 like Mac OS X) AppleWebKit/536.26 (KHTML, like Gecko) Version/6.0 Mobile/10A523 Safari/8536.25"
78-69-188-4-no85.tbcn.telia.com - - [23/Sep/2013:21:38:01 +0200] "GET /atmycasa/bloglovin.jpg HTTP/1.1" 200 19710 "http://atmycasa.blogspot.se/?m=1" "Mozilla/5.0 (iPhone; CPU iPhone OS 6_0_1 like Mac OS X) AppleWebKit/536.26 (KHTML, like Gecko) Version/6.0 Mobile/10A523 Safari/8536.25"
78-69-188-4-no85.tbcn.telia.com - - [23/Sep/2013:21:38:01 +0200] "GET /atmycasa/instagram.jpg HTTP/1.1" 200 18596 "http://atmycasa.blogspot.se/?m=1" "Mozilla/5.0 (iPhone; CPU iPhone OS 6_0_1 like Mac OS X) AppleWebKit/536.26 (KHTML, like Gecko) Version/6.0 Mobile/10A523 Safari/8536.25"
217-210-190-82-no95.tbcn.telia.com - - [23/Sep/2013:21:38:30 +0200] "GET /atmycasa/instagram.jpg HTTP/1.1" 200 18596 "http://atmycasa.blogspot.se/" "Mozilla/5.0 (iPad; CPU OS 6_1_3 like Mac OS X) AppleWebKit/536.26 (KHTML, like Gecko) Version/6.0 Mobile/10B329 Safari/8536.25"
217-210-190-82-no95.tbcn.telia.com - - [23/Sep/2013:21:38:31 +0200] "GET /atmycasa/bloglovin.jpg HTTP/1.1" 200 19710 "http://atmycasa.blogspot.se/" "Mozilla/5.0 (iPad; CPU OS 6_1_3 like Mac OS X) AppleWebKit/536.26 (KHTML, like Gecko) Version/6.0 Mobile/10B329 Safari/8536.25"
217-210-190-82-no95.tbcn.telia.com - - [23/Sep/2013:21:38:37 +0200] "GET /atmycasa/mejladress.jpg HTTP/1.1" 200 17337 "http://atmycasa.blogspot.se/" "Mozilla/5.0 (iPad; CPU OS 6_1_3 like Mac OS X) AppleWebKit/536.26 (KHTML, like Gecko) Version/6.0 Mobile/10B329 Safari/8536.25"
78-69-14-163-no72.tbcn.telia.com - - [23/Sep/2013:21:38:49 +0200] "GET /atmycasa/bloglovin.jpg HTTP/1.1" 200 19710 "http://atmycasa.blogspot.se/" "Mozilla/5.0 (iPad; CPU OS 6_0 like Mac OS X) AppleWebKit/536.26 (KHTML, like Gecko) Version/6.0 Mobile/10A407 Safari/8536.25"
78-69-14-163-no72.tbcn.telia.com - - [23/Sep/2013:21:38:49 +0200] "GET /atmycasa/mejladress.jpg HTTP/1.1" 200 17337 "http://atmycasa.blogspot.se/" "Mozilla/5.0 (iPad; CPU OS 6_0 like Mac OS X) AppleWebKit/536.26 (KHTML, like Gecko) Version/6.0 Mobile/10A407 Safari/8536.25"
78-69-14-163-no72.tbcn.telia.com - - [23/Sep/2013:21:38:49 +0200] "GET /atmycasa/instagram.jpg HTTP/1.1" 200 18596 "http://atmycasa.blogspot.se/" "Mozilla/5.0 (iPad; CPU OS 6_0 like Mac OS X) AppleWebKit/536.26 (KHTML, like Gecko) Version/6.0 Mobile/10A407 Safari/8536.25"
h232n2-aepv-d7.ias.bredband.telia.com - - [23/Sep/2013:21:39:10 +0200] "GET /atmycasa/mejladress.jpg HTTP/1.1" 200 17337 "http://atmycasa.blogspot.se/" "Mozilla/5.0 (Macintosh; Intel Mac OS X 10_7_5) AppleWebKit/536.30.1 (KHTML, like Gecko) Version/6.0.5 Safari/536.30.1"
h232n2-aepv-d7.ias.bredband.telia.com - - [23/Sep/2013:21:39:10 +0200] "GET /atmycasa/bloglovin.jpg HTTP/1.1" 200 19710 "http://atmycasa.blogspot.se/" "Mozilla/5.0 (Macintosh; Intel Mac OS X 10_7_5) AppleWebKit/536.30.1 (KHTML, like Gecko) Version/6.0.5 Safari/536.30.1"
h232n2-aepv-d7.ias.bredband.telia.com - - [23/Sep/2013:21:39:10 +0200] "GET /atmycasa/instagram.jpg HTTP/1.1" 200 18596 "http://atmycasa.blogspot.se/" "Mozilla/5.0 (Macintosh; Intel Mac OS X 10_7_5) AppleWebKit/536.30.1 (KHTML, like Gecko) Version/6.0.5 Safari/536.30.1"
crawl-66-249-78-155.googlebot.com - - [23/Sep/2013:21:40:49 +0200] "GET /latar/mellony-ft-gabbe/nu-r-sommarn-hr.htm HTTP/1.1" 200 36890 "-" "Mozilla/5.0 (compatible; Googlebot/2.1; +http://www.google.com/bot.html)"
ti0117a380-dhcp1223.bb.online.no - - [23/Sep/2013:21:41:09 +0200] "GET /atmycasa/instagram.jpg HTTP/1.1" 200 18596 "http://atmycasa.blogspot.se/" "Mozilla/5.0 (iPad; CPU OS 7_0 like Mac OS X) AppleWebKit/537.51.1 (KHTML, like Gecko) Version/7.0 Mobile/11A465 Safari/9537.53"
ti0117a380-dhcp1223.bb.online.no - - [23/Sep/2013:21:41:09 +0200] "GET /atmycasa/mejladress.jpg HTTP/1.1" 200 17337 "http://atmycasa.blogspot.se/" "Mozilla/5.0 (iPad; CPU OS 7_0 like Mac OS X) AppleWebKit/537.51.1 (KHTML, like Gecko) Version/7.0 Mobile/11A465 Safari/9537.53"
ti0117a380-dhcp1223.bb.online.no - - [23/Sep/2013:21:41:09 +0200] "GET /atmycasa/bloglovin.jpg HTTP/1.1" 200 19710 "http://atmycasa.blogspot.se/" "Mozilla/5.0 (iPad; CPU OS 7_0 like Mac OS X) AppleWebKit/537.51.1 (KHTML, like Gecko) Version/7.0 Mobile/11A465 Safari/9537.53"
90-230-176-63-no227.tbcn.telia.com - - [23/Sep/2013:21:41:42 +0200] "GET /atmycasa/instagram.jpg HTTP/1.1" 304 175 "http://atmycasa.blogspot.se/search/label/dotter" "Mozilla/5.0 (Macintosh; Intel Mac OS X 10_6_8) AppleWebKit/537.36 (KHTML, like Gecko) Chrome/29.0.1547.76 Safari/537.36"
90-230-176-63-no227.tbcn.telia.com - - [23/Sep/2013:21:41:42 +0200] "GET /atmycasa/mejladress.jpg HTTP/1.1" 304 174 "http://atmycasa.blogspot.se/search/label/dotter" "Mozilla/5.0 (Macintosh; Intel Mac OS X 10_6_8) AppleWebKit/537.36 (KHTML, like Gecko) Chrome/29.0.1547.76 Safari/537.36"
90-230-176-63-no227.tbcn.telia.com - - [23/Sep/2013:21:41:42 +0200] "GET /atmycasa/bloglovin.jpg HTTP/1.1" 304 175 "http://atmycasa.blogspot.se/search/label/dotter" "Mozilla/5.0 (Macintosh; Intel Mac OS X 10_6_8) AppleWebKit/537.36 (KHTML, like Gecko) Chrome/29.0.1547.76 Safari/537.36"
c83-249-219-242.bredband.comhem.se - - [23/Sep/2013:21:42:01 +0200] "GET /atmycasa/mejladress.jpg HTTP/1.1" 200 17337 "http://atmycasa.blogspot.se/" "Mozilla/5.0 (iPad; CPU OS 7_0 like Mac OS X) AppleWebKit/537.51.1 (KHTML, like Gecko) Version/7.0 Mobile/11A465 Safari/9537.53"
c83-249-219-242.bredband.comhem.se - - [23/Sep/2013:21:42:01 +0200] "GET /atmycasa/instagram.jpg HTTP/1.1" 200 18596 "http://atmycasa.blogspot.se/" "Mozilla/5.0 (iPad; CPU OS 7_0 like Mac OS X) AppleWebKit/537.51.1 (KHTML, like Gecko) Version/7.0 Mobile/11A465 Safari/9537.53"
c83-249-219-242.bredband.comhem.se - - [23/Sep/2013:21:42:02 +0200] "GET /atmycasa/bloglovin.jpg HTTP/1.1" 200 19710 "http://atmycasa.blogspot.se/" "Mozilla/5.0 (iPad; CPU OS 7_0 like Mac OS X) AppleWebKit/537.51.1 (KHTML, like Gecko) Version/7.0 Mobile/11A465 Safari/9537.53"
h180n1-gl-a-d4.ias.bredband.telia.com - - [23/Sep/2013:21:42:21 +0200] "GET /atmycasa/bloglovin.jpg HTTP/1.1" 200 19710 "http://atmycasa.blogspot.se/" "Mozilla/5.0 (iPad; CPU OS 6_1_3 like Mac OS X) AppleWebKit/536.26 (KHTML, like Gecko) Version/6.0 Mobile/10B329 Safari/8536.25"
h180n1-gl-a-d4.ias.bredband.telia.com - - [23/Sep/2013:21:42:21 +0200] "GET /atmycasa/mejladress.jpg HTTP/1.1" 200 17337 "http://atmycasa.blogspot.se/" "Mozilla/5.0 (iPad; CPU OS 6_1_3 like Mac OS X) AppleWebKit/536.26 (KHTML, like Gecko) Version/6.0 Mobile/10B329 Safari/8536.25"
h180n1-gl-a-d4.ias.bredband.telia.com - - [23/Sep/2013:21:42:22 +0200] "GET /atmycasa/instagram.jpg HTTP/1.1" 200 18596 "http://atmycasa.blogspot.se/" "Mozilla/5.0 (iPad; CPU OS 6_1_3 like Mac OS X) AppleWebKit/536.26 (KHTML, like Gecko) Version/6.0 Mobile/10B329 Safari/8536.25"
h232n2-aepv-d7.ias.bredband.telia.com - - [23/Sep/2013:21:42:51 +0200] "GET /atmycasa/bloglovin.jpg HTTP/1.1" 200 19710 "http://atmycasa.blogspot.se/" "Mozilla/5.0 (Macintosh; Intel Mac OS X 10_7_5) AppleWebKit/536.30.1 (KHTML, like Gecko) Version/6.0.5 Safari/536.30.1"
h232n2-aepv-d7.ias.bredband.telia.com - - [23/Sep/2013:21:42:51 +0200] "GET /atmycasa/instagram.jpg HTTP/1.1" 200 18596 "http://atmycasa.blogspot.se/" "Mozilla/5.0 (Macintosh; Intel Mac OS X 10_7_5) AppleWebKit/536.30.1 (KHTML, like Gecko) Version/6.0.5 Safari/536.30.1"
h232n2-aepv-d7.ias.bredband.telia.com - - [23/Sep/2013:21:42:51 +0200] "GET /atmycasa/mejladress.jpg HTTP/1.1" 200 17337 "http://atmycasa.blogspot.se/" "Mozilla/5.0 (Macintosh; Intel Mac OS X 10_7_5) AppleWebKit/536.30.1 (KHTML, like Gecko) Version/6.0.5 Safari/536.30.1"
2-248-16-151-no123.tbcn.telia.com - - [23/Sep/2013:21:43:10 +0200] "GET /atmycasa/mejladress.jpg HTTP/1.1" 200 17337 "http://atmycasa.blogspot.se/" "Mozilla/5.0 (Windows NT 6.2; WOW64) AppleWebKit/537.36 (KHTML, like Gecko) Chrome/29.0.1547.76 Safari/537.36"
2-248-16-151-no123.tbcn.telia.com - - [23/Sep/2013:21:43:11 +0200] "GET /atmycasa/bloglovin.jpg HTTP/1.1" 200 19710 "http://atmycasa.blogspot.se/" "Mozilla/5.0 (Windows NT 6.2; WOW64) AppleWebKit/537.36 (KHTML, like Gecko) Chrome/29.0.1547.76 Safari/537.36"
2-248-16-151-no123.tbcn.telia.com - - [23/Sep/2013:21:43:11 +0200] "GET /atmycasa/instagram.jpg HTTP/1.1" 200 18596 "http://atmycasa.blogspot.se/" "Mozilla/5.0 (Windows NT 6.2; WOW64) AppleWebKit/537.36 (KHTML, like Gecko) Chrome/29.0.1547.76 Safari/537.36"
213-64-210-206-no208.tbcn.telia.com - - [23/Sep/2013:21:43:42 +0200] "GET /atmycasa/mejladress.jpg HTTP/1.1" 200 17337 "http://atmycasa.blogspot.se/" "Mozilla/5.0 (compatible; MSIE 10.0; Windows NT 6.1; WOW64; Trident/6.0)"
213-64-210-206-no208.tbcn.telia.com - - [23/Sep/2013:21:43:42 +0200] "GET /atmycasa/bloglovin.jpg HTTP/1.1" 200 19710 "http://atmycasa.blogspot.se/" "Mozilla/5.0 (compatible; MSIE 10.0; Windows NT 6.1; WOW64; Trident/6.0)"
213-64-210-206-no208.tbcn.telia.com - - [23/Sep/2013:21:43:42 +0200] "GET /atmycasa/instagram.jpg HTTP/1.1" 200 18596 "http://atmycasa.blogspot.se/" "Mozilla/5.0 (compatible; MSIE 10.0; Windows NT 6.1; WOW64; Trident/6.0)"
m83-186-61-78.cust.tele2.se - - [23/Sep/2013:21:45:03 +0200] "GET /atmycasa/bloglovin.jpg HTTP/1.1" 200 19710 "http://atmycasa.blogspot.se/" "Mozilla/5.0 (Macintosh; Intel Mac OS X 10_5_8) AppleWebKit/534.50.2 (KHTML, like Gecko) Version/5.0.3 Safari/533.19.4"
m83-186-61-78.cust.tele2.se - - [23/Sep/2013:21:45:03 +0200] "GET /atmycasa/mejladress.jpg HTTP/1.1" 200 17337 "http://atmycasa.blogspot.se/" "Mozilla/5.0 (Macintosh; Intel Mac OS X 10_5_8) AppleWebKit/534.50.2 (KHTML, like Gecko) Version/5.0.3 Safari/533.19.4"
m83-186-61-78.cust.tele2.se - - [23/Sep/2013:21:45:04 +0200] "GET /atmycasa/instagram.jpg HTTP/1.1" 200 18596 "http://atmycasa.blogspot.se/" "Mozilla/5.0 (Macintosh; Intel Mac OS X 10_5_8) AppleWebKit/534.50.2 (KHTML, like Gecko) Version/5.0.3 Safari/533.19.4"
c-4f66b31a-74736162.cust.telenor.se - - [23/Sep/2013:21:45:15 +0200] "GET /atmycasa/bloglovin.jpg HTTP/1.1" 200 19710 "http://atmycasa.blogspot.se/" "Mozilla/5.0 (iPad; CPU OS 6_1_3 like Mac OS X) AppleWebKit/536.26 (KHTML, like Gecko) Version/6.0 Mobile/10B329 Safari/8536.25"
c-4f66b31a-74736162.cust.telenor.se - - [23/Sep/2013:21:45:15 +0200] "GET /atmycasa/instagram.jpg HTTP/1.1" 200 18596 "http://atmycasa.blogspot.se/" "Mozilla/5.0 (iPad; CPU OS 6_1_3 like Mac OS X) AppleWebKit/536.26 (KHTML, like Gecko) Version/6.0 Mobile/10B329 Safari/8536.25"
c-4f66b31a-74736162.cust.telenor.se - - [23/Sep/2013:21:45:15 +0200] "GET /atmycasa/mejladress.jpg HTTP/1.1" 200 17337 "http://atmycasa.blogspot.se/" "Mozilla/5.0 (iPad; CPU OS 6_1_3 like Mac OS X) AppleWebKit/536.26 (KHTML, like Gecko) Version/6.0 Mobile/10B329 Safari/8536.25"
crawl-66-249-78-155.googlebot.com - - [23/Sep/2013:21:45:49 +0200] "GET /latar/konshens/just-dance-3-jamaican-dance.htm HTTP/1.1" 200 36898 "-" "Mozilla/5.0 (compatible; Googlebot/2.1; +http://www.google.com/bot.html)"
crawl-66-249-78-155.googlebot.com - - [23/Sep/2013:21:46:43 +0200] "GET /latar/discocrew/hr-kommer-rebecca.htm HTTP/1.1" 200 36880 "-" "Mozilla/5.0 (compatible; Googlebot/2.1; +http://www.google.com/bot.html)"
90-227-59-85-no75.tbcn.telia.com - - [23/Sep/2013:21:46:59 +0200] "GET /atmycasa/mejladress.jpg HTTP/1.1" 200 17337 "http://atmycasa.blogspot.se/?m=1" "Mozilla/5.0 (Linux; Android 4.2.2; sv-se; SAMSUNG GT-I9505 Build/JDQ39) AppleWebKit/535.19 (KHTML, like Gecko) Version/1.0 Chrome/18.0.1025.308 Mobile Safari/535.19"
90-227-59-85-no75.tbcn.telia.com - - [23/Sep/2013:21:46:59 +0200] "GET /atmycasa/bloglovin.jpg HTTP/1.1" 200 19710 "http://atmycasa.blogspot.se/?m=1" "Mozilla/5.0 (Linux; Android 4.2.2; sv-se; SAMSUNG GT-I9505 Build/JDQ39) AppleWebKit/535.19 (KHTML, like Gecko) Version/1.0 Chrome/18.0.1025.308 Mobile Safari/535.19"
90-227-59-85-no75.tbcn.telia.com - - [23/Sep/2013:21:46:59 +0200] "GET /atmycasa/instagram.jpg HTTP/1.1" 200 18596 "http://atmycasa.blogspot.se/?m=1" "Mozilla/5.0 (Linux; Android 4.2.2; sv-se; SAMSUNG GT-I9505 Build/JDQ39) AppleWebKit/535.19 (KHTML, like Gecko) Version/1.0 Chrome/18.0.1025.308 Mobile Safari/535.19"
213-67-114-7-no238.tbcn.telia.com - - [23/Sep/2013:21:47:35 +0200] "GET /atmycasa/bloglovin.jpg HTTP/1.1" 200 19710 "http://atmycasa.blogspot.se/" "Mozilla/5.0 (compatible; MSIE 10.0; Windows NT 6.1; WOW64; Trident/6.0)"
213-67-114-7-no238.tbcn.telia.com - - [23/Sep/2013:21:47:35 +0200] "GET /atmycasa/instagram.jpg HTTP/1.1" 200 18596 "http://atmycasa.blogspot.se/" "Mozilla/5.0 (compatible; MSIE 10.0; Windows NT 6.1; WOW64; Trident/6.0)"
213-67-114-7-no238.tbcn.telia.com - - [23/Sep/2013:21:47:35 +0200] "GET /atmycasa/mejladress.jpg HTTP/1.1" 200 17337 "http://atmycasa.blogspot.se/" "Mozilla/5.0 (compatible; MSIE 10.0; Windows NT 6.1; WOW64; Trident/6.0)"
cs27008086.pp.htv.fi - - [23/Sep/2013:21:48:08 +0200] "GET /atmycasa/mejladress.jpg HTTP/1.1" 200 17337 "http://atmycasa.blogspot.fi/" "Mozilla/5.0 (Windows NT 6.1; WOW64; rv:23.0) Gecko/20100101 Firefox/23.0"
cs27008086.pp.htv.fi - - [23/Sep/2013:21:48:08 +0200] "GET /atmycasa/instagram.jpg HTTP/1.1" 200 18596 "http://atmycasa.blogspot.fi/" "Mozilla/5.0 (Windows NT 6.1; WOW64; rv:23.0) Gecko/20100101 Firefox/23.0"
cs27008086.pp.htv.fi - - [23/Sep/2013:21:48:08 +0200] "GET /atmycasa/bloglovin.jpg HTTP/1.1" 200 19710 "http://atmycasa.blogspot.fi/" "Mozilla/5.0 (Windows NT 6.1; WOW64; rv:23.0) Gecko/20100101 Firefox/23.0"
crawl-66-249-78-155.googlebot.com - - [23/Sep/2013:21:48:50 +0200] "GET /latar/jose-de-rico-henry-mendez/noche-de-estrellas.htm HTTP/1.1" 200 36914 "-" "Mozilla/5.0 (compatible; Googlebot/2.1; +http://www.google.com/bot.html)"
213.175.65.102 - - [23/Sep/2013:21:49:23 +0200] "GET /atmycasa/mejladress.jpg HTTP/1.1" 200 17337 "http://atmycasa.blogspot.com/?m=1" "Mozilla/5.0 (iPhone; CPU iPhone OS 6_0 like Mac OS X) AppleWebKit/536.26 (KHTML, like Gecko) Version/6.0 Mobile/10A403 Safari/8536.25"
213.175.65.102 - - [23/Sep/2013:21:49:23 +0200] "GET /atmycasa/bloglovin.jpg HTTP/1.1" 200 19710 "http://atmycasa.blogspot.com/?m=1" "Mozilla/5.0 (iPhone; CPU iPhone OS 6_0 like Mac OS X) AppleWebKit/536.26 (KHTML, like Gecko) Version/6.0 Mobile/10A403 Safari/8536.25"
213.175.65.102 - - [23/Sep/2013:21:49:23 +0200] "GET /atmycasa/instagram.jpg HTTP/1.1" 200 18596 "http://atmycasa.blogspot.com/?m=1" "Mozilla/5.0 (iPhone; CPU iPhone OS 6_0 like Mac OS X) AppleWebKit/536.26 (KHTML, like Gecko) Version/6.0 Mobile/10A403 Safari/8536.25"
crawl-66-249-78-155.googlebot.com - - [23/Sep/2013:21:49:36 +0200] "GET /latar/mike-posner/looks-like-sex.htm HTTP/1.1" 200 36873 "-" "Mozilla/5.0 (compatible; Googlebot/2.1; +http://www.google.com/bot.html)"
90-230-158-194-no86.tbcn.telia.com - - [23/Sep/2013:21:49:58 +0200] "GET /atmycasa/mejladress.jpg HTTP/1.1" 200 17337 "http://atmycasa.blogspot.se/" "Mozilla/5.0 (Linux; U; Android 4.0.3; sv-se; A200 Build/IML74K) AppleWebKit/534.30 (KHTML, like Gecko) Version/4.0 Safari/534.30"
90-230-158-194-no86.tbcn.telia.com - - [23/Sep/2013:21:49:58 +0200] "GET /atmycasa/bloglovin.jpg HTTP/1.1" 200 19710 "http://atmycasa.blogspot.se/" "Mozilla/5.0 (Linux; U; Android 4.0.3; sv-se; A200 Build/IML74K) AppleWebKit/534.30 (KHTML, like Gecko) Version/4.0 Safari/534.30"
90-230-158-194-no86.tbcn.telia.com - - [23/Sep/2013:21:50:01 +0200] "GET /atmycasa/instagram.jpg HTTP/1.1" 200 18596 "http://atmycasa.blogspot.se/" "Mozilla/5.0 (Linux; U; Android 4.0.3; sv-se; A200 Build/IML74K) AppleWebKit/534.30 (KHTML, like Gecko) Version/4.0 Safari/534.30"
109.58.146.145.bredband.tre.se - - [23/Sep/2013:21:50:03 +0200] "GET /atmycasa/mejladress.jpg HTTP/1.1" 200 17337 "http://atmycasa.blogspot.se/?m=1" "Mozilla/5.0 (iPhone; CPU iPhone OS 6_1_3 like Mac OS X) AppleWebKit/536.26 (KHTML, like Gecko) Version/6.0 Mobile/10B329 Safari/8536.25"
109.58.146.145.bredband.tre.se - - [23/Sep/2013:21:50:04 +0200] "GET /atmycasa/bloglovin.jpg HTTP/1.1" 200 19710 "http://atmycasa.blogspot.se/?m=1" "Mozilla/5.0 (iPhone; CPU iPhone OS 6_1_3 like Mac OS X) AppleWebKit/536.26 (KHTML, like Gecko) Version/6.0 Mobile/10B329 Safari/8536.25"
109.58.146.145.bredband.tre.se - - [23/Sep/2013:21:50:04 +0200] "GET /atmycasa/instagram.jpg HTTP/1.1" 200 18596 "http://atmycasa.blogspot.se/?m=1" "Mozilla/5.0 (iPhone; CPU iPhone OS 6_1_3 like Mac OS X) AppleWebKit/536.26 (KHTML, like Gecko) Version/6.0 Mobile/10B329 Safari/8536.25"
h79-138-87-46.static.se.alltele.net - - [23/Sep/2013:21:50:25 +0200] "GET /atmycasa/bloglovin.jpg HTTP/1.1" 200 19710 "http://atmycasa.blogspot.se/" "Mozilla/5.0 (Macintosh; Intel Mac OS X 10_5_8) AppleWebKit/534.50.2 (KHTML, like Gecko) Version/5.0.6 Safari/533.22.3"
h79-138-87-46.static.se.alltele.net - - [23/Sep/2013:21:50:25 +0200] "GET /atmycasa/instagram.jpg HTTP/1.1" 200 18596 "http://atmycasa.blogspot.se/" "Mozilla/5.0 (Macintosh; Intel Mac OS X 10_5_8) AppleWebKit/534.50.2 (KHTML, like Gecko) Version/5.0.6 Safari/533.22.3"
h79-138-87-46.static.se.alltele.net - - [23/Sep/2013:21:50:25 +0200] "GET /atmycasa/mejladress.jpg HTTP/1.1" 200 17337 "http://atmycasa.blogspot.se/" "Mozilla/5.0 (Macintosh; Intel Mac OS X 10_5_8) AppleWebKit/534.50.2 (KHTML, like Gecko) Version/5.0.6 Safari/533.22.3"
c83-254-28-203.bredband.comhem.se - - [23/Sep/2013:21:51:01 +0200] "GET /atmycasa/bloglovin.jpg HTTP/1.1" 304 175 "http://atmycasa.blogspot.se/" "Mozilla/5.0 (compatible; MSIE 10.0; Windows NT 6.2; Trident/6.0; Touch; MAARJS)"
c83-254-28-203.bredband.comhem.se - - [23/Sep/2013:21:51:01 +0200] "GET /atmycasa/instagram.jpg HTTP/1.1" 304 175 "http://atmycasa.blogspot.se/" "Mozilla/5.0 (compatible; MSIE 10.0; Windows NT 6.2; Trident/6.0; Touch; MAARJS)"
crawl-66-249-74-81.googlebot.com - - [23/Sep/2013:21:51:35 +0200] "GET /latar/marcapasos/the-fear.htm HTTP/1.1" 200 36863 "-" "Mozilla/5.0 (compatible; Googlebot/2.1; +http://www.google.com/bot.html)"
crawl-66-249-78-155.googlebot.com - - [23/Sep/2013:21:51:35 +0200] "GET /latar/emir-og-lillebror/aisha.htm HTTP/1.1" 200 36872 "-" "Mozilla/5.0 (compatible; Googlebot/2.1; +http://www.google.com/bot.html)"
crawl-66-249-74-81.googlebot.com - - [23/Sep/2013:21:52:06 +0200] "GET /latar/mr-black-blue/get-it-on.htm HTTP/1.1" 200 36871 "-" "Mozilla/5.0 (compatible; Googlebot/2.1; +http://www.google.com/bot.html)"
c-2ec33ab7-74736162.cust.telenor.se - - [23/Sep/2013:21:52:10 +0200] "GET /atmycasa/bloglovin.jpg HTTP/1.1" 200 19710 "http://atmycasa.blogspot.se/" "Mozilla/5.0 (iPad; CPU OS 7_0 like Mac OS X) AppleWebKit/537.51.1 (KHTML, like Gecko) Version/7.0 Mobile/11A465 Safari/9537.53"
c-2ec33ab7-74736162.cust.telenor.se - - [23/Sep/2013:21:52:10 +0200] "GET /atmycasa/mejladress.jpg HTTP/1.1" 200 17337 "http://atmycasa.blogspot.se/" "Mozilla/5.0 (iPad; CPU OS 7_0 like Mac OS X) AppleWebKit/537.51.1 (KHTML, like Gecko) Version/7.0 Mobile/11A465 Safari/9537.53"
c-2ec33ab7-74736162.cust.telenor.se - - [23/Sep/2013:21:52:17 +0200] "GET /atmycasa/instagram.jpg HTTP/1.1" 200 18596 "http://atmycasa.blogspot.se/" "Mozilla/5.0 (iPad; CPU OS 7_0 like Mac OS X) AppleWebKit/537.51.1 (KHTML, like Gecko) Version/7.0 Mobile/11A465 Safari/9537.53"
c-2ec33ab7-74736162.cust.telenor.se - - [23/Sep/2013:21:52:31 +0200] "GET /atmycasa/bloglovin.jpg HTTP/1.1" 304 175 "http://atmycasa.blogspot.se/" "Mozilla/5.0 (iPad; CPU OS 7_0 like Mac OS X) AppleWebKit/537.51.1 (KHTML, like Gecko) Version/7.0 Mobile/11A465 Safari/9537.53"
c-2ec33ab7-74736162.cust.telenor.se - - [23/Sep/2013:21:52:31 +0200] "GET /atmycasa/instagram.jpg HTTP/1.1" 304 175 "http://atmycasa.blogspot.se/" "Mozilla/5.0 (iPad; CPU OS 7_0 like Mac OS X) AppleWebKit/537.51.1 (KHTML, like Gecko) Version/7.0 Mobile/11A465 Safari/9537.53"
c-2ec33ab7-74736162.cust.telenor.se - - [23/Sep/2013:21:52:31 +0200] "GET /atmycasa/mejladress.jpg HTTP/1.1" 304 175 "http://atmycasa.blogspot.se/" "Mozilla/5.0 (iPad; CPU OS 7_0 like Mac OS X) AppleWebKit/537.51.1 (KHTML, like Gecko) Version/7.0 Mobile/11A465 Safari/9537.53"
host-95-199-196-161.mobileonline.telia.com - - [23/Sep/2013:21:52:50 +0200] "GET /atmycasa/mejladress.jpg HTTP/1.1" 200 17280 "http://atmycasa.blogspot.se/2012/06/balkongskydd-do-it-yourself.html?m=1" "Mozilla/5.0 (Linux; U; Android 2.3.4; sv-se; SonyEricssonLT15i Build/4.0.2.A.0.62) AppleWebKit/533.1 (KHTML, like Gecko) Version/4.0 Mobile Safari/533.1"
host-95-199-196-161.mobileonline.telia.com - - [23/Sep/2013:21:52:50 +0200] "GET /atmycasa/bloglovin.jpg HTTP/1.1" 200 19653 "http://atmycasa.blogspot.se/2012/06/balkongskydd-do-it-yourself.html?m=1" "Mozilla/5.0 (Linux; U; Android 2.3.4; sv-se; SonyEricssonLT15i Build/4.0.2.A.0.62) AppleWebKit/533.1 (KHTML, like Gecko) Version/4.0 Mobile Safari/533.1"
host-95-199-196-161.mobileonline.telia.com - - [23/Sep/2013:21:52:50 +0200] "GET /atmycasa/instagram.jpg HTTP/1.1" 200 18539 "http://atmycasa.blogspot.se/2012/06/balkongskydd-do-it-yourself.html?m=1" "Mozilla/5.0 (Linux; U; Android 2.3.4; sv-se; SonyEricssonLT15i Build/4.0.2.A.0.62) AppleWebKit/533.1 (KHTML, like Gecko) Version/4.0 Mobile Safari/533.1"
crawl-66-249-78-155.googlebot.com - - [23/Sep/2013:21:53:00 +0200] "GET /latar/panetoz/vissla-med-mig.htm HTTP/1.1" 200 36865 "-" "Mozilla/5.0 (compatible; Googlebot/2.1; +http://www.google.com/bot.html)"
crawl-66-249-78-155.googlebot.com - - [23/Sep/2013:21:53:22 +0200] "GET /latar/priyanka-chopra/in-my-city-ft-william.htm HTTP/1.1" 200 36900 "-" "Mozilla/5.0 (compatible; Googlebot/2.1; +http://www.google.com/bot.html)"
96.203.189.109.customer.cdi.no - - [23/Sep/2013:21:53:44 +0200] "GET /atmycasa/instagram.jpg HTTP/1.1" 200 18596 "http://atmycasa.blogspot.no/" "Mozilla/5.0 (compatible; MSIE 10.0; Windows NT 6.1; WOW64; Trident/6.0; NP06)"
96.203.189.109.customer.cdi.no - - [23/Sep/2013:21:53:44 +0200] "GET /atmycasa/mejladress.jpg HTTP/1.1" 200 17337 "http://atmycasa.blogspot.no/" "Mozilla/5.0 (compatible; MSIE 10.0; Windows NT 6.1; WOW64; Trident/6.0; NP06)"
96.203.189.109.customer.cdi.no - - [23/Sep/2013:21:53:44 +0200] "GET /atmycasa/bloglovin.jpg HTTP/1.1" 200 19710 "http://atmycasa.blogspot.no/" "Mozilla/5.0 (compatible; MSIE 10.0; Windows NT 6.1; WOW64; Trident/6.0; NP06)"
crawl-66-249-78-155.googlebot.com - - [23/Sep/2013:21:53:53 +0200] "GET /latar/jennifer-lopez-feat-flo-rida/goin-in.htm HTTP/1.1" 200 36898 "-" "Mozilla/5.0 (compatible; Googlebot/2.1; +http://www.google.com/bot.html)"
h166n1.oresundskraft.ias.bredband.telia.com - - [23/Sep/2013:21:54:21 +0200] "GET /atmycasa/mejladress.jpg HTTP/1.1" 200 17337 "http://atmycasa.blogspot.se/" "Mozilla/5.0 (iPad; CPU OS 6_1_3 like Mac OS X) AppleWebKit/536.26 (KHTML, like Gecko) Version/6.0 Mobile/10B329 Safari/8536.25"
h166n1.oresundskraft.ias.bredband.telia.com - - [23/Sep/2013:21:54:21 +0200] "GET /atmycasa/bloglovin.jpg HTTP/1.1" 200 19710 "http://atmycasa.blogspot.se/" "Mozilla/5.0 (iPad; CPU OS 6_1_3 like Mac OS X) AppleWebKit/536.26 (KHTML, like Gecko) Version/6.0 Mobile/10B329 Safari/8536.25"
h166n1.oresundskraft.ias.bredband.telia.com - - [23/Sep/2013:21:54:21 +0200] "GET /atmycasa/instagram.jpg HTTP/1.1" 200 18595 "http://atmycasa.blogspot.se/" "Mozilla/5.0 (iPad; CPU OS 6_1_3 like Mac OS X) AppleWebKit/536.26 (KHTML, like Gecko) Version/6.0 Mobile/10B329 Safari/8536.25"
90-227-199-9-no77.tbcn.telia.com - - [23/Sep/2013:21:54:23 +0200] "GET /atmycasa/instagram.jpg HTTP/1.1" 200 18596 "http://atmycasa.blogspot.se/2013/09/nymalat.html" "Mozilla/5.0 (iPad; CPU OS 6_1 like Mac OS X) AppleWebKit/536.26 (KHTML, like Gecko) Version/6.0 Mobile/10B141 Safari/8536.25"
90-227-199-9-no77.tbcn.telia.com - - [23/Sep/2013:21:54:23 +0200] "GET /atmycasa/bloglovin.jpg HTTP/1.1" 200 19710 "http://atmycasa.blogspot.se/2013/09/nymalat.html" "Mozilla/5.0 (iPad; CPU OS 6_1 like Mac OS X) AppleWebKit/536.26 (KHTML, like Gecko) Version/6.0 Mobile/10B141 Safari/8536.25"
90-227-199-9-no77.tbcn.telia.com - - [23/Sep/2013:21:54:23 +0200] "GET /atmycasa/mejladress.jpg HTTP/1.1" 200 17337 "http://atmycasa.blogspot.se/2013/09/nymalat.html" "Mozilla/5.0 (iPad; CPU OS 6_1 like Mac OS X) AppleWebKit/536.26 (KHTML, like Gecko) Version/6.0 Mobile/10B141 Safari/8536.25"
crawl-66-249-74-81.googlebot.com - - [23/Sep/2013:21:54:45 +0200] "GET /latar/de-vet-du/shit-va-pin.htm HTTP/1.1" 200 36867 "-" "Mozilla/5.0 (compatible; Googlebot/2.1; +http://www.google.com/bot.html)"
crawl-66-249-78-155.googlebot.com - - [23/Sep/2013:21:54:58 +0200] "GET /latar/william/this-is-love-ft-eva-simons.htm HTTP/1.1" 200 36889 "-" "Mozilla/5.0 (compatible; Googlebot/2.1; +http://www.google.com/bot.html)"
crawl-66-249-78-155.googlebot.com - - [23/Sep/2013:21:55:12 +0200] "GET /latar/mange-schmidt/giftig.htm HTTP/1.1" 200 36866 "-" "Mozilla/5.0 (compatible; Googlebot/2.1; +http://www.google.com/bot.html)"
crawl-66-249-78-155.googlebot.com - - [23/Sep/2013:21:55:27 +0200] "GET /latar/nicky-romero-nervo/like-home.htm HTTP/1.1" 200 36882 "-" "Mozilla/5.0 (compatible; Googlebot/2.1; +http://www.google.com/bot.html)"
crawl-66-249-78-155.googlebot.com - - [23/Sep/2013:21:55:45 +0200] "GET /latar/david-guetta/play-hard.htm HTTP/1.1" 200 36865 "-" "Mozilla/5.0 (compatible; Googlebot/2.1; +http://www.google.com/bot.html)"
crawl-66-249-78-155.googlebot.com - - [23/Sep/2013:21:56:14 +0200] "GET /latar/trofast/vi-hade-allt.htm HTTP/1.1" 200 36866 "-" "Mozilla/5.0 (compatible; Googlebot/2.1; +http://www.google.com/bot.html)"
213-67-150-148-no57.tbcn.telia.com - - [23/Sep/2013:21:56:16 +0200] "GET /atmycasa/mejladress.jpg HTTP/1.1" 304 175 "http://atmycasa.blogspot.se/" "Mozilla/4.0 (compatible; MSIE 8.0; Windows NT 5.1; Trident/4.0; GTB7.5; .NET CLR 1.1.4322; .NET CLR 2.0.50727; .NET CLR 3.0.4506.2152; .NET CLR 3.5.30729; .NET4.0C; BRI/2; msn OptimizedIE8;SVSE)"
213-67-150-148-no57.tbcn.telia.com - - [23/Sep/2013:21:56:17 +0200] "GET /atmycasa/bloglovin.jpg HTTP/1.1" 304 175 "http://atmycasa.blogspot.se/" "Mozilla/4.0 (compatible; MSIE 8.0; Windows NT 5.1; Trident/4.0; GTB7.5; .NET CLR 1.1.4322; .NET CLR 2.0.50727; .NET CLR 3.0.4506.2152; .NET CLR 3.5.30729; .NET4.0C; BRI/2; msn OptimizedIE8;SVSE)"
213-67-150-148-no57.tbcn.telia.com - - [23/Sep/2013:21:56:17 +0200] "GET /atmycasa/instagram.jpg HTTP/1.1" 304 174 "http://atmycasa.blogspot.se/" "Mozilla/4.0 (compatible; MSIE 8.0; Windows NT 5.1; Trident/4.0; GTB7.5; .NET CLR 1.1.4322; .NET CLR 2.0.50727; .NET CLR 3.0.4506.2152; .NET CLR 3.5.30729; .NET4.0C; BRI/2; msn OptimizedIE8;SVSE)"
crawl-66-249-78-155.googlebot.com - - [23/Sep/2013:21:56:37 +0200] "GET /latar/djane-housekat-feat-rameez/my-party.htm HTTP/1.1" 200 36896 "-" "Mozilla/5.0 (compatible; Googlebot/2.1; +http://www.google.com/bot.html)"
crawl-66-249-74-81.googlebot.com - - [23/Sep/2013:21:57:29 +0200] "GET /latar/mange-hellberg/full-nr-jag-r-tuff.htm HTTP/1.1" 200 36891 "-" "Mozilla/5.0 (compatible; Googlebot/2.1; +http://www.google.com/bot.html)"
crawl-66-249-78-155.googlebot.com - - [23/Sep/2013:21:57:41 +0200] "GET /latar/panda-da-panda/spegelen.htm HTTP/1.1" 200 36872 "-" "Mozilla/5.0 (compatible; Googlebot/2.1; +http://www.google.com/bot.html)"
crawl-66-249-78-155.googlebot.com - - [23/Sep/2013:21:57:54 +0200] "GET /latar/bongo-botrako/todos-los-das-sale-el-sol.htm HTTP/1.1" 200 36904 "-" "Mozilla/5.0 (compatible; Googlebot/2.1; +http://www.google.com/bot.html)"
crawl-66-249-78-155.googlebot.com - - [23/Sep/2013:21:58:09 +0200] "GET /latar/mange-makers/mange-fr-en-dag.htm HTTP/1.1" 200 36882 "-" "Mozilla/5.0 (compatible; Googlebot/2.1; +http://www.google.com/bot.html)"
crawl-66-249-78-155.googlebot.com - - [23/Sep/2013:21:58:24 +0200] "GET /latar/jay-z-feat-alicia-keys/empire-state-of-mind.htm HTTP/1.1" 200 36912 "-" "Mozilla/5.0 (compatible; Googlebot/2.1; +http://www.google.com/bot.html)"
crawl-66-249-78-155.googlebot.com - - [23/Sep/2013:21:58:38 +0200] "GET /latar/ansiktet/fr-stor.htm HTTP/1.1" 200 36857 "-" "Mozilla/5.0 (compatible; Googlebot/2.1; +http://www.google.com/bot.html)"
c83-248-38-79.bredband.comhem.se - - [23/Sep/2013:21:58:44 +0200] "GET /atmycasa/bloglovin.jpg HTTP/1.1" 200 19710 "http://atmycasa.blogspot.se/" "Mozilla/5.0 (iPad; CPU OS 6_1_3 like Mac OS X) AppleWebKit/536.26 (KHTML, like Gecko) Version/6.0 Mobile/10B329 Safari/8536.25"
c83-248-38-79.bredband.comhem.se - - [23/Sep/2013:21:58:44 +0200] "GET /atmycasa/instagram.jpg HTTP/1.1" 200 18596 "http://atmycasa.blogspot.se/" "Mozilla/5.0 (iPad; CPU OS 6_1_3 like Mac OS X) AppleWebKit/536.26 (KHTML, like Gecko) Version/6.0 Mobile/10B329 Safari/8536.25"
c83-248-38-79.bredband.comhem.se - - [23/Sep/2013:21:58:46 +0200] "GET /atmycasa/mejladress.jpg HTTP/1.1" 200 17337 "http://atmycasa.blogspot.se/" "Mozilla/5.0 (iPad; CPU OS 6_1_3 like Mac OS X) AppleWebKit/536.26 (KHTML, like Gecko) Version/6.0 Mobile/10B329 Safari/8536.25"
crawl-66-249-78-155.googlebot.com - - [23/Sep/2013:21:58:49 +0200] "GET /latar/splity-milk/love-rise-up.htm HTTP/1.1" 200 36872 "-" "Mozilla/5.0 (compatible; Googlebot/2.1; +http://www.google.com/bot.html)"
crawl-66-249-78-155.googlebot.com - - [23/Sep/2013:21:59:15 +0200] "GET /latar/sasha-lopez-andrea-d-broono/all-my-people.htm HTTP/1.1" 200 36908 "-" "Mozilla/5.0 (compatible; Googlebot/2.1; +http://www.google.com/bot.html)"
crawl-66-249-78-155.googlebot.com - - [23/Sep/2013:21:59:31 +0200] "GET /latar/3oh3/youre-gonna-love-this.htm HTTP/1.1" 200 36873 "-" "Mozilla/5.0 (compatible; Googlebot/2.1; +http://www.google.com/bot.html)"
crawl-66-249-74-81.googlebot.com - - [23/Sep/2013:21:59:42 +0200] "GET /latar/sidney-samson-ft-william/better-than-yesterday.htm HTTP/1.1" 200 36917 "-" "Mozilla/5.0 (compatible; Googlebot/2.1; +http://www.google.com/bot.html)"
crawl-66-249-78-155.googlebot.com - - [23/Sep/2013:21:59:54 +0200] "GET /latar/haider/kom-tilbage-nu.htm HTTP/1.1" 200 36868 "-" "Mozilla/5.0 (compatible; Googlebot/2.1; +http://www.google.com/bot.html)"
h88n9-haes-a12.ias.bredband.telia.com - - [23/Sep/2013:21:59:57 +0200] "GET /atmycasa/mejladress.jpg HTTP/1.1" 200 17337 "http://atmycasa.blogspot.se/" "Mozilla/4.0 (compatible; MSIE 7.0; Windows NT 6.1; WOW64; Trident/6.0; SLCC2; .NET CLR 2.0.50727; .NET CLR 3.5.30729; .NET CLR 3.0.30729; Media Center PC 6.0; BRI/2; .NET4.0C)"
h88n9-haes-a12.ias.bredband.telia.com - - [23/Sep/2013:21:59:57 +0200] "GET /atmycasa/bloglovin.jpg HTTP/1.1" 200 19710 "http://atmycasa.blogspot.se/" "Mozilla/4.0 (compatible; MSIE 7.0; Windows NT 6.1; WOW64; Trident/6.0; SLCC2; .NET CLR 2.0.50727; .NET CLR 3.5.30729; .NET CLR 3.0.30729; Media Center PC 6.0; BRI/2; .NET4.0C)"
h88n9-haes-a12.ias.bredband.telia.com - - [23/Sep/2013:21:59:57 +0200] "GET /atmycasa/instagram.jpg HTTP/1.1" 200 18596 "http://atmycasa.blogspot.se/" "Mozilla/4.0 (compatible; MSIE 7.0; Windows NT 6.1; WOW64; Trident/6.0; SLCC2; .NET CLR 2.0.50727; .NET CLR 3.5.30729; .NET CLR 3.0.30729; Media Center PC 6.0; BRI/2; .NET4.0C)"
