crawl-66-249-78-155.googlebot.com - - [24/Sep/2013:03:02:52 +0200] "GET /artister/david-guetta HTTP/1.1" 200 36847 "-" "Mozilla/5.0 (compatible; Googlebot/2.1; +http://www.google.com/bot.html)"
spider-37-140-141-6.yandex.com - - [24/Sep/2013:03:04:51 +0200] "GET /avsnitt/smaka-pa-den-podcast/spd-podcast-017--hur-ar-du-en-normalt-och-vettig-manniska-sista-idioten-ar-inte-fodd-an-lyssna-varfor-fakta-om-blowjobs--vreden-och-mycket-mer.htm HTTP/1.1" 200 37361 "-" "Mozilla/5.0 (compatible; YandexBot/3.0; +http://yandex.com/bots)"
spider-37-140-141-6.yandex.com - - [24/Sep/2013:03:05:21 +0200] "GET /avsnitt/via-lascaris/bilder-av-dig.htm HTTP/1.1" 200 37082 "-" "Mozilla/5.0 (compatible; YandexBot/3.0; +http://yandex.com/bots)"
spider-37-140-141-6.yandex.com - - [24/Sep/2013:03:05:27 +0200] "GET /avsnitt/sr-sommar-i-p1/alf-mork.htm HTTP/1.1" 200 37081 "-" "Mozilla/5.0 (compatible; YandexBot/3.0; +http://yandex.com/bots)"
spider-37-140-141-6.yandex.com - - [24/Sep/2013:03:06:28 +0200] "GET /avsnitt/sr-sommar-i-p1/peter-wolodarski.htm HTTP/1.1" 200 37097 "-" "Mozilla/5.0 (compatible; YandexBot/3.0; +http://yandex.com/bots)"
spider-37-140-141-6.yandex.com - - [24/Sep/2013:03:06:32 +0200] "GET /avsnitt/smaka-pa-den-podcast/spd-podcast-015--jag-alskar-dig-karlek-dating-spiderman-gpunkt-sprutorgasm-avundsjuka.htm HTTP/1.1" 200 37242 "-" "Mozilla/5.0 (compatible; YandexBot/3.0; +http://yandex.com/bots)"
spider-37-140-141-6.yandex.com - - [24/Sep/2013:03:06:39 +0200] "GET /avsnitt/sr-sommar-i-p1/mona-sahlin---bonus.htm HTTP/1.1" 200 37098 "-" "Mozilla/5.0 (compatible; YandexBot/3.0; +http://yandex.com/bots)"
spider-37-140-141-6.yandex.com - - [24/Sep/2013:03:06:49 +0200] "GET /artister/kultiverad-och-belevad/ HTTP/1.1" 200 855 "-" "Mozilla/5.0 (compatible; YandexBot/3.0; +http://yandex.com/bots)"
spider-37-140-141-6.yandex.com - - [24/Sep/2013:03:06:52 +0200] "GET /artister/kultiverad-och-belevad HTTP/1.1" 200 37072 "-" "Mozilla/5.0 (compatible; YandexBot/3.0; +http://yandex.com/bots)"
spider-37-140-141-6.yandex.com - - [24/Sep/2013:03:07:01 +0200] "GET /avsnitt/den-bla-hasten/turkiet.htm HTTP/1.1" 200 37074 "-" "Mozilla/5.0 (compatible; YandexBot/3.0; +http://yandex.com/bots)"
spider-37-140-141-6.yandex.com - - [24/Sep/2013:03:07:31 +0200] "GET /avsnitt/via-lascaris/bara-knull.htm HTTP/1.1" 200 37081 "-" "Mozilla/5.0 (compatible; YandexBot/3.0; +http://yandex.com/bots)"
spider-37-140-141-6.yandex.com - - [24/Sep/2013:03:07:34 +0200] "GET /avsnitt/via-lascaris/smash-and-grab-pa-musikhjalpen.htm HTTP/1.1" 200 37121 "-" "Mozilla/5.0 (compatible; YandexBot/3.0; +http://yandex.com/bots)"
spider-37-140-141-6.yandex.com - - [24/Sep/2013:03:08:00 +0200] "GET /avsnitt/juiceverket/43---ctrl-c-ctrl-p.htm HTTP/1.1" 200 37090 "-" "Mozilla/5.0 (compatible; YandexBot/3.0; +http://yandex.com/bots)"
spider-37-140-141-6.yandex.com - - [24/Sep/2013:03:08:30 +0200] "GET /artister/oscar-och-martins-podcast/ HTTP/1.1" 200 870 "-" "Mozilla/5.0 (compatible; YandexBot/3.0; +http://yandex.com/bots)"
spider-37-140-141-6.yandex.com - - [24/Sep/2013:03:08:32 +0200] "GET /artister/oscar-och-martins-podcast HTTP/1.1" 200 37074 "-" "Mozilla/5.0 (compatible; YandexBot/3.0; +http://yandex.com/bots)"
92-32-198-147.tn.glocalnet.net - - [24/Sep/2013:03:11:37 +0200] "GET /atmycasa/instagram.jpg HTTP/1.1" 200 18596 "http://atmycasa.blogspot.se/" "Mozilla/5.0 (iPad; CPU OS 7_0 like Mac OS X) AppleWebKit/537.51.1 (KHTML, like Gecko) Version/7.0 Mobile/11A465 Safari/9537.53"
92-32-198-147.tn.glocalnet.net - - [24/Sep/2013:03:11:37 +0200] "GET /atmycasa/mejladress.jpg HTTP/1.1" 200 17337 "http://atmycasa.blogspot.se/" "Mozilla/5.0 (iPad; CPU OS 7_0 like Mac OS X) AppleWebKit/537.51.1 (KHTML, like Gecko) Version/7.0 Mobile/11A465 Safari/9537.53"
92-32-198-147.tn.glocalnet.net - - [24/Sep/2013:03:11:37 +0200] "GET /atmycasa/bloglovin.jpg HTTP/1.1" 200 19710 "http://atmycasa.blogspot.se/" "Mozilla/5.0 (iPad; CPU OS 7_0 like Mac OS X) AppleWebKit/537.51.1 (KHTML, like Gecko) Version/7.0 Mobile/11A465 Safari/9537.53"
crawl-66-249-78-36.googlebot.com - - [24/Sep/2013:03:18:27 +0200] "GET /css/home/view_podcasts.css HTTP/1.1" 200 652 "http://www.myrberginnovation.se/poddar" "Mozilla/5.0 (compatible; Googlebot/2.1; +http://www.google.com/bot.html)"
crawl-66-249-78-36.googlebot.com - - [24/Sep/2013:03:18:30 +0200] "GET /js/home/view_podcasts.js HTTP/1.1" 200 1347 "http://www.myrberginnovation.se/poddar" "Mozilla/5.0 (compatible; Googlebot/2.1; +http://www.google.com/bot.html)"
ool-182d2909.dyn.optonline.net - - [24/Sep/2013:03:23:28 +0200] "GET /atmycasa/mejladress.jpg HTTP/1.1" 200 17337 "http://atmycasa.blogspot.com/" "Mozilla/5.0 (Macintosh; Intel Mac OS X 10_7_5) AppleWebKit/536.29.13 (KHTML, like Gecko) Version/6.0.4 Safari/536.29.13"
ool-182d2909.dyn.optonline.net - - [24/Sep/2013:03:23:28 +0200] "GET /atmycasa/instagram.jpg HTTP/1.1" 200 18596 "http://atmycasa.blogspot.com/" "Mozilla/5.0 (Macintosh; Intel Mac OS X 10_7_5) AppleWebKit/536.29.13 (KHTML, like Gecko) Version/6.0.4 Safari/536.29.13"
ool-182d2909.dyn.optonline.net - - [24/Sep/2013:03:23:28 +0200] "GET /atmycasa/bloglovin.jpg HTTP/1.1" 200 19710 "http://atmycasa.blogspot.com/" "Mozilla/5.0 (Macintosh; Intel Mac OS X 10_7_5) AppleWebKit/536.29.13 (KHTML, like Gecko) Version/6.0.4 Safari/536.29.13"
crawl-66-249-78-155.googlebot.com - - [24/Sep/2013:03:25:02 +0200] "GET /kategori/sport-fritid HTTP/1.1" 200 37053 "-" "Mozilla/5.0 (compatible; Googlebot/2.1; +http://www.google.com/bot.html)"
msnbot-157-56-92-160.search.msn.com - - [24/Sep/2013:03:31:50 +0200] "GET /avsnitt/co-hannah-och-amanda/53-kysskemi-och-karleksdilemman.htm HTTP/1.0" 200 37021 "-" "Mozilla/5.0 (compatible; bingbot/2.0; +http://www.bing.com/bingbot.htm)"
spider-37-140-141-6.yandex.com - - [24/Sep/2013:03:35:17 +0200] "GET /avsnitt/slashat-se/slashatse-112---inod.htm HTTP/1.1" 200 37097 "-" "Mozilla/5.0 (compatible; YandexBot/3.0; +http://yandex.com/bots)"
crawl-66-249-78-155.googlebot.com - - [24/Sep/2013:03:49:27 +0200] "GET /latar/owl-city-and-carly-rae-jepsen/good-time.htm HTTP/1.1" 200 36904 "-" "Mozilla/5.0 (compatible; Googlebot/2.1; +http://www.google.com/bot.html)"
crawl-66-249-78-155.googlebot.com - - [24/Sep/2013:03:57:06 +0200] "GET /artister/difpodden/ HTTP/1.1" 200 790 "-" "Mozilla/5.0 (compatible; Googlebot/2.1; +http://www.google.com/bot.html)"
crawl-66-249-78-155.googlebot.com - - [24/Sep/2013:03:57:38 +0200] "GET /artister/difpodden HTTP/1.1" 200 36842 "-" "Mozilla/5.0 (compatible; Googlebot/2.1; +http://www.google.com/bot.html)"
spider-37-140-141-6.yandex.com - - [24/Sep/2013:03:57:55 +0200] "GET /avsnitt/via-lascaris/tanker-mycket.htm HTTP/1.1" 200 37082 "-" "Mozilla/5.0 (compatible; YandexBot/3.0; +http://yandex.com/bots)"
