h74n4.oresundskraft.ias.bredband.telia.com - - [23/Sep/2013:01:02:02 +0200] "GET /atmycasa/instagram.jpg HTTP/1.1" 200 18596 "http://atmycasa.blogspot.se/" "Mozilla/5.0 (iPad; CPU OS 6_1_3 like Mac OS X) AppleWebKit/536.26 (KHTML, like Gecko) Version/6.0 Mobile/10B329 Safari/8536.25"
h74n4.oresundskraft.ias.bredband.telia.com - - [23/Sep/2013:01:02:02 +0200] "GET /atmycasa/bloglovin.jpg HTTP/1.1" 200 19710 "http://atmycasa.blogspot.se/" "Mozilla/5.0 (iPad; CPU OS 6_1_3 like Mac OS X) AppleWebKit/536.26 (KHTML, like Gecko) Version/6.0 Mobile/10B329 Safari/8536.25"
h74n4.oresundskraft.ias.bredband.telia.com - - [23/Sep/2013:01:02:02 +0200] "GET /atmycasa/mejladress.jpg HTTP/1.1" 200 17337 "http://atmycasa.blogspot.se/" "Mozilla/5.0 (iPad; CPU OS 6_1_3 like Mac OS X) AppleWebKit/536.26 (KHTML, like Gecko) Version/6.0 Mobile/10B329 Safari/8536.25"
c-6801e155.367-1-64736c10.cust.bredbandsbolaget.se - - [23/Sep/2013:01:03:55 +0200] "GET /atmycasa/bloglovin.jpg HTTP/1.1" 200 19710 "http://atmycasa.blogspot.se/" "Mozilla/5.0 (Macintosh; Intel Mac OS X 10_8_4) AppleWebKit/536.30.1 (KHTML, like Gecko) Version/6.0.5 Safari/536.30.1"
c-6801e155.367-1-64736c10.cust.bredbandsbolaget.se - - [23/Sep/2013:01:03:55 +0200] "GET /atmycasa/mejladress.jpg HTTP/1.1" 200 17337 "http://atmycasa.blogspot.se/" "Mozilla/5.0 (Macintosh; Intel Mac OS X 10_8_4) AppleWebKit/536.30.1 (KHTML, like Gecko) Version/6.0.5 Safari/536.30.1"
c-6801e155.367-1-64736c10.cust.bredbandsbolaget.se - - [23/Sep/2013:01:03:55 +0200] "GET /atmycasa/instagram.jpg HTTP/1.1" 200 18596 "http://atmycasa.blogspot.se/" "Mozilla/5.0 (Macintosh; Intel Mac OS X 10_8_4) AppleWebKit/536.30.1 (KHTML, like Gecko) Version/6.0.5 Safari/536.30.1"
s83-191-248-17.cust.tele2.se - - [23/Sep/2013:01:07:21 +0200] "GET /atmycasa/bloglovin.jpg HTTP/1.1" 304 175 "http://atmycasa.blogspot.se/" "Mozilla/5.0 (Windows NT 6.0) AppleWebKit/537.36 (KHTML, like Gecko) Chrome/29.0.1547.76 Safari/537.36"
s83-191-248-17.cust.tele2.se - - [23/Sep/2013:01:07:21 +0200] "GET /atmycasa/instagram.jpg HTTP/1.1" 304 175 "http://atmycasa.blogspot.se/" "Mozilla/5.0 (Windows NT 6.0) AppleWebKit/537.36 (KHTML, like Gecko) Chrome/29.0.1547.76 Safari/537.36"
c-5eeaaaac-74736162.cust.telenor.se - - [23/Sep/2013:01:11:36 +0200] "GET /atmycasa/mejladress.jpg HTTP/1.1" 200 17337 "http://atmycasa.blogspot.se/" "Mozilla/5.0 (Macintosh; Intel Mac OS X 10_6_8) AppleWebKit/534.57.2 (KHTML, like Gecko) Version/5.1.7 Safari/534.57.2"
c-5eeaaaac-74736162.cust.telenor.se - - [23/Sep/2013:01:11:36 +0200] "GET /atmycasa/bloglovin.jpg HTTP/1.1" 200 19710 "http://atmycasa.blogspot.se/" "Mozilla/5.0 (Macintosh; Intel Mac OS X 10_6_8) AppleWebKit/534.57.2 (KHTML, like Gecko) Version/5.1.7 Safari/534.57.2"
c-5eeaaaac-74736162.cust.telenor.se - - [23/Sep/2013:01:11:36 +0200] "GET /atmycasa/instagram.jpg HTTP/1.1" 200 18596 "http://atmycasa.blogspot.se/" "Mozilla/5.0 (Macintosh; Intel Mac OS X 10_6_8) AppleWebKit/534.57.2 (KHTML, like Gecko) Version/5.1.7 Safari/534.57.2"
m37-2-107-113.cust.tele2.se - - [23/Sep/2013:01:35:07 +0200] "GET /atmycasa/bloglovin.jpg HTTP/1.1" 304 175 "http://atmycasa.blogspot.se/2013/09/tradgardsvaxterna.html?m=1" "Mozilla/5.0 (Linux; Android 4.1.2; GT-I9300 Build/JZO54K) AppleWebKit/537.36 (KHTML, like Gecko) Chrome/29.0.1547.72 Mobile Safari/537.36"
m37-2-107-113.cust.tele2.se - - [23/Sep/2013:01:35:08 +0200] "GET /atmycasa/instagram.jpg HTTP/1.1" 304 175 "http://atmycasa.blogspot.se/2013/09/tradgardsvaxterna.html?m=1" "Mozilla/5.0 (Linux; Android 4.1.2; GT-I9300 Build/JZO54K) AppleWebKit/537.36 (KHTML, like Gecko) Chrome/29.0.1547.72 Mobile Safari/537.36"
crawl-66-249-78-155.googlebot.com - - [23/Sep/2013:01:35:26 +0200] "GET /artister/john-de-sohn HTTP/1.1" 200 36848 "-" "Mozilla/5.0 (compatible; Googlebot/2.1; +http://www.google.com/bot.html)"
nycmspsrvz2ts335-dmz.mycingular.net - - [23/Sep/2013:01:39:02 +0200] "GET /atmycasa/instagram.jpg HTTP/1.1" 200 18539 "http://atmycasa.blogspot.com/?m=1" "Mozilla/5.0 (iPhone; CPU iPhone OS 7_0 like Mac OS X) AppleWebKit/537.51.1 (KHTML, like Gecko) Version/7.0 Mobile/11A465 Safari/9537.53"
nycmspsrvz2ts335-dmz.mycingular.net - - [23/Sep/2013:01:39:02 +0200] "GET /atmycasa/bloglovin.jpg HTTP/1.1" 200 19653 "http://atmycasa.blogspot.com/?m=1" "Mozilla/5.0 (iPhone; CPU iPhone OS 7_0 like Mac OS X) AppleWebKit/537.51.1 (KHTML, like Gecko) Version/7.0 Mobile/11A465 Safari/9537.53"
nycmspsrvz2ts335-dmz.mycingular.net - - [23/Sep/2013:01:39:02 +0200] "GET /atmycasa/mejladress.jpg HTTP/1.1" 200 17280 "http://atmycasa.blogspot.com/?m=1" "Mozilla/5.0 (iPhone; CPU iPhone OS 7_0 like Mac OS X) AppleWebKit/537.51.1 (KHTML, like Gecko) Version/7.0 Mobile/11A465 Safari/9537.53"
crawl-66-249-78-155.googlebot.com - - [23/Sep/2013:01:40:17 +0200] "GET /avsnitt/co-hannah-och-amanda/49-manniskotartan.htm HTTP/1.1" 200 36906 "-" "Mozilla/5.0 (compatible; Googlebot/2.1; +http://www.google.com/bot.html)"
crawl-66-249-78-155.googlebot.com - - [23/Sep/2013:01:40:22 +0200] "GET /artister/agendasattarna HTTP/1.1" 200 36852 "-" "Mozilla/5.0 (compatible; Googlebot/2.1; +http://www.google.com/bot.html)"
crawl-66-249-78-155.googlebot.com - - [23/Sep/2013:01:40:53 +0200] "GET /artister/smaka-pa-den-podcast HTTP/1.1" 200 36864 "-" "Mozilla/5.0 (compatible; Googlebot/2.1; +http://www.google.com/bot.html)"
crawl-66-249-78-155.googlebot.com - - [23/Sep/2013:01:44:00 +0200] "GET /artister/20-minuter-det-pallar-du HTTP/1.1" 200 36872 "-" "Mozilla/5.0 (compatible; Googlebot/2.1; +http://www.google.com/bot.html)"
45.sub-97-0-237.myvzw.com - - [23/Sep/2013:01:52:27 +0200] "GET /atmycasa/mejladress.jpg HTTP/1.1" 200 17337 "http://atmycasa.blogspot.co.nz/2013/07/nya-hm-kuddar.html" "Mozilla/5.0 (Windows NT 6.0; rv:23.0) Gecko/20100101 Firefox/23.0"
45.sub-97-0-237.myvzw.com - - [23/Sep/2013:01:52:27 +0200] "GET /atmycasa/instagram.jpg HTTP/1.1" 200 18596 "http://atmycasa.blogspot.co.nz/2013/07/nya-hm-kuddar.html" "Mozilla/5.0 (Windows NT 6.0; rv:23.0) Gecko/20100101 Firefox/23.0"
45.sub-97-0-237.myvzw.com - - [23/Sep/2013:01:52:27 +0200] "GET /atmycasa/bloglovin.jpg HTTP/1.1" 200 19710 "http://atmycasa.blogspot.co.nz/2013/07/nya-hm-kuddar.html" "Mozilla/5.0 (Windows NT 6.0; rv:23.0) Gecko/20100101 Firefox/23.0"
