ip-122-12-203-109.eidsiva.net - - [23/Sep/2013:07:00:43 +0200] "GET /atmycasa/bloglovin.jpg HTTP/1.1" 304 175 "http://atmycasa.blogspot.no/" "Mozilla/5.0 (Windows NT 6.1; WOW64; rv:23.0) Gecko/20100101 Firefox/23.0"
ip-122-12-203-109.eidsiva.net - - [23/Sep/2013:07:00:43 +0200] "GET /atmycasa/instagram.jpg HTTP/1.1" 304 175 "http://atmycasa.blogspot.no/" "Mozilla/5.0 (Windows NT 6.1; WOW64; rv:23.0) Gecko/20100101 Firefox/23.0"
90-230-220-16-no203.tbcn.telia.com - - [23/Sep/2013:07:01:14 +0200] "GET /atmycasa/bloglovin.jpg HTTP/1.1" 200 19710 "http://atmycasa.blogspot.se/?m=1" "Mozilla/5.0 (iPhone; CPU iPhone OS 6_1_3 like Mac OS X) AppleWebKit/536.26 (KHTML, like Gecko) Version/6.0 Mobile/10B329 Safari/8536.25"
90-230-220-16-no203.tbcn.telia.com - - [23/Sep/2013:07:01:14 +0200] "GET /atmycasa/instagram.jpg HTTP/1.1" 200 18596 "http://atmycasa.blogspot.se/?m=1" "Mozilla/5.0 (iPhone; CPU iPhone OS 6_1_3 like Mac OS X) AppleWebKit/536.26 (KHTML, like Gecko) Version/6.0 Mobile/10B329 Safari/8536.25"
90-230-220-16-no203.tbcn.telia.com - - [23/Sep/2013:07:01:15 +0200] "GET /atmycasa/mejladress.jpg HTTP/1.1" 200 17337 "http://atmycasa.blogspot.se/?m=1" "Mozilla/5.0 (iPhone; CPU iPhone OS 6_1_3 like Mac OS X) AppleWebKit/536.26 (KHTML, like Gecko) Version/6.0 Mobile/10B329 Safari/8536.25"
79-133-3-53.bredband.aland.net - - [23/Sep/2013:07:01:33 +0200] "GET /atmycasa/mejladress.jpg HTTP/1.1" 200 17337 "http://atmycasa.blogspot.com/" "Mozilla/5.0 (Macintosh; Intel Mac OS X 10_8_4) AppleWebKit/536.30.1 (KHTML, like Gecko) Version/6.0.5 Safari/536.30.1"
79-133-3-53.bredband.aland.net - - [23/Sep/2013:07:01:33 +0200] "GET /atmycasa/bloglovin.jpg HTTP/1.1" 200 19710 "http://atmycasa.blogspot.com/" "Mozilla/5.0 (Macintosh; Intel Mac OS X 10_8_4) AppleWebKit/536.30.1 (KHTML, like Gecko) Version/6.0.5 Safari/536.30.1"
79-133-3-53.bredband.aland.net - - [23/Sep/2013:07:01:33 +0200] "GET /atmycasa/instagram.jpg HTTP/1.1" 200 18596 "http://atmycasa.blogspot.com/" "Mozilla/5.0 (Macintosh; Intel Mac OS X 10_8_4) AppleWebKit/536.30.1 (KHTML, like Gecko) Version/6.0.5 Safari/536.30.1"
spider-37-140-141-6.yandex.com - - [23/Sep/2013:07:04:28 +0200] "GET /avsnitt/via-lascaris/det-hande-sig-i-istanbul.htm HTTP/1.1" 200 37109 "-" "Mozilla/5.0 (compatible; YandexBot/3.0; +http://yandex.com/bots)"
88-148-153-69.bb.dnainternet.fi - - [23/Sep/2013:07:05:51 +0200] "GET /atmycasa/instagram.jpg HTTP/1.1" 200 18596 "http://atmycasa.blogspot.fi/" "Mozilla/5.0 (Macintosh; Intel Mac OS X 10_8_4) AppleWebKit/536.30.1 (KHTML, like Gecko) Version/6.0.5 Safari/536.30.1"
88-148-153-69.bb.dnainternet.fi - - [23/Sep/2013:07:05:51 +0200] "GET /atmycasa/mejladress.jpg HTTP/1.1" 200 17337 "http://atmycasa.blogspot.fi/" "Mozilla/5.0 (Macintosh; Intel Mac OS X 10_8_4) AppleWebKit/536.30.1 (KHTML, like Gecko) Version/6.0.5 Safari/536.30.1"
88-148-153-69.bb.dnainternet.fi - - [23/Sep/2013:07:05:51 +0200] "GET /atmycasa/bloglovin.jpg HTTP/1.1" 200 19710 "http://atmycasa.blogspot.fi/" "Mozilla/5.0 (Macintosh; Intel Mac OS X 10_8_4) AppleWebKit/536.30.1 (KHTML, like Gecko) Version/6.0.5 Safari/536.30.1"
194-218-33-250.customer.telia.com - - [23/Sep/2013:07:06:53 +0200] "GET /atmycasa/mejladress.jpg HTTP/1.1" 200 17337 "http://atmycasa.blogspot.se/" "Mozilla/4.0 (compatible; MSIE 7.0; Windows NT 6.1; WOW64; Trident/6.0; SLCC2; .NET CLR 2.0.50727; .NET CLR 3.5.30729; .NET CLR 3.0.30729; .NET4.0C; .NET4.0E; Media Center PC 6.0; BRI/2)"
194-218-33-250.customer.telia.com - - [23/Sep/2013:07:06:53 +0200] "GET /atmycasa/bloglovin.jpg HTTP/1.1" 200 19710 "http://atmycasa.blogspot.se/" "Mozilla/4.0 (compatible; MSIE 7.0; Windows NT 6.1; WOW64; Trident/6.0; SLCC2; .NET CLR 2.0.50727; .NET CLR 3.5.30729; .NET CLR 3.0.30729; .NET4.0C; .NET4.0E; Media Center PC 6.0; BRI/2)"
194-218-33-250.customer.telia.com - - [23/Sep/2013:07:06:53 +0200] "GET /atmycasa/instagram.jpg HTTP/1.1" 200 18596 "http://atmycasa.blogspot.se/" "Mozilla/4.0 (compatible; MSIE 7.0; Windows NT 6.1; WOW64; Trident/6.0; SLCC2; .NET CLR 2.0.50727; .NET CLR 3.5.30729; .NET CLR 3.0.30729; .NET4.0C; .NET4.0E; Media Center PC 6.0; BRI/2)"
c83-253-49-178.bredband.comhem.se - - [23/Sep/2013:07:07:55 +0200] "GET /atmycasa/mejladress.jpg HTTP/1.1" 200 17337 "http://atmycasa.blogspot.se/" "Mozilla/5.0 (Windows NT 6.1) AppleWebKit/537.36 (KHTML, like Gecko) Chrome/29.0.1547.76 Safari/537.36"
c83-253-49-178.bredband.comhem.se - - [23/Sep/2013:07:07:55 +0200] "GET /atmycasa/bloglovin.jpg HTTP/1.1" 200 19710 "http://atmycasa.blogspot.se/" "Mozilla/5.0 (Windows NT 6.1) AppleWebKit/537.36 (KHTML, like Gecko) Chrome/29.0.1547.76 Safari/537.36"
c83-253-49-178.bredband.comhem.se - - [23/Sep/2013:07:07:55 +0200] "GET /atmycasa/instagram.jpg HTTP/1.1" 200 18596 "http://atmycasa.blogspot.se/" "Mozilla/5.0 (Windows NT 6.1) AppleWebKit/537.36 (KHTML, like Gecko) Chrome/29.0.1547.76 Safari/537.36"
msnbot-157-55-32-107.search.msn.com - - [23/Sep/2013:07:07:59 +0200] "GET /avsnitt/co-hannah-och-amanda/62-den-stora-brollopspodden.htm HTTP/1.0" 200 37013 "-" "Mozilla/5.0 (compatible; bingbot/2.0; +http://www.bing.com/bingbot.htm)"
spider-37-140-141-6.yandex.com - - [23/Sep/2013:07:10:03 +0200] "GET /medlem/jensohlund9 HTTP/1.1" 200 37042 "-" "Mozilla/5.0 (compatible; YandexBot/3.0; +http://yandex.com/bots)"
customer-46-39-102-240.stosn.net - - [23/Sep/2013:07:12:20 +0200] "GET /atmycasa/bloglovin.jpg HTTP/1.1" 200 19710 "http://atmycasa.blogspot.se/?m=1" "Mozilla/5.0 (iPhone; CPU iPhone OS 7_0 like Mac OS X) AppleWebKit/537.51.1 (KHTML, like Gecko) Version/7.0 Mobile/11A465 Safari/9537.53"
customer-46-39-102-240.stosn.net - - [23/Sep/2013:07:12:20 +0200] "GET /atmycasa/instagram.jpg HTTP/1.1" 200 18596 "http://atmycasa.blogspot.se/?m=1" "Mozilla/5.0 (iPhone; CPU iPhone OS 7_0 like Mac OS X) AppleWebKit/537.51.1 (KHTML, like Gecko) Version/7.0 Mobile/11A465 Safari/9537.53"
customer-46-39-102-240.stosn.net - - [23/Sep/2013:07:12:20 +0200] "GET /atmycasa/mejladress.jpg HTTP/1.1" 200 17337 "http://atmycasa.blogspot.se/?m=1" "Mozilla/5.0 (iPhone; CPU iPhone OS 7_0 like Mac OS X) AppleWebKit/537.51.1 (KHTML, like Gecko) Version/7.0 Mobile/11A465 Safari/9537.53"
c-e0b4e055.5032043--62697410.cust.bredbandsbolaget.se - - [23/Sep/2013:07:14:30 +0200] "GET /atmycasa/mejladress.jpg HTTP/1.1" 200 17337 "http://atmycasa.blogspot.se/" "Mozilla/5.0 (Windows NT 6.1; WOW64) AppleWebKit/537.36 (KHTML, like Gecko) Chrome/29.0.1547.76 Safari/537.36"
c-e0b4e055.5032043--62697410.cust.bredbandsbolaget.se - - [23/Sep/2013:07:14:30 +0200] "GET /atmycasa/bloglovin.jpg HTTP/1.1" 200 19710 "http://atmycasa.blogspot.se/" "Mozilla/5.0 (Windows NT 6.1; WOW64) AppleWebKit/537.36 (KHTML, like Gecko) Chrome/29.0.1547.76 Safari/537.36"
c-e0b4e055.5032043--62697410.cust.bredbandsbolaget.se - - [23/Sep/2013:07:14:30 +0200] "GET /atmycasa/instagram.jpg HTTP/1.1" 200 18596 "http://atmycasa.blogspot.se/" "Mozilla/5.0 (Windows NT 6.1; WOW64) AppleWebKit/537.36 (KHTML, like Gecko) Chrome/29.0.1547.76 Safari/537.36"
90-227-64-15-no41.tbcn.telia.com - - [23/Sep/2013:07:15:36 +0200] "GET /atmycasa/mejladress.jpg HTTP/1.1" 200 17337 "http://atmycasa.blogspot.se/?m=1" "Mozilla/5.0 (iPod; U; CPU iPhone OS 4_2_1 like Mac OS X; sv-se) AppleWebKit/533.17.9 (KHTML, like Gecko) Version/5.0.2 Mobile/8C148 Safari/6533.18.5"
90-227-64-15-no41.tbcn.telia.com - - [23/Sep/2013:07:15:39 +0200] "GET /atmycasa/bloglovin.jpg HTTP/1.1" 200 19709 "http://atmycasa.blogspot.se/?m=1" "Mozilla/5.0 (iPod; U; CPU iPhone OS 4_2_1 like Mac OS X; sv-se) AppleWebKit/533.17.9 (KHTML, like Gecko) Version/5.0.2 Mobile/8C148 Safari/6533.18.5"
90-227-64-15-no41.tbcn.telia.com - - [23/Sep/2013:07:15:39 +0200] "GET /atmycasa/instagram.jpg HTTP/1.1" 200 18596 "http://atmycasa.blogspot.se/?m=1" "Mozilla/5.0 (iPod; U; CPU iPhone OS 4_2_1 like Mac OS X; sv-se) AppleWebKit/533.17.9 (KHTML, like Gecko) Version/5.0.2 Mobile/8C148 Safari/6533.18.5"
90-227-64-15-no41.tbcn.telia.com - - [23/Sep/2013:07:17:20 +0200] "GET /atmycasa/mejladress.jpg HTTP/1.1" 304 175 "http://atmycasa.blogspot.se/search?updated-max=2013-09-20T12:15:00%2B02:00&max-results=3&m=1" "Mozilla/5.0 (iPod; U; CPU iPhone OS 4_2_1 like Mac OS X; sv-se) AppleWebKit/533.17.9 (KHTML, like Gecko) Version/5.0.2 Mobile/8C148 Safari/6533.18.5"
spider-37-140-141-6.yandex.com - - [23/Sep/2013:07:17:20 +0200] "GET /avsnitt/via-lascaris/lelle-modig.htm HTTP/1.1" 200 37083 "-" "Mozilla/5.0 (compatible; YandexBot/3.0; +http://yandex.com/bots)"
90-227-64-15-no41.tbcn.telia.com - - [23/Sep/2013:07:17:21 +0200] "GET /atmycasa/instagram.jpg HTTP/1.1" 304 175 "http://atmycasa.blogspot.se/search?updated-max=2013-09-20T12:15:00%2B02:00&max-results=3&m=1" "Mozilla/5.0 (iPod; U; CPU iPhone OS 4_2_1 like Mac OS X; sv-se) AppleWebKit/533.17.9 (KHTML, like Gecko) Version/5.0.2 Mobile/8C148 Safari/6533.18.5"
90-227-64-15-no41.tbcn.telia.com - - [23/Sep/2013:07:17:21 +0200] "GET /atmycasa/bloglovin.jpg HTTP/1.1" 304 175 "http://atmycasa.blogspot.se/search?updated-max=2013-09-20T12:15:00%2B02:00&max-results=3&m=1" "Mozilla/5.0 (iPod; U; CPU iPhone OS 4_2_1 like Mac OS X; sv-se) AppleWebKit/533.17.9 (KHTML, like Gecko) Version/5.0.2 Mobile/8C148 Safari/6533.18.5"
90-227-64-15-no41.tbcn.telia.com - - [23/Sep/2013:07:17:53 +0200] "GET /atmycasa/mejladress.jpg HTTP/1.1" 200 17337 "http://atmycasa.blogspot.se/2013/09/en-harlig-kvall.html?m=1" "Mozilla/5.0 (iPod; U; CPU iPhone OS 4_2_1 like Mac OS X; sv-se) AppleWebKit/533.17.9 (KHTML, like Gecko) Version/5.0.2 Mobile/8C148 Safari/6533.18.5"
90-227-64-15-no41.tbcn.telia.com - - [23/Sep/2013:07:17:55 +0200] "GET /atmycasa/bloglovin.jpg HTTP/1.1" 200 19710 "http://atmycasa.blogspot.se/2013/09/en-harlig-kvall.html?m=1" "Mozilla/5.0 (iPod; U; CPU iPhone OS 4_2_1 like Mac OS X; sv-se) AppleWebKit/533.17.9 (KHTML, like Gecko) Version/5.0.2 Mobile/8C148 Safari/6533.18.5"
90-227-64-15-no41.tbcn.telia.com - - [23/Sep/2013:07:17:56 +0200] "GET /atmycasa/instagram.jpg HTTP/1.1" 200 18596 "http://atmycasa.blogspot.se/2013/09/en-harlig-kvall.html?m=1" "Mozilla/5.0 (iPod; U; CPU iPhone OS 4_2_1 like Mac OS X; sv-se) AppleWebKit/533.17.9 (KHTML, like Gecko) Version/5.0.2 Mobile/8C148 Safari/6533.18.5"
95.209.16.57.bredband.tre.se - - [23/Sep/2013:07:23:35 +0200] "GET /atmycasa/mejladress.jpg HTTP/1.1" 200 17337 "http://atmycasa.blogspot.se/" "Mozilla/5.0 (Macintosh; Intel Mac OS X 10_8_2) AppleWebKit/536.26.14 (KHTML, like Gecko) Version/6.0.1 Safari/536.26.14"
95.209.16.57.bredband.tre.se - - [23/Sep/2013:07:23:35 +0200] "GET /atmycasa/bloglovin.jpg HTTP/1.1" 200 19710 "http://atmycasa.blogspot.se/" "Mozilla/5.0 (Macintosh; Intel Mac OS X 10_8_2) AppleWebKit/536.26.14 (KHTML, like Gecko) Version/6.0.1 Safari/536.26.14"
95.209.16.57.bredband.tre.se - - [23/Sep/2013:07:23:35 +0200] "GET /atmycasa/instagram.jpg HTTP/1.1" 200 18596 "http://atmycasa.blogspot.se/" "Mozilla/5.0 (Macintosh; Intel Mac OS X 10_8_2) AppleWebKit/536.26.14 (KHTML, like Gecko) Version/6.0.1 Safari/536.26.14"
spider-37-140-141-6.yandex.com - - [23/Sep/2013:07:25:06 +0200] "GET /avsnitt/via-lascaris/bilder-av-dig.htm HTTP/1.1" 200 37082 "-" "Mozilla/5.0 (compatible; YandexBot/3.0; +http://yandex.com/bots)"
90-231-73-233-no156.business.telia.com - - [23/Sep/2013:07:25:27 +0200] "GET /atmycasa/instagram.jpg HTTP/1.1" 200 18596 "http://atmycasa.blogspot.se/" "Mozilla/5.0 (compatible; MSIE 9.0; Windows NT 6.1; WOW64; Trident/5.0; MDDRJS)"
90-231-73-233-no156.business.telia.com - - [23/Sep/2013:07:25:27 +0200] "GET /atmycasa/mejladress.jpg HTTP/1.1" 200 17337 "http://atmycasa.blogspot.se/" "Mozilla/5.0 (compatible; MSIE 9.0; Windows NT 6.1; WOW64; Trident/5.0; MDDRJS)"
90-231-73-233-no156.business.telia.com - - [23/Sep/2013:07:25:27 +0200] "GET /atmycasa/bloglovin.jpg HTTP/1.1" 200 19710 "http://atmycasa.blogspot.se/" "Mozilla/5.0 (compatible; MSIE 9.0; Windows NT 6.1; WOW64; Trident/5.0; MDDRJS)"
msnbot-157-55-32-107.search.msn.com - - [23/Sep/2013:07:26:15 +0200] "GET /robots.txt HTTP/1.1" 200 302 "-" "Mozilla/5.0 (compatible; bingbot/2.0; +http://www.bing.com/bingbot.htm)"
crawl-66-249-78-155.googlebot.com - - [23/Sep/2013:07:28:51 +0200] "GET /artister/husky-podcast HTTP/1.1" 200 36850 "-" "Mozilla/5.0 (compatible; Googlebot/2.1; +http://www.google.com/bot.html)"
host-90-237-197-215.mobileonline.telia.com - - [23/Sep/2013:07:30:35 +0200] "GET /atmycasa/bloglovin.jpg HTTP/1.1" 304 175 "http://atmycasa.blogspot.se/?m=1" "Mozilla/5.0 (iPhone; CPU iPhone OS 6_1_4 like Mac OS X) AppleWebKit/536.26 (KHTML, like Gecko) Version/6.0 Mobile/10B350 Safari/8536.25"
host-90-237-197-215.mobileonline.telia.com - - [23/Sep/2013:07:30:35 +0200] "GET /atmycasa/instagram.jpg HTTP/1.1" 304 175 "http://atmycasa.blogspot.se/?m=1" "Mozilla/5.0 (iPhone; CPU iPhone OS 6_1_4 like Mac OS X) AppleWebKit/536.26 (KHTML, like Gecko) Version/6.0 Mobile/10B350 Safari/8536.25"
217-210-208-37-no175.bredband.skanova.com - - [23/Sep/2013:07:30:39 +0200] "GET /atmycasa/instagram.jpg HTTP/1.1" 200 18596 "http://atmycasa.blogspot.se/2011_06_01_archive.html?m=1" "Mozilla/5.0 (iPhone; CPU iPhone OS 6_1_3 like Mac OS X) AppleWebKit/536.26 (KHTML, like Gecko) Version/6.0 Mobile/10B329 Safari/8536.25"
217-210-208-37-no175.bredband.skanova.com - - [23/Sep/2013:07:30:39 +0200] "GET /atmycasa/mejladress.jpg HTTP/1.1" 200 17337 "http://atmycasa.blogspot.se/2011_06_01_archive.html?m=1" "Mozilla/5.0 (iPhone; CPU iPhone OS 6_1_3 like Mac OS X) AppleWebKit/536.26 (KHTML, like Gecko) Version/6.0 Mobile/10B329 Safari/8536.25"
217-210-208-37-no175.bredband.skanova.com - - [23/Sep/2013:07:30:39 +0200] "GET /atmycasa/bloglovin.jpg HTTP/1.1" 200 19710 "http://atmycasa.blogspot.se/2011_06_01_archive.html?m=1" "Mozilla/5.0 (iPhone; CPU iPhone OS 6_1_3 like Mac OS X) AppleWebKit/536.26 (KHTML, like Gecko) Version/6.0 Mobile/10B329 Safari/8536.25"
spider-37-140-141-6.yandex.com - - [23/Sep/2013:07:30:42 +0200] "GET /artister/kackelpodden HTTP/1.1" 200 37053 "-" "Mozilla/5.0 (compatible; YandexBot/3.0; +http://yandex.com/bots)"
crawl-66-249-78-155.googlebot.com - - [23/Sep/2013:07:31:19 +0200] "GET /artister/alex-ferrari HTTP/1.1" 200 36848 "-" "Mozilla/5.0 (compatible; Googlebot/2.1; +http://www.google.com/bot.html)"
184.114.88.80.ac-net.se - - [23/Sep/2013:07:32:00 +0200] "GET /atmycasa/mejladress.jpg HTTP/1.1" 200 17337 "http://atmycasa.blogspot.se/" "Mozilla/5.0 (compatible; MSIE 10.0; Windows NT 6.1; WOW64; Trident/6.0)"
184.114.88.80.ac-net.se - - [23/Sep/2013:07:32:00 +0200] "GET /atmycasa/instagram.jpg HTTP/1.1" 200 18596 "http://atmycasa.blogspot.se/" "Mozilla/5.0 (compatible; MSIE 10.0; Windows NT 6.1; WOW64; Trident/6.0)"
184.114.88.80.ac-net.se - - [23/Sep/2013:07:32:00 +0200] "GET /atmycasa/bloglovin.jpg HTTP/1.1" 200 19710 "http://atmycasa.blogspot.se/" "Mozilla/5.0 (compatible; MSIE 10.0; Windows NT 6.1; WOW64; Trident/6.0)"
lkl.ltkalmar.se - - [23/Sep/2013:07:32:27 +0200] "GET /atmycasa/mejladress.jpg HTTP/1.1" 304 175 "http://atmycasa.blogspot.se/" "Mozilla/4.0 (compatible; MSIE 8.0; Windows NT 5.1; Trident/4.0; .NET CLR 1.1.4322; .NET CLR 2.0.50727; .NET CLR 3.0.4506.2152; .NET CLR 3.5.30729; .NET4.0C; .NET4.0E; InfoPath.1)"
lkl.ltkalmar.se - - [23/Sep/2013:07:32:27 +0200] "GET /atmycasa/bloglovin.jpg HTTP/1.1" 304 175 "http://atmycasa.blogspot.se/" "Mozilla/4.0 (compatible; MSIE 8.0; Windows NT 5.1; Trident/4.0; .NET CLR 1.1.4322; .NET CLR 2.0.50727; .NET CLR 3.0.4506.2152; .NET CLR 3.5.30729; .NET4.0C; .NET4.0E; InfoPath.1)"
lkl.ltkalmar.se - - [23/Sep/2013:07:32:27 +0200] "GET /atmycasa/instagram.jpg HTTP/1.1" 304 174 "http://atmycasa.blogspot.se/" "Mozilla/4.0 (compatible; MSIE 8.0; Windows NT 5.1; Trident/4.0; .NET CLR 1.1.4322; .NET CLR 2.0.50727; .NET CLR 3.0.4506.2152; .NET CLR 3.5.30729; .NET4.0C; .NET4.0E; InfoPath.1)"
h232n2-aepv-d7.ias.bredband.telia.com - - [23/Sep/2013:07:32:44 +0200] "GET /atmycasa/mejladress.jpg HTTP/1.1" 200 17337 "http://atmycasa.blogspot.se/" "Mozilla/5.0 (Macintosh; Intel Mac OS X 10_7_5) AppleWebKit/536.30.1 (KHTML, like Gecko) Version/6.0.5 Safari/536.30.1"
h232n2-aepv-d7.ias.bredband.telia.com - - [23/Sep/2013:07:32:44 +0200] "GET /atmycasa/bloglovin.jpg HTTP/1.1" 200 19710 "http://atmycasa.blogspot.se/" "Mozilla/5.0 (Macintosh; Intel Mac OS X 10_7_5) AppleWebKit/536.30.1 (KHTML, like Gecko) Version/6.0.5 Safari/536.30.1"
h232n2-aepv-d7.ias.bredband.telia.com - - [23/Sep/2013:07:32:44 +0200] "GET /atmycasa/instagram.jpg HTTP/1.1" 200 18596 "http://atmycasa.blogspot.se/" "Mozilla/5.0 (Macintosh; Intel Mac OS X 10_7_5) AppleWebKit/536.30.1 (KHTML, like Gecko) Version/6.0.5 Safari/536.30.1"
h43n16-g-hn-a11.ias.bredband.telia.com - - [23/Sep/2013:07:32:50 +0200] "GET /atmycasa/instagram.jpg HTTP/1.1" 200 18596 "http://atmycasa.blogspot.se/" "Mozilla/5.0 (iPad; CPU OS 6_1_3 like Mac OS X) AppleWebKit/536.26 (KHTML, like Gecko) Version/6.0 Mobile/10B329 Safari/8536.25"
h43n16-g-hn-a11.ias.bredband.telia.com - - [23/Sep/2013:07:32:50 +0200] "GET /atmycasa/bloglovin.jpg HTTP/1.1" 200 19710 "http://atmycasa.blogspot.se/" "Mozilla/5.0 (iPad; CPU OS 6_1_3 like Mac OS X) AppleWebKit/536.26 (KHTML, like Gecko) Version/6.0 Mobile/10B329 Safari/8536.25"
h43n16-g-hn-a11.ias.bredband.telia.com - - [23/Sep/2013:07:32:50 +0200] "GET /atmycasa/mejladress.jpg HTTP/1.1" 200 17337 "http://atmycasa.blogspot.se/" "Mozilla/5.0 (iPad; CPU OS 6_1_3 like Mac OS X) AppleWebKit/536.26 (KHTML, like Gecko) Version/6.0 Mobile/10B329 Safari/8536.25"
host-95-195-147-229.mobileonline.telia.com - - [23/Sep/2013:07:33:34 +0200] "GET /atmycasa/instagram.jpg HTTP/1.1" 200 18596 "http://atmycasa.blogspot.se/?m=1" "Mozilla/5.0 (iPhone; CPU iPhone OS 7_0 like Mac OS X) AppleWebKit/537.51.1 (KHTML, like Gecko) Version/7.0 Mobile/11A465 Safari/9537.53"
host-95-195-147-229.mobileonline.telia.com - - [23/Sep/2013:07:33:34 +0200] "GET /atmycasa/mejladress.jpg HTTP/1.1" 200 17337 "http://atmycasa.blogspot.se/?m=1" "Mozilla/5.0 (iPhone; CPU iPhone OS 7_0 like Mac OS X) AppleWebKit/537.51.1 (KHTML, like Gecko) Version/7.0 Mobile/11A465 Safari/9537.53"
host-95-195-147-229.mobileonline.telia.com - - [23/Sep/2013:07:33:34 +0200] "GET /atmycasa/bloglovin.jpg HTTP/1.1" 200 19710 "http://atmycasa.blogspot.se/?m=1" "Mozilla/5.0 (iPhone; CPU iPhone OS 7_0 like Mac OS X) AppleWebKit/537.51.1 (KHTML, like Gecko) Version/7.0 Mobile/11A465 Safari/9537.53"
msnbot-157-55-32-107.search.msn.com - - [23/Sep/2013:07:33:38 +0200] "GET /avsnitt/co-hannah-och-amanda/62-den-stora-brollopspodden.htm HTTP/1.1" 200 37276 "-" "Mozilla/5.0 (compatible; bingbot/2.0; +http://www.bing.com/bingbot.htm)"
crawl-66-249-78-155.googlebot.com - - [23/Sep/2013:07:36:22 +0200] "GET /artister/pappapodden HTTP/1.1" 200 36841 "-" "Mozilla/5.0 (compatible; Googlebot/2.1; +http://www.google.com/bot.html)"
spider-37-140-141-6.yandex.com - - [23/Sep/2013:07:36:47 +0200] "GET /avsnitt/via-lascaris/jul--och-nyarsminnen.htm HTTP/1.1" 200 37101 "-" "Mozilla/5.0 (compatible; YandexBot/3.0; +http://yandex.com/bots)"
195.67.0.157 - - [23/Sep/2013:07:38:39 +0200] "GET /atmycasa/mejladress.jpg HTTP/1.1" 200 17337 "http://atmycasa.blogspot.se/" "Mozilla/4.0 (compatible; MSIE 8.0; Windows NT 6.1; WOW64; Trident/4.0; GTB7.5; SLCC2; .NET CLR 2.0.50727; .NET CLR 3.5.30729; .NET CLR 3.0.30729; Media Center PC 6.0; .NET4.0C)"
195.67.0.157 - - [23/Sep/2013:07:38:39 +0200] "GET /atmycasa/bloglovin.jpg HTTP/1.1" 200 19710 "http://atmycasa.blogspot.se/" "Mozilla/4.0 (compatible; MSIE 8.0; Windows NT 6.1; WOW64; Trident/4.0; GTB7.5; SLCC2; .NET CLR 2.0.50727; .NET CLR 3.5.30729; .NET CLR 3.0.30729; Media Center PC 6.0; .NET4.0C)"
195.67.0.157 - - [23/Sep/2013:07:38:39 +0200] "GET /atmycasa/instagram.jpg HTTP/1.1" 200 18595 "http://atmycasa.blogspot.se/" "Mozilla/4.0 (compatible; MSIE 8.0; Windows NT 6.1; WOW64; Trident/4.0; GTB7.5; SLCC2; .NET CLR 2.0.50727; .NET CLR 3.5.30729; .NET CLR 3.0.30729; Media Center PC 6.0; .NET4.0C)"
crawl-66-249-78-155.googlebot.com - - [23/Sep/2013:07:39:15 +0200] "GET /artister/medina HTTP/1.1" 200 36836 "-" "Mozilla/5.0 (compatible; Googlebot/2.1; +http://www.google.com/bot.html)"
m37-197-153-63.cust.tele2.se - - [23/Sep/2013:07:40:39 +0200] "GET /atmycasa/instagram.jpg HTTP/1.1" 200 18596 "http://atmycasa.blogspot.se/" "Mozilla/5.0 (Macintosh; Intel Mac OS X 10_8_4) AppleWebKit/536.30.1 (KHTML, like Gecko) Version/6.0.5 Safari/536.30.1"
m37-197-153-63.cust.tele2.se - - [23/Sep/2013:07:40:39 +0200] "GET /atmycasa/bloglovin.jpg HTTP/1.1" 200 19710 "http://atmycasa.blogspot.se/" "Mozilla/5.0 (Macintosh; Intel Mac OS X 10_8_4) AppleWebKit/536.30.1 (KHTML, like Gecko) Version/6.0.5 Safari/536.30.1"
m37-197-153-63.cust.tele2.se - - [23/Sep/2013:07:40:39 +0200] "GET /atmycasa/mejladress.jpg HTTP/1.1" 200 17337 "http://atmycasa.blogspot.se/" "Mozilla/5.0 (Macintosh; Intel Mac OS X 10_8_4) AppleWebKit/536.30.1 (KHTML, like Gecko) Version/6.0.5 Safari/536.30.1"
crawl-66-249-78-155.googlebot.com - - [23/Sep/2013:07:40:59 +0200] "GET /artister/john-de-sohn HTTP/1.1" 200 36848 "-" "Mozilla/5.0 (compatible; Googlebot/2.1; +http://www.google.com/bot.html)"
msnbot-157-55-32-107.search.msn.com - - [23/Sep/2013:07:41:58 +0200] "GET /avsnitt/co-hannah-och-amanda/62-den-stora-brollopspodden.htm HTTP/1.0" 200 37012 "-" "Mozilla/5.0 (compatible; bingbot/2.0; +http://www.bing.com/bingbot.htm)"
194-218-33-250.customer.telia.com - - [23/Sep/2013:07:42:18 +0200] "GET /atmycasa/instagram.jpg HTTP/1.1" 200 18596 "http://atmycasa.blogspot.se/search?updated-max=2013-09-20T12:15:00%2B02:00&max-results=3" "Mozilla/4.0 (compatible; MSIE 7.0; Windows NT 6.1; WOW64; Trident/6.0; SLCC2; .NET CLR 2.0.50727; .NET CLR 3.5.30729; .NET CLR 3.0.30729; .NET4.0C; .NET4.0E; Media Center PC 6.0; BRI/2)"
194-218-33-250.customer.telia.com - - [23/Sep/2013:07:42:18 +0200] "GET /atmycasa/bloglovin.jpg HTTP/1.1" 200 19710 "http://atmycasa.blogspot.se/search?updated-max=2013-09-20T12:15:00%2B02:00&max-results=3" "Mozilla/4.0 (compatible; MSIE 7.0; Windows NT 6.1; WOW64; Trident/6.0; SLCC2; .NET CLR 2.0.50727; .NET CLR 3.5.30729; .NET CLR 3.0.30729; .NET4.0C; .NET4.0E; Media Center PC 6.0; BRI/2)"
194-218-33-250.customer.telia.com - - [23/Sep/2013:07:42:18 +0200] "GET /atmycasa/mejladress.jpg HTTP/1.1" 200 17337 "http://atmycasa.blogspot.se/search?updated-max=2013-09-20T12:15:00%2B02:00&max-results=3" "Mozilla/4.0 (compatible; MSIE 7.0; Windows NT 6.1; WOW64; Trident/6.0; SLCC2; .NET CLR 2.0.50727; .NET CLR 3.5.30729; .NET CLR 3.0.30729; .NET4.0C; .NET4.0E; Media Center PC 6.0; BRI/2)"
crawl-66-249-78-155.googlebot.com - - [23/Sep/2013:07:42:28 +0200] "GET /artister/sr-p3-dokumentar HTTP/1.1" 200 36856 "-" "Mozilla/5.0 (compatible; Googlebot/2.1; +http://www.google.com/bot.html)"
spider-37-140-141-6.yandex.com - - [23/Sep/2013:07:42:32 +0200] "GET /artister/kultiverad-och-belevad/ HTTP/1.1" 200 855 "-" "Mozilla/5.0 (compatible; YandexBot/3.0; +http://yandex.com/bots)"
spider-37-140-141-6.yandex.com - - [23/Sep/2013:07:42:35 +0200] "GET /artister/kultiverad-och-belevad HTTP/1.1" 200 37073 "-" "Mozilla/5.0 (compatible; YandexBot/3.0; +http://yandex.com/bots)"
p4FCDA52B.dip0.t-ipconnect.de - - [23/Sep/2013:07:43:47 +0200] "GET /atmycasa/mejladress.jpg HTTP/1.1" 200 17337 "http://atmycasa.blogspot.de/2013/09/tradgardsvaxterna.html" "Mozilla/5.0 (Windows NT 6.1; WOW64) AppleWebKit/537.36 (KHTML, like Gecko) Chrome/29.0.1547.76 Safari/537.36"
p4FCDA52B.dip0.t-ipconnect.de - - [23/Sep/2013:07:43:47 +0200] "GET /atmycasa/bloglovin.jpg HTTP/1.1" 200 19710 "http://atmycasa.blogspot.de/2013/09/tradgardsvaxterna.html" "Mozilla/5.0 (Windows NT 6.1; WOW64) AppleWebKit/537.36 (KHTML, like Gecko) Chrome/29.0.1547.76 Safari/537.36"
p4FCDA52B.dip0.t-ipconnect.de - - [23/Sep/2013:07:43:47 +0200] "GET /atmycasa/instagram.jpg HTTP/1.1" 200 18596 "http://atmycasa.blogspot.de/2013/09/tradgardsvaxterna.html" "Mozilla/5.0 (Windows NT 6.1; WOW64) AppleWebKit/537.36 (KHTML, like Gecko) Chrome/29.0.1547.76 Safari/537.36"
crawl-66-249-78-155.googlebot.com - - [23/Sep/2013:07:43:55 +0200] "GET /artister/neverstore HTTP/1.1" 200 36844 "-" "Mozilla/5.0 (compatible; Googlebot/2.1; +http://www.google.com/bot.html)"
crawl-66-249-78-155.googlebot.com - - [23/Sep/2013:07:45:32 +0200] "GET /artister/maktpodden HTTP/1.1" 200 36844 "-" "Mozilla/5.0 (compatible; Googlebot/2.1; +http://www.google.com/bot.html)"
138.106.53.10 - - [23/Sep/2013:07:46:41 +0200] "GET /atmycasa/mejladress.jpg HTTP/1.1" 200 17337 "http://atmycasa.blogspot.se/" "Mozilla/4.0 (compatible; MSIE 8.0; Windows NT 6.1; WOW64; Trident/4.0; SLCC2; .NET CLR 2.0.50727; .NET CLR 3.5.30729; .NET CLR 3.0.30729; .NET4.0C; .NET4.0E)"
138.106.53.10 - - [23/Sep/2013:07:46:41 +0200] "GET /atmycasa/bloglovin.jpg HTTP/1.1" 304 174 "http://atmycasa.blogspot.se/" "Mozilla/4.0 (compatible; MSIE 8.0; Windows NT 6.1; WOW64; Trident/4.0; SLCC2; .NET CLR 2.0.50727; .NET CLR 3.5.30729; .NET CLR 3.0.30729; .NET4.0C; .NET4.0E)"
138.106.53.10 - - [23/Sep/2013:07:46:41 +0200] "GET /atmycasa/instagram.jpg HTTP/1.1" 304 175 "http://atmycasa.blogspot.se/" "Mozilla/4.0 (compatible; MSIE 8.0; Windows NT 6.1; WOW64; Trident/4.0; SLCC2; .NET CLR 2.0.50727; .NET CLR 3.5.30729; .NET CLR 3.0.30729; .NET4.0C; .NET4.0E)"
spider-37-140-141-6.yandex.com - - [23/Sep/2013:07:50:09 +0200] "GET /avsnitt/adam-och-kompani/adam-och-martin-melin--sant.htm HTTP/1.1" 200 37123 "-" "Mozilla/5.0 (compatible; YandexBot/3.0; +http://yandex.com/bots)"
d83-183-243-69.cust.tele2.se - - [23/Sep/2013:07:52:06 +0200] "GET /atmycasa/mejladress.jpg HTTP/1.1" 200 17337 "http://atmycasa.blogspot.se/" "Mozilla/5.0 (Macintosh; Intel Mac OS X 10.8; rv:23.0) Gecko/20100101 Firefox/23.0"
d83-183-243-69.cust.tele2.se - - [23/Sep/2013:07:52:06 +0200] "GET /atmycasa/bloglovin.jpg HTTP/1.1" 200 19710 "http://atmycasa.blogspot.se/" "Mozilla/5.0 (Macintosh; Intel Mac OS X 10.8; rv:23.0) Gecko/20100101 Firefox/23.0"
d83-183-243-69.cust.tele2.se - - [23/Sep/2013:07:52:06 +0200] "GET /atmycasa/instagram.jpg HTTP/1.1" 200 18596 "http://atmycasa.blogspot.se/" "Mozilla/5.0 (Macintosh; Intel Mac OS X 10.8; rv:23.0) Gecko/20100101 Firefox/23.0"
c-6a4fe555.24-11-64736c10.cust.bredbandsbolaget.se - - [23/Sep/2013:07:53:29 +0200] "GET /atmycasa/instagram.jpg HTTP/1.1" 200 18596 "http://atmycasa.blogspot.se/" "Mozilla/5.0 (iPad; CPU OS 6_1_2 like Mac OS X) AppleWebKit/536.26 (KHTML, like Gecko) Version/6.0 Mobile/10B146 Safari/8536.25"
c-6a4fe555.24-11-64736c10.cust.bredbandsbolaget.se - - [23/Sep/2013:07:53:29 +0200] "GET /atmycasa/bloglovin.jpg HTTP/1.1" 200 19710 "http://atmycasa.blogspot.se/" "Mozilla/5.0 (iPad; CPU OS 6_1_2 like Mac OS X) AppleWebKit/536.26 (KHTML, like Gecko) Version/6.0 Mobile/10B146 Safari/8536.25"
c-6a4fe555.24-11-64736c10.cust.bredbandsbolaget.se - - [23/Sep/2013:07:53:29 +0200] "GET /atmycasa/mejladress.jpg HTTP/1.1" 200 17337 "http://atmycasa.blogspot.se/" "Mozilla/5.0 (iPad; CPU OS 6_1_2 like Mac OS X) AppleWebKit/536.26 (KHTML, like Gecko) Version/6.0 Mobile/10B146 Safari/8536.25"
spider-37-140-141-6.yandex.com - - [23/Sep/2013:07:54:12 +0200] "GET /avsnitt/sr-sommar-i-p1/jorn-donner.htm HTTP/1.1" 200 37082 "-" "Mozilla/5.0 (compatible; YandexBot/3.0; +http://yandex.com/bots)"
crawl-66-249-78-155.googlebot.com - - [23/Sep/2013:07:56:02 +0200] "GET /artister/pa-tal-om-fotboll/ HTTP/1.1" 200 830 "-" "Mozilla/5.0 (compatible; Googlebot/2.1; +http://www.google.com/bot.html)"
crawl-66-249-78-155.googlebot.com - - [23/Sep/2013:07:57:10 +0200] "GET /artister/pa-tal-om-fotboll HTTP/1.1" 200 36858 "-" "Mozilla/5.0 (compatible; Googlebot/2.1; +http://www.google.com/bot.html)"
spider-37-140-141-6.yandex.com - - [23/Sep/2013:07:57:22 +0200] "GET /avsnitt/slashat-se/slashatse-218---slashat-one.htm HTTP/1.1" 200 37106 "-" "Mozilla/5.0 (compatible; YandexBot/3.0; +http://yandex.com/bots)"
212.112.54.2 - - [23/Sep/2013:07:57:42 +0200] "GET /atmycasa/bloglovin.jpg HTTP/1.1" 200 19710 "http://atmycasa.blogspot.se/search?updated-max=2013-01-09T19:22:00%2B01:00&max-results=3&start=3&by-date=false" "Mozilla/4.0 (compatible; MSIE 8.0; Windows NT 5.1; Trident/4.0; GTB7.5; .NET CLR 2.0.50727; .NET CLR 3.0.4506.2152; .NET CLR 3.5.30729)"
212.112.54.2 - - [23/Sep/2013:07:57:42 +0200] "GET /atmycasa/mejladress.jpg HTTP/1.1" 200 17337 "http://atmycasa.blogspot.se/search?updated-max=2013-01-09T19:22:00%2B01:00&max-results=3&start=3&by-date=false" "Mozilla/4.0 (compatible; MSIE 8.0; Windows NT 5.1; Trident/4.0; GTB7.5; .NET CLR 2.0.50727; .NET CLR 3.0.4506.2152; .NET CLR 3.5.30729)"
212.112.54.2 - - [23/Sep/2013:07:57:42 +0200] "GET /atmycasa/instagram.jpg HTTP/1.1" 200 18595 "http://atmycasa.blogspot.se/search?updated-max=2013-01-09T19:22:00%2B01:00&max-results=3&start=3&by-date=false" "Mozilla/4.0 (compatible; MSIE 8.0; Windows NT 5.1; Trident/4.0; GTB7.5; .NET CLR 2.0.50727; .NET CLR 3.0.4506.2152; .NET CLR 3.5.30729)"
194.178.108.226 - - [23/Sep/2013:07:58:03 +0200] "GET /atmycasa/mejladress.jpg HTTP/1.1" 304 175 "http://atmycasa.blogspot.de/" "Mozilla/4.0 (compatible; MSIE 8.0; Windows NT 6.1; Trident/4.0; SLCC2; .NET CLR 2.0.50727; .NET CLR 3.5.30729; .NET CLR 3.0.30729; Media Center PC 6.0; InfoPath.3)"
194.178.108.226 - - [23/Sep/2013:07:58:03 +0200] "GET /atmycasa/bloglovin.jpg HTTP/1.1" 304 175 "http://atmycasa.blogspot.de/" "Mozilla/4.0 (compatible; MSIE 8.0; Windows NT 6.1; Trident/4.0; SLCC2; .NET CLR 2.0.50727; .NET CLR 3.5.30729; .NET CLR 3.0.30729; Media Center PC 6.0; InfoPath.3)"
194.178.108.226 - - [23/Sep/2013:07:58:03 +0200] "GET /atmycasa/instagram.jpg HTTP/1.1" 304 174 "http://atmycasa.blogspot.de/" "Mozilla/4.0 (compatible; MSIE 8.0; Windows NT 6.1; Trident/4.0; SLCC2; .NET CLR 2.0.50727; .NET CLR 3.5.30729; .NET CLR 3.0.30729; Media Center PC 6.0; InfoPath.3)"
78-69-163-93-no91.tbcn.telia.com - - [23/Sep/2013:07:58:56 +0200] "GET /atmycasa/bloglovin.jpg HTTP/1.1" 200 19710 "http://atmycasa.blogspot.se/" "Mozilla/5.0 (iPad; CPU OS 6_1_3 like Mac OS X) AppleWebKit/536.26 (KHTML, like Gecko) Version/6.0 Mobile/10B329 Safari/8536.25"
78-69-163-93-no91.tbcn.telia.com - - [23/Sep/2013:07:58:56 +0200] "GET /atmycasa/mejladress.jpg HTTP/1.1" 200 17337 "http://atmycasa.blogspot.se/" "Mozilla/5.0 (iPad; CPU OS 6_1_3 like Mac OS X) AppleWebKit/536.26 (KHTML, like Gecko) Version/6.0 Mobile/10B329 Safari/8536.25"
78-69-163-93-no91.tbcn.telia.com - - [23/Sep/2013:07:58:56 +0200] "GET /atmycasa/instagram.jpg HTTP/1.1" 200 18596 "http://atmycasa.blogspot.se/" "Mozilla/5.0 (iPad; CPU OS 6_1_3 like Mac OS X) AppleWebKit/536.26 (KHTML, like Gecko) Version/6.0 Mobile/10B329 Safari/8536.25"
spider-37-140-141-6.yandex.com - - [23/Sep/2013:07:59:38 +0200] "GET /avsnitt/sr-sommar-i-p1/robyn-carlsson.htm HTTP/1.1" 200 37093 "-" "Mozilla/5.0 (compatible; YandexBot/3.0; +http://yandex.com/bots)"
