host-95-195-132-78.mobileonline.telia.com - - [23/Sep/2013:18:00:48 +0200] "GET / HTTP/1.1" 200 5375 "-" "Mozilla/5.0 (iPhone; CPU iPhone OS 7_0 like Mac OS X) AppleWebKit/537.51.1 (KHTML, like Gecko) Version/7.0 Mobile/11A465 Safari/9537.53"
host-95-195-132-78.mobileonline.telia.com - - [23/Sep/2013:18:00:48 +0200] "GET /css/normalize.css HTTP/1.1" 304 174 "http://myrberginnovation.se/" "Mozilla/5.0 (iPhone; CPU iPhone OS 7_0 like Mac OS X) AppleWebKit/537.51.1 (KHTML, like Gecko) Version/7.0 Mobile/11A465 Safari/9537.53"
host-95-195-132-78.mobileonline.telia.com - - [23/Sep/2013:18:00:48 +0200] "GET /libs/bootstrap/css/bootstrap.css HTTP/1.1" 304 176 "http://myrberginnovation.se/" "Mozilla/5.0 (iPhone; CPU iPhone OS 7_0 like Mac OS X) AppleWebKit/537.51.1 (KHTML, like Gecko) Version/7.0 Mobile/11A465 Safari/9537.53"
host-95-195-132-78.mobileonline.telia.com - - [23/Sep/2013:18:00:49 +0200] "GET /css/layouts/main.css HTTP/1.1" 304 174 "http://myrberginnovation.se/" "Mozilla/5.0 (iPhone; CPU iPhone OS 7_0 like Mac OS X) AppleWebKit/537.51.1 (KHTML, like Gecko) Version/7.0 Mobile/11A465 Safari/9537.53"
host-95-195-132-78.mobileonline.telia.com - - [23/Sep/2013:18:00:49 +0200] "GET /css/home/index.css HTTP/1.1" 304 174 "http://myrberginnovation.se/" "Mozilla/5.0 (iPhone; CPU iPhone OS 7_0 like Mac OS X) AppleWebKit/537.51.1 (KHTML, like Gecko) Version/7.0 Mobile/11A465 Safari/9537.53"
host-95-195-132-78.mobileonline.telia.com - - [23/Sep/2013:18:00:49 +0200] "GET /css/global.css HTTP/1.1" 304 173 "http://myrberginnovation.se/" "Mozilla/5.0 (iPhone; CPU iPhone OS 7_0 like Mac OS X) AppleWebKit/537.51.1 (KHTML, like Gecko) Version/7.0 Mobile/11A465 Safari/9537.53"
host-95-195-132-78.mobileonline.telia.com - - [23/Sep/2013:18:00:49 +0200] "GET /js/jquery.js HTTP/1.1" 304 175 "http://myrberginnovation.se/" "Mozilla/5.0 (iPhone; CPU iPhone OS 7_0 like Mac OS X) AppleWebKit/537.51.1 (KHTML, like Gecko) Version/7.0 Mobile/11A465 Safari/9537.53"
host-95-195-132-78.mobileonline.telia.com - - [23/Sep/2013:18:00:49 +0200] "GET /libs/bootbox/bootbox.js HTTP/1.1" 304 174 "http://myrberginnovation.se/" "Mozilla/5.0 (iPhone; CPU iPhone OS 7_0 like Mac OS X) AppleWebKit/537.51.1 (KHTML, like Gecko) Version/7.0 Mobile/11A465 Safari/9537.53"
host-95-195-132-78.mobileonline.telia.com - - [23/Sep/2013:18:00:49 +0200] "GET /libs/bootstrap/js/bootstrap.js HTTP/1.1" 304 174 "http://myrberginnovation.se/" "Mozilla/5.0 (iPhone; CPU iPhone OS 7_0 like Mac OS X) AppleWebKit/537.51.1 (KHTML, like Gecko) Version/7.0 Mobile/11A465 Safari/9537.53"
host-95-195-132-78.mobileonline.telia.com - - [23/Sep/2013:18:00:49 +0200] "GET /js/base.js HTTP/1.1" 304 173 "http://myrberginnovation.se/" "Mozilla/5.0 (iPhone; CPU iPhone OS 7_0 like Mac OS X) AppleWebKit/537.51.1 (KHTML, like Gecko) Version/7.0 Mobile/11A465 Safari/9537.53"
host-95-195-132-78.mobileonline.telia.com - - [23/Sep/2013:18:00:49 +0200] "GET /fonts/harababa/harabara-webfont.woff HTTP/1.1" 304 174 "http://myrberginnovation.se/" "Mozilla/5.0 (iPhone; CPU iPhone OS 7_0 like Mac OS X) AppleWebKit/537.51.1 (KHTML, like Gecko) Version/7.0 Mobile/11A465 Safari/9537.53"
host-95-195-132-78.mobileonline.telia.com - - [23/Sep/2013:18:00:49 +0200] "GET /images/logo.png HTTP/1.1" 304 174 "http://myrberginnovation.se/" "Mozilla/5.0 (iPhone; CPU iPhone OS 7_0 like Mac OS X) AppleWebKit/537.51.1 (KHTML, like Gecko) Version/7.0 Mobile/11A465 Safari/9537.53"
host-95-195-132-78.mobileonline.telia.com - - [23/Sep/2013:18:00:49 +0200] "GET /images/icons/news_items.png HTTP/1.1" 304 174 "http://myrberginnovation.se/" "Mozilla/5.0 (iPhone; CPU iPhone OS 7_0 like Mac OS X) AppleWebKit/537.51.1 (KHTML, like Gecko) Version/7.0 Mobile/11A465 Safari/9537.53"
host-95-195-132-78.mobileonline.telia.com - - [23/Sep/2013:18:00:49 +0200] "GET /images/icons/comment.png HTTP/1.1" 304 173 "http://myrberginnovation.se/" "Mozilla/5.0 (iPhone; CPU iPhone OS 7_0 like Mac OS X) AppleWebKit/537.51.1 (KHTML, like Gecko) Version/7.0 Mobile/11A465 Safari/9537.53"
host-95-195-132-78.mobileonline.telia.com - - [23/Sep/2013:18:00:49 +0200] "GET /images/icons/played.png HTTP/1.1" 304 174 "http://myrberginnovation.se/" "Mozilla/5.0 (iPhone; CPU iPhone OS 7_0 like Mac OS X) AppleWebKit/537.51.1 (KHTML, like Gecko) Version/7.0 Mobile/11A465 Safari/9537.53"
host-95-195-132-78.mobileonline.telia.com - - [23/Sep/2013:18:00:52 +0200] "GET /avsnitt.html HTTP/1.1" 200 38633 "http://myrberginnovation.se/" "Mozilla/5.0 (iPhone; CPU iPhone OS 7_0 like Mac OS X) AppleWebKit/537.51.1 (KHTML, like Gecko) Version/7.0 Mobile/11A465 Safari/9537.53"
S010610bf484972f0.cc.shawcable.net - - [23/Sep/2013:18:01:31 +0200] "GET /atmycasa/bloglovin.jpg HTTP/1.1" 200 19710 "http://atmycasa.blogspot.ca/search/label/DIY%20-%20kopparljusstake" "Mozilla/5.0 (Macintosh; Intel Mac OS X 10_7_5) AppleWebKit/536.30.1 (KHTML, like Gecko) Version/6.0.5 Safari/536.30.1"
S010610bf484972f0.cc.shawcable.net - - [23/Sep/2013:18:01:31 +0200] "GET /atmycasa/instagram.jpg HTTP/1.1" 200 18596 "http://atmycasa.blogspot.ca/search/label/DIY%20-%20kopparljusstake" "Mozilla/5.0 (Macintosh; Intel Mac OS X 10_7_5) AppleWebKit/536.30.1 (KHTML, like Gecko) Version/6.0.5 Safari/536.30.1"
S010610bf484972f0.cc.shawcable.net - - [23/Sep/2013:18:01:31 +0200] "GET /atmycasa/mejladress.jpg HTTP/1.1" 200 17337 "http://atmycasa.blogspot.ca/search/label/DIY%20-%20kopparljusstake" "Mozilla/5.0 (Macintosh; Intel Mac OS X 10_7_5) AppleWebKit/536.30.1 (KHTML, like Gecko) Version/6.0.5 Safari/536.30.1"
crawl-66-249-78-155.googlebot.com - - [23/Sep/2013:18:03:45 +0200] "GET /latar/maroon-5/daylight.htm HTTP/1.1" 200 36859 "-" "Mozilla/5.0 (compatible; Googlebot/2.1; +http://www.google.com/bot.html)"
81-233-173-157-no85.tbcn.telia.com - - [23/Sep/2013:18:03:55 +0200] "GET /atmycasa/mejladress.jpg HTTP/1.1" 200 17337 "http://atmycasa.blogspot.se/" "Mozilla/5.0 (Macintosh; Intel Mac OS X 10_7_5) AppleWebKit/536.30.1 (KHTML, like Gecko) Version/6.0.5 Safari/536.30.1"
81-233-173-157-no85.tbcn.telia.com - - [23/Sep/2013:18:03:55 +0200] "GET /atmycasa/bloglovin.jpg HTTP/1.1" 200 19710 "http://atmycasa.blogspot.se/" "Mozilla/5.0 (Macintosh; Intel Mac OS X 10_7_5) AppleWebKit/536.30.1 (KHTML, like Gecko) Version/6.0.5 Safari/536.30.1"
81-233-173-157-no85.tbcn.telia.com - - [23/Sep/2013:18:03:55 +0200] "GET /atmycasa/instagram.jpg HTTP/1.1" 200 18596 "http://atmycasa.blogspot.se/" "Mozilla/5.0 (Macintosh; Intel Mac OS X 10_7_5) AppleWebKit/536.30.1 (KHTML, like Gecko) Version/6.0.5 Safari/536.30.1"
m37-197-98-70.cust.tele2.se - - [23/Sep/2013:18:03:55 +0200] "GET /atmycasa/instagram.jpg HTTP/1.1" 304 175 "http://atmycasa.blogspot.se/" "Mozilla/5.0 (Macintosh; U; Intel Mac OS X 10_6_8; sv-se) AppleWebKit/533.21.1 (KHTML, like Gecko) Version/5.0.5 Safari/533.21.1"
m37-197-98-70.cust.tele2.se - - [23/Sep/2013:18:03:55 +0200] "GET /atmycasa/bloglovin.jpg HTTP/1.1" 304 175 "http://atmycasa.blogspot.se/" "Mozilla/5.0 (Macintosh; U; Intel Mac OS X 10_6_8; sv-se) AppleWebKit/533.21.1 (KHTML, like Gecko) Version/5.0.5 Safari/533.21.1"
m5-240-194-47.cust.tele2.se - - [23/Sep/2013:18:04:46 +0200] "GET /atmycasa/bloglovin.jpg HTTP/1.1" 200 19710 "http://atmycasa.blogspot.se/?m=1" "Mozilla/5.0 (Linux; U; Android 4.1.2; sv-se; GT-I9100 Build/JZO54K) AppleWebKit/534.30 (KHTML, like Gecko) Version/4.0 Mobile Safari/534.30"
m5-240-194-47.cust.tele2.se - - [23/Sep/2013:18:04:46 +0200] "GET /atmycasa/instagram.jpg HTTP/1.1" 200 18596 "http://atmycasa.blogspot.se/?m=1" "Mozilla/5.0 (Linux; U; Android 4.1.2; sv-se; GT-I9100 Build/JZO54K) AppleWebKit/534.30 (KHTML, like Gecko) Version/4.0 Mobile Safari/534.30"
m5-240-194-47.cust.tele2.se - - [23/Sep/2013:18:04:46 +0200] "GET /atmycasa/mejladress.jpg HTTP/1.1" 200 17337 "http://atmycasa.blogspot.se/?m=1" "Mozilla/5.0 (Linux; U; Android 4.1.2; sv-se; GT-I9100 Build/JZO54K) AppleWebKit/534.30 (KHTML, like Gecko) Version/4.0 Mobile Safari/534.30"
d83-183-8-238.cust.tele2.se - - [23/Sep/2013:18:05:49 +0200] "GET /atmycasa/instagram.jpg HTTP/1.1" 304 175 "http://atmycasa.blogspot.se/" "Mozilla/5.0 (iPad; CPU OS 6_1_3 like Mac OS X) AppleWebKit/536.26 (KHTML, like Gecko) Version/6.0 Mobile/10B329 Safari/8536.25"
d83-183-8-238.cust.tele2.se - - [23/Sep/2013:18:05:49 +0200] "GET /atmycasa/bloglovin.jpg HTTP/1.1" 304 175 "http://atmycasa.blogspot.se/" "Mozilla/5.0 (iPad; CPU OS 6_1_3 like Mac OS X) AppleWebKit/536.26 (KHTML, like Gecko) Version/6.0 Mobile/10B329 Safari/8536.25"
213-64-216-69-no50.tbcn.telia.com - - [23/Sep/2013:18:07:32 +0200] "GET /atmycasa/instagram.jpg HTTP/1.1" 200 18596 "http://atmycasa.blogspot.se/" "Mozilla/5.0 (iPad; CPU OS 6_1_3 like Mac OS X) AppleWebKit/536.26 (KHTML, like Gecko) Version/6.0 Mobile/10B329 Safari/8536.25"
213-64-216-69-no50.tbcn.telia.com - - [23/Sep/2013:18:07:32 +0200] "GET /atmycasa/bloglovin.jpg HTTP/1.1" 200 19710 "http://atmycasa.blogspot.se/" "Mozilla/5.0 (iPad; CPU OS 6_1_3 like Mac OS X) AppleWebKit/536.26 (KHTML, like Gecko) Version/6.0 Mobile/10B329 Safari/8536.25"
213-64-216-69-no50.tbcn.telia.com - - [23/Sep/2013:18:07:32 +0200] "GET /atmycasa/mejladress.jpg HTTP/1.1" 200 17337 "http://atmycasa.blogspot.se/" "Mozilla/5.0 (iPad; CPU OS 6_1_3 like Mac OS X) AppleWebKit/536.26 (KHTML, like Gecko) Version/6.0 Mobile/10B329 Safari/8536.25"
h-75-77.a175.priv.bahnhof.se - - [23/Sep/2013:18:08:11 +0200] "GET /atmycasa/mejladress.jpg HTTP/1.1" 200 17337 "http://atmycasa.blogspot.se/" "Mozilla/5.0 (Macintosh; Intel Mac OS X 10_8_5) AppleWebKit/536.30.1 (KHTML, like Gecko) Version/6.0.5 Safari/536.30.1"
h-75-77.a175.priv.bahnhof.se - - [23/Sep/2013:18:08:11 +0200] "GET /atmycasa/instagram.jpg HTTP/1.1" 200 18596 "http://atmycasa.blogspot.se/" "Mozilla/5.0 (Macintosh; Intel Mac OS X 10_8_5) AppleWebKit/536.30.1 (KHTML, like Gecko) Version/6.0.5 Safari/536.30.1"
h-75-77.a175.priv.bahnhof.se - - [23/Sep/2013:18:08:11 +0200] "GET /atmycasa/bloglovin.jpg HTTP/1.1" 200 19710 "http://atmycasa.blogspot.se/" "Mozilla/5.0 (Macintosh; Intel Mac OS X 10_8_5) AppleWebKit/536.30.1 (KHTML, like Gecko) Version/6.0.5 Safari/536.30.1"
h109-225-126-222.dynamic.se.alltele.net - - [23/Sep/2013:18:09:01 +0200] "GET /atmycasa/mejladress.jpg HTTP/1.1" 200 17337 "http://atmycasa.blogspot.se/" "Mozilla/5.0 (Macintosh; Intel Mac OS X 10_7_5) AppleWebKit/536.26.17 (KHTML, like Gecko) Version/6.0.2 Safari/536.26.17"
h109-225-126-222.dynamic.se.alltele.net - - [23/Sep/2013:18:09:01 +0200] "GET /atmycasa/bloglovin.jpg HTTP/1.1" 200 19710 "http://atmycasa.blogspot.se/" "Mozilla/5.0 (Macintosh; Intel Mac OS X 10_7_5) AppleWebKit/536.26.17 (KHTML, like Gecko) Version/6.0.2 Safari/536.26.17"
h109-225-126-222.dynamic.se.alltele.net - - [23/Sep/2013:18:09:01 +0200] "GET /atmycasa/instagram.jpg HTTP/1.1" 200 18596 "http://atmycasa.blogspot.se/" "Mozilla/5.0 (Macintosh; Intel Mac OS X 10_7_5) AppleWebKit/536.26.17 (KHTML, like Gecko) Version/6.0.2 Safari/536.26.17"
crawl-66-249-78-155.googlebot.com - - [23/Sep/2013:18:09:01 +0200] "GET /latar/dave-aude-luciana/something-for-the-weekend-sultan-ned-shepard-remix.htm HTTP/1.1" 200 36962 "-" "Mozilla/5.0 (compatible; Googlebot/2.1; +http://www.google.com/bot.html)"
crawl-66-249-78-155.googlebot.com - - [23/Sep/2013:18:09:14 +0200] "GET /latar/first-aid-kit/wolf.htm HTTP/1.1" 200 36857 "-" "Mozilla/5.0 (compatible; Googlebot/2.1; +http://www.google.com/bot.html)"
crawl-66-249-78-155.googlebot.com - - [23/Sep/2013:18:09:27 +0200] "GET /latar/aki-kapten-rd/nr-solen-gr-ner.htm HTTP/1.1" 200 36884 "-" "Mozilla/5.0 (compatible; Googlebot/2.1; +http://www.google.com/bot.html)"
crawl-66-249-78-155.googlebot.com - - [23/Sep/2013:18:09:43 +0200] "GET /latar/peter08/dj.htm HTTP/1.1" 200 36841 "-" "Mozilla/5.0 (compatible; Googlebot/2.1; +http://www.google.com/bot.html)"
crawl-66-249-78-155.googlebot.com - - [23/Sep/2013:18:10:03 +0200] "GET /latar/passion-pit/take-a-walk.htm HTTP/1.1" 200 36872 "-" "Mozilla/5.0 (compatible; Googlebot/2.1; +http://www.google.com/bot.html)"
a91-153-237-245.elisa-laajakaista.fi - - [23/Sep/2013:18:10:35 +0200] "GET /atmycasa/instagram.jpg HTTP/1.1" 304 175 "http://atmycasa.blogspot.fi/2013/09/svensktsmormagi.html" "Mozilla/5.0 (Windows NT 6.2; WOW64; rv:23.0) Gecko/20100101 Firefox/23.0"
a91-153-237-245.elisa-laajakaista.fi - - [23/Sep/2013:18:10:34 +0200] "GET /atmycasa/bloglovin.jpg HTTP/1.1" 304 175 "http://atmycasa.blogspot.fi/2013/09/svensktsmormagi.html" "Mozilla/5.0 (Windows NT 6.2; WOW64; rv:23.0) Gecko/20100101 Firefox/23.0"
crawl-66-249-78-155.googlebot.com - - [23/Sep/2013:18:10:52 +0200] "GET /latar/ivi-adamou/la-la-love.htm HTTP/1.1" 200 36868 "-" "Mozilla/5.0 (compatible; Googlebot/2.1; +http://www.google.com/bot.html)"
crawl-66-249-74-81.googlebot.com - - [23/Sep/2013:18:11:41 +0200] "GET /latar/swingfly/singing-that-melody.htm HTTP/1.1" 200 36880 "-" "Mozilla/5.0 (compatible; Googlebot/2.1; +http://www.google.com/bot.html)"
c-5eeaaaa7-74736162.cust.telenor.se - - [23/Sep/2013:18:11:59 +0200] "GET /atmycasa/bloglovin.jpg HTTP/1.1" 304 175 "http://atmycasa.blogspot.se/?m=1" "Mozilla/5.0 (iPhone; CPU iPhone OS 6_1_3 like Mac OS X) AppleWebKit/536.26 (KHTML, like Gecko) Version/6.0 Mobile/10B329 Safari/8536.25"
c-5eeaaaa7-74736162.cust.telenor.se - - [23/Sep/2013:18:12:12 +0200] "GET /atmycasa/instagram.jpg HTTP/1.1" 304 175 "http://atmycasa.blogspot.se/?m=1" "Mozilla/5.0 (iPhone; CPU iPhone OS 6_1_3 like Mac OS X) AppleWebKit/536.26 (KHTML, like Gecko) Version/6.0 Mobile/10B329 Safari/8536.25"
crawl-66-249-78-155.googlebot.com - - [23/Sep/2013:18:12:40 +0200] "GET /latar/otto-knows/million-voices.htm HTTP/1.1" 200 36876 "-" "Mozilla/5.0 (compatible; Googlebot/2.1; +http://www.google.com/bot.html)"
88-206-222-4.highlandnet.se - - [23/Sep/2013:18:12:51 +0200] "GET /atmycasa/instagram.jpg HTTP/1.1" 200 18596 "http://atmycasa.blogspot.se/" "Mozilla/5.0 (iPad; CPU OS 7_0 like Mac OS X) AppleWebKit/537.51.1 (KHTML, like Gecko) Version/7.0 Mobile/11A465 Safari/9537.53"
88-206-222-4.highlandnet.se - - [23/Sep/2013:18:12:51 +0200] "GET /atmycasa/bloglovin.jpg HTTP/1.1" 200 19710 "http://atmycasa.blogspot.se/" "Mozilla/5.0 (iPad; CPU OS 7_0 like Mac OS X) AppleWebKit/537.51.1 (KHTML, like Gecko) Version/7.0 Mobile/11A465 Safari/9537.53"
88-206-222-4.highlandnet.se - - [23/Sep/2013:18:12:54 +0200] "GET /atmycasa/mejladress.jpg HTTP/1.1" 200 17337 "http://atmycasa.blogspot.se/" "Mozilla/5.0 (iPad; CPU OS 7_0 like Mac OS X) AppleWebKit/537.51.1 (KHTML, like Gecko) Version/7.0 Mobile/11A465 Safari/9537.53"
crawl-66-249-78-155.googlebot.com - - [23/Sep/2013:18:12:56 +0200] "GET /latar/imagine-dragons/its-time.htm HTTP/1.1" 200 36873 "-" "Mozilla/5.0 (compatible; Googlebot/2.1; +http://www.google.com/bot.html)"
81-237-242-47-no43.tbcn.telia.com - - [23/Sep/2013:18:13:23 +0200] "GET /atmycasa/bloglovin.jpg HTTP/1.1" 200 19710 "http://atmycasa.blogspot.se/?m=1" "Mozilla/5.0 (iPhone; CPU iPhone OS 6_1_3 like Mac OS X) AppleWebKit/536.26 (KHTML, like Gecko) Version/6.0 Mobile/10B329 Safari/8536.25"
81-237-242-47-no43.tbcn.telia.com - - [23/Sep/2013:18:13:23 +0200] "GET /atmycasa/instagram.jpg HTTP/1.1" 200 18596 "http://atmycasa.blogspot.se/?m=1" "Mozilla/5.0 (iPhone; CPU iPhone OS 6_1_3 like Mac OS X) AppleWebKit/536.26 (KHTML, like Gecko) Version/6.0 Mobile/10B329 Safari/8536.25"
81-237-242-47-no43.tbcn.telia.com - - [23/Sep/2013:18:13:23 +0200] "GET /atmycasa/mejladress.jpg HTTP/1.1" 200 17337 "http://atmycasa.blogspot.se/?m=1" "Mozilla/5.0 (iPhone; CPU iPhone OS 6_1_3 like Mac OS X) AppleWebKit/536.26 (KHTML, like Gecko) Version/6.0 Mobile/10B329 Safari/8536.25"
90-230-80-254-no110.tbcn.telia.com - - [23/Sep/2013:18:14:12 +0200] "GET /atmycasa/mejladress.jpg HTTP/1.1" 200 17337 "http://atmycasa.blogspot.se/?m=1" "Mozilla/5.0 (iPad; CPU OS 6_1_3 like Mac OS X) AppleWebKit/536.26 (KHTML, like Gecko) Version/6.0 Mobile/10B329 Safari/8536.25"
90-230-80-254-no110.tbcn.telia.com - - [23/Sep/2013:18:14:15 +0200] "GET /atmycasa/instagram.jpg HTTP/1.1" 200 18596 "http://atmycasa.blogspot.se/?m=1" "Mozilla/5.0 (iPad; CPU OS 6_1_3 like Mac OS X) AppleWebKit/536.26 (KHTML, like Gecko) Version/6.0 Mobile/10B329 Safari/8536.25"
90-230-80-254-no110.tbcn.telia.com - - [23/Sep/2013:18:14:15 +0200] "GET /atmycasa/bloglovin.jpg HTTP/1.1" 200 19710 "http://atmycasa.blogspot.se/?m=1" "Mozilla/5.0 (iPad; CPU OS 6_1_3 like Mac OS X) AppleWebKit/536.26 (KHTML, like Gecko) Version/6.0 Mobile/10B329 Safari/8536.25"
81-233-80-60-no145.tbcn.telia.com - - [23/Sep/2013:18:14:29 +0200] "GET /atmycasa/bloglovin.jpg HTTP/1.1" 304 175 "http://atmycasa.blogspot.se/" "Mozilla/5.0 (Windows NT 6.1; WOW64) AppleWebKit/537.36 (KHTML, like Gecko) Chrome/29.0.1547.76 Safari/537.36"
81-233-80-60-no145.tbcn.telia.com - - [23/Sep/2013:18:14:29 +0200] "GET /atmycasa/instagram.jpg HTTP/1.1" 304 175 "http://atmycasa.blogspot.se/" "Mozilla/5.0 (Windows NT 6.1; WOW64) AppleWebKit/537.36 (KHTML, like Gecko) Chrome/29.0.1547.76 Safari/537.36"
81-231-78-75-no25.tbcn.telia.com - - [23/Sep/2013:18:14:34 +0200] "GET /atmycasa/bloglovin.jpg HTTP/1.1" 200 19710 "http://atmycasa.blogspot.se/" "Mozilla/5.0 (Macintosh; Intel Mac OS X 10_8_4) AppleWebKit/536.30.1 (KHTML, like Gecko) Version/6.0.5 Safari/536.30.1"
81-231-78-75-no25.tbcn.telia.com - - [23/Sep/2013:18:14:34 +0200] "GET /atmycasa/instagram.jpg HTTP/1.1" 200 18596 "http://atmycasa.blogspot.se/" "Mozilla/5.0 (Macintosh; Intel Mac OS X 10_8_4) AppleWebKit/536.30.1 (KHTML, like Gecko) Version/6.0.5 Safari/536.30.1"
81-231-78-75-no25.tbcn.telia.com - - [23/Sep/2013:18:14:37 +0200] "GET /atmycasa/mejladress.jpg HTTP/1.1" 200 17337 "http://atmycasa.blogspot.se/" "Mozilla/5.0 (Macintosh; Intel Mac OS X 10_8_4) AppleWebKit/536.30.1 (KHTML, like Gecko) Version/6.0.5 Safari/536.30.1"
90-227-43-78-no89.tbcn.telia.com - - [23/Sep/2013:18:18:18 +0200] "GET /atmycasa/mejladress.jpg HTTP/1.1" 200 17337 "http://atmycasa.blogspot.se/" "Mozilla/5.0 (Linux; U; Android 4.0.4; sv-se; GT-P5100 Build/IMM76D) AppleWebKit/534.30 (KHTML, like Gecko) Version/4.0 Safari/534.30"
90-227-43-78-no89.tbcn.telia.com - - [23/Sep/2013:18:18:18 +0200] "GET /atmycasa/bloglovin.jpg HTTP/1.1" 200 19710 "http://atmycasa.blogspot.se/" "Mozilla/5.0 (Linux; U; Android 4.0.4; sv-se; GT-P5100 Build/IMM76D) AppleWebKit/534.30 (KHTML, like Gecko) Version/4.0 Safari/534.30"
90-227-43-78-no89.tbcn.telia.com - - [23/Sep/2013:18:18:18 +0200] "GET /atmycasa/instagram.jpg HTTP/1.1" 200 18596 "http://atmycasa.blogspot.se/" "Mozilla/5.0 (Linux; U; Android 4.0.4; sv-se; GT-P5100 Build/IMM76D) AppleWebKit/534.30 (KHTML, like Gecko) Version/4.0 Safari/534.30"
c83-254-230-107.bredband.comhem.se - - [23/Sep/2013:18:18:59 +0200] "GET /atmycasa/bloglovin.jpg HTTP/1.1" 200 19710 "http://atmycasa.blogspot.se/" "Mozilla/5.0 (Macintosh; Intel Mac OS X 10_8_5) AppleWebKit/536.30.1 (KHTML, like Gecko) Version/6.0.5 Safari/536.30.1"
crawl-66-249-78-155.googlebot.com - - [23/Sep/2013:18:22:16 +0200] "GET /latar/pitbull/hotel-room-service.htm HTTP/1.1" 200 36873 "-" "Mozilla/5.0 (compatible; Googlebot/2.1; +http://www.google.com/bot.html)"
host-95-199-209-111.mobileonline.telia.com - - [23/Sep/2013:18:25:29 +0200] "GET /atmycasa/instagram.jpg HTTP/1.1" 200 18596 "http://www.atmycasa.blogspot.se/?m=1" "Mozilla/5.0 (iPhone; CPU iPhone OS 7_0 like Mac OS X) AppleWebKit/537.51.1 (KHTML, like Gecko) Version/7.0 Mobile/11A465 Safari/9537.53"
host-95-199-209-111.mobileonline.telia.com - - [23/Sep/2013:18:25:29 +0200] "GET /atmycasa/bloglovin.jpg HTTP/1.1" 200 19710 "http://www.atmycasa.blogspot.se/?m=1" "Mozilla/5.0 (iPhone; CPU iPhone OS 7_0 like Mac OS X) AppleWebKit/537.51.1 (KHTML, like Gecko) Version/7.0 Mobile/11A465 Safari/9537.53"
host-95-199-209-111.mobileonline.telia.com - - [23/Sep/2013:18:25:29 +0200] "GET /atmycasa/mejladress.jpg HTTP/1.1" 200 17337 "http://www.atmycasa.blogspot.se/?m=1" "Mozilla/5.0 (iPhone; CPU iPhone OS 7_0 like Mac OS X) AppleWebKit/537.51.1 (KHTML, like Gecko) Version/7.0 Mobile/11A465 Safari/9537.53"
crawl-66-249-78-155.googlebot.com - - [23/Sep/2013:18:25:37 +0200] "GET /latar/mange-schmidt/talar-ut.htm HTTP/1.1" 200 36865 "-" "Mozilla/5.0 (compatible; Googlebot/2.1; +http://www.google.com/bot.html)"
81-224-197-16-no18.tbcn.telia.com - - [23/Sep/2013:18:25:44 +0200] "GET /atmycasa/mejladress.jpg HTTP/1.1" 200 17337 "http://atmycasa.blogspot.se/" "Mozilla/5.0 (iPad; CPU OS 6_1_3 like Mac OS X) AppleWebKit/536.26 (KHTML, like Gecko) Version/6.0 Mobile/10B329 Safari/8536.25"
81-224-197-16-no18.tbcn.telia.com - - [23/Sep/2013:18:25:44 +0200] "GET /atmycasa/bloglovin.jpg HTTP/1.1" 200 19710 "http://atmycasa.blogspot.se/" "Mozilla/5.0 (iPad; CPU OS 6_1_3 like Mac OS X) AppleWebKit/536.26 (KHTML, like Gecko) Version/6.0 Mobile/10B329 Safari/8536.25"
81-224-197-16-no18.tbcn.telia.com - - [23/Sep/2013:18:25:44 +0200] "GET /atmycasa/instagram.jpg HTTP/1.1" 200 18596 "http://atmycasa.blogspot.se/" "Mozilla/5.0 (iPad; CPU OS 6_1_3 like Mac OS X) AppleWebKit/536.26 (KHTML, like Gecko) Version/6.0 Mobile/10B329 Safari/8536.25"
46.30.131.37 - - [23/Sep/2013:18:26:20 +0200] "GET /atmycasa/instagram.jpg HTTP/1.1" 304 175 "-" "Mozilla/4.0 (compatible;)"
c-4f66afda-74736162.cust.telenor.se - - [23/Sep/2013:18:26:26 +0200] "GET /atmycasa/instagram.jpg HTTP/1.1" 200 18596 "http://atmycasa.blogspot.se/" "Mozilla/5.0 (Macintosh; Intel Mac OS X 10.7; rv:23.0) Gecko/20100101 Firefox/23.0"
c-4f66afda-74736162.cust.telenor.se - - [23/Sep/2013:18:26:26 +0200] "GET /atmycasa/mejladress.jpg HTTP/1.1" 200 17337 "http://atmycasa.blogspot.se/" "Mozilla/5.0 (Macintosh; Intel Mac OS X 10.7; rv:23.0) Gecko/20100101 Firefox/23.0"
c-4f66afda-74736162.cust.telenor.se - - [23/Sep/2013:18:26:26 +0200] "GET /atmycasa/bloglovin.jpg HTTP/1.1" 200 19710 "http://atmycasa.blogspot.se/" "Mozilla/5.0 (Macintosh; Intel Mac OS X 10.7; rv:23.0) Gecko/20100101 Firefox/23.0"
40.1-244-77-cable-cust.lnctv.com - - [23/Sep/2013:18:30:43 +0200] "GET /atmycasa/bloglovin.jpg HTTP/1.1" 200 19710 "http://atmycasa.blogspot.se/" "Mozilla/5.0 (compatible; MSIE 10.0; Windows NT 6.1; WOW64; Trident/6.0)"
40.1-244-77-cable-cust.lnctv.com - - [23/Sep/2013:18:30:43 +0200] "GET /atmycasa/mejladress.jpg HTTP/1.1" 200 17337 "http://atmycasa.blogspot.se/" "Mozilla/5.0 (compatible; MSIE 10.0; Windows NT 6.1; WOW64; Trident/6.0)"
40.1-244-77-cable-cust.lnctv.com - - [23/Sep/2013:18:30:43 +0200] "GET /atmycasa/instagram.jpg HTTP/1.1" 200 18596 "http://atmycasa.blogspot.se/" "Mozilla/5.0 (compatible; MSIE 10.0; Windows NT 6.1; WOW64; Trident/6.0)"
109-124-142-122.customer.t3.se - - [23/Sep/2013:18:30:44 +0200] "GET /atmycasa/mejladress.jpg HTTP/1.1" 200 17337 "http://atmycasa.blogspot.se/" "Mozilla/5.0 (Linux; Android 4.2.1; ASUS Transformer Pad TF300T Build/JOP40D) AppleWebKit/537.31 (KHTML, like Gecko) Chrome/26.0.1410.58 Safari/537.31"
109-124-142-122.customer.t3.se - - [23/Sep/2013:18:30:46 +0200] "GET /atmycasa/bloglovin.jpg HTTP/1.1" 200 19710 "http://atmycasa.blogspot.se/" "Mozilla/5.0 (Linux; Android 4.2.1; ASUS Transformer Pad TF300T Build/JOP40D) AppleWebKit/537.31 (KHTML, like Gecko) Chrome/26.0.1410.58 Safari/537.31"
109-124-142-122.customer.t3.se - - [23/Sep/2013:18:30:46 +0200] "GET /atmycasa/instagram.jpg HTTP/1.1" 200 18596 "http://atmycasa.blogspot.se/" "Mozilla/5.0 (Linux; Android 4.2.1; ASUS Transformer Pad TF300T Build/JOP40D) AppleWebKit/537.31 (KHTML, like Gecko) Chrome/26.0.1410.58 Safari/537.31"
ec2-54-228-7-93.eu-west-1.compute.amazonaws.com - - [23/Sep/2013:18:30:47 +0200] "HEAD / HTTP/1.1" 200 407 "http://www.google.com/search?q=myrberginnovation.se" "-"
46-236-66-237.customer.t3.se - - [23/Sep/2013:18:31:12 +0200] "GET /atmycasa/instagram.jpg HTTP/1.1" 200 18596 "http://atmycasa.blogspot.se/" "Mozilla/5.0 (Windows NT 6.2; WOW64) AppleWebKit/537.36 (KHTML, like Gecko) Chrome/29.0.1547.66 Safari/537.36"
46-236-66-237.customer.t3.se - - [23/Sep/2013:18:31:12 +0200] "GET /atmycasa/mejladress.jpg HTTP/1.1" 200 17337 "http://atmycasa.blogspot.se/" "Mozilla/5.0 (Windows NT 6.2; WOW64) AppleWebKit/537.36 (KHTML, like Gecko) Chrome/29.0.1547.66 Safari/537.36"
46-236-66-237.customer.t3.se - - [23/Sep/2013:18:31:12 +0200] "GET /atmycasa/bloglovin.jpg HTTP/1.1" 200 19710 "http://atmycasa.blogspot.se/" "Mozilla/5.0 (Windows NT 6.2; WOW64) AppleWebKit/537.36 (KHTML, like Gecko) Chrome/29.0.1547.66 Safari/537.36"
c-508ae255.93-13-64736c12.cust.bredbandsbolaget.se - - [23/Sep/2013:18:31:46 +0200] "GET /atmycasa/mejladress.jpg HTTP/1.1" 200 17337 "http://atmycasa.blogspot.se/" "Mozilla/5.0 (Macintosh; Intel Mac OS X 10_7_5) AppleWebKit/536.30.1 (KHTML, like Gecko) Version/6.0.5 Safari/536.30.1"
c-508ae255.93-13-64736c12.cust.bredbandsbolaget.se - - [23/Sep/2013:18:31:46 +0200] "GET /atmycasa/bloglovin.jpg HTTP/1.1" 200 19710 "http://atmycasa.blogspot.se/" "Mozilla/5.0 (Macintosh; Intel Mac OS X 10_7_5) AppleWebKit/536.30.1 (KHTML, like Gecko) Version/6.0.5 Safari/536.30.1"
c-508ae255.93-13-64736c12.cust.bredbandsbolaget.se - - [23/Sep/2013:18:31:46 +0200] "GET /atmycasa/instagram.jpg HTTP/1.1" 200 18596 "http://atmycasa.blogspot.se/" "Mozilla/5.0 (Macintosh; Intel Mac OS X 10_7_5) AppleWebKit/536.30.1 (KHTML, like Gecko) Version/6.0.5 Safari/536.30.1"
90-231-49-68-no27.tbcn.telia.com - - [23/Sep/2013:18:32:14 +0200] "GET /atmycasa/instagram.jpg HTTP/1.1" 200 18596 "http://atmycasa.blogspot.se/?m=1" "Mozilla/5.0 (iPhone; CPU iPhone OS 7_0 like Mac OS X) AppleWebKit/537.51.1 (KHTML, like Gecko) Version/7.0 Mobile/11A465 Safari/9537.53"
90-231-49-68-no27.tbcn.telia.com - - [23/Sep/2013:18:32:14 +0200] "GET /atmycasa/bloglovin.jpg HTTP/1.1" 200 19710 "http://atmycasa.blogspot.se/?m=1" "Mozilla/5.0 (iPhone; CPU iPhone OS 7_0 like Mac OS X) AppleWebKit/537.51.1 (KHTML, like Gecko) Version/7.0 Mobile/11A465 Safari/9537.53"
90-231-49-68-no27.tbcn.telia.com - - [23/Sep/2013:18:32:14 +0200] "GET /atmycasa/mejladress.jpg HTTP/1.1" 200 17337 "http://atmycasa.blogspot.se/?m=1" "Mozilla/5.0 (iPhone; CPU iPhone OS 7_0 like Mac OS X) AppleWebKit/537.51.1 (KHTML, like Gecko) Version/7.0 Mobile/11A465 Safari/9537.53"
crawl-66-249-78-155.googlebot.com - - [23/Sep/2013:18:32:18 +0200] "GET /latar/dafina-zeqiri-ft-ledri-vula/tonight.htm HTTP/1.1" 200 36896 "-" "Mozilla/5.0 (compatible; Googlebot/2.1; +http://www.google.com/bot.html)"
81-224-251-240-no149.tbcn.telia.com - - [23/Sep/2013:18:32:28 +0200] "GET /atmycasa/mejladress.jpg HTTP/1.1" 304 175 "http://atmycasa.blogspot.se/?m=1" "Mozilla/5.0 (iPhone; CPU iPhone OS 7_0 like Mac OS X) AppleWebKit/537.51.1 (KHTML, like Gecko) CriOS/30.0.1599.12 Mobile/11A465 Safari/8536.25"
81-224-251-240-no149.tbcn.telia.com - - [23/Sep/2013:18:32:28 +0200] "GET /atmycasa/bloglovin.jpg HTTP/1.1" 304 175 "http://atmycasa.blogspot.se/?m=1" "Mozilla/5.0 (iPhone; CPU iPhone OS 7_0 like Mac OS X) AppleWebKit/537.51.1 (KHTML, like Gecko) CriOS/30.0.1599.12 Mobile/11A465 Safari/8536.25"
81-224-251-240-no149.tbcn.telia.com - - [23/Sep/2013:18:32:28 +0200] "GET /atmycasa/instagram.jpg HTTP/1.1" 304 174 "http://atmycasa.blogspot.se/?m=1" "Mozilla/5.0 (iPhone; CPU iPhone OS 7_0 like Mac OS X) AppleWebKit/537.51.1 (KHTML, like Gecko) CriOS/30.0.1599.12 Mobile/11A465 Safari/8536.25"
81-224-251-240-no149.tbcn.telia.com - - [23/Sep/2013:18:32:41 +0200] "GET /atmycasa/mejladress.jpg HTTP/1.1" 304 175 "http://atmycasa.blogspot.se/?m=1" "Mozilla/5.0 (iPhone; CPU iPhone OS 7_0 like Mac OS X) AppleWebKit/537.51.1 (KHTML, like Gecko) CriOS/30.0.1599.12 Mobile/11A465 Safari/8536.25"
81-224-251-240-no149.tbcn.telia.com - - [23/Sep/2013:18:32:41 +0200] "GET /atmycasa/bloglovin.jpg HTTP/1.1" 304 175 "http://atmycasa.blogspot.se/?m=1" "Mozilla/5.0 (iPhone; CPU iPhone OS 7_0 like Mac OS X) AppleWebKit/537.51.1 (KHTML, like Gecko) CriOS/30.0.1599.12 Mobile/11A465 Safari/8536.25"
81-224-251-240-no149.tbcn.telia.com - - [23/Sep/2013:18:32:41 +0200] "GET /atmycasa/instagram.jpg HTTP/1.1" 304 175 "http://atmycasa.blogspot.se/?m=1" "Mozilla/5.0 (iPhone; CPU iPhone OS 7_0 like Mac OS X) AppleWebKit/537.51.1 (KHTML, like Gecko) CriOS/30.0.1599.12 Mobile/11A465 Safari/8536.25"
crawl-66-249-78-155.googlebot.com - - [23/Sep/2013:18:32:53 +0200] "GET /latar/moa-lignell/whatever-they-do.htm HTTP/1.1" 200 36882 "-" "Mozilla/5.0 (compatible; Googlebot/2.1; +http://www.google.com/bot.html)"
62-113-191-35.bb.dnainternet.fi - - [23/Sep/2013:18:34:01 +0200] "GET /atmycasa/mejladress.jpg HTTP/1.1" 200 17337 "http://atmycasa.blogspot.fi/" "Mozilla/5.0 (Macintosh; Intel Mac OS X 10_7_2) AppleWebKit/537.36 (KHTML, like Gecko) Chrome/29.0.1547.76 Safari/537.36"
62-113-191-35.bb.dnainternet.fi - - [23/Sep/2013:18:34:01 +0200] "GET /atmycasa/bloglovin.jpg HTTP/1.1" 200 19710 "http://atmycasa.blogspot.fi/" "Mozilla/5.0 (Macintosh; Intel Mac OS X 10_7_2) AppleWebKit/537.36 (KHTML, like Gecko) Chrome/29.0.1547.76 Safari/537.36"
62-113-191-35.bb.dnainternet.fi - - [23/Sep/2013:18:34:02 +0200] "GET /atmycasa/instagram.jpg HTTP/1.1" 200 18595 "http://atmycasa.blogspot.fi/" "Mozilla/5.0 (Macintosh; Intel Mac OS X 10_7_2) AppleWebKit/537.36 (KHTML, like Gecko) Chrome/29.0.1547.76 Safari/537.36"
crawl-66-249-78-155.googlebot.com - - [23/Sep/2013:18:36:11 +0200] "GET /latar/fabbe-fakers/det-luktar-guld-em.htm HTTP/1.1" 200 36888 "-" "Mozilla/5.0 (compatible; Googlebot/2.1; +http://www.google.com/bot.html)"
crawl-66-249-74-81.googlebot.com - - [23/Sep/2013:18:36:24 +0200] "GET /latar/avicii/two-million.htm HTTP/1.1" 200 36861 "-" "Mozilla/5.0 (compatible; Googlebot/2.1; +http://www.google.com/bot.html)"
crawl-66-249-78-155.googlebot.com - - [23/Sep/2013:18:36:44 +0200] "GET /latar/alina-devecerski/flytta-p-dig.htm HTTP/1.1" 200 36884 "-" "Mozilla/5.0 (compatible; Googlebot/2.1; +http://www.google.com/bot.html)"
crawl-66-249-78-155.googlebot.com - - [23/Sep/2013:18:37:05 +0200] "GET /latar/alina-devecerski/de-e-dark-nu.htm HTTP/1.1" 200 36884 "-" "Mozilla/5.0 (compatible; Googlebot/2.1; +http://www.google.com/bot.html)"
crawl-66-249-78-155.googlebot.com - - [23/Sep/2013:18:37:21 +0200] "GET /latar/kesha/crazy-kid.htm HTTP/1.1" 200 36856 "-" "Mozilla/5.0 (compatible; Googlebot/2.1; +http://www.google.com/bot.html)"
crawl-66-249-78-155.googlebot.com - - [23/Sep/2013:18:37:40 +0200] "GET /latar/mary-ndiaye/gosa.htm HTTP/1.1" 200 36858 "-" "Mozilla/5.0 (compatible; Googlebot/2.1; +http://www.google.com/bot.html)"
crawl-66-249-78-155.googlebot.com - - [23/Sep/2013:18:37:52 +0200] "GET /latar/the-bloody-beetroots-greta-svabo-bech/chronicles-of-a-fallen-love.htm HTTP/1.1" 200 36956 "-" "Mozilla/5.0 (compatible; Googlebot/2.1; +http://www.google.com/bot.html)"
109.58.165.194.bredband.tre.se - - [23/Sep/2013:18:38:16 +0200] "GET /atmycasa/bloglovin.jpg HTTP/1.1" 200 19710 "http://atmycasa.blogspot.se/" "Mozilla/5.0 (Macintosh; Intel Mac OS X 10_7_5) AppleWebKit/536.30.1 (KHTML, like Gecko) Version/6.0.5 Safari/536.30.1"
109.58.165.194.bredband.tre.se - - [23/Sep/2013:18:38:16 +0200] "GET /atmycasa/mejladress.jpg HTTP/1.1" 200 17337 "http://atmycasa.blogspot.se/" "Mozilla/5.0 (Macintosh; Intel Mac OS X 10_7_5) AppleWebKit/536.30.1 (KHTML, like Gecko) Version/6.0.5 Safari/536.30.1"
109.58.165.194.bredband.tre.se - - [23/Sep/2013:18:38:16 +0200] "GET /atmycasa/instagram.jpg HTTP/1.1" 200 18596 "http://atmycasa.blogspot.se/" "Mozilla/5.0 (Macintosh; Intel Mac OS X 10_7_5) AppleWebKit/536.30.1 (KHTML, like Gecko) Version/6.0.5 Safari/536.30.1"
81-233-178-89-no86.tbcn.telia.com - - [23/Sep/2013:18:38:21 +0200] "GET /atmycasa/bloglovin.jpg HTTP/1.1" 200 19710 "http://atmycasa.blogspot.se/" "Mozilla/4.0 (compatible; MSIE 8.0; Windows NT 6.1; WOW64; Trident/4.0; GTB7.5; SLCC2; .NET CLR 2.0.50727; .NET CLR 3.5.30729; .NET CLR 3.0.30729; Media Center PC 6.0; HPNTDF; .NET4.0C; BRI/2; AskTbORJ/5.15.25.36191)"
81-233-178-89-no86.tbcn.telia.com - - [23/Sep/2013:18:38:21 +0200] "GET /atmycasa/mejladress.jpg HTTP/1.1" 200 17337 "http://atmycasa.blogspot.se/" "Mozilla/4.0 (compatible; MSIE 8.0; Windows NT 6.1; WOW64; Trident/4.0; GTB7.5; SLCC2; .NET CLR 2.0.50727; .NET CLR 3.5.30729; .NET CLR 3.0.30729; Media Center PC 6.0; HPNTDF; .NET4.0C; BRI/2; AskTbORJ/5.15.25.36191)"
81-233-178-89-no86.tbcn.telia.com - - [23/Sep/2013:18:38:24 +0200] "GET /atmycasa/instagram.jpg HTTP/1.1" 200 18595 "http://atmycasa.blogspot.se/" "Mozilla/4.0 (compatible; MSIE 8.0; Windows NT 6.1; WOW64; Trident/4.0; GTB7.5; SLCC2; .NET CLR 2.0.50727; .NET CLR 3.5.30729; .NET CLR 3.0.30729; Media Center PC 6.0; HPNTDF; .NET4.0C; BRI/2; AskTbORJ/5.15.25.36191)"
81-232-23-40-no50.business.telia.com - - [23/Sep/2013:18:38:46 +0200] "GET /atmycasa/instagram.jpg HTTP/1.1" 200 18596 "http://atmycasa.blogspot.se/" "Mozilla/5.0 (iPad; CPU OS 6_1_3 like Mac OS X) AppleWebKit/536.26 (KHTML, like Gecko) Version/6.0 Mobile/10B329 Safari/8536.25"
81-232-23-40-no50.business.telia.com - - [23/Sep/2013:18:38:46 +0200] "GET /atmycasa/bloglovin.jpg HTTP/1.1" 200 19710 "http://atmycasa.blogspot.se/" "Mozilla/5.0 (iPad; CPU OS 6_1_3 like Mac OS X) AppleWebKit/536.26 (KHTML, like Gecko) Version/6.0 Mobile/10B329 Safari/8536.25"
81-232-23-40-no50.business.telia.com - - [23/Sep/2013:18:38:46 +0200] "GET /atmycasa/mejladress.jpg HTTP/1.1" 200 17337 "http://atmycasa.blogspot.se/" "Mozilla/5.0 (iPad; CPU OS 6_1_3 like Mac OS X) AppleWebKit/536.26 (KHTML, like Gecko) Version/6.0 Mobile/10B329 Safari/8536.25"
crawl-66-249-78-155.googlebot.com - - [23/Sep/2013:18:38:51 +0200] "GET /latar/loreen/crying-out-your-name.htm HTTP/1.1" 200 36880 "-" "Mozilla/5.0 (compatible; Googlebot/2.1; +http://www.google.com/bot.html)"
crawl-66-249-78-155.googlebot.com - - [23/Sep/2013:18:39:42 +0200] "GET /latar/ellie-goulding/figure-8.htm HTTP/1.1" 200 36872 "-" "Mozilla/5.0 (compatible; Googlebot/2.1; +http://www.google.com/bot.html)"
crawl-66-249-78-155.googlebot.com - - [23/Sep/2013:18:39:54 +0200] "GET /latar/dj-lbr-ida-corr/you-got-me-open.htm HTTP/1.1" 200 36888 "-" "Mozilla/5.0 (compatible; Googlebot/2.1; +http://www.google.com/bot.html)"
crawl-66-249-78-155.googlebot.com - - [23/Sep/2013:18:40:27 +0200] "GET /latar/one-republic-alesso/if-i-loose-myself.htm HTTP/1.1" 200 36899 "-" "Mozilla/5.0 (compatible; Googlebot/2.1; +http://www.google.com/bot.html)"
crawl-66-249-78-155.googlebot.com - - [23/Sep/2013:18:40:54 +0200] "GET /latar/dido/no-freedom.htm HTTP/1.1" 200 36856 "-" "Mozilla/5.0 (compatible; Googlebot/2.1; +http://www.google.com/bot.html)"
81-233-66-235-no120.tbcn.telia.com - - [23/Sep/2013:18:41:01 +0200] "GET /atmycasa/instagram.jpg HTTP/1.1" 200 18596 "http://atmycasa.blogspot.se/" "Mozilla/5.0 (iPad; CPU OS 6_1_3 like Mac OS X) AppleWebKit/536.26 (KHTML, like Gecko) Version/6.0 Mobile/10B329 Safari/8536.25"
81-233-66-235-no120.tbcn.telia.com - - [23/Sep/2013:18:41:01 +0200] "GET /atmycasa/bloglovin.jpg HTTP/1.1" 200 19710 "http://atmycasa.blogspot.se/" "Mozilla/5.0 (iPad; CPU OS 6_1_3 like Mac OS X) AppleWebKit/536.26 (KHTML, like Gecko) Version/6.0 Mobile/10B329 Safari/8536.25"
81-233-66-235-no120.tbcn.telia.com - - [23/Sep/2013:18:41:01 +0200] "GET /atmycasa/mejladress.jpg HTTP/1.1" 200 17337 "http://atmycasa.blogspot.se/" "Mozilla/5.0 (iPad; CPU OS 6_1_3 like Mac OS X) AppleWebKit/536.26 (KHTML, like Gecko) Version/6.0 Mobile/10B329 Safari/8536.25"
crawl-66-249-78-155.googlebot.com - - [23/Sep/2013:18:41:12 +0200] "GET /latar/feed-me-crystal-fighters/love-is-all-i-got.htm HTTP/1.1" 200 36905 "-" "Mozilla/5.0 (compatible; Googlebot/2.1; +http://www.google.com/bot.html)"
h185n2-b2-d4.ias.bredband.telia.com - - [23/Sep/2013:18:41:30 +0200] "GET /atmycasa/bloglovin.jpg HTTP/1.1" 200 19710 "http://atmycasa.blogspot.se/" "Mozilla/5.0 (iPad; CPU OS 7_0 like Mac OS X) AppleWebKit/537.51.1 (KHTML, like Gecko) Version/7.0 Mobile/11A465 Safari/9537.53"
h185n2-b2-d4.ias.bredband.telia.com - - [23/Sep/2013:18:41:30 +0200] "GET /atmycasa/mejladress.jpg HTTP/1.1" 200 17337 "http://atmycasa.blogspot.se/" "Mozilla/5.0 (iPad; CPU OS 7_0 like Mac OS X) AppleWebKit/537.51.1 (KHTML, like Gecko) Version/7.0 Mobile/11A465 Safari/9537.53"
213-66-23-100-no172.tbcn.telia.com - - [23/Sep/2013:18:41:32 +0200] "GET /atmycasa/bloglovin.jpg HTTP/1.1" 200 19710 "http://atmycasa.blogspot.se/?m=1" "Mozilla/5.0 (iPhone; CPU iPhone OS 6_1_3 like Mac OS X) AppleWebKit/536.26 (KHTML, like Gecko) Mobile/10B329 [FBAN/FBIOS;FBAV/6.4;FBBV/290891;FBDV/iPhone2,1;FBMD/iPhone;FBSN/iPhone OS;FBSV/6.1.3;FBSS/1; FBCR/Telenor;FBID/phone;FBLC/en_US;FBOP/1]"
213-66-23-100-no172.tbcn.telia.com - - [23/Sep/2013:18:41:32 +0200] "GET /atmycasa/mejladress.jpg HTTP/1.1" 200 17337 "http://atmycasa.blogspot.se/?m=1" "Mozilla/5.0 (iPhone; CPU iPhone OS 6_1_3 like Mac OS X) AppleWebKit/536.26 (KHTML, like Gecko) Mobile/10B329 [FBAN/FBIOS;FBAV/6.4;FBBV/290891;FBDV/iPhone2,1;FBMD/iPhone;FBSN/iPhone OS;FBSV/6.1.3;FBSS/1; FBCR/Telenor;FBID/phone;FBLC/en_US;FBOP/1]"
213-66-23-100-no172.tbcn.telia.com - - [23/Sep/2013:18:41:33 +0200] "GET /atmycasa/instagram.jpg HTTP/1.1" 200 18596 "http://atmycasa.blogspot.se/?m=1" "Mozilla/5.0 (iPhone; CPU iPhone OS 6_1_3 like Mac OS X) AppleWebKit/536.26 (KHTML, like Gecko) Mobile/10B329 [FBAN/FBIOS;FBAV/6.4;FBBV/290891;FBDV/iPhone2,1;FBMD/iPhone;FBSN/iPhone OS;FBSV/6.1.3;FBSS/1; FBCR/Telenor;FBID/phone;FBLC/en_US;FBOP/1]"
crawl-66-249-74-81.googlebot.com - - [23/Sep/2013:18:41:36 +0200] "GET /latar/byz-feat-kriss-robin-bengtsson/tjena-tjena-tjena.htm HTTP/1.1" 200 36921 "-" "Mozilla/5.0 (compatible; Googlebot/2.1; +http://www.google.com/bot.html)"
crawl-66-249-78-155.googlebot.com - - [23/Sep/2013:18:41:48 +0200] "GET /latar/mange-schmidt/inget-att-frlora.htm HTTP/1.1" 200 36881 "-" "Mozilla/5.0 (compatible; Googlebot/2.1; +http://www.google.com/bot.html)"
crawl-66-249-78-155.googlebot.com - - [23/Sep/2013:18:41:59 +0200] "GET /latar/neon-hitch/f-u-betta.htm HTTP/1.1" 200 36866 "-" "Mozilla/5.0 (compatible; Googlebot/2.1; +http://www.google.com/bot.html)"
c213-100-64-108.cust.tele2.se - - [23/Sep/2013:18:42:06 +0200] "GET /atmycasa/mejladress.jpg HTTP/1.1" 200 17337 "http://atmycasa.blogspot.se/" "Mozilla/5.0 (Windows NT 6.1) AppleWebKit/537.36 (KHTML, like Gecko) Chrome/29.0.1547.76 Safari/537.36"
c213-100-64-108.cust.tele2.se - - [23/Sep/2013:18:42:06 +0200] "GET /atmycasa/instagram.jpg HTTP/1.1" 200 18596 "http://atmycasa.blogspot.se/" "Mozilla/5.0 (Windows NT 6.1) AppleWebKit/537.36 (KHTML, like Gecko) Chrome/29.0.1547.76 Safari/537.36"
c213-100-64-108.cust.tele2.se - - [23/Sep/2013:18:42:06 +0200] "GET /atmycasa/bloglovin.jpg HTTP/1.1" 200 19710 "http://atmycasa.blogspot.se/" "Mozilla/5.0 (Windows NT 6.1) AppleWebKit/537.36 (KHTML, like Gecko) Chrome/29.0.1547.76 Safari/537.36"
crawl-66-249-78-155.googlebot.com - - [23/Sep/2013:18:42:26 +0200] "GET /latar/dj-tune-feat-orremannen/bag-in-da-box.htm HTTP/1.1" 200 36900 "-" "Mozilla/5.0 (compatible; Googlebot/2.1; +http://www.google.com/bot.html)"
90-231-73-233-no156.business.telia.com - - [23/Sep/2013:18:42:38 +0200] "GET /atmycasa/bloglovin.jpg HTTP/1.1" 200 19710 "http://atmycasa.blogspot.se/" "Mozilla/5.0 (compatible; MSIE 9.0; Windows NT 6.1; WOW64; Trident/5.0; MDDRJS)"
90-231-73-233-no156.business.telia.com - - [23/Sep/2013:18:42:38 +0200] "GET /atmycasa/mejladress.jpg HTTP/1.1" 200 17337 "http://atmycasa.blogspot.se/" "Mozilla/5.0 (compatible; MSIE 9.0; Windows NT 6.1; WOW64; Trident/5.0; MDDRJS)"
90-231-73-233-no156.business.telia.com - - [23/Sep/2013:18:42:38 +0200] "GET /atmycasa/instagram.jpg HTTP/1.1" 200 18596 "http://atmycasa.blogspot.se/" "Mozilla/5.0 (compatible; MSIE 9.0; Windows NT 6.1; WOW64; Trident/5.0; MDDRJS)"
crawl-66-249-78-155.googlebot.com - - [23/Sep/2013:18:42:42 +0200] "GET /latar/heidi-anne-feat-t-pain-rick-ross-lil-wayne-g-malone/when-the-sun-comes-up.htm HTTP/1.1" 200 36972 "-" "Mozilla/5.0 (compatible; Googlebot/2.1; +http://www.google.com/bot.html)"
crawl-66-249-78-155.googlebot.com - - [23/Sep/2013:18:42:55 +0200] "GET /latar/ellie-goulding/anything-could-happen.htm HTTP/1.1" 200 36898 "-" "Mozilla/5.0 (compatible; Googlebot/2.1; +http://www.google.com/bot.html)"
crawl-66-249-78-155.googlebot.com - - [23/Sep/2013:18:43:08 +0200] "GET /latar/rio-feat-nicco/party-shaker.htm HTTP/1.1" 200 36873 "-" "Mozilla/5.0 (compatible; Googlebot/2.1; +http://www.google.com/bot.html)"
crawl-66-249-78-155.googlebot.com - - [23/Sep/2013:18:43:29 +0200] "GET /latar/far-east-movement-flo-rida-samson/change-your-life.htm HTTP/1.1" 200 36921 "-" "Mozilla/5.0 (compatible; Googlebot/2.1; +http://www.google.com/bot.html)"
crawl-66-249-78-155.googlebot.com - - [23/Sep/2013:18:43:43 +0200] "GET /latar/loreen/euphoria.htm HTTP/1.1" 200 36856 "-" "Mozilla/5.0 (compatible; Googlebot/2.1; +http://www.google.com/bot.html)"
host-95-195-52-85.mobileonline.telia.com - - [23/Sep/2013:18:44:13 +0200] "GET /atmycasa/instagram.jpg HTTP/1.1" 200 18596 "http://atmycasa.blogspot.se/search?updated-max=2013-09-20T12:15:00%2B02:00&max-results=3" "Mozilla/5.0 (Linux; U; Android 4.0.4; sv-se; GT-P7500 Build/IMM76D) AppleWebKit/534.30 (KHTML, like Gecko) Version/4.0 Safari/534.30"
host-95-195-52-85.mobileonline.telia.com - - [23/Sep/2013:18:44:13 +0200] "GET /atmycasa/mejladress.jpg HTTP/1.1" 200 17337 "http://atmycasa.blogspot.se/search?updated-max=2013-09-20T12:15:00%2B02:00&max-results=3" "Mozilla/5.0 (Linux; U; Android 4.0.4; sv-se; GT-P7500 Build/IMM76D) AppleWebKit/534.30 (KHTML, like Gecko) Version/4.0 Safari/534.30"
crawl-66-249-78-155.googlebot.com - - [23/Sep/2013:18:44:16 +0200] "GET /latar/daft-punk/get-lucky.htm HTTP/1.1" 200 36864 "-" "Mozilla/5.0 (compatible; Googlebot/2.1; +http://www.google.com/bot.html)"
dhcp-077-248-065-084.chello.nl - - [23/Sep/2013:18:44:31 +0200] "GET /atmycasa/instagram.jpg HTTP/1.1" 200 18596 "http://atmycasa.blogspot.nl/2013/09/svensktsmormagi.html" "Mozilla/5.0 (compatible; MSIE 10.0; Windows NT 6.1; WOW64; Trident/6.0)"
dhcp-077-248-065-084.chello.nl - - [23/Sep/2013:18:44:31 +0200] "GET /atmycasa/mejladress.jpg HTTP/1.1" 200 17337 "http://atmycasa.blogspot.nl/2013/09/svensktsmormagi.html" "Mozilla/5.0 (compatible; MSIE 10.0; Windows NT 6.1; WOW64; Trident/6.0)"
dhcp-077-248-065-084.chello.nl - - [23/Sep/2013:18:44:31 +0200] "GET /atmycasa/bloglovin.jpg HTTP/1.1" 200 19710 "http://atmycasa.blogspot.nl/2013/09/svensktsmormagi.html" "Mozilla/5.0 (compatible; MSIE 10.0; Windows NT 6.1; WOW64; Trident/6.0)"
c-89-233-193-189.cust.bredband2.com - - [23/Sep/2013:18:44:34 +0200] "GET /atmycasa/mejladress.jpg HTTP/1.1" 200 17337 "http://atmycasa.blogspot.se/?m=1" "Mozilla/5.0 (iPhone; CPU iPhone OS 7_0 like Mac OS X) AppleWebKit/537.51.1 (KHTML, like Gecko) Version/7.0 Mobile/11A465 Safari/9537.53"
crawl-66-249-78-155.googlebot.com - - [23/Sep/2013:18:44:34 +0200] "GET /latar/timbuktu/flickan-och-krkan.htm HTTP/1.1" 200 36873 "-" "Mozilla/5.0 (compatible; Googlebot/2.1; +http://www.google.com/bot.html)"
c-89-233-193-189.cust.bredband2.com - - [23/Sep/2013:18:44:34 +0200] "GET /atmycasa/instagram.jpg HTTP/1.1" 200 18596 "http://atmycasa.blogspot.se/?m=1" "Mozilla/5.0 (iPhone; CPU iPhone OS 7_0 like Mac OS X) AppleWebKit/537.51.1 (KHTML, like Gecko) Version/7.0 Mobile/11A465 Safari/9537.53"
c-89-233-193-189.cust.bredband2.com - - [23/Sep/2013:18:44:34 +0200] "GET /atmycasa/bloglovin.jpg HTTP/1.1" 200 19710 "http://atmycasa.blogspot.se/?m=1" "Mozilla/5.0 (iPhone; CPU iPhone OS 7_0 like Mac OS X) AppleWebKit/537.51.1 (KHTML, like Gecko) Version/7.0 Mobile/11A465 Safari/9537.53"
crawl-66-249-78-155.googlebot.com - - [23/Sep/2013:18:45:06 +0200] "GET /latar/sebjak/follow-me.htm HTTP/1.1" 200 36858 "-" "Mozilla/5.0 (compatible; Googlebot/2.1; +http://www.google.com/bot.html)"
crawl-66-249-78-155.googlebot.com - - [23/Sep/2013:18:45:46 +0200] "GET /latar/krewella/alive-jakob-liedholm-remix.htm HTTP/1.1" 200 36896 "-" "Mozilla/5.0 (compatible; Googlebot/2.1; +http://www.google.com/bot.html)"
crawl-66-249-78-155.googlebot.com - - [23/Sep/2013:18:46:08 +0200] "GET /latar/the-offspring/cruising-california-bumpin-in-my-trunk.htm HTTP/1.1" 200 36930 "-" "Mozilla/5.0 (compatible; Googlebot/2.1; +http://www.google.com/bot.html)"
crawl-66-249-78-155.googlebot.com - - [23/Sep/2013:18:46:52 +0200] "GET /latar/dirty-south-alesso/city-of-dreams.htm HTTP/1.1" 200 36892 "-" "Mozilla/5.0 (compatible; Googlebot/2.1; +http://www.google.com/bot.html)"
crawl-66-249-78-155.googlebot.com - - [23/Sep/2013:18:47:33 +0200] "GET /latar/otto-knows-vs-dirty-south-skylar-grey/invisible-voices.htm HTTP/1.1" 200 36929 "-" "Mozilla/5.0 (compatible; Googlebot/2.1; +http://www.google.com/bot.html)"
c-d3ace655.711-1-64736c12.cust.bredbandsbolaget.se - - [23/Sep/2013:18:48:04 +0200] "GET /atmycasa/bloglovin.jpg HTTP/1.1" 200 19710 "http://atmycasa.blogspot.se/" "Mozilla/5.0 (Macintosh; Intel Mac OS X 10_8_4) AppleWebKit/536.30.1 (KHTML, like Gecko) Version/6.0.5 Safari/536.30.1"
c-d3ace655.711-1-64736c12.cust.bredbandsbolaget.se - - [23/Sep/2013:18:48:29 +0200] "GET /atmycasa/mejladress.jpg HTTP/1.1" 200 17337 "http://atmycasa.blogspot.se/" "Mozilla/5.0 (Macintosh; Intel Mac OS X 10_8_4) AppleWebKit/536.30.1 (KHTML, like Gecko) Version/6.0.5 Safari/536.30.1"
c-d3ace655.711-1-64736c12.cust.bredbandsbolaget.se - - [23/Sep/2013:18:48:29 +0200] "GET /atmycasa/instagram.jpg HTTP/1.1" 200 18596 "http://atmycasa.blogspot.se/" "Mozilla/5.0 (Macintosh; Intel Mac OS X 10_8_4) AppleWebKit/536.30.1 (KHTML, like Gecko) Version/6.0.5 Safari/536.30.1"
crawl-66-249-78-155.googlebot.com - - [23/Sep/2013:18:48:33 +0200] "GET /latar/avicii/wake-me-up.htm HTTP/1.1" 200 36860 "-" "Mozilla/5.0 (compatible; Googlebot/2.1; +http://www.google.com/bot.html)"
c83-250-109-70.bredband.comhem.se - - [23/Sep/2013:18:48:42 +0200] "GET /atmycasa/instagram.jpg HTTP/1.1" 304 175 "http://atmycasa.blogspot.se/" "Mozilla/5.0 (iPad; CPU OS 6_1_3 like Mac OS X) AppleWebKit/536.26 (KHTML, like Gecko) Version/6.0 Mobile/10B329 Safari/8536.25"
c83-250-109-70.bredband.comhem.se - - [23/Sep/2013:18:48:42 +0200] "GET /atmycasa/bloglovin.jpg HTTP/1.1" 304 175 "http://atmycasa.blogspot.se/" "Mozilla/5.0 (iPad; CPU OS 6_1_3 like Mac OS X) AppleWebKit/536.26 (KHTML, like Gecko) Version/6.0 Mobile/10B329 Safari/8536.25"
crawl-66-249-78-155.googlebot.com - - [23/Sep/2013:18:48:47 +0200] "GET /latar/the-lumineers/ho-hey.htm HTTP/1.1" 200 36866 "-" "Mozilla/5.0 (compatible; Googlebot/2.1; +http://www.google.com/bot.html)"
HSI-KBW-134-3-43-83.hsi14.kabel-badenwuerttemberg.de - - [23/Sep/2013:18:49:18 +0200] "GET /atmycasa/mejladress.jpg HTTP/1.1" 200 17337 "http://atmycasa.blogspot.de/" "Mozilla/5.0 (Windows NT 6.1; WOW64; rv:23.0) Gecko/20100101 Firefox/23.0"
HSI-KBW-134-3-43-83.hsi14.kabel-badenwuerttemberg.de - - [23/Sep/2013:18:49:18 +0200] "GET /atmycasa/instagram.jpg HTTP/1.1" 200 18596 "http://atmycasa.blogspot.de/" "Mozilla/5.0 (Windows NT 6.1; WOW64; rv:23.0) Gecko/20100101 Firefox/23.0"
HSI-KBW-134-3-43-83.hsi14.kabel-badenwuerttemberg.de - - [23/Sep/2013:18:49:18 +0200] "GET /atmycasa/bloglovin.jpg HTTP/1.1" 200 19710 "http://atmycasa.blogspot.de/" "Mozilla/5.0 (Windows NT 6.1; WOW64; rv:23.0) Gecko/20100101 Firefox/23.0"
crawl-66-249-78-155.googlebot.com - - [23/Sep/2013:18:49:26 +0200] "GET /latar/inna/more-than-friends.htm HTTP/1.1" 200 36869 "-" "Mozilla/5.0 (compatible; Googlebot/2.1; +http://www.google.com/bot.html)"
crawl-66-249-78-155.googlebot.com - - [23/Sep/2013:18:49:46 +0200] "GET /latar/strax/den-hr-gngen.htm HTTP/1.1" 200 36857 "-" "Mozilla/5.0 (compatible; Googlebot/2.1; +http://www.google.com/bot.html)"
crawl-66-249-78-155.googlebot.com - - [23/Sep/2013:18:50:13 +0200] "GET /latar/martin-solveig/hey-now.htm HTTP/1.1" 200 36865 "-" "Mozilla/5.0 (compatible; Googlebot/2.1; +http://www.google.com/bot.html)"
crawl-66-249-78-155.googlebot.com - - [23/Sep/2013:18:50:45 +0200] "GET /latar/flo-rida/whistle.htm HTTP/1.1" 200 36858 "-" "Mozilla/5.0 (compatible; Googlebot/2.1; +http://www.google.com/bot.html)"
crawl-66-249-78-155.googlebot.com - - [23/Sep/2013:18:52:08 +0200] "GET /latar/norlie-kkv/vi-klarar-oss-till-vren-med-albin-gromer.htm HTTP/1.1" 200 36928 "-" "Mozilla/5.0 (compatible; Googlebot/2.1; +http://www.google.com/bot.html)"
217-211-244-104-no78.tbcn.telia.com - - [23/Sep/2013:18:52:18 +0200] "GET /atmycasa/mejladress.jpg HTTP/1.1" 200 17337 "http://atmycasa.blogspot.se/" "Mozilla/5.0 (compatible; MSIE 10.0; Windows NT 6.2; WOW64; Trident/6.0; MAARJS)"
217-211-244-104-no78.tbcn.telia.com - - [23/Sep/2013:18:52:18 +0200] "GET /atmycasa/bloglovin.jpg HTTP/1.1" 200 19710 "http://atmycasa.blogspot.se/" "Mozilla/5.0 (compatible; MSIE 10.0; Windows NT 6.2; WOW64; Trident/6.0; MAARJS)"
217-211-244-104-no78.tbcn.telia.com - - [23/Sep/2013:18:52:18 +0200] "GET /atmycasa/instagram.jpg HTTP/1.1" 200 18596 "http://atmycasa.blogspot.se/" "Mozilla/5.0 (compatible; MSIE 10.0; Windows NT 6.2; WOW64; Trident/6.0; MAARJS)"
crawl-66-249-78-155.googlebot.com - - [23/Sep/2013:18:52:54 +0200] "GET /latar/deadmau5-ft-gerard-way/professional-griefers.htm HTTP/1.1" 200 36914 "-" "Mozilla/5.0 (compatible; Googlebot/2.1; +http://www.google.com/bot.html)"
crawl-66-249-78-155.googlebot.com - - [23/Sep/2013:18:53:11 +0200] "GET /latar/lorentz-m-sakarias/mayhem.htm HTTP/1.1" 200 36876 "-" "Mozilla/5.0 (compatible; Googlebot/2.1; +http://www.google.com/bot.html)"
crawl-66-249-78-155.googlebot.com - - [23/Sep/2013:18:53:24 +0200] "GET /latar/calvin-harris/well-be-coming-back-ft-example.htm HTTP/1.1" 200 36914 "-" "Mozilla/5.0 (compatible; Googlebot/2.1; +http://www.google.com/bot.html)"
crawl-66-249-78-155.googlebot.com - - [23/Sep/2013:18:53:43 +0200] "GET /latar/pulver/kuk-i-hatt.htm HTTP/1.1" 200 36860 "-" "Mozilla/5.0 (compatible; Googlebot/2.1; +http://www.google.com/bot.html)"
62-20-129-110-no40.tbcn.telia.com - - [23/Sep/2013:18:53:49 +0200] "GET /atmycasa/mejladress.jpg HTTP/1.1" 200 17337 "http://atmycasa.blogspot.se/2012/09/kokshyllor.html" "Mozilla/5.0 (compatible; MSIE 10.0; Windows NT 6.1; WOW64; Trident/6.0)"
62-20-129-110-no40.tbcn.telia.com - - [23/Sep/2013:18:53:49 +0200] "GET /atmycasa/instagram.jpg HTTP/1.1" 200 18596 "http://atmycasa.blogspot.se/2012/09/kokshyllor.html" "Mozilla/5.0 (compatible; MSIE 10.0; Windows NT 6.1; WOW64; Trident/6.0)"
62-20-129-110-no40.tbcn.telia.com - - [23/Sep/2013:18:53:49 +0200] "GET /atmycasa/bloglovin.jpg HTTP/1.1" 200 19710 "http://atmycasa.blogspot.se/2012/09/kokshyllor.html" "Mozilla/5.0 (compatible; MSIE 10.0; Windows NT 6.1; WOW64; Trident/6.0)"
crawl-66-249-78-155.googlebot.com - - [23/Sep/2013:18:53:56 +0200] "GET /latar/castor/jag-kan-inte-tro-att-det-r-sant.htm HTTP/1.1" 200 36897 "-" "Mozilla/5.0 (compatible; Googlebot/2.1; +http://www.google.com/bot.html)"
m83-189-175-188.cust.tele2.se - - [23/Sep/2013:18:54:06 +0200] "GET /atmycasa/mejladress.jpg HTTP/1.1" 200 17337 "http://atmycasa.blogspot.se/?m=1" "Mozilla/5.0 (iPhone; CPU iPhone OS 6_1_4 like Mac OS X) AppleWebKit/536.26 (KHTML, like Gecko) Version/6.0 Mobile/10B350 Safari/8536.25"
m83-189-175-188.cust.tele2.se - - [23/Sep/2013:18:54:06 +0200] "GET /atmycasa/instagram.jpg HTTP/1.1" 200 18596 "http://atmycasa.blogspot.se/?m=1" "Mozilla/5.0 (iPhone; CPU iPhone OS 6_1_4 like Mac OS X) AppleWebKit/536.26 (KHTML, like Gecko) Version/6.0 Mobile/10B350 Safari/8536.25"
m83-189-175-188.cust.tele2.se - - [23/Sep/2013:18:54:06 +0200] "GET /atmycasa/bloglovin.jpg HTTP/1.1" 200 19710 "http://atmycasa.blogspot.se/?m=1" "Mozilla/5.0 (iPhone; CPU iPhone OS 6_1_4 like Mac OS X) AppleWebKit/536.26 (KHTML, like Gecko) Version/6.0 Mobile/10B350 Safari/8536.25"
crawl-66-249-78-155.googlebot.com - - [23/Sep/2013:18:54:12 +0200] "GET /latar/matchbox-twenty/shes-so-mean-mysto-pizzi-remix.htm HTTP/1.1" 200 36913 "-" "Mozilla/5.0 (compatible; Googlebot/2.1; +http://www.google.com/bot.html)"
crawl-66-249-78-155.googlebot.com - - [23/Sep/2013:18:54:51 +0200] "GET /latar/edward-maya/stereo-love.htm HTTP/1.1" 200 36872 "-" "Mozilla/5.0 (compatible; Googlebot/2.1; +http://www.google.com/bot.html)"
m37-197-254-41.cust.tele2.se - - [23/Sep/2013:18:55:32 +0200] "GET /atmycasa/instagram.jpg HTTP/1.1" 200 18596 "http://atmycasa.blogspot.se/" "Mozilla/5.0 (iPad; CPU OS 6_1_3 like Mac OS X) AppleWebKit/536.26 (KHTML, like Gecko) Version/6.0 Mobile/10B329 Safari/8536.25"
m37-197-254-41.cust.tele2.se - - [23/Sep/2013:18:55:32 +0200] "GET /atmycasa/bloglovin.jpg HTTP/1.1" 200 19710 "http://atmycasa.blogspot.se/" "Mozilla/5.0 (iPad; CPU OS 6_1_3 like Mac OS X) AppleWebKit/536.26 (KHTML, like Gecko) Version/6.0 Mobile/10B329 Safari/8536.25"
m37-197-254-41.cust.tele2.se - - [23/Sep/2013:18:55:32 +0200] "GET /atmycasa/mejladress.jpg HTTP/1.1" 200 17337 "http://atmycasa.blogspot.se/" "Mozilla/5.0 (iPad; CPU OS 6_1_3 like Mac OS X) AppleWebKit/536.26 (KHTML, like Gecko) Version/6.0 Mobile/10B329 Safari/8536.25"
crawl-66-249-78-155.googlebot.com - - [23/Sep/2013:18:55:36 +0200] "GET /latar/yolanda-be-cool-vrs-dcup/we-no-speak-americano.htm HTTP/1.1" 200 36917 "-" "Mozilla/5.0 (compatible; Googlebot/2.1; +http://www.google.com/bot.html)"
crawl-66-249-78-155.googlebot.com - - [23/Sep/2013:18:55:59 +0200] "GET /latar/miguel-such/feel-love.htm HTTP/1.1" 200 36868 "-" "Mozilla/5.0 (compatible; Googlebot/2.1; +http://www.google.com/bot.html)"
crawl-66-249-78-155.googlebot.com - - [23/Sep/2013:18:56:36 +0200] "GET /latar/brderna-katz/min-handduk.htm HTTP/1.1" 200 36874 "-" "Mozilla/5.0 (compatible; Googlebot/2.1; +http://www.google.com/bot.html)"
crawl-66-249-78-155.googlebot.com - - [23/Sep/2013:18:56:56 +0200] "GET /latar/sonia-madoc/bienvenido-a-la-fiesta.htm HTTP/1.1" 200 36889 "-" "Mozilla/5.0 (compatible; Googlebot/2.1; +http://www.google.com/bot.html)"
crawl-66-249-78-155.googlebot.com - - [23/Sep/2013:18:57:11 +0200] "GET /latar/neverstore/vi-mot-vrlden-officiella-em-laten.htm HTTP/1.1" 200 36914 "-" "Mozilla/5.0 (compatible; Googlebot/2.1; +http://www.google.com/bot.html)"
crawl-66-249-78-155.googlebot.com - - [23/Sep/2013:18:57:30 +0200] "GET /latar/rasmus-faber-och-sykensugarstarr/we-go-oh.htm HTTP/1.1" 200 36908 "-" "Mozilla/5.0 (compatible; Googlebot/2.1; +http://www.google.com/bot.html)"
spider-37-140-141-6.yandex.com - - [23/Sep/2013:18:57:44 +0200] "GET /robots.txt HTTP/1.1" 200 302 "-" "Mozilla/5.0 (compatible; YandexBot/3.0; +http://yandex.com/bots)"
spider-37-140-141-6.yandex.com - - [23/Sep/2013:18:57:46 +0200] "GET /atmycasa/mejladress.jpg HTTP/1.1" 304 174 "-" "Mozilla/5.0 (compatible; YandexImages/3.0; +http://yandex.com/bots)"
crawl-66-249-78-155.googlebot.com - - [23/Sep/2013:18:58:02 +0200] "GET /latar/elov-vs-mack/din-javla-bitch.htm HTTP/1.1" 200 36882 "-" "Mozilla/5.0 (compatible; Googlebot/2.1; +http://www.google.com/bot.html)"
crawl-66-249-78-155.googlebot.com - - [23/Sep/2013:18:58:23 +0200] "GET /latar/ankerstjerne/nattog.htm HTTP/1.1" 200 36864 "-" "Mozilla/5.0 (compatible; Googlebot/2.1; +http://www.google.com/bot.html)"
crawl-66-249-78-155.googlebot.com - - [23/Sep/2013:18:58:37 +0200] "GET /latar/oceana/endless-summer.htm HTTP/1.1" 200 36868 "-" "Mozilla/5.0 (compatible; Googlebot/2.1; +http://www.google.com/bot.html)"
c-36cae253.19-1-64736c12.cust.bredbandsbolaget.se - - [23/Sep/2013:18:58:47 +0200] "GET /atmycasa/instagram.jpg HTTP/1.1" 200 18596 "http://atmycasa.blogspot.se/" "Mozilla/5.0 (iPad; CPU OS 7_0 like Mac OS X) AppleWebKit/537.51.1 (KHTML, like Gecko) Mobile/11A465 [FBAN/FBIOS;FBAV/6.5;FBBV/362526;FBDV/iPad3,4;FBMD/iPad;FBSN/iPhone OS;FBSV/7.0;FBSS/2; FBCR/;FBID/tablet;FBLC/sv_SE;FBOP/1]"
c-36cae253.19-1-64736c12.cust.bredbandsbolaget.se - - [23/Sep/2013:18:58:47 +0200] "GET /atmycasa/bloglovin.jpg HTTP/1.1" 200 19710 "http://atmycasa.blogspot.se/" "Mozilla/5.0 (iPad; CPU OS 7_0 like Mac OS X) AppleWebKit/537.51.1 (KHTML, like Gecko) Mobile/11A465 [FBAN/FBIOS;FBAV/6.5;FBBV/362526;FBDV/iPad3,4;FBMD/iPad;FBSN/iPhone OS;FBSV/7.0;FBSS/2; FBCR/;FBID/tablet;FBLC/sv_SE;FBOP/1]"
c-36cae253.19-1-64736c12.cust.bredbandsbolaget.se - - [23/Sep/2013:18:58:47 +0200] "GET /atmycasa/mejladress.jpg HTTP/1.1" 200 17337 "http://atmycasa.blogspot.se/" "Mozilla/5.0 (iPad; CPU OS 7_0 like Mac OS X) AppleWebKit/537.51.1 (KHTML, like Gecko) Mobile/11A465 [FBAN/FBIOS;FBAV/6.5;FBBV/362526;FBDV/iPad3,4;FBMD/iPad;FBSN/iPhone OS;FBSV/7.0;FBSS/2; FBCR/;FBID/tablet;FBLC/sv_SE;FBOP/1]"
crawl-66-249-78-155.googlebot.com - - [23/Sep/2013:18:58:55 +0200] "GET /latar/ansiktet/ckligt.htm HTTP/1.1" 200 36856 "-" "Mozilla/5.0 (compatible; Googlebot/2.1; +http://www.google.com/bot.html)"
h-9-9.a268.priv.bahnhof.se - - [23/Sep/2013:18:58:58 +0200] "GET /atmycasa/mejladress.jpg HTTP/1.1" 200 17337 "http://atmycasa.blogspot.se/" "Mozilla/5.0 (Linux; U; Android 4.2.2; sv-se; GT-P5210 Build/JDQ39) AppleWebKit/534.30 (KHTML, like Gecko) Version/4.0 Safari/534.30"
h-9-9.a268.priv.bahnhof.se - - [23/Sep/2013:18:58:58 +0200] "GET /atmycasa/bloglovin.jpg HTTP/1.1" 200 19710 "http://atmycasa.blogspot.se/" "Mozilla/5.0 (Linux; U; Android 4.2.2; sv-se; GT-P5210 Build/JDQ39) AppleWebKit/534.30 (KHTML, like Gecko) Version/4.0 Safari/534.30"
h-9-9.a268.priv.bahnhof.se - - [23/Sep/2013:18:58:58 +0200] "GET /atmycasa/instagram.jpg HTTP/1.1" 200 18596 "http://atmycasa.blogspot.se/" "Mozilla/5.0 (Linux; U; Android 4.2.2; sv-se; GT-P5210 Build/JDQ39) AppleWebKit/534.30 (KHTML, like Gecko) Version/4.0 Safari/534.30"
crawl-66-249-78-155.googlebot.com - - [23/Sep/2013:18:59:08 +0200] "GET /latar/neverstore/vi-mot-vrlden.htm HTTP/1.1" 200 36874 "-" "Mozilla/5.0 (compatible; Googlebot/2.1; +http://www.google.com/bot.html)"
crawl-66-249-78-155.googlebot.com - - [23/Sep/2013:18:59:51 +0200] "GET /latar/pitbull-ft-shakira/get-it-started.htm HTTP/1.1" 200 36892 "-" "Mozilla/5.0 (compatible; Googlebot/2.1; +http://www.google.com/bot.html)"
h80n6-vrr-a32.ias.bredband.telia.com - - [23/Sep/2013:18:59:53 +0200] "GET /atmycasa/mejladress.jpg HTTP/1.1" 200 17337 "http://atmycasa.blogspot.se/" "Mozilla/5.0 (Windows NT 6.1; WOW64) AppleWebKit/537.36 (KHTML, like Gecko) Chrome/27.0.1453.94 Safari/537.36"
h80n6-vrr-a32.ias.bredband.telia.com - - [23/Sep/2013:18:59:53 +0200] "GET /atmycasa/bloglovin.jpg HTTP/1.1" 200 19710 "http://atmycasa.blogspot.se/" "Mozilla/5.0 (Windows NT 6.1; WOW64) AppleWebKit/537.36 (KHTML, like Gecko) Chrome/27.0.1453.94 Safari/537.36"
h80n6-vrr-a32.ias.bredband.telia.com - - [23/Sep/2013:18:59:53 +0200] "GET /atmycasa/instagram.jpg HTTP/1.1" 200 18596 "http://atmycasa.blogspot.se/" "Mozilla/5.0 (Windows NT 6.1; WOW64) AppleWebKit/537.36 (KHTML, like Gecko) Chrome/27.0.1453.94 Safari/537.36"
