213-66-249-73-no235.tbcn.telia.com - - [23/Sep/2013:13:00:46 +0200] "GET /atmycasa/mejladress.jpg HTTP/1.1" 200 17337 "http://atmycasa.blogspot.se/" "Mozilla/5.0 (Windows NT 6.1; WOW64) AppleWebKit/537.36 (KHTML, like Gecko) Chrome/29.0.1547.76 Safari/537.36"
213-66-249-73-no235.tbcn.telia.com - - [23/Sep/2013:13:00:46 +0200] "GET /atmycasa/bloglovin.jpg HTTP/1.1" 200 19710 "http://atmycasa.blogspot.se/" "Mozilla/5.0 (Windows NT 6.1; WOW64) AppleWebKit/537.36 (KHTML, like Gecko) Chrome/29.0.1547.76 Safari/537.36"
213-66-249-73-no235.tbcn.telia.com - - [23/Sep/2013:13:00:46 +0200] "GET /atmycasa/instagram.jpg HTTP/1.1" 200 18596 "http://atmycasa.blogspot.se/" "Mozilla/5.0 (Windows NT 6.1; WOW64) AppleWebKit/537.36 (KHTML, like Gecko) Chrome/29.0.1547.76 Safari/537.36"
c-5eeaaab4-74736162.cust.telenor.se - - [23/Sep/2013:13:01:00 +0200] "GET /atmycasa/bloglovin.jpg HTTP/1.1" 304 175 "http://atmycasa.blogspot.se/?m=1" "Mozilla/5.0 (iPhone; CPU iPhone OS 7_0 like Mac OS X) AppleWebKit/537.51.1 (KHTML, like Gecko) Version/7.0 Mobile/11A465 Safari/9537.53"
c-5eeaaab4-74736162.cust.telenor.se - - [23/Sep/2013:13:01:00 +0200] "GET /atmycasa/instagram.jpg HTTP/1.1" 304 175 "http://atmycasa.blogspot.se/?m=1" "Mozilla/5.0 (iPhone; CPU iPhone OS 7_0 like Mac OS X) AppleWebKit/537.51.1 (KHTML, like Gecko) Version/7.0 Mobile/11A465 Safari/9537.53"
78-73-36-22-no191.tbcn.telia.com - - [23/Sep/2013:13:04:10 +0200] "GET /atmycasa/bloglovin.jpg HTTP/1.1" 200 19710 "https://www.google.se/" "Mozilla/5.0 (iPhone; CPU iPhone OS 6_1_3 like Mac OS X) AppleWebKit/536.26 (KHTML, like Gecko) Version/6.0 Mobile/10B329 Safari/8536.25"
www.whois.sc - - [23/Sep/2013:13:05:54 +0200] "GET /robots.txt HTTP/1.0" 200 264 "-" "Mozilla/5.0 (Windows; U; Windows NT 5.1; en; rv:1.9.0.13) Gecko/2009073022 Firefox/3.5.2 (.NET CLR 3.5.30729) SurveyBot/2.3 (DomainTools)"
www.whois.sc - - [23/Sep/2013:13:05:54 +0200] "GET / HTTP/1.1" 200 4719 "http://whois.domaintools.com/myrberginnovation.se" "Mozilla/5.0 (Windows; U; Windows NT 5.1; en; rv:1.9.0.13) Gecko/2009073022 Firefox/3.5.2 (.NET CLR 3.5.30729) SurveyBot/2.3 (DomainTools)"
c-591a72d5.91-103-64736c10.cust.bredbandsbolaget.se - - [23/Sep/2013:13:06:32 +0200] "GET /atmycasa/mejladress.jpg HTTP/1.1" 200 17337 "http://atmycasa.blogspot.se/" "Mozilla/5.0 (Windows NT 6.1; WOW64; rv:23.0) Gecko/20100101 Firefox/23.0"
c-591a72d5.91-103-64736c10.cust.bredbandsbolaget.se - - [23/Sep/2013:13:06:32 +0200] "GET /atmycasa/instagram.jpg HTTP/1.1" 200 18596 "http://atmycasa.blogspot.se/" "Mozilla/5.0 (Windows NT 6.1; WOW64; rv:23.0) Gecko/20100101 Firefox/23.0"
c-591a72d5.91-103-64736c10.cust.bredbandsbolaget.se - - [23/Sep/2013:13:06:32 +0200] "GET /atmycasa/bloglovin.jpg HTTP/1.1" 200 19710 "http://atmycasa.blogspot.se/" "Mozilla/5.0 (Windows NT 6.1; WOW64; rv:23.0) Gecko/20100101 Firefox/23.0"
161.52.135.11 - - [23/Sep/2013:13:07:20 +0200] "GET /atmycasa/mejladress.jpg HTTP/1.1" 200 17337 "http://atmycasa.blogspot.se/" "Mozilla/5.0 (compatible; MSIE 9.0; Windows NT 6.1; Trident/5.0)"
161.52.135.11 - - [23/Sep/2013:13:07:20 +0200] "GET /atmycasa/instagram.jpg HTTP/1.1" 200 18596 "http://atmycasa.blogspot.se/" "Mozilla/5.0 (compatible; MSIE 9.0; Windows NT 6.1; Trident/5.0)"
161.52.135.11 - - [23/Sep/2013:13:07:20 +0200] "GET /atmycasa/bloglovin.jpg HTTP/1.1" 200 19710 "http://atmycasa.blogspot.se/" "Mozilla/5.0 (compatible; MSIE 9.0; Windows NT 6.1; Trident/5.0)"
81-233-215-251-no91.tbcn.telia.com - - [23/Sep/2013:13:07:25 +0200] "GET /atmycasa/bloglovin.jpg HTTP/1.1" 304 175 "http://atmycasa.blogspot.se/" "Mozilla/5.0 (compatible; MSIE 10.0; Windows NT 6.1; WOW64; Trident/6.0)"
81-233-215-251-no91.tbcn.telia.com - - [23/Sep/2013:13:07:25 +0200] "GET /atmycasa/instagram.jpg HTTP/1.1" 304 175 "http://atmycasa.blogspot.se/" "Mozilla/5.0 (compatible; MSIE 10.0; Windows NT 6.1; WOW64; Trident/6.0)"
c-69-255-44-197.hsd1.va.comcast.net - - [23/Sep/2013:13:08:27 +0200] "GET /atmycasa/mejladress.jpg HTTP/1.1" 200 17337 "http://atmycasa.blogspot.se/" "Mozilla/5.0 (Macintosh; Intel Mac OS X 10.8; rv:23.0) Gecko/20100101 Firefox/23.0"
c-69-255-44-197.hsd1.va.comcast.net - - [23/Sep/2013:13:08:27 +0200] "GET /atmycasa/bloglovin.jpg HTTP/1.1" 200 19710 "http://atmycasa.blogspot.se/" "Mozilla/5.0 (Macintosh; Intel Mac OS X 10.8; rv:23.0) Gecko/20100101 Firefox/23.0"
c-69-255-44-197.hsd1.va.comcast.net - - [23/Sep/2013:13:08:27 +0200] "GET /atmycasa/instagram.jpg HTTP/1.1" 200 18596 "http://atmycasa.blogspot.se/" "Mozilla/5.0 (Macintosh; Intel Mac OS X 10.8; rv:23.0) Gecko/20100101 Firefox/23.0"
78-73-36-22-no191.tbcn.telia.com - - [23/Sep/2013:13:08:28 +0200] "GET /atmycasa/instagram.jpg HTTP/1.1" 200 18596 "https://www.google.se/" "Mozilla/5.0 (iPhone; CPU iPhone OS 6_1_3 like Mac OS X) AppleWebKit/536.26 (KHTML, like Gecko) Version/6.0 Mobile/10B329 Safari/8536.25"
spider-37-140-141-6.yandex.com - - [23/Sep/2013:13:08:33 +0200] "GET /avsnitt/slashat-se/slashatse-168---mii-and-u.htm HTTP/1.1" 200 37107 "-" "Mozilla/5.0 (compatible; YandexBot/3.0; +http://yandex.com/bots)"
h83-209-53-228.dynamic.se.alltele.net - - [23/Sep/2013:13:09:24 +0200] "GET /atmycasa/mejladress.jpg HTTP/1.1" 200 17337 "http://atmycasa.blogspot.se/?m=1" "Mozilla/5.0 (Linux; U; Android 2.3.5; sv-se; HTC Desire S Build/GRJ90) AppleWebKit/533.1 (KHTML, like Gecko) Version/4.0 Mobile Safari/533.1"
h83-209-53-228.dynamic.se.alltele.net - - [23/Sep/2013:13:09:26 +0200] "GET /atmycasa/bloglovin.jpg HTTP/1.1" 200 19709 "http://atmycasa.blogspot.se/?m=1" "Mozilla/5.0 (Linux; U; Android 2.3.5; sv-se; HTC Desire S Build/GRJ90) AppleWebKit/533.1 (KHTML, like Gecko) Version/4.0 Mobile Safari/533.1"
h83-209-53-228.dynamic.se.alltele.net - - [23/Sep/2013:13:09:26 +0200] "GET /atmycasa/instagram.jpg HTTP/1.1" 200 18596 "http://atmycasa.blogspot.se/?m=1" "Mozilla/5.0 (Linux; U; Android 2.3.5; sv-se; HTC Desire S Build/GRJ90) AppleWebKit/533.1 (KHTML, like Gecko) Version/4.0 Mobile Safari/533.1"
62.63.210.132 - - [23/Sep/2013:13:10:00 +0200] "GET /atmycasa/bloglovin.jpg HTTP/1.1" 304 175 "http://atmycasa.blogspot.se/" "Mozilla/5.0 (compatible; MSIE 10.0; Windows NT 6.1; WOW64; Trident/6.0)"
62.63.210.132 - - [23/Sep/2013:13:10:00 +0200] "GET /atmycasa/mejladress.jpg HTTP/1.1" 304 175 "http://atmycasa.blogspot.se/" "Mozilla/5.0 (compatible; MSIE 10.0; Windows NT 6.1; WOW64; Trident/6.0)"
62.63.210.132 - - [23/Sep/2013:13:10:00 +0200] "GET /atmycasa/instagram.jpg HTTP/1.1" 304 175 "http://atmycasa.blogspot.se/" "Mozilla/5.0 (compatible; MSIE 10.0; Windows NT 6.1; WOW64; Trident/6.0)"
msnbot-157-55-32-189.search.msn.com - - [23/Sep/2013:13:11:21 +0200] "GET /robots.txt HTTP/1.1" 200 302 "-" "Mozilla/5.0 (compatible; bingbot/2.0; +http://www.bing.com/bingbot.htm)"
fw.mrfylke.no - - [23/Sep/2013:13:12:17 +0200] "GET /atmycasa/instagram.jpg HTTP/1.1" 304 175 "http://atmycasa.blogspot.no/" "Mozilla/5.0 (compatible; MSIE 9.0; Windows NT 6.1; WOW64; Trident/5.0)"
fw.mrfylke.no - - [23/Sep/2013:13:12:17 +0200] "GET /atmycasa/bloglovin.jpg HTTP/1.1" 304 175 "http://atmycasa.blogspot.no/" "Mozilla/5.0 (compatible; MSIE 9.0; Windows NT 6.1; WOW64; Trident/5.0)"
5-44-192-76.customer.universal.se - - [23/Sep/2013:13:13:35 +0200] "GET /atmycasa/bloglovin.jpg HTTP/1.1" 304 175 "http://atmycasa.blogspot.se/" "Mozilla/5.0 (Windows NT 6.2; WOW64) AppleWebKit/537.36 (KHTML, like Gecko) Chrome/29.0.1547.76 Safari/537.36"
5-44-192-76.customer.universal.se - - [23/Sep/2013:13:13:35 +0200] "GET /atmycasa/instagram.jpg HTTP/1.1" 304 175 "http://atmycasa.blogspot.se/" "Mozilla/5.0 (Windows NT 6.2; WOW64) AppleWebKit/537.36 (KHTML, like Gecko) Chrome/29.0.1547.76 Safari/537.36"
m5-240-39-144.cust.tele2.se - - [23/Sep/2013:13:15:25 +0200] "GET /atmycasa/mejladress.jpg HTTP/1.1" 200 17337 "http://atmycasa.blogspot.se/?m=1" "Mozilla/5.0 (iPhone; CPU iPhone OS 5_1 like Mac OS X) AppleWebKit/534.46 (KHTML, like Gecko) Version/5.1 Mobile/9B179 Safari/7534.48.3"
m5-240-39-144.cust.tele2.se - - [23/Sep/2013:13:15:25 +0200] "GET /atmycasa/instagram.jpg HTTP/1.1" 200 18596 "http://atmycasa.blogspot.se/?m=1" "Mozilla/5.0 (iPhone; CPU iPhone OS 5_1 like Mac OS X) AppleWebKit/534.46 (KHTML, like Gecko) Version/5.1 Mobile/9B179 Safari/7534.48.3"
m5-240-39-144.cust.tele2.se - - [23/Sep/2013:13:15:25 +0200] "GET /atmycasa/bloglovin.jpg HTTP/1.1" 200 19710 "http://atmycasa.blogspot.se/?m=1" "Mozilla/5.0 (iPhone; CPU iPhone OS 5_1 like Mac OS X) AppleWebKit/534.46 (KHTML, like Gecko) Version/5.1 Mobile/9B179 Safari/7534.48.3"
static-213-115-111-36.sme.bredbandsbolaget.se - - [23/Sep/2013:13:15:27 +0200] "GET /atmycasa/instagram.jpg HTTP/1.1" 200 18596 "http://atmycasa.blogspot.se/" "Mozilla/5.0 (Macintosh; Intel Mac OS X 10_6_8) AppleWebKit/534.57.2 (KHTML, like Gecko) Version/5.1.7 Safari/534.57.2"
static-213-115-111-36.sme.bredbandsbolaget.se - - [23/Sep/2013:13:15:27 +0200] "GET /atmycasa/bloglovin.jpg HTTP/1.1" 200 19710 "http://atmycasa.blogspot.se/" "Mozilla/5.0 (Macintosh; Intel Mac OS X 10_6_8) AppleWebKit/534.57.2 (KHTML, like Gecko) Version/5.1.7 Safari/534.57.2"
static-213-115-111-36.sme.bredbandsbolaget.se - - [23/Sep/2013:13:15:30 +0200] "GET /atmycasa/mejladress.jpg HTTP/1.1" 200 17337 "http://atmycasa.blogspot.se/" "Mozilla/5.0 (Macintosh; Intel Mac OS X 10_6_8) AppleWebKit/534.57.2 (KHTML, like Gecko) Version/5.1.7 Safari/534.57.2"
router01.binero.net - - [23/Sep/2013:13:16:10 +0200] "GET / HTTP/1.0" 200 4705 "-" "-"
hideaddress.gavle.se - - [23/Sep/2013:13:17:17 +0200] "GET /atmycasa/mejladress.jpg HTTP/1.1" 304 175 "http://atmycasa.blogspot.se/" "Mozilla/4.0 (compatible; MSIE 8.0; Windows NT 6.1; Trident/4.0; SLCC2; .NET CLR 2.0.50727; .NET CLR 3.5.30729; .NET CLR 3.0.30729; Media Center PC 6.0; .NET4.0C; .NET4.0E)"
hideaddress.gavle.se - - [23/Sep/2013:13:17:17 +0200] "GET /atmycasa/bloglovin.jpg HTTP/1.1" 304 175 "http://atmycasa.blogspot.se/" "Mozilla/4.0 (compatible; MSIE 8.0; Windows NT 6.1; Trident/4.0; SLCC2; .NET CLR 2.0.50727; .NET CLR 3.5.30729; .NET CLR 3.0.30729; Media Center PC 6.0; .NET4.0C; .NET4.0E)"
hideaddress.gavle.se - - [23/Sep/2013:13:17:17 +0200] "GET /atmycasa/instagram.jpg HTTP/1.1" 304 174 "http://atmycasa.blogspot.se/" "Mozilla/4.0 (compatible; MSIE 8.0; Windows NT 6.1; Trident/4.0; SLCC2; .NET CLR 2.0.50727; .NET CLR 3.5.30729; .NET CLR 3.0.30729; Media Center PC 6.0; .NET4.0C; .NET4.0E)"
c-e6c2e355.039-1-64736c11.cust.bredbandsbolaget.se - - [23/Sep/2013:13:18:09 +0200] "GET /atmycasa/bloglovin.jpg HTTP/1.1" 200 19710 "http://atmycasa.blogspot.se/?m=1" "Mozilla/5.0 (iPhone; CPU iPhone OS 6_1_4 like Mac OS X) AppleWebKit/536.26 (KHTML, like Gecko) Version/6.0 Mobile/10B350 Safari/8536.25"
c-e6c2e355.039-1-64736c11.cust.bredbandsbolaget.se - - [23/Sep/2013:13:18:09 +0200] "GET /atmycasa/mejladress.jpg HTTP/1.1" 200 17337 "http://atmycasa.blogspot.se/?m=1" "Mozilla/5.0 (iPhone; CPU iPhone OS 6_1_4 like Mac OS X) AppleWebKit/536.26 (KHTML, like Gecko) Version/6.0 Mobile/10B350 Safari/8536.25"
c-e6c2e355.039-1-64736c11.cust.bredbandsbolaget.se - - [23/Sep/2013:13:18:09 +0200] "GET /atmycasa/instagram.jpg HTTP/1.1" 200 18596 "http://atmycasa.blogspot.se/?m=1" "Mozilla/5.0 (iPhone; CPU iPhone OS 6_1_4 like Mac OS X) AppleWebKit/536.26 (KHTML, like Gecko) Version/6.0 Mobile/10B350 Safari/8536.25"
m83-184-210-218.cust.tele2.se - - [23/Sep/2013:13:18:39 +0200] "GET /atmycasa/mejladress.jpg HTTP/1.1" 200 17337 "http://atmycasa.blogspot.se/?m=1" "Mozilla/5.0 (iPhone; CPU iPhone OS 6_1_2 like Mac OS X) AppleWebKit/536.26 (KHTML, like Gecko) Mobile/10B146"
m83-184-210-218.cust.tele2.se - - [23/Sep/2013:13:18:39 +0200] "GET /atmycasa/bloglovin.jpg HTTP/1.1" 200 19710 "http://atmycasa.blogspot.se/?m=1" "Mozilla/5.0 (iPhone; CPU iPhone OS 6_1_2 like Mac OS X) AppleWebKit/536.26 (KHTML, like Gecko) Mobile/10B146"
m83-184-210-218.cust.tele2.se - - [23/Sep/2013:13:18:39 +0200] "GET /atmycasa/instagram.jpg HTTP/1.1" 200 18596 "http://atmycasa.blogspot.se/?m=1" "Mozilla/5.0 (iPhone; CPU iPhone OS 6_1_2 like Mac OS X) AppleWebKit/536.26 (KHTML, like Gecko) Mobile/10B146"
spider-37-140-141-6.yandex.com - - [23/Sep/2013:13:21:04 +0200] "GET /avsnitt/sr-p3-dokumentar/tvangssteriliseringarna.htm HTTP/1.1" 200 37115 "-" "Mozilla/5.0 (compatible; YandexBot/3.0; +http://yandex.com/bots)"
81.8.180.15 - - [23/Sep/2013:13:22:28 +0200] "GET /atmycasa/bloglovin.jpg HTTP/1.1" 200 19710 "http://atmycasa.blogspot.se/search?updated-max=2013-09-15T19:54:00%2B02:00&max-results=3" "Mozilla/5.0 (compatible; MSIE 10.0; Windows NT 6.1; WOW64; Trident/6.0)"
81.8.180.15 - - [23/Sep/2013:13:22:28 +0200] "GET /atmycasa/mejladress.jpg HTTP/1.1" 200 17337 "http://atmycasa.blogspot.se/search?updated-max=2013-09-15T19:54:00%2B02:00&max-results=3" "Mozilla/5.0 (compatible; MSIE 10.0; Windows NT 6.1; WOW64; Trident/6.0)"
81.8.180.15 - - [23/Sep/2013:13:22:28 +0200] "GET /atmycasa/instagram.jpg HTTP/1.1" 200 18596 "http://atmycasa.blogspot.se/search?updated-max=2013-09-15T19:54:00%2B02:00&max-results=3" "Mozilla/5.0 (compatible; MSIE 10.0; Windows NT 6.1; WOW64; Trident/6.0)"
crawl-66-249-78-155.googlebot.com - - [23/Sep/2013:13:22:41 +0200] "GET /robots.txt HTTP/1.1" 200 302 "-" "Mozilla/5.0 (compatible; Googlebot/2.1; +http://www.google.com/bot.html)"
crawl-66-249-78-155.googlebot.com - - [23/Sep/2013:13:22:41 +0200] "GET /latar/asaf-avidan/one-day-wankelmut-remix.htm HTTP/1.1" 200 36895 "-" "Mozilla/5.0 (compatible; Googlebot/2.1; +http://www.google.com/bot.html)"
81-237-242-47-no43.tbcn.telia.com - - [23/Sep/2013:13:22:59 +0200] "GET /atmycasa/mejladress.jpg HTTP/1.1" 200 17337 "http://atmycasa.blogspot.se/?m=1" "Mozilla/5.0 (iPhone; CPU iPhone OS 6_1_3 like Mac OS X) AppleWebKit/536.26 (KHTML, like Gecko) Version/6.0 Mobile/10B329 Safari/8536.25"
81-237-242-47-no43.tbcn.telia.com - - [23/Sep/2013:13:22:59 +0200] "GET /atmycasa/bloglovin.jpg HTTP/1.1" 200 19709 "http://atmycasa.blogspot.se/?m=1" "Mozilla/5.0 (iPhone; CPU iPhone OS 6_1_3 like Mac OS X) AppleWebKit/536.26 (KHTML, like Gecko) Version/6.0 Mobile/10B329 Safari/8536.25"
81-237-242-47-no43.tbcn.telia.com - - [23/Sep/2013:13:22:59 +0200] "GET /atmycasa/instagram.jpg HTTP/1.1" 200 18595 "http://atmycasa.blogspot.se/?m=1" "Mozilla/5.0 (iPhone; CPU iPhone OS 6_1_3 like Mac OS X) AppleWebKit/536.26 (KHTML, like Gecko) Version/6.0 Mobile/10B329 Safari/8536.25"
c83-253-158-177.bredband.comhem.se - - [23/Sep/2013:13:24:37 +0200] "GET /atmycasa/mejladress.jpg HTTP/1.1" 200 17337 "http://atmycasa.blogspot.se/" "Mozilla/5.0 (compatible; MSIE 10.0; Windows NT 6.2; WOW64; Trident/6.0)"
h134n11-u-d2.ias.bredband.telia.com - - [23/Sep/2013:13:24:46 +0200] "GET /atmycasa/mejladress.jpg HTTP/1.1" 200 17337 "http://atmycasa.blogspot.se/" "Mozilla/5.0 (Macintosh; Intel Mac OS X 10_7_5) AppleWebKit/534.57.7 (KHTML, like Gecko) Version/5.1.7 Safari/534.57.7"
h134n11-u-d2.ias.bredband.telia.com - - [23/Sep/2013:13:24:46 +0200] "GET /atmycasa/bloglovin.jpg HTTP/1.1" 200 19710 "http://atmycasa.blogspot.se/" "Mozilla/5.0 (Macintosh; Intel Mac OS X 10_7_5) AppleWebKit/534.57.7 (KHTML, like Gecko) Version/5.1.7 Safari/534.57.7"
h134n11-u-d2.ias.bredband.telia.com - - [23/Sep/2013:13:24:46 +0200] "GET /atmycasa/instagram.jpg HTTP/1.1" 200 18596 "http://atmycasa.blogspot.se/" "Mozilla/5.0 (Macintosh; Intel Mac OS X 10_7_5) AppleWebKit/534.57.7 (KHTML, like Gecko) Version/5.1.7 Safari/534.57.7"
fw.stendahls.net - - [23/Sep/2013:13:25:48 +0200] "GET /atmycasa/instagram.jpg HTTP/1.1" 200 18596 "http://atmycasa.blogspot.se/" "Mozilla/5.0 (Macintosh; Intel Mac OS X 10.8; rv:17.0) Gecko/17.0 Firefox/17.0"
fw.stendahls.net - - [23/Sep/2013:13:25:48 +0200] "GET /atmycasa/mejladress.jpg HTTP/1.1" 200 17337 "http://atmycasa.blogspot.se/" "Mozilla/5.0 (Macintosh; Intel Mac OS X 10.8; rv:17.0) Gecko/17.0 Firefox/17.0"
fw.stendahls.net - - [23/Sep/2013:13:25:48 +0200] "GET /atmycasa/bloglovin.jpg HTTP/1.1" 200 19710 "http://atmycasa.blogspot.se/" "Mozilla/5.0 (Macintosh; Intel Mac OS X 10.8; rv:17.0) Gecko/17.0 Firefox/17.0"
msnbot-157-55-32-189.search.msn.com - - [23/Sep/2013:13:26:59 +0200] "GET /avsnitt/co-hannah-och-amanda/34-forlossningsbonanza.htm HTTP/1.1" 200 37266 "-" "Mozilla/5.0 (compatible; bingbot/2.0; +http://www.bing.com/bingbot.htm)"
static-213-115-111-36.sme.bredbandsbolaget.se - - [23/Sep/2013:13:29:01 +0200] "GET /atmycasa/mejladress.jpg HTTP/1.1" 200 17337 "http://atmycasa.blogspot.se/" "Mozilla/5.0 (Macintosh; Intel Mac OS X 10_7_5) AppleWebKit/536.30.1 (KHTML, like Gecko) Version/6.0.5 Safari/536.30.1"
static-213-115-111-36.sme.bredbandsbolaget.se - - [23/Sep/2013:13:29:04 +0200] "GET /atmycasa/bloglovin.jpg HTTP/1.1" 200 19710 "http://atmycasa.blogspot.se/" "Mozilla/5.0 (Macintosh; Intel Mac OS X 10_7_5) AppleWebKit/536.30.1 (KHTML, like Gecko) Version/6.0.5 Safari/536.30.1"
static-213-115-111-36.sme.bredbandsbolaget.se - - [23/Sep/2013:13:29:10 +0200] "GET /atmycasa/instagram.jpg HTTP/1.1" 200 18596 "http://atmycasa.blogspot.se/" "Mozilla/5.0 (Macintosh; Intel Mac OS X 10_7_5) AppleWebKit/536.30.1 (KHTML, like Gecko) Version/6.0.5 Safari/536.30.1"
crawl-66-249-78-155.googlebot.com - - [23/Sep/2013:13:29:19 +0200] "GET /latar/paulina-rubio/boys-will-be-boys.htm HTTP/1.1" 200 36887 "-" "Mozilla/5.0 (compatible; Googlebot/2.1; +http://www.google.com/bot.html)"
lkl.ltkalmar.se - - [23/Sep/2013:13:29:28 +0200] "GET /atmycasa/instagram.jpg HTTP/1.1" 304 175 "http://atmycasa.blogspot.se/" "Mozilla/4.0 (compatible; MSIE 8.0; Windows NT 5.1; Trident/4.0; .NET CLR 1.1.4322; .NET CLR 2.0.50727; .NET CLR 3.0.4506.2152; .NET CLR 3.5.30729; .NET4.0C; .NET4.0E; InfoPath.1)"
lkl.ltkalmar.se - - [23/Sep/2013:13:29:28 +0200] "GET /atmycasa/mejladress.jpg HTTP/1.1" 304 175 "http://atmycasa.blogspot.se/" "Mozilla/4.0 (compatible; MSIE 8.0; Windows NT 5.1; Trident/4.0; .NET CLR 1.1.4322; .NET CLR 2.0.50727; .NET CLR 3.0.4506.2152; .NET CLR 3.5.30729; .NET4.0C; .NET4.0E; InfoPath.1)"
lkl.ltkalmar.se - - [23/Sep/2013:13:29:28 +0200] "GET /atmycasa/bloglovin.jpg HTTP/1.1" 304 175 "http://atmycasa.blogspot.se/" "Mozilla/4.0 (compatible; MSIE 8.0; Windows NT 5.1; Trident/4.0; .NET CLR 1.1.4322; .NET CLR 2.0.50727; .NET CLR 3.0.4506.2152; .NET CLR 3.5.30729; .NET4.0C; .NET4.0E; InfoPath.1)"
crawl-66-249-78-155.googlebot.com - - [23/Sep/2013:13:33:53 +0200] "GET /artister/alex-ferrari HTTP/1.1" 200 36848 "-" "Mozilla/5.0 (compatible; Googlebot/2.1; +http://www.google.com/bot.html)"
h69n2fls301o291.telia.com - - [23/Sep/2013:13:34:14 +0200] "GET /atmycasa/mejladress.jpg HTTP/1.1" 200 17337 "http://atmycasa.blogspot.se/" "Mozilla/5.0 (compatible; MSIE 10.0; Windows NT 6.1; WOW64; Trident/6.0)"
h69n2fls301o291.telia.com - - [23/Sep/2013:13:34:14 +0200] "GET /atmycasa/instagram.jpg HTTP/1.1" 200 18596 "http://atmycasa.blogspot.se/" "Mozilla/5.0 (compatible; MSIE 10.0; Windows NT 6.1; WOW64; Trident/6.0)"
h69n2fls301o291.telia.com - - [23/Sep/2013:13:34:14 +0200] "GET /atmycasa/bloglovin.jpg HTTP/1.1" 200 19710 "http://atmycasa.blogspot.se/" "Mozilla/5.0 (compatible; MSIE 10.0; Windows NT 6.1; WOW64; Trident/6.0)"
213-64-210-206-no208.tbcn.telia.com - - [23/Sep/2013:13:34:39 +0200] "GET /atmycasa/instagram.jpg HTTP/1.1" 200 18596 "http://atmycasa.blogspot.se/" "Mozilla/5.0 (compatible; MSIE 10.0; Windows NT 6.1; WOW64; Trident/6.0)"
213-64-210-206-no208.tbcn.telia.com - - [23/Sep/2013:13:34:39 +0200] "GET /atmycasa/bloglovin.jpg HTTP/1.1" 200 19710 "http://atmycasa.blogspot.se/" "Mozilla/5.0 (compatible; MSIE 10.0; Windows NT 6.1; WOW64; Trident/6.0)"
213-64-210-206-no208.tbcn.telia.com - - [23/Sep/2013:13:34:39 +0200] "GET /atmycasa/mejladress.jpg HTTP/1.1" 200 17337 "http://atmycasa.blogspot.se/" "Mozilla/5.0 (compatible; MSIE 10.0; Windows NT 6.1; WOW64; Trident/6.0)"
mark.se - - [23/Sep/2013:13:36:14 +0200] "GET /atmycasa/mejladress.jpg HTTP/1.1" 304 175 "http://atmycasa.blogspot.se/search?updated-max=2013-02-18T17:10:00%2B01:00&max-results=3" "Mozilla/4.0 (compatible; MSIE 8.0; Windows NT 6.1; WOW64; Trident/4.0; SLCC2; .NET CLR 2.0.50727; .NET CLR 3.5.30729; .NET CLR 3.0.30729; Media Center PC 6.0; .NET4.0C; .NET4.0E; InfoPath.3)"
mark.se - - [23/Sep/2013:13:36:14 +0200] "GET /atmycasa/bloglovin.jpg HTTP/1.1" 304 174 "http://atmycasa.blogspot.se/search?updated-max=2013-02-18T17:10:00%2B01:00&max-results=3" "Mozilla/4.0 (compatible; MSIE 8.0; Windows NT 6.1; WOW64; Trident/4.0; SLCC2; .NET CLR 2.0.50727; .NET CLR 3.5.30729; .NET CLR 3.0.30729; Media Center PC 6.0; .NET4.0C; .NET4.0E; InfoPath.3)"
mark.se - - [23/Sep/2013:13:36:14 +0200] "GET /atmycasa/instagram.jpg HTTP/1.1" 304 174 "http://atmycasa.blogspot.se/search?updated-max=2013-02-18T17:10:00%2B01:00&max-results=3" "Mozilla/4.0 (compatible; MSIE 8.0; Windows NT 6.1; WOW64; Trident/4.0; SLCC2; .NET CLR 2.0.50727; .NET CLR 3.5.30729; .NET CLR 3.0.30729; Media Center PC 6.0; .NET4.0C; .NET4.0E; InfoPath.3)"
spider-37-140-141-6.yandex.com - - [23/Sep/2013:13:37:17 +0200] "GET /artister/varan-podcast/ HTTP/1.1" 200 810 "-" "Mozilla/5.0 (compatible; YandexBot/3.0; +http://yandex.com/bots)"
spider-37-140-141-6.yandex.com - - [23/Sep/2013:13:37:19 +0200] "GET /artister/varan-podcast HTTP/1.1" 200 37050 "-" "Mozilla/5.0 (compatible; YandexBot/3.0; +http://yandex.com/bots)"
h77-53-100-229.dynamic.se.alltele.net - - [23/Sep/2013:13:38:01 +0200] "GET /atmycasa/instagram.jpg HTTP/1.1" 200 18596 "http://atmycasa.blogspot.se/?m=1" "Mozilla/5.0 (iPad; CPU OS 6_1_3 like Mac OS X) AppleWebKit/536.26 (KHTML, like Gecko) Version/6.0 Mobile/10B329 Safari/8536.25"
h77-53-100-229.dynamic.se.alltele.net - - [23/Sep/2013:13:38:01 +0200] "GET /atmycasa/mejladress.jpg HTTP/1.1" 200 17337 "http://atmycasa.blogspot.se/?m=1" "Mozilla/5.0 (iPad; CPU OS 6_1_3 like Mac OS X) AppleWebKit/536.26 (KHTML, like Gecko) Version/6.0 Mobile/10B329 Safari/8536.25"
h77-53-100-229.dynamic.se.alltele.net - - [23/Sep/2013:13:38:01 +0200] "GET /atmycasa/bloglovin.jpg HTTP/1.1" 200 19710 "http://atmycasa.blogspot.se/?m=1" "Mozilla/5.0 (iPad; CPU OS 6_1_3 like Mac OS X) AppleWebKit/536.26 (KHTML, like Gecko) Version/6.0 Mobile/10B329 Safari/8536.25"
18-10.atea.se - - [23/Sep/2013:13:38:02 +0200] "GET /atmycasa/mejladress.jpg HTTP/1.1" 200 17337 "http://atmycasa.blogspot.se/" "Mozilla/5.0 (compatible; MSIE 9.0; Windows NT 6.1; Trident/5.0)"
18-10.atea.se - - [23/Sep/2013:13:38:02 +0200] "GET /atmycasa/instagram.jpg HTTP/1.1" 200 18596 "http://atmycasa.blogspot.se/" "Mozilla/5.0 (compatible; MSIE 9.0; Windows NT 6.1; Trident/5.0)"
18-10.atea.se - - [23/Sep/2013:13:38:02 +0200] "GET /atmycasa/bloglovin.jpg HTTP/1.1" 200 19710 "http://atmycasa.blogspot.se/" "Mozilla/5.0 (compatible; MSIE 9.0; Windows NT 6.1; Trident/5.0)"
msnbot-157-55-32-189.search.msn.com - - [23/Sep/2013:13:38:02 +0200] "GET /avsnitt/co-hannah-och-amanda/34-forlossningsbonanza.htm HTTP/1.0" 200 37002 "-" "Mozilla/5.0 (compatible; bingbot/2.0; +http://www.bing.com/bingbot.htm)"
proxy1.entris-banking.ch - - [23/Sep/2013:13:40:22 +0200] "GET /atmycasa/mejladress.jpg HTTP/1.1" 304 175 "-" "Mozilla/4.0 (compatible;)"
h19n1c1o1041.bredband.skanova.com - - [23/Sep/2013:13:40:42 +0200] "GET /atmycasa/mejladress.jpg HTTP/1.1" 200 17337 "http://atmycasa.blogspot.se/2013/09/zara-home.html" "Mozilla/5.0 (compatible; MSIE 10.0; Windows NT 6.1; WOW64; Trident/6.0; MAAU)"
h19n1c1o1041.bredband.skanova.com - - [23/Sep/2013:13:40:42 +0200] "GET /atmycasa/instagram.jpg HTTP/1.1" 200 18596 "http://atmycasa.blogspot.se/2013/09/zara-home.html" "Mozilla/5.0 (compatible; MSIE 10.0; Windows NT 6.1; WOW64; Trident/6.0; MAAU)"
h19n1c1o1041.bredband.skanova.com - - [23/Sep/2013:13:40:42 +0200] "GET /atmycasa/bloglovin.jpg HTTP/1.1" 200 19710 "http://atmycasa.blogspot.se/2013/09/zara-home.html" "Mozilla/5.0 (compatible; MSIE 10.0; Windows NT 6.1; WOW64; Trident/6.0; MAAU)"
ip947.pitecom.riksnet.se - - [23/Sep/2013:13:41:04 +0200] "GET /atmycasa/mejladress.jpg HTTP/1.1" 200 17337 "http://atmycasa.blogspot.se/" "Mozilla/5.0 (compatible; MSIE 10.0; Windows NT 6.1; WOW64; Trident/6.0)"
ip947.pitecom.riksnet.se - - [23/Sep/2013:13:41:04 +0200] "GET /atmycasa/bloglovin.jpg HTTP/1.1" 200 19710 "http://atmycasa.blogspot.se/" "Mozilla/5.0 (compatible; MSIE 10.0; Windows NT 6.1; WOW64; Trident/6.0)"
ip947.pitecom.riksnet.se - - [23/Sep/2013:13:41:04 +0200] "GET /atmycasa/instagram.jpg HTTP/1.1" 200 18596 "http://atmycasa.blogspot.se/" "Mozilla/5.0 (compatible; MSIE 10.0; Windows NT 6.1; WOW64; Trident/6.0)"
m212-152-25-116.cust.tele2.se - - [23/Sep/2013:13:44:25 +0200] "GET /atmycasa/instagram.jpg HTTP/1.1" 200 18596 "http://atmycasa.blogspot.se/" "Mozilla/5.0 (compatible; MSIE 10.0; Windows NT 6.1; WOW64; Trident/6.0)"
m212-152-25-116.cust.tele2.se - - [23/Sep/2013:13:44:25 +0200] "GET /atmycasa/bloglovin.jpg HTTP/1.1" 200 19710 "http://atmycasa.blogspot.se/" "Mozilla/5.0 (compatible; MSIE 10.0; Windows NT 6.1; WOW64; Trident/6.0)"
m212-152-25-116.cust.tele2.se - - [23/Sep/2013:13:44:25 +0200] "GET /atmycasa/mejladress.jpg HTTP/1.1" 200 17337 "http://atmycasa.blogspot.se/" "Mozilla/5.0 (compatible; MSIE 10.0; Windows NT 6.1; WOW64; Trident/6.0)"
h97n6-aepv-d6.ias.bredband.telia.com - - [23/Sep/2013:13:47:02 +0200] "GET /atmycasa/bloglovin.jpg HTTP/1.1" 200 19710 "http://atmycasa.blogspot.com/b/post-preview?token=5lRcTEEBAAA.cdoi5soskBlb8Ip6axPhyQ.i-KPWugOMe1hGvUOm5ZOtg&postId=6139975825472046086&type=POST" "Mozilla/5.0 (Macintosh; Intel Mac OS X 10_8_3) AppleWebKit/536.28.10 (KHTML, like Gecko) Version/6.0.3 Safari/536.28.10"
h97n6-aepv-d6.ias.bredband.telia.com - - [23/Sep/2013:13:47:02 +0200] "GET /atmycasa/mejladress.jpg HTTP/1.1" 200 17337 "http://atmycasa.blogspot.com/b/post-preview?token=5lRcTEEBAAA.cdoi5soskBlb8Ip6axPhyQ.i-KPWugOMe1hGvUOm5ZOtg&postId=6139975825472046086&type=POST" "Mozilla/5.0 (Macintosh; Intel Mac OS X 10_8_3) AppleWebKit/536.28.10 (KHTML, like Gecko) Version/6.0.3 Safari/536.28.10"
h97n6-aepv-d6.ias.bredband.telia.com - - [23/Sep/2013:13:47:02 +0200] "GET /atmycasa/instagram.jpg HTTP/1.1" 200 18596 "http://atmycasa.blogspot.com/b/post-preview?token=5lRcTEEBAAA.cdoi5soskBlb8Ip6axPhyQ.i-KPWugOMe1hGvUOm5ZOtg&postId=6139975825472046086&type=POST" "Mozilla/5.0 (Macintosh; Intel Mac OS X 10_8_3) AppleWebKit/536.28.10 (KHTML, like Gecko) Version/6.0.3 Safari/536.28.10"
c-31-209-1-164.cust.bredband2.com - - [23/Sep/2013:13:48:22 +0200] "GET /atmycasa/mejladress.jpg HTTP/1.1" 200 17337 "http://atmycasa.blogspot.se/" "Mozilla/5.0 (compatible; MSIE 10.0; Windows NT 6.2; WOW64; Trident/6.0; MASMJS)"
c-31-209-1-164.cust.bredband2.com - - [23/Sep/2013:13:48:22 +0200] "GET /atmycasa/instagram.jpg HTTP/1.1" 200 18596 "http://atmycasa.blogspot.se/" "Mozilla/5.0 (compatible; MSIE 10.0; Windows NT 6.2; WOW64; Trident/6.0; MASMJS)"
c-31-209-1-164.cust.bredband2.com - - [23/Sep/2013:13:48:22 +0200] "GET /atmycasa/bloglovin.jpg HTTP/1.1" 200 19710 "http://atmycasa.blogspot.se/" "Mozilla/5.0 (compatible; MSIE 10.0; Windows NT 6.2; WOW64; Trident/6.0; MASMJS)"
crawl-66-249-78-155.googlebot.com - - [23/Sep/2013:13:50:15 +0200] "GET /artister/pappapodden HTTP/1.1" 200 36841 "-" "Mozilla/5.0 (compatible; Googlebot/2.1; +http://www.google.com/bot.html)"
spider-37-140-141-6.yandex.com - - [23/Sep/2013:13:53:00 +0200] "GET /avsnitt/sr-sommar-i-p1/bonus-renata-chlumska.htm HTTP/1.1" 200 37107 "-" "Mozilla/5.0 (compatible; YandexBot/3.0; +http://yandex.com/bots)"
host-95-195-51-177.mobileonline.telia.com - - [23/Sep/2013:13:54:09 +0200] "GET /atmycasa/instagram.jpg HTTP/1.1" 200 18596 "http://atmycasa.blogspot.se/" "Mozilla/5.0 (Macintosh; Intel Mac OS X 10_7_5) AppleWebKit/534.57.7 (KHTML, like Gecko) Version/5.1.7 Safari/534.57.7"
host-95-195-51-177.mobileonline.telia.com - - [23/Sep/2013:13:54:09 +0200] "GET /atmycasa/mejladress.jpg HTTP/1.1" 200 17337 "http://atmycasa.blogspot.se/" "Mozilla/5.0 (Macintosh; Intel Mac OS X 10_7_5) AppleWebKit/534.57.7 (KHTML, like Gecko) Version/5.1.7 Safari/534.57.7"
host-95-195-51-177.mobileonline.telia.com - - [23/Sep/2013:13:54:09 +0200] "GET /atmycasa/bloglovin.jpg HTTP/1.1" 200 19710 "http://atmycasa.blogspot.se/" "Mozilla/5.0 (Macintosh; Intel Mac OS X 10_7_5) AppleWebKit/534.57.7 (KHTML, like Gecko) Version/5.1.7 Safari/534.57.7"
88.131.48.227 - - [23/Sep/2013:13:55:25 +0200] "GET /atmycasa/mejladress.jpg HTTP/1.1" 200 17337 "http://atmycasa.blogspot.se/" "Mozilla/4.0 (compatible; MSIE 8.0; Windows NT 5.1; Trident/4.0; BX23; .NET CLR 1.1.4322; .NET CLR 2.0.50727; InfoPath.2; .NET CLR 3.0.4506.2152; .NET CLR 3.5.30729; .NET4.0C; .NET4.0E; BX23)"
88.131.48.227 - - [23/Sep/2013:13:55:25 +0200] "GET /atmycasa/instagram.jpg HTTP/1.1" 200 18595 "http://atmycasa.blogspot.se/" "Mozilla/4.0 (compatible; MSIE 8.0; Windows NT 5.1; Trident/4.0; BX23; .NET CLR 1.1.4322; .NET CLR 2.0.50727; InfoPath.2; .NET CLR 3.0.4506.2152; .NET CLR 3.5.30729; .NET4.0C; .NET4.0E; BX23)"
88.131.48.227 - - [23/Sep/2013:13:55:25 +0200] "GET /atmycasa/bloglovin.jpg HTTP/1.1" 200 19709 "http://atmycasa.blogspot.se/" "Mozilla/4.0 (compatible; MSIE 8.0; Windows NT 5.1; Trident/4.0; BX23; .NET CLR 1.1.4322; .NET CLR 2.0.50727; InfoPath.2; .NET CLR 3.0.4506.2152; .NET CLR 3.5.30729; .NET4.0C; .NET4.0E; BX23)"
0x3ec6df9e.inet.dsl.telianet.dk - - [23/Sep/2013:13:56:37 +0200] "GET /atmycasa/mejladress.jpg HTTP/1.1" 200 17337 "http://atmycasa.blogspot.dk/2013/09/svensktsmormagi.html" "Mozilla/5.0 (iPad; CPU OS 7_0 like Mac OS X) AppleWebKit/537.51.1 (KHTML, like Gecko) Version/7.0 Mobile/11A465 Safari/9537.53"
0x3ec6df9e.inet.dsl.telianet.dk - - [23/Sep/2013:13:56:37 +0200] "GET /atmycasa/instagram.jpg HTTP/1.1" 200 18596 "http://atmycasa.blogspot.dk/2013/09/svensktsmormagi.html" "Mozilla/5.0 (iPad; CPU OS 7_0 like Mac OS X) AppleWebKit/537.51.1 (KHTML, like Gecko) Version/7.0 Mobile/11A465 Safari/9537.53"
h69n2fls301o291.telia.com - - [23/Sep/2013:13:56:39 +0200] "GET /atmycasa/mejladress.jpg HTTP/1.1" 200 17337 "http://atmycasa.blogspot.se/search?updated-max=2013-08-15T21:59:00%2B02:00&max-results=3&start=42&by-date=false" "Mozilla/5.0 (compatible; MSIE 10.0; Windows NT 6.1; WOW64; Trident/6.0)"
0x3ec6df9e.inet.dsl.telianet.dk - - [23/Sep/2013:13:56:40 +0200] "GET /atmycasa/bloglovin.jpg HTTP/1.1" 200 19710 "http://atmycasa.blogspot.dk/2013/09/svensktsmormagi.html" "Mozilla/5.0 (iPad; CPU OS 7_0 like Mac OS X) AppleWebKit/537.51.1 (KHTML, like Gecko) Version/7.0 Mobile/11A465 Safari/9537.53"
194.16.220.251 - - [23/Sep/2013:13:57:43 +0200] "GET /atmycasa/instagram.jpg HTTP/1.1" 200 18539 "http://atmycasa.blogspot.se/" "Mozilla/5.0 (compatible; MSIE 9.0; Windows NT 6.1; WOW64; Trident/5.0)"
194.16.220.251 - - [23/Sep/2013:13:57:43 +0200] "GET /atmycasa/bloglovin.jpg HTTP/1.1" 200 19653 "http://atmycasa.blogspot.se/" "Mozilla/5.0 (compatible; MSIE 9.0; Windows NT 6.1; WOW64; Trident/5.0)"
194.16.220.251 - - [23/Sep/2013:13:57:43 +0200] "GET /atmycasa/mejladress.jpg HTTP/1.1" 200 17280 "http://atmycasa.blogspot.se/" "Mozilla/5.0 (compatible; MSIE 9.0; Windows NT 6.1; WOW64; Trident/5.0)"
90-225-38-80-no79.bredband.skanova.com - - [23/Sep/2013:13:57:51 +0200] "GET /atmycasa/mejladress.jpg HTTP/1.1" 200 17337 "http://atmycasa.blogspot.se/" "Mozilla/5.0 (compatible; MSIE 10.0; Windows NT 6.1; WOW64; Trident/6.0)"
90-225-38-80-no79.bredband.skanova.com - - [23/Sep/2013:13:57:51 +0200] "GET /atmycasa/bloglovin.jpg HTTP/1.1" 200 19710 "http://atmycasa.blogspot.se/" "Mozilla/5.0 (compatible; MSIE 10.0; Windows NT 6.1; WOW64; Trident/6.0)"
90-225-38-80-no79.bredband.skanova.com - - [23/Sep/2013:13:57:51 +0200] "GET /atmycasa/instagram.jpg HTTP/1.1" 200 18596 "http://atmycasa.blogspot.se/" "Mozilla/5.0 (compatible; MSIE 10.0; Windows NT 6.1; WOW64; Trident/6.0)"
