c-d59ce055.758-1-64736c11.cust.bredbandsbolaget.se - - [23/Sep/2013:23:00:41 +0200] "GET /atmycasa/instagram.jpg HTTP/1.1" 200 18596 "http://atmycasa.blogspot.se/" "Mozilla/5.0 (iPad; CPU OS 6_1_3 like Mac OS X) AppleWebKit/536.26 (KHTML, like Gecko) Version/6.0 Mobile/10B329 Safari/8536.25"
c-d59ce055.758-1-64736c11.cust.bredbandsbolaget.se - - [23/Sep/2013:23:00:41 +0200] "GET /atmycasa/bloglovin.jpg HTTP/1.1" 200 19710 "http://atmycasa.blogspot.se/" "Mozilla/5.0 (iPad; CPU OS 6_1_3 like Mac OS X) AppleWebKit/536.26 (KHTML, like Gecko) Version/6.0 Mobile/10B329 Safari/8536.25"
c-d59ce055.758-1-64736c11.cust.bredbandsbolaget.se - - [23/Sep/2013:23:00:41 +0200] "GET /atmycasa/mejladress.jpg HTTP/1.1" 200 17337 "http://atmycasa.blogspot.se/" "Mozilla/5.0 (iPad; CPU OS 6_1_3 like Mac OS X) AppleWebKit/536.26 (KHTML, like Gecko) Version/6.0 Mobile/10B329 Safari/8536.25"
37-128-40-209.adsl.inetia.pl - - [23/Sep/2013:23:01:18 +0200] "GET /atmycasa/mejladress.jpg HTTP/1.1" 200 17337 "http://atmycasa.blogspot.com/" "Mozilla/5.0 (compatible; MSIE 10.0; Windows NT 6.2; Win64; x64; Trident/6.0; MASMJS)"
37-128-40-209.adsl.inetia.pl - - [23/Sep/2013:23:01:18 +0200] "GET /atmycasa/instagram.jpg HTTP/1.1" 200 18596 "http://atmycasa.blogspot.com/" "Mozilla/5.0 (compatible; MSIE 10.0; Windows NT 6.2; Win64; x64; Trident/6.0; MASMJS)"
37-128-40-209.adsl.inetia.pl - - [23/Sep/2013:23:01:18 +0200] "GET /atmycasa/bloglovin.jpg HTTP/1.1" 200 19710 "http://atmycasa.blogspot.com/" "Mozilla/5.0 (compatible; MSIE 10.0; Windows NT 6.2; Win64; x64; Trident/6.0; MASMJS)"
c-61e6e455.311-5-64736c11.cust.bredbandsbolaget.se - - [23/Sep/2013:23:04:08 +0200] "GET /atmycasa/bloglovin.jpg HTTP/1.1" 200 19710 "http://atmycasa.blogspot.se/" "Mozilla/5.0 (iPad; CPU OS 6_1_3 like Mac OS X) AppleWebKit/536.26 (KHTML, like Gecko) Version/6.0 Mobile/10B329 Safari/8536.25"
c-61e6e455.311-5-64736c11.cust.bredbandsbolaget.se - - [23/Sep/2013:23:04:08 +0200] "GET /atmycasa/instagram.jpg HTTP/1.1" 200 18596 "http://atmycasa.blogspot.se/" "Mozilla/5.0 (iPad; CPU OS 6_1_3 like Mac OS X) AppleWebKit/536.26 (KHTML, like Gecko) Version/6.0 Mobile/10B329 Safari/8536.25"
c-61e6e455.311-5-64736c11.cust.bredbandsbolaget.se - - [23/Sep/2013:23:04:08 +0200] "GET /atmycasa/mejladress.jpg HTTP/1.1" 200 17337 "http://atmycasa.blogspot.se/" "Mozilla/5.0 (iPad; CPU OS 6_1_3 like Mac OS X) AppleWebKit/536.26 (KHTML, like Gecko) Version/6.0 Mobile/10B329 Safari/8536.25"
c-8739e055.1231-1-64736c10.cust.bredbandsbolaget.se - - [23/Sep/2013:23:04:33 +0200] "GET /atmycasa/mejladress.jpg HTTP/1.1" 200 17337 "http://atmycasa.blogspot.se/" "Mozilla/5.0 (Windows NT 5.1) AppleWebKit/537.36 (KHTML, like Gecko) Chrome/29.0.1547.76 Safari/537.36"
c-8739e055.1231-1-64736c10.cust.bredbandsbolaget.se - - [23/Sep/2013:23:04:34 +0200] "GET /atmycasa/bloglovin.jpg HTTP/1.1" 200 19710 "http://atmycasa.blogspot.se/" "Mozilla/5.0 (Windows NT 5.1) AppleWebKit/537.36 (KHTML, like Gecko) Chrome/29.0.1547.76 Safari/537.36"
c-8739e055.1231-1-64736c10.cust.bredbandsbolaget.se - - [23/Sep/2013:23:04:34 +0200] "GET /atmycasa/instagram.jpg HTTP/1.1" 200 18596 "http://atmycasa.blogspot.se/" "Mozilla/5.0 (Windows NT 5.1) AppleWebKit/537.36 (KHTML, like Gecko) Chrome/29.0.1547.76 Safari/537.36"
81-237-255-26-no116.tbcn.telia.com - - [23/Sep/2013:23:05:11 +0200] "GET /atmycasa/bloglovin.jpg HTTP/1.1" 200 19710 "http://atmycasa.blogspot.se/" "Mozilla/5.0 (iPad; CPU OS 6_1_3 like Mac OS X) AppleWebKit/536.26 (KHTML, like Gecko) Version/6.0 Mobile/10B329 Safari/8536.25"
81-237-255-26-no116.tbcn.telia.com - - [23/Sep/2013:23:05:11 +0200] "GET /atmycasa/mejladress.jpg HTTP/1.1" 200 17337 "http://atmycasa.blogspot.se/" "Mozilla/5.0 (iPad; CPU OS 6_1_3 like Mac OS X) AppleWebKit/536.26 (KHTML, like Gecko) Version/6.0 Mobile/10B329 Safari/8536.25"
81-237-255-26-no116.tbcn.telia.com - - [23/Sep/2013:23:05:13 +0200] "GET /atmycasa/instagram.jpg HTTP/1.1" 200 18596 "http://atmycasa.blogspot.se/" "Mozilla/5.0 (iPad; CPU OS 6_1_3 like Mac OS X) AppleWebKit/536.26 (KHTML, like Gecko) Version/6.0 Mobile/10B329 Safari/8536.25"
h223n9-m-sp-d2.ias.bredband.telia.com - - [23/Sep/2013:23:08:17 +0200] "GET /atmycasa/mejladress.jpg HTTP/1.1" 200 17337 "http://atmycasa.blogspot.se/" "Mozilla/5.0 (iPad; CPU OS 6_1_3 like Mac OS X) AppleWebKit/536.26 (KHTML, like Gecko) Version/6.0 Mobile/10B329 Safari/8536.25"
h223n9-m-sp-d2.ias.bredband.telia.com - - [23/Sep/2013:23:08:22 +0200] "GET /atmycasa/instagram.jpg HTTP/1.1" 200 18596 "http://atmycasa.blogspot.se/" "Mozilla/5.0 (iPad; CPU OS 6_1_3 like Mac OS X) AppleWebKit/536.26 (KHTML, like Gecko) Version/6.0 Mobile/10B329 Safari/8536.25"
h223n9-m-sp-d2.ias.bredband.telia.com - - [23/Sep/2013:23:08:27 +0200] "GET /atmycasa/bloglovin.jpg HTTP/1.1" 200 19710 "http://atmycasa.blogspot.se/" "Mozilla/5.0 (iPad; CPU OS 6_1_3 like Mac OS X) AppleWebKit/536.26 (KHTML, like Gecko) Version/6.0 Mobile/10B329 Safari/8536.25"
109.58.144.197.bredband.tre.se - - [23/Sep/2013:23:09:43 +0200] "GET /atmycasa/mejladress.jpg HTTP/1.1" 200 17337 "http://www.atmycasa.blogspot.se/?m=1" "Mozilla/5.0 (Linux; Android 4.2.2; sv-se; SAMSUNG GT-I9505 Build/JDQ39) AppleWebKit/535.19 (KHTML, like Gecko) Version/1.0 Chrome/18.0.1025.308 Mobile Safari/535.19"
109.58.144.197.bredband.tre.se - - [23/Sep/2013:23:09:43 +0200] "GET /atmycasa/bloglovin.jpg HTTP/1.1" 200 19710 "http://www.atmycasa.blogspot.se/?m=1" "Mozilla/5.0 (Linux; Android 4.2.2; sv-se; SAMSUNG GT-I9505 Build/JDQ39) AppleWebKit/535.19 (KHTML, like Gecko) Version/1.0 Chrome/18.0.1025.308 Mobile Safari/535.19"
109.58.144.197.bredband.tre.se - - [23/Sep/2013:23:09:43 +0200] "GET /atmycasa/instagram.jpg HTTP/1.1" 200 18596 "http://www.atmycasa.blogspot.se/?m=1" "Mozilla/5.0 (Linux; Android 4.2.2; sv-se; SAMSUNG GT-I9505 Build/JDQ39) AppleWebKit/535.19 (KHTML, like Gecko) Version/1.0 Chrome/18.0.1025.308 Mobile Safari/535.19"
crawl-66-249-78-155.googlebot.com - - [23/Sep/2013:23:14:21 +0200] "GET /latar/dj-hyo/bye-bye-mi-amor.htm HTTP/1.1" 200 36865 "-" "Mozilla/5.0 (compatible; Googlebot/2.1; +http://www.google.com/bot.html)"
81-236-223-202-no93.business.telia.com - - [23/Sep/2013:23:15:44 +0200] "GET /atmycasa/instagram.jpg HTTP/1.1" 304 175 "http://atmycasa.blogspot.se/" "Mozilla/5.0 (Macintosh; Intel Mac OS X 10_7_2) AppleWebKit/537.36 (KHTML, like Gecko) Chrome/29.0.1547.76 Safari/537.36"
81-236-223-202-no93.business.telia.com - - [23/Sep/2013:23:15:44 +0200] "GET /atmycasa/bloglovin.jpg HTTP/1.1" 304 175 "http://atmycasa.blogspot.se/" "Mozilla/5.0 (Macintosh; Intel Mac OS X 10_7_2) AppleWebKit/537.36 (KHTML, like Gecko) Chrome/29.0.1547.76 Safari/537.36"
c83-253-9-55.bredband.comhem.se - - [23/Sep/2013:23:16:17 +0200] "GET /atmycasa/mejladress.jpg HTTP/1.1" 200 17337 "http://atmycasa.blogspot.se/?m=1" "Mozilla/5.0 (iPhone; CPU iPhone OS 6_1_3 like Mac OS X) AppleWebKit/536.26 (KHTML, like Gecko) Version/6.0 Mobile/10B329 Safari/8536.25"
c83-253-9-55.bredband.comhem.se - - [23/Sep/2013:23:16:17 +0200] "GET /atmycasa/instagram.jpg HTTP/1.1" 200 18596 "http://atmycasa.blogspot.se/?m=1" "Mozilla/5.0 (iPhone; CPU iPhone OS 6_1_3 like Mac OS X) AppleWebKit/536.26 (KHTML, like Gecko) Version/6.0 Mobile/10B329 Safari/8536.25"
c83-253-9-55.bredband.comhem.se - - [23/Sep/2013:23:16:18 +0200] "GET /atmycasa/bloglovin.jpg HTTP/1.1" 200 19710 "http://atmycasa.blogspot.se/?m=1" "Mozilla/5.0 (iPhone; CPU iPhone OS 6_1_3 like Mac OS X) AppleWebKit/536.26 (KHTML, like Gecko) Version/6.0 Mobile/10B329 Safari/8536.25"
c213-100-75-47.cust.tele2.se - - [23/Sep/2013:23:18:03 +0200] "GET /atmycasa/mejladress.jpg HTTP/1.1" 200 17337 "http://atmycasa.blogspot.se/2013/06/beskrivningdiy-koppararmatur.html?m=1" "Mozilla/5.0 (iPhone; CPU iPhone OS 6_0 like Mac OS X) AppleWebKit/536.26 (KHTML, like Gecko) Version/6.0 Mobile/10A403 Safari/8536.25"
c213-100-75-47.cust.tele2.se - - [23/Sep/2013:23:18:03 +0200] "GET /atmycasa/bloglovin.jpg HTTP/1.1" 200 19710 "http://atmycasa.blogspot.se/2013/06/beskrivningdiy-koppararmatur.html?m=1" "Mozilla/5.0 (iPhone; CPU iPhone OS 6_0 like Mac OS X) AppleWebKit/536.26 (KHTML, like Gecko) Version/6.0 Mobile/10A403 Safari/8536.25"
c213-100-75-47.cust.tele2.se - - [23/Sep/2013:23:18:03 +0200] "GET /atmycasa/instagram.jpg HTTP/1.1" 200 18596 "http://atmycasa.blogspot.se/2013/06/beskrivningdiy-koppararmatur.html?m=1" "Mozilla/5.0 (iPhone; CPU iPhone OS 6_0 like Mac OS X) AppleWebKit/536.26 (KHTML, like Gecko) Version/6.0 Mobile/10A403 Safari/8536.25"
h97n6-aepv-d6.ias.bredband.telia.com - - [23/Sep/2013:23:23:01 +0200] "GET /atmycasa/mejladress.jpg HTTP/1.1" 200 17337 "http://atmycasa.blogspot.se/" "Mozilla/5.0 (Macintosh; Intel Mac OS X 10_8_3) AppleWebKit/536.28.10 (KHTML, like Gecko) Version/6.0.3 Safari/536.28.10"
m5-243-51-209.cust.tele2.se - - [23/Sep/2013:23:23:22 +0200] "GET /atmycasa/mejladress.jpg HTTP/1.1" 304 175 "http://atmycasa.blogspot.se/?m=1" "Mozilla/5.0 (iPhone; CPU iPhone OS 6_1_3 like Mac OS X) AppleWebKit/536.26 (KHTML, like Gecko) Version/6.0 Mobile/10B329 Safari/8536.25"
m5-243-51-209.cust.tele2.se - - [23/Sep/2013:23:23:22 +0200] "GET /atmycasa/instagram.jpg HTTP/1.1" 304 175 "http://atmycasa.blogspot.se/?m=1" "Mozilla/5.0 (iPhone; CPU iPhone OS 6_1_3 like Mac OS X) AppleWebKit/536.26 (KHTML, like Gecko) Version/6.0 Mobile/10B329 Safari/8536.25"
m5-243-51-209.cust.tele2.se - - [23/Sep/2013:23:23:23 +0200] "GET /atmycasa/bloglovin.jpg HTTP/1.1" 304 175 "http://atmycasa.blogspot.se/?m=1" "Mozilla/5.0 (iPhone; CPU iPhone OS 6_1_3 like Mac OS X) AppleWebKit/536.26 (KHTML, like Gecko) Version/6.0 Mobile/10B329 Safari/8536.25"
c-5eeaaade-74736162.cust.telenor.se - - [23/Sep/2013:23:23:24 +0200] "GET /atmycasa/bloglovin.jpg HTTP/1.1" 200 19710 "http://www.atmycasa.blogspot.se/" "Mozilla/5.0 (iPad; CPU OS 6_1_3 like Mac OS X) AppleWebKit/536.26 (KHTML, like Gecko) Version/6.0 Mobile/10B329 Safari/8536.25"
c-5eeaaade-74736162.cust.telenor.se - - [23/Sep/2013:23:23:24 +0200] "GET /atmycasa/instagram.jpg HTTP/1.1" 200 18596 "http://www.atmycasa.blogspot.se/" "Mozilla/5.0 (iPad; CPU OS 6_1_3 like Mac OS X) AppleWebKit/536.26 (KHTML, like Gecko) Version/6.0 Mobile/10B329 Safari/8536.25"
c-5eeaaade-74736162.cust.telenor.se - - [23/Sep/2013:23:23:24 +0200] "GET /atmycasa/mejladress.jpg HTTP/1.1" 200 17337 "http://www.atmycasa.blogspot.se/" "Mozilla/5.0 (iPad; CPU OS 6_1_3 like Mac OS X) AppleWebKit/536.26 (KHTML, like Gecko) Version/6.0 Mobile/10B329 Safari/8536.25"
m5-243-51-209.cust.tele2.se - - [23/Sep/2013:23:24:23 +0200] "GET /atmycasa/mejladress.jpg HTTP/1.1" 304 175 "http://atmycasa.blogspot.se/?m=1" "Mozilla/5.0 (iPhone; CPU iPhone OS 6_1_3 like Mac OS X) AppleWebKit/536.26 (KHTML, like Gecko) Version/6.0 Mobile/10B329 Safari/8536.25"
m5-243-51-209.cust.tele2.se - - [23/Sep/2013:23:24:23 +0200] "GET /atmycasa/bloglovin.jpg HTTP/1.1" 304 175 "http://atmycasa.blogspot.se/?m=1" "Mozilla/5.0 (iPhone; CPU iPhone OS 6_1_3 like Mac OS X) AppleWebKit/536.26 (KHTML, like Gecko) Version/6.0 Mobile/10B329 Safari/8536.25"
m5-243-51-209.cust.tele2.se - - [23/Sep/2013:23:24:34 +0200] "GET /atmycasa/instagram.jpg HTTP/1.1" 304 175 "http://atmycasa.blogspot.se/?m=1" "Mozilla/5.0 (iPhone; CPU iPhone OS 6_1_3 like Mac OS X) AppleWebKit/536.26 (KHTML, like Gecko) Version/6.0 Mobile/10B329 Safari/8536.25"
msnbot-157-55-32-80.search.msn.com - - [23/Sep/2013:23:25:06 +0200] "GET /robots.txt HTTP/1.1" 200 302 "-" "Mozilla/5.0 (compatible; bingbot/2.0; +http://www.bing.com/bingbot.htm)"
m80-170-51-250.cust.tele2.se - - [23/Sep/2013:23:26:10 +0200] "GET /atmycasa/instagram.jpg HTTP/1.1" 200 18596 "http://atmycasa.blogspot.se/?m=1" "Mozilla/5.0 (iPhone; CPU iPhone OS 6_1_3 like Mac OS X) AppleWebKit/536.26 (KHTML, like Gecko) Version/6.0 Mobile/10B329 Safari/8536.25"
m80-170-51-250.cust.tele2.se - - [23/Sep/2013:23:26:10 +0200] "GET /atmycasa/bloglovin.jpg HTTP/1.1" 200 19710 "http://atmycasa.blogspot.se/?m=1" "Mozilla/5.0 (iPhone; CPU iPhone OS 6_1_3 like Mac OS X) AppleWebKit/536.26 (KHTML, like Gecko) Version/6.0 Mobile/10B329 Safari/8536.25"
m80-170-51-250.cust.tele2.se - - [23/Sep/2013:23:26:10 +0200] "GET /atmycasa/mejladress.jpg HTTP/1.1" 200 17337 "http://atmycasa.blogspot.se/?m=1" "Mozilla/5.0 (iPhone; CPU iPhone OS 6_1_3 like Mac OS X) AppleWebKit/536.26 (KHTML, like Gecko) Version/6.0 Mobile/10B329 Safari/8536.25"
cust-176-57-195-135.indicate.se - - [23/Sep/2013:23:26:15 +0200] "GET /atmycasa/mejladress.jpg HTTP/1.1" 200 17337 "http://atmycasa.blogspot.se/" "Mozilla/5.0 (iPad; CPU OS 6_0_1 like Mac OS X) AppleWebKit/536.26 (KHTML, like Gecko) Version/6.0 Mobile/10A523 Safari/8536.25"
cust-176-57-195-135.indicate.se - - [23/Sep/2013:23:26:15 +0200] "GET /atmycasa/instagram.jpg HTTP/1.1" 200 18596 "http://atmycasa.blogspot.se/" "Mozilla/5.0 (iPad; CPU OS 6_0_1 like Mac OS X) AppleWebKit/536.26 (KHTML, like Gecko) Version/6.0 Mobile/10A523 Safari/8536.25"
cust-176-57-195-135.indicate.se - - [23/Sep/2013:23:26:15 +0200] "GET /atmycasa/bloglovin.jpg HTTP/1.1" 200 19710 "http://atmycasa.blogspot.se/" "Mozilla/5.0 (iPad; CPU OS 6_0_1 like Mac OS X) AppleWebKit/536.26 (KHTML, like Gecko) Version/6.0 Mobile/10A523 Safari/8536.25"
msnbot-157-55-32-80.search.msn.com - - [23/Sep/2013:23:26:17 +0200] "GET /topplistan HTTP/1.1" 200 37170 "-" "Mozilla/5.0 (compatible; bingbot/2.0; +http://www.bing.com/bingbot.htm)"
81-229-4-199-no235.tbcn.telia.com - - [23/Sep/2013:23:27:15 +0200] "GET /atmycasa/instagram.jpg HTTP/1.1" 200 18596 "http://atmycasa.blogspot.se/?m=1" "Mozilla/5.0 (iPhone; CPU iPhone OS 7_0 like Mac OS X) AppleWebKit/537.51.1 (KHTML, like Gecko) Version/7.0 Mobile/11A465 Safari/9537.53"
81-229-4-199-no235.tbcn.telia.com - - [23/Sep/2013:23:27:16 +0200] "GET /atmycasa/mejladress.jpg HTTP/1.1" 200 17337 "http://atmycasa.blogspot.se/?m=1" "Mozilla/5.0 (iPhone; CPU iPhone OS 7_0 like Mac OS X) AppleWebKit/537.51.1 (KHTML, like Gecko) Version/7.0 Mobile/11A465 Safari/9537.53"
81-229-4-199-no235.tbcn.telia.com - - [23/Sep/2013:23:27:16 +0200] "GET /atmycasa/bloglovin.jpg HTTP/1.1" 200 19710 "http://atmycasa.blogspot.se/?m=1" "Mozilla/5.0 (iPhone; CPU iPhone OS 7_0 like Mac OS X) AppleWebKit/537.51.1 (KHTML, like Gecko) Version/7.0 Mobile/11A465 Safari/9537.53"
msnbot-157-55-32-80.search.msn.com - - [23/Sep/2013:23:27:36 +0200] "GET /topplistan HTTP/1.0" 200 36911 "-" "Mozilla/5.0 (compatible; bingbot/2.0; +http://www.bing.com/bingbot.htm)"
c-7c6ee055.632-1-64736c10.cust.bredbandsbolaget.se - - [23/Sep/2013:23:30:40 +0200] "GET /atmycasa/mejladress.jpg HTTP/1.1" 304 175 "http://atmycasa.blogspot.se/?m=1" "Mozilla/5.0 (iPhone; CPU iPhone OS 6_1_3 like Mac OS X) AppleWebKit/536.26 (KHTML, like Gecko) Version/6.0 Mobile/10B329 Safari/8536.25"
c-7c6ee055.632-1-64736c10.cust.bredbandsbolaget.se - - [23/Sep/2013:23:30:40 +0200] "GET /atmycasa/instagram.jpg HTTP/1.1" 304 175 "http://atmycasa.blogspot.se/?m=1" "Mozilla/5.0 (iPhone; CPU iPhone OS 6_1_3 like Mac OS X) AppleWebKit/536.26 (KHTML, like Gecko) Version/6.0 Mobile/10B329 Safari/8536.25"
c-7c6ee055.632-1-64736c10.cust.bredbandsbolaget.se - - [23/Sep/2013:23:30:40 +0200] "GET /atmycasa/bloglovin.jpg HTTP/1.1" 304 175 "http://atmycasa.blogspot.se/?m=1" "Mozilla/5.0 (iPhone; CPU iPhone OS 6_1_3 like Mac OS X) AppleWebKit/536.26 (KHTML, like Gecko) Version/6.0 Mobile/10B329 Safari/8536.25"
173.252.101.112 - - [23/Sep/2013:23:30:59 +0200] "GET /atmycasa/instagram.jpg HTTP/1.1" 206 9329 "http://atmycasa.blogspot.com/2013/09/svensktsmormagi.html" "facebookexternalhit/1.1 (+http://www.facebook.com/externalhit_uatext.php)"
173.252.101.118 - - [23/Sep/2013:23:30:59 +0200] "GET /atmycasa/bloglovin.jpg HTTP/1.1" 206 9329 "http://atmycasa.blogspot.com/2013/09/svensktsmormagi.html" "facebookexternalhit/1.1 (+http://www.facebook.com/externalhit_uatext.php)"
173.252.101.116 - - [23/Sep/2013:23:30:59 +0200] "GET /atmycasa/mejladress.jpg HTTP/1.1" 206 9329 "http://atmycasa.blogspot.com/2013/09/svensktsmormagi.html" "facebookexternalhit/1.1 (+http://www.facebook.com/externalhit_uatext.php)"
173.252.102.112 - - [23/Sep/2013:23:31:01 +0200] "GET /atmycasa/instagram.jpg HTTP/1.1" 206 18645 "-" "facebookexternalhit/1.1 (+http://www.facebook.com/externalhit_uatext.php)"
173.252.102.112 - - [23/Sep/2013:23:31:01 +0200] "GET /atmycasa/bloglovin.jpg HTTP/1.1" 206 19759 "-" "facebookexternalhit/1.1 (+http://www.facebook.com/externalhit_uatext.php)"
173.252.102.116 - - [23/Sep/2013:23:31:01 +0200] "GET /atmycasa/mejladress.jpg HTTP/1.1" 206 17386 "-" "facebookexternalhit/1.1 (+http://www.facebook.com/externalhit_uatext.php)"
c83-254-112-174.bredband.comhem.se - - [23/Sep/2013:23:33:06 +0200] "GET /atmycasa/mejladress.jpg HTTP/1.1" 200 17337 "http://atmycasa.blogspot.se/?m=1" "Mozilla/5.0 (iPhone; CPU iPhone OS 6_1_3 like Mac OS X) AppleWebKit/536.26 (KHTML, like Gecko) Version/6.0 Mobile/10B329 Safari/8536.25"
c83-254-112-174.bredband.comhem.se - - [23/Sep/2013:23:33:06 +0200] "GET /atmycasa/bloglovin.jpg HTTP/1.1" 200 19710 "http://atmycasa.blogspot.se/?m=1" "Mozilla/5.0 (iPhone; CPU iPhone OS 6_1_3 like Mac OS X) AppleWebKit/536.26 (KHTML, like Gecko) Version/6.0 Mobile/10B329 Safari/8536.25"
193.181.1.138 - - [23/Sep/2013:23:33:30 +0200] "GET /atmycasa/mejladress.jpg HTTP/1.1" 200 17337 "http://atmycasa.blogspot.se/" "Mozilla/4.0 (compatible; MSIE 8.0; Windows NT 6.1; Trident/4.0; SLCC2; .NET CLR 2.0.50727; .NET CLR 3.5.30729; .NET CLR 3.0.30729; Media Center PC 6.0; InfoPath.3; MS-RTC LM 8; .NET4.0C; .NET4.0E)"
193.181.1.138 - - [23/Sep/2013:23:33:31 +0200] "GET /atmycasa/bloglovin.jpg HTTP/1.1" 200 19709 "http://atmycasa.blogspot.se/" "Mozilla/4.0 (compatible; MSIE 8.0; Windows NT 6.1; Trident/4.0; SLCC2; .NET CLR 2.0.50727; .NET CLR 3.5.30729; .NET CLR 3.0.30729; Media Center PC 6.0; InfoPath.3; MS-RTC LM 8; .NET4.0C; .NET4.0E)"
193.181.1.138 - - [23/Sep/2013:23:33:31 +0200] "GET /atmycasa/instagram.jpg HTTP/1.1" 200 18595 "http://atmycasa.blogspot.se/" "Mozilla/4.0 (compatible; MSIE 8.0; Windows NT 6.1; Trident/4.0; SLCC2; .NET CLR 2.0.50727; .NET CLR 3.5.30729; .NET CLR 3.0.30729; Media Center PC 6.0; InfoPath.3; MS-RTC LM 8; .NET4.0C; .NET4.0E)"
109.58.146.70.bredband.tre.se - - [23/Sep/2013:23:37:21 +0200] "GET /atmycasa/bloglovin.jpg HTTP/1.1" 200 19710 "http://atmycasa.blogspot.se/" "Mozilla/5.0 (iPad; CPU OS 7_0 like Mac OS X) AppleWebKit/537.51.1 (KHTML, like Gecko) Version/7.0 Mobile/11A465 Safari/9537.53"
109.58.146.70.bredband.tre.se - - [23/Sep/2013:23:37:21 +0200] "GET /atmycasa/instagram.jpg HTTP/1.1" 200 18596 "http://atmycasa.blogspot.se/" "Mozilla/5.0 (iPad; CPU OS 7_0 like Mac OS X) AppleWebKit/537.51.1 (KHTML, like Gecko) Version/7.0 Mobile/11A465 Safari/9537.53"
109.58.146.70.bredband.tre.se - - [23/Sep/2013:23:37:21 +0200] "GET /atmycasa/mejladress.jpg HTTP/1.1" 200 17337 "http://atmycasa.blogspot.se/" "Mozilla/5.0 (iPad; CPU OS 7_0 like Mac OS X) AppleWebKit/537.51.1 (KHTML, like Gecko) Version/7.0 Mobile/11A465 Safari/9537.53"
c-3a51e055.512-1-64736c13.cust.bredbandsbolaget.se - - [23/Sep/2013:23:37:32 +0200] "GET /atmycasa/bloglovin.jpg HTTP/1.1" 304 175 "http://atmycasa.blogspot.se/" "Mozilla/5.0 (Macintosh; Intel Mac OS X 10_7_5) AppleWebKit/537.36 (KHTML, like Gecko) Chrome/29.0.1547.76 Safari/537.36"
c-3a51e055.512-1-64736c13.cust.bredbandsbolaget.se - - [23/Sep/2013:23:37:32 +0200] "GET /atmycasa/instagram.jpg HTTP/1.1" 304 175 "http://atmycasa.blogspot.se/" "Mozilla/5.0 (Macintosh; Intel Mac OS X 10_7_5) AppleWebKit/537.36 (KHTML, like Gecko) Chrome/29.0.1547.76 Safari/537.36"
61.147.251.212.customer.cdi.no - - [23/Sep/2013:23:37:45 +0200] "GET /atmycasa/bloglovin.jpg HTTP/1.1" 200 19710 "http://atmycasa.blogspot.no/" "Mozilla/5.0 (compatible; MSIE 10.0; Windows NT 6.1; Trident/6.0)"
61.147.251.212.customer.cdi.no - - [23/Sep/2013:23:37:45 +0200] "GET /atmycasa/mejladress.jpg HTTP/1.1" 200 17337 "http://atmycasa.blogspot.no/" "Mozilla/5.0 (compatible; MSIE 10.0; Windows NT 6.1; Trident/6.0)"
61.147.251.212.customer.cdi.no - - [23/Sep/2013:23:37:45 +0200] "GET /atmycasa/instagram.jpg HTTP/1.1" 200 18596 "http://atmycasa.blogspot.no/" "Mozilla/5.0 (compatible; MSIE 10.0; Windows NT 6.1; Trident/6.0)"
h-180-184.a170.priv.bahnhof.se - - [23/Sep/2013:23:38:13 +0200] "GET /atmycasa/mejladress.jpg HTTP/1.1" 200 17337 "http://atmycasa.blogspot.se/" "Mozilla/5.0 (iPad; CPU OS 6_1_3 like Mac OS X) AppleWebKit/536.26 (KHTML, like Gecko) Version/6.0 Mobile/10B329 Safari/8536.25"
h-180-184.a170.priv.bahnhof.se - - [23/Sep/2013:23:38:13 +0200] "GET /atmycasa/bloglovin.jpg HTTP/1.1" 200 19710 "http://atmycasa.blogspot.se/" "Mozilla/5.0 (iPad; CPU OS 6_1_3 like Mac OS X) AppleWebKit/536.26 (KHTML, like Gecko) Version/6.0 Mobile/10B329 Safari/8536.25"
h-180-184.a170.priv.bahnhof.se - - [23/Sep/2013:23:38:13 +0200] "GET /atmycasa/instagram.jpg HTTP/1.1" 200 18596 "http://atmycasa.blogspot.se/" "Mozilla/5.0 (iPad; CPU OS 6_1_3 like Mac OS X) AppleWebKit/536.26 (KHTML, like Gecko) Version/6.0 Mobile/10B329 Safari/8536.25"
crawl-66-249-78-155.googlebot.com - - [23/Sep/2013:23:43:14 +0200] "GET /artister/humor-podcast/ HTTP/1.1" 200 810 "-" "Mozilla/5.0 (compatible; Googlebot/2.1; +http://www.google.com/bot.html)"
crawl-66-249-78-155.googlebot.com - - [23/Sep/2013:23:43:22 +0200] "GET /artister/humor-podcast HTTP/1.1" 200 36850 "-" "Mozilla/5.0 (compatible; Googlebot/2.1; +http://www.google.com/bot.html)"
host-78-78-47-153.mobileonline.telia.com - - [23/Sep/2013:23:45:28 +0200] "GET /atmycasa/mejladress.jpg HTTP/1.1" 200 17337 "http://atmycasa.blogspot.se/2013/09/nymalat.html" "Mozilla/5.0 (Windows NT 6.1; WOW64) AppleWebKit/537.36 (KHTML, like Gecko) Chrome/29.0.1547.76 Safari/537.36"
host-78-78-47-153.mobileonline.telia.com - - [23/Sep/2013:23:45:28 +0200] "GET /atmycasa/bloglovin.jpg HTTP/1.1" 200 19710 "http://atmycasa.blogspot.se/2013/09/nymalat.html" "Mozilla/5.0 (Windows NT 6.1; WOW64) AppleWebKit/537.36 (KHTML, like Gecko) Chrome/29.0.1547.76 Safari/537.36"
host-78-78-47-153.mobileonline.telia.com - - [23/Sep/2013:23:45:28 +0200] "GET /atmycasa/instagram.jpg HTTP/1.1" 200 18596 "http://atmycasa.blogspot.se/2013/09/nymalat.html" "Mozilla/5.0 (Windows NT 6.1; WOW64) AppleWebKit/537.36 (KHTML, like Gecko) Chrome/29.0.1547.76 Safari/537.36"
c-83-219-211-83.cust.bredband2.com - - [23/Sep/2013:23:54:52 +0200] "GET /atmycasa/instagram.jpg HTTP/1.1" 200 18596 "http://atmycasa.blogspot.se/" "Mozilla/5.0 (compatible; MSIE 9.0; Windows NT 6.1; Trident/5.0)"
c-83-219-211-83.cust.bredband2.com - - [23/Sep/2013:23:54:52 +0200] "GET /atmycasa/mejladress.jpg HTTP/1.1" 200 17337 "http://atmycasa.blogspot.se/" "Mozilla/5.0 (compatible; MSIE 9.0; Windows NT 6.1; Trident/5.0)"
c-83-219-211-83.cust.bredband2.com - - [23/Sep/2013:23:54:52 +0200] "GET /atmycasa/bloglovin.jpg HTTP/1.1" 200 19710 "http://atmycasa.blogspot.se/" "Mozilla/5.0 (compatible; MSIE 9.0; Windows NT 6.1; Trident/5.0)"
h73n3-m-b-td1.ias.bredband.telia.com - - [23/Sep/2013:23:59:57 +0200] "GET /atmycasa/bloglovin.jpg HTTP/1.1" 200 19710 "http://atmycasa.blogspot.se/" "Mozilla/5.0 (Macintosh; Intel Mac OS X 10_8_5) AppleWebKit/536.30.1 (KHTML, like Gecko) Version/6.0.5 Safari/536.30.1"
h73n3-m-b-td1.ias.bredband.telia.com - - [23/Sep/2013:23:59:57 +0200] "GET /atmycasa/instagram.jpg HTTP/1.1" 200 18596 "http://atmycasa.blogspot.se/" "Mozilla/5.0 (Macintosh; Intel Mac OS X 10_8_5) AppleWebKit/536.30.1 (KHTML, like Gecko) Version/6.0.5 Safari/536.30.1"
h73n3-m-b-td1.ias.bredband.telia.com - - [23/Sep/2013:23:59:57 +0200] "GET /atmycasa/mejladress.jpg HTTP/1.1" 200 17337 "http://atmycasa.blogspot.se/" "Mozilla/5.0 (Macintosh; Intel Mac OS X 10_8_5) AppleWebKit/536.30.1 (KHTML, like Gecko) Version/6.0.5 Safari/536.30.1"
