spider-37-140-141-6.yandex.com - - [24/Sep/2013:02:00:12 +0200] "GET /avsnitt/via-lascaris/far-du-betalt.htm HTTP/1.1" 200 37082 "-" "Mozilla/5.0 (compatible; YandexBot/3.0; +http://yandex.com/bots)"
spider-37-140-141-6.yandex.com - - [24/Sep/2013:02:00:20 +0200] "GET /avsnitt/via-lascaris/det-goda-samtalet.htm HTTP/1.1" 200 37090 "-" "Mozilla/5.0 (compatible; YandexBot/3.0; +http://yandex.com/bots)"
spider-37-140-141-6.yandex.com - - [24/Sep/2013:02:00:25 +0200] "GET /avsnitt/via-lascaris/disco-far-och-son.htm HTTP/1.1" 200 37090 "-" "Mozilla/5.0 (compatible; YandexBot/3.0; +http://yandex.com/bots)"
spider-37-140-141-6.yandex.com - - [24/Sep/2013:02:00:27 +0200] "GET /avsnitt/via-lascaris/klappa-pa-raven.htm HTTP/1.1" 200 37091 "-" "Mozilla/5.0 (compatible; YandexBot/3.0; +http://yandex.com/bots)"
spider-37-140-141-6.yandex.com - - [24/Sep/2013:02:00:38 +0200] "GET /avsnitt/sr-sommar-i-p1/martina-haag.htm HTTP/1.1" 200 37089 "-" "Mozilla/5.0 (compatible; YandexBot/3.0; +http://yandex.com/bots)"
spider-37-140-141-6.yandex.com - - [24/Sep/2013:02:00:41 +0200] "GET /avsnitt/via-lascaris/saloondorrar-pa-provhytten.htm HTTP/1.1" 200 37113 "-" "Mozilla/5.0 (compatible; YandexBot/3.0; +http://yandex.com/bots)"
spider-37-140-141-6.yandex.com - - [24/Sep/2013:02:01:03 +0200] "GET /avsnitt/sr-sommar-i-p1/ingvar-kjellson.htm HTTP/1.1" 200 37090 "-" "Mozilla/5.0 (compatible; YandexBot/3.0; +http://yandex.com/bots)"
euros.nll.se - - [24/Sep/2013:02:04:30 +0200] "GET /atmycasa/mejladress.jpg HTTP/1.1" 200 17337 "http://atmycasa.blogspot.se/" "Mozilla/4.0 (compatible; MSIE 8.0; Windows NT 5.1; Trident/4.0; .NET CLR 2.0.50727; .NET CLR 1.1.4322; .NET CLR 3.0.4506.2152; .NET CLR 3.5.30729; .NET4.0C; .NET4.0E)"
euros.nll.se - - [24/Sep/2013:02:04:30 +0200] "GET /atmycasa/bloglovin.jpg HTTP/1.1" 200 19710 "http://atmycasa.blogspot.se/" "Mozilla/4.0 (compatible; MSIE 8.0; Windows NT 5.1; Trident/4.0; .NET CLR 2.0.50727; .NET CLR 1.1.4322; .NET CLR 3.0.4506.2152; .NET CLR 3.5.30729; .NET4.0C; .NET4.0E)"
euros.nll.se - - [24/Sep/2013:02:04:30 +0200] "GET /atmycasa/instagram.jpg HTTP/1.1" 200 18596 "http://atmycasa.blogspot.se/" "Mozilla/4.0 (compatible; MSIE 8.0; Windows NT 5.1; Trident/4.0; .NET CLR 2.0.50727; .NET CLR 1.1.4322; .NET CLR 3.0.4506.2152; .NET CLR 3.5.30729; .NET4.0C; .NET4.0E)"
m5-241-141-20.cust.tele2.se - - [24/Sep/2013:02:09:30 +0200] "GET /atmycasa/instagram.jpg HTTP/1.1" 304 175 "http://atmycasa.blogspot.se/?m=1" "Mozilla/5.0 (Linux; Android 4.2.2; GT-I9505 Build/JDQ39) AppleWebKit/537.36 (KHTML, like Gecko) Chrome/29.0.1547.72 Mobile Safari/537.36"
m5-241-141-20.cust.tele2.se - - [24/Sep/2013:02:09:30 +0200] "GET /atmycasa/bloglovin.jpg HTTP/1.1" 304 175 "http://atmycasa.blogspot.se/?m=1" "Mozilla/5.0 (Linux; Android 4.2.2; GT-I9505 Build/JDQ39) AppleWebKit/537.36 (KHTML, like Gecko) Chrome/29.0.1547.72 Mobile Safari/537.36"
spider-37-140-141-6.yandex.com - - [24/Sep/2013:02:11:05 +0200] "GET /avsnitt/sr-sommar-i-p1/pernilla-august.htm HTTP/1.1" 200 37090 "-" "Mozilla/5.0 (compatible; YandexBot/3.0; +http://yandex.com/bots)"
spider-37-140-141-6.yandex.com - - [24/Sep/2013:02:13:05 +0200] "GET /avsnitt/varvet-podcast/36-carina-berg.htm HTTP/1.1" 200 37093 "-" "Mozilla/5.0 (compatible; YandexBot/3.0; +http://yandex.com/bots)"
webflow02.skane.se - - [24/Sep/2013:02:13:12 +0200] "GET /atmycasa/instagram.jpg HTTP/1.1" 304 175 "-" "Mozilla/4.0 (compatible;)"
spider-37-140-141-6.yandex.com - - [24/Sep/2013:02:13:14 +0200] "GET /avsnitt/smaka-pa-den-podcast/spd-podcast-012--50-nyanser-av-honom-sex-snack-alla-har-ett-pris-gast-nasta-vecka-vreden-och-karlek.htm HTTP/1.1" 200 37275 "-" "Mozilla/5.0 (compatible; YandexBot/3.0; +http://yandex.com/bots)"
spider-37-140-141-6.yandex.com - - [24/Sep/2013:02:13:17 +0200] "GET /avsnitt/via-lascaris/kiss-pa-gatan.htm HTTP/1.1" 200 37086 "-" "Mozilla/5.0 (compatible; YandexBot/3.0; +http://yandex.com/bots)"
crawl-66-249-78-155.googlebot.com - - [24/Sep/2013:02:13:22 +0200] "GET /artister/ason-id-e-flex HTTP/1.1" 200 36852 "-" "Mozilla/5.0 (compatible; Googlebot/2.1; +http://www.google.com/bot.html)"
crawl-66-249-78-155.googlebot.com - - [24/Sep/2013:02:18:16 +0200] "GET /artister/sportbladets-fotbollspodd HTTP/1.1" 200 36874 "-" "Mozilla/5.0 (compatible; Googlebot/2.1; +http://www.google.com/bot.html)"
46.30.131.37 - - [24/Sep/2013:02:18:24 +0200] "GET /atmycasa/bloglovin.jpg HTTP/1.1" 304 175 "-" "Mozilla/4.0 (compatible;)"
108-250-107-54.lightspeed.rcsntx.sbcglobal.net - - [24/Sep/2013:02:21:26 +0200] "GET /atmycasa/mejladress.jpg HTTP/1.1" 200 17337 "http://atmycasa.blogspot.co.nz/2013/07/nya-hm-kuddar.html" "Mozilla/5.0 (iPad; CPU OS 5_1_1 like Mac OS X) AppleWebKit/534.46 (KHTML, like Gecko) Version/5.1 Mobile/9B206 Safari/7534.48.3"
108-250-107-54.lightspeed.rcsntx.sbcglobal.net - - [24/Sep/2013:02:21:26 +0200] "GET /atmycasa/instagram.jpg HTTP/1.1" 200 18596 "http://atmycasa.blogspot.co.nz/2013/07/nya-hm-kuddar.html" "Mozilla/5.0 (iPad; CPU OS 5_1_1 like Mac OS X) AppleWebKit/534.46 (KHTML, like Gecko) Version/5.1 Mobile/9B206 Safari/7534.48.3"
108-250-107-54.lightspeed.rcsntx.sbcglobal.net - - [24/Sep/2013:02:21:26 +0200] "GET /atmycasa/bloglovin.jpg HTTP/1.1" 200 19710 "http://atmycasa.blogspot.co.nz/2013/07/nya-hm-kuddar.html" "Mozilla/5.0 (iPad; CPU OS 5_1_1 like Mac OS X) AppleWebKit/534.46 (KHTML, like Gecko) Version/5.1 Mobile/9B206 Safari/7534.48.3"
107-221-193-245.lightspeed.livnmi.sbcglobal.net - - [24/Sep/2013:02:23:09 +0200] "GET /atmycasa/instagram.jpg HTTP/1.1" 200 18596 "http://atmycasa.blogspot.co.nz/2013/07/nya-hm-kuddar.html" "Mozilla/5.0 (compatible; MSIE 10.0; Windows NT 6.1; WOW64; Trident/6.0)"
107-221-193-245.lightspeed.livnmi.sbcglobal.net - - [24/Sep/2013:02:23:09 +0200] "GET /atmycasa/bloglovin.jpg HTTP/1.1" 200 19710 "http://atmycasa.blogspot.co.nz/2013/07/nya-hm-kuddar.html" "Mozilla/5.0 (compatible; MSIE 10.0; Windows NT 6.1; WOW64; Trident/6.0)"
107-221-193-245.lightspeed.livnmi.sbcglobal.net - - [24/Sep/2013:02:23:09 +0200] "GET /atmycasa/mejladress.jpg HTTP/1.1" 200 17337 "http://atmycasa.blogspot.co.nz/2013/07/nya-hm-kuddar.html" "Mozilla/5.0 (compatible; MSIE 10.0; Windows NT 6.1; WOW64; Trident/6.0)"
spider-37-140-141-6.yandex.com - - [24/Sep/2013:02:24:35 +0200] "GET /avsnitt/sr-sommar-i-p1/nanne-gronvall.htm HTTP/1.1" 200 37093 "-" "Mozilla/5.0 (compatible; YandexBot/3.0; +http://yandex.com/bots)"
msnbot-157-56-92-160.search.msn.com - - [24/Sep/2013:02:29:13 +0200] "GET /robots.txt HTTP/1.1" 200 302 "-" "Mozilla/5.0 (compatible; bingbot/2.0; +http://www.bing.com/bingbot.htm)"
msnbot-157-56-92-160.search.msn.com - - [24/Sep/2013:02:30:11 +0200] "GET /avsnitt/co-hannah-och-amanda/53-kysskemi-och-karleksdilemman.htm HTTP/1.1" 200 37284 "-" "Mozilla/5.0 (compatible; bingbot/2.0; +http://www.bing.com/bingbot.htm)"
msnbot-157-56-92-160.search.msn.com - - [24/Sep/2013:02:31:12 +0200] "GET /avsnitt/co-hannah-och-amanda/53-kysskemi-och-karleksdilemman.htm HTTP/1.0" 200 37021 "-" "Mozilla/5.0 (compatible; bingbot/2.0; +http://www.bing.com/bingbot.htm)"
spider-37-140-141-6.yandex.com - - [24/Sep/2013:02:32:24 +0200] "GET /avsnitt/alla-mina-kamrater/52---fraga-doktorn.htm HTTP/1.1" 200 37109 "-" "Mozilla/5.0 (compatible; YandexBot/3.0; +http://yandex.com/bots)"
spider-37-140-141-6.yandex.com - - [24/Sep/2013:02:32:35 +0200] "GET /avsnitt/den-bla-hasten/forna-jugoslavien.htm HTTP/1.1" 200 37099 "-" "Mozilla/5.0 (compatible; YandexBot/3.0; +http://yandex.com/bots)"
spider-37-140-141-6.yandex.com - - [24/Sep/2013:02:32:58 +0200] "GET /avsnitt/sr-sommar-i-p1/daniel-adams-ray.htm HTTP/1.1" 200 37097 "-" "Mozilla/5.0 (compatible; YandexBot/3.0; +http://yandex.com/bots)"
spider-37-140-141-6.yandex.com - - [24/Sep/2013:02:33:09 +0200] "GET /avsnitt/sr-sommar-i-p1/bicky-chakraborty.htm HTTP/1.1" 200 37099 "-" "Mozilla/5.0 (compatible; YandexBot/3.0; +http://yandex.com/bots)"
spider-37-140-141-6.yandex.com - - [24/Sep/2013:02:33:29 +0200] "GET /avsnitt/smaka-pa-den-podcast/spd-podcast-011--personligt-kansliga-saker-jag-ska-knulla-dig-tricket-sex-brost-och-mycket-mer.htm HTTP/1.1" 200 37265 "-" "Mozilla/5.0 (compatible; YandexBot/3.0; +http://yandex.com/bots)"
spider-37-140-141-6.yandex.com - - [24/Sep/2013:02:33:35 +0200] "GET /avsnitt/sr-p3-dokumentar/hormoslyret.htm HTTP/1.1" 200 37091 "-" "Mozilla/5.0 (compatible; YandexBot/3.0; +http://yandex.com/bots)"
spider-37-140-141-6.yandex.com - - [24/Sep/2013:02:33:38 +0200] "GET /avsnitt/sr-sommar-i-p1/fredrik-haren.htm HTTP/1.1" 200 37091 "-" "Mozilla/5.0 (compatible; YandexBot/3.0; +http://yandex.com/bots)"
spider-37-140-141-6.yandex.com - - [24/Sep/2013:02:34:05 +0200] "GET /avsnitt/via-lascaris/ett-starkare-grattis.htm HTTP/1.1" 200 37101 "-" "Mozilla/5.0 (compatible; YandexBot/3.0; +http://yandex.com/bots)"
spider-37-140-141-6.yandex.com - - [24/Sep/2013:02:34:24 +0200] "GET /kategori/underhallning/1 HTTP/1.1" 200 37058 "-" "Mozilla/5.0 (compatible; YandexBot/3.0; +http://yandex.com/bots)"
spider-37-140-141-6.yandex.com - - [24/Sep/2013:02:34:33 +0200] "GET /avsnitt/via-lascaris/romney-i-oppna-kanalen.htm HTTP/1.1" 200 37105 "-" "Mozilla/5.0 (compatible; YandexBot/3.0; +http://yandex.com/bots)"
spider-37-140-141-6.yandex.com - - [24/Sep/2013:02:34:45 +0200] "GET /avsnitt/smaka-pa-den-podcast/spd-podcast-010--ett-tidigt-testavsnitt-facebook-bekraftelsebehov-manniskor-analyser.htm HTTP/1.1" 200 37245 "-" "Mozilla/5.0 (compatible; YandexBot/3.0; +http://yandex.com/bots)"
nl118-175-106.student.uu.se - - [24/Sep/2013:02:34:46 +0200] "GET /atmycasa/mejladress.jpg HTTP/1.1" 200 17337 "http://atmycasa.blogspot.se/?m=1" "Mozilla/5.0 (Linux; U; Android 4.0.3; sv-se; HTC_One_X Build/IML74K) AppleWebKit/534.30 (KHTML, like Gecko) Version/4.0 Mobile Safari/534.30"
nl118-175-106.student.uu.se - - [24/Sep/2013:02:34:46 +0200] "GET /atmycasa/instagram.jpg HTTP/1.1" 200 18596 "http://atmycasa.blogspot.se/?m=1" "Mozilla/5.0 (Linux; U; Android 4.0.3; sv-se; HTC_One_X Build/IML74K) AppleWebKit/534.30 (KHTML, like Gecko) Version/4.0 Mobile Safari/534.30"
nl118-175-106.student.uu.se - - [24/Sep/2013:02:34:46 +0200] "GET /atmycasa/bloglovin.jpg HTTP/1.1" 200 19710 "http://atmycasa.blogspot.se/?m=1" "Mozilla/5.0 (Linux; U; Android 4.0.3; sv-se; HTC_One_X Build/IML74K) AppleWebKit/534.30 (KHTML, like Gecko) Version/4.0 Mobile Safari/534.30"
spider-37-140-141-6.yandex.com - - [24/Sep/2013:02:34:47 +0200] "GET /avsnitt/smaka-pa-den-podcast/spd-podcast-016--midsommarkanslor-raggningstips-folk-som-skvallrar-lite-sex-vreden-och-karlek.htm HTTP/1.1" 200 37261 "-" "Mozilla/5.0 (compatible; YandexBot/3.0; +http://yandex.com/bots)"
spider-37-140-141-6.yandex.com - - [24/Sep/2013:02:34:54 +0200] "GET /avsnitt/urban-och-mats/javla-jerry.htm HTTP/1.1" 200 37082 "-" "Mozilla/5.0 (compatible; YandexBot/3.0; +http://yandex.com/bots)"
spider-37-140-141-6.yandex.com - - [24/Sep/2013:02:35:07 +0200] "GET /avsnitt/via-lascaris/nej-den-har-mary.htm HTTP/1.1" 200 37093 "-" "Mozilla/5.0 (compatible; YandexBot/3.0; +http://yandex.com/bots)"
spider-37-140-141-6.yandex.com - - [24/Sep/2013:02:35:11 +0200] "GET /avsnitt/via-lascaris/tjanstehjon.htm HTTP/1.1" 200 37083 "-" "Mozilla/5.0 (compatible; YandexBot/3.0; +http://yandex.com/bots)"
spider-37-140-141-6.yandex.com - - [24/Sep/2013:02:35:13 +0200] "GET /avsnitt/juiceverket/23---slukhalet.htm HTTP/1.1" 200 37082 "-" "Mozilla/5.0 (compatible; YandexBot/3.0; +http://yandex.com/bots)"
c-67-174-131-24.hsd1.il.comcast.net - - [24/Sep/2013:02:35:27 +0200] "GET /atmycasa/mejladress.jpg HTTP/1.1" 200 17337 "http://atmycasa.blogspot.com/" "Mozilla/5.0 (Windows NT 6.1; Win64; x64; rv:18.0) Gecko/20130119 Firefox/18.0"
c-67-174-131-24.hsd1.il.comcast.net - - [24/Sep/2013:02:35:27 +0200] "GET /atmycasa/bloglovin.jpg HTTP/1.1" 200 19710 "http://atmycasa.blogspot.com/" "Mozilla/5.0 (Windows NT 6.1; Win64; x64; rv:18.0) Gecko/20130119 Firefox/18.0"
c-67-174-131-24.hsd1.il.comcast.net - - [24/Sep/2013:02:35:27 +0200] "GET /atmycasa/instagram.jpg HTTP/1.1" 200 18596 "http://atmycasa.blogspot.com/" "Mozilla/5.0 (Windows NT 6.1; Win64; x64; rv:18.0) Gecko/20130119 Firefox/18.0"
spider-37-140-141-6.yandex.com - - [24/Sep/2013:02:35:30 +0200] "GET /avsnitt/via-lascaris/mytomankodex.htm HTTP/1.1" 200 37085 "-" "Mozilla/5.0 (compatible; YandexBot/3.0; +http://yandex.com/bots)"
spider-37-140-141-6.yandex.com - - [24/Sep/2013:02:36:08 +0200] "GET /avsnitt/via-lascaris/jul--och-nyarsminnen.htm HTTP/1.1" 200 37100 "-" "Mozilla/5.0 (compatible; YandexBot/3.0; +http://yandex.com/bots)"
spider-37-140-141-6.yandex.com - - [24/Sep/2013:02:36:13 +0200] "GET /avsnitt/via-lascaris/kniven.htm HTTP/1.1" 200 37073 "-" "Mozilla/5.0 (compatible; YandexBot/3.0; +http://yandex.com/bots)"
spider-37-140-141-6.yandex.com - - [24/Sep/2013:02:36:25 +0200] "GET /avsnitt/via-lascaris/varsagod-christer-bjorkman.htm HTTP/1.1" 200 37113 "-" "Mozilla/5.0 (compatible; YandexBot/3.0; +http://yandex.com/bots)"
spider-37-140-141-6.yandex.com - - [24/Sep/2013:02:36:32 +0200] "GET /avsnitt/juiceverket/7---varlden.htm HTTP/1.1" 200 37081 "-" "Mozilla/5.0 (compatible; YandexBot/3.0; +http://yandex.com/bots)"
spider-37-140-141-6.yandex.com - - [24/Sep/2013:02:54:24 +0200] "GET /avsnitt/sr-sommar-i-p1/jonas-jerebko.htm HTTP/1.1" 200 37091 "-" "Mozilla/5.0 (compatible; YandexBot/3.0; +http://yandex.com/bots)"
crawl-66-249-78-155.googlebot.com - - [24/Sep/2013:02:59:09 +0200] "GET /artister/neverstore HTTP/1.1" 200 36844 "-" "Mozilla/5.0 (compatible; Googlebot/2.1; +http://www.google.com/bot.html)"
