c-a82272d5.211-14-64736c10.cust.bredbandsbolaget.se - - [24/Sep/2013:00:00:41 +0200] "GET /atmycasa/bloglovin.jpg HTTP/1.1" 200 19710 "http://www.atmycasa.blogspot.se/?m=1" "Mozilla/5.0 (iPhone; CPU iPhone OS 7_0 like Mac OS X) AppleWebKit/537.51.1 (KHTML, like Gecko) Version/7.0 Mobile/11A465 Safari/9537.53"
c-a82272d5.211-14-64736c10.cust.bredbandsbolaget.se - - [24/Sep/2013:00:00:41 +0200] "GET /atmycasa/instagram.jpg HTTP/1.1" 200 18596 "http://www.atmycasa.blogspot.se/?m=1" "Mozilla/5.0 (iPhone; CPU iPhone OS 7_0 like Mac OS X) AppleWebKit/537.51.1 (KHTML, like Gecko) Version/7.0 Mobile/11A465 Safari/9537.53"
c-a82272d5.211-14-64736c10.cust.bredbandsbolaget.se - - [24/Sep/2013:00:00:41 +0200] "GET /atmycasa/mejladress.jpg HTTP/1.1" 200 17337 "http://www.atmycasa.blogspot.se/?m=1" "Mozilla/5.0 (iPhone; CPU iPhone OS 7_0 like Mac OS X) AppleWebKit/537.51.1 (KHTML, like Gecko) Version/7.0 Mobile/11A465 Safari/9537.53"
msnbot-65-55-55-231.search.msn.com - - [24/Sep/2013:00:01:37 +0200] "GET /kategori/underhallning HTTP/1.1" 200 37194 "-" "Mozilla/5.0 (compatible; bingbot/2.0; +http://www.bing.com/bingbot.htm)"
81-230-76-10-no201.tbcn.telia.com - - [24/Sep/2013:00:10:25 +0200] "GET /atmycasa/bloglovin.jpg HTTP/1.1" 304 175 "http://atmycasa.blogspot.se/?m=1" "Mozilla/5.0 (iPhone; CPU iPhone OS 7_0 like Mac OS X) AppleWebKit/537.51.1 (KHTML, like Gecko) Version/7.0 Mobile/11A465 Safari/9537.53"
81-230-76-10-no201.tbcn.telia.com - - [24/Sep/2013:00:10:25 +0200] "GET /atmycasa/instagram.jpg HTTP/1.1" 304 175 "http://atmycasa.blogspot.se/?m=1" "Mozilla/5.0 (iPhone; CPU iPhone OS 7_0 like Mac OS X) AppleWebKit/537.51.1 (KHTML, like Gecko) Version/7.0 Mobile/11A465 Safari/9537.53"
c-4f66bc4f-74736162.cust.telenor.se - - [24/Sep/2013:00:23:04 +0200] "GET /atmycasa/instagram.jpg HTTP/1.1" 200 18596 "http://atmycasa.blogspot.se/" "Mozilla/5.0 (compatible; MSIE 10.0; Windows NT 6.1; Trident/6.0)"
c-4f66bc4f-74736162.cust.telenor.se - - [24/Sep/2013:00:23:04 +0200] "GET /atmycasa/bloglovin.jpg HTTP/1.1" 200 19710 "http://atmycasa.blogspot.se/" "Mozilla/5.0 (compatible; MSIE 10.0; Windows NT 6.1; Trident/6.0)"
c-4f66bc4f-74736162.cust.telenor.se - - [24/Sep/2013:00:23:04 +0200] "GET /atmycasa/mejladress.jpg HTTP/1.1" 200 17337 "http://atmycasa.blogspot.se/" "Mozilla/5.0 (compatible; MSIE 10.0; Windows NT 6.1; Trident/6.0)"
crawl-66-249-78-155.googlebot.com - - [24/Sep/2013:00:25:17 +0200] "GET /artister/husky-podcast HTTP/1.1" 200 36850 "-" "Mozilla/5.0 (compatible; Googlebot/2.1; +http://www.google.com/bot.html)"
z65-50-116-227.ips.direcpath.com - - [24/Sep/2013:00:29:53 +0200] "GET /atmycasa/bloglovin.jpg HTTP/1.1" 200 19710 "http://atmycasa.blogspot.com/" "Mozilla/5.0 (Macintosh; Intel Mac OS X 10_8_5) AppleWebKit/536.30.1 (KHTML, like Gecko) Version/6.0.5 Safari/536.30.1"
z65-50-116-227.ips.direcpath.com - - [24/Sep/2013:00:29:53 +0200] "GET /atmycasa/instagram.jpg HTTP/1.1" 200 18596 "http://atmycasa.blogspot.com/" "Mozilla/5.0 (Macintosh; Intel Mac OS X 10_8_5) AppleWebKit/536.30.1 (KHTML, like Gecko) Version/6.0.5 Safari/536.30.1"
z65-50-116-227.ips.direcpath.com - - [24/Sep/2013:00:29:53 +0200] "GET /atmycasa/mejladress.jpg HTTP/1.1" 200 17337 "http://atmycasa.blogspot.com/" "Mozilla/5.0 (Macintosh; Intel Mac OS X 10_8_5) AppleWebKit/536.30.1 (KHTML, like Gecko) Version/6.0.5 Safari/536.30.1"
crawl-66-249-78-36.googlebot.com - - [24/Sep/2013:00:33:57 +0200] "GET / HTTP/1.1" 200 4757 "-" "Mozilla/5.0 (compatible; Googlebot/2.1; +http://www.google.com/bot.html)"
c83-249-65-169.bredband.comhem.se - - [24/Sep/2013:00:34:09 +0200] "GET /atmycasa/instagram.jpg HTTP/1.1" 200 18596 "http://atmycasa.blogspot.se/2012/05/angiografiundersokning.html" "Mozilla/5.0 (iPad; CPU OS 6_1_2 like Mac OS X) AppleWebKit/536.26 (KHTML, like Gecko) Version/6.0 Mobile/10B146 Safari/8536.25"
c83-249-65-169.bredband.comhem.se - - [24/Sep/2013:00:34:09 +0200] "GET /atmycasa/bloglovin.jpg HTTP/1.1" 200 19710 "http://atmycasa.blogspot.se/2012/05/angiografiundersokning.html" "Mozilla/5.0 (iPad; CPU OS 6_1_2 like Mac OS X) AppleWebKit/536.26 (KHTML, like Gecko) Version/6.0 Mobile/10B146 Safari/8536.25"
c83-249-65-169.bredband.comhem.se - - [24/Sep/2013:00:34:09 +0200] "GET /atmycasa/mejladress.jpg HTTP/1.1" 200 17337 "http://atmycasa.blogspot.se/2012/05/angiografiundersokning.html" "Mozilla/5.0 (iPad; CPU OS 6_1_2 like Mac OS X) AppleWebKit/536.26 (KHTML, like Gecko) Version/6.0 Mobile/10B146 Safari/8536.25"
crawl-66-249-78-36.googlebot.com - - [24/Sep/2013:00:36:51 +0200] "GET /nyheter/2013-09-01/tast HTTP/1.1" 200 2906 "-" "Mozilla/5.0 (compatible; Googlebot/2.1; +http://www.google.com/bot.html)"
088156156024.stargardszczecinski.vectranet.pl - - [24/Sep/2013:00:36:58 +0200] "GET /atmycasa/mejladress.jpg HTTP/1.1" 200 17337 "http://atmycasa.blogspot.com/" "Mozilla/5.0 (Windows NT 5.1; rv:23.0) Gecko/20100101 Firefox/23.0"
088156156024.stargardszczecinski.vectranet.pl - - [24/Sep/2013:00:36:59 +0200] "GET /atmycasa/bloglovin.jpg HTTP/1.1" 200 19709 "http://atmycasa.blogspot.com/" "Mozilla/5.0 (Windows NT 5.1; rv:23.0) Gecko/20100101 Firefox/23.0"
088156156024.stargardszczecinski.vectranet.pl - - [24/Sep/2013:00:36:59 +0200] "GET /atmycasa/instagram.jpg HTTP/1.1" 200 18596 "http://atmycasa.blogspot.com/" "Mozilla/5.0 (Windows NT 5.1; rv:23.0) Gecko/20100101 Firefox/23.0"
169.136.216.81.static.osr.siw.siwnet.net - - [24/Sep/2013:00:37:48 +0200] "GET /atmycasa/bloglovin.jpg HTTP/1.1" 200 19710 "http://atmycasa.blogspot.se/" "Mozilla/5.0 (Macintosh; Intel Mac OS X 10_8_5) AppleWebKit/536.30.1 (KHTML, like Gecko) Version/6.0.5 Safari/536.30.1"
169.136.216.81.static.osr.siw.siwnet.net - - [24/Sep/2013:00:37:48 +0200] "GET /atmycasa/instagram.jpg HTTP/1.1" 200 18596 "http://atmycasa.blogspot.se/" "Mozilla/5.0 (Macintosh; Intel Mac OS X 10_8_5) AppleWebKit/536.30.1 (KHTML, like Gecko) Version/6.0.5 Safari/536.30.1"
169.136.216.81.static.osr.siw.siwnet.net - - [24/Sep/2013:00:37:48 +0200] "GET /atmycasa/mejladress.jpg HTTP/1.1" 200 17337 "http://atmycasa.blogspot.se/" "Mozilla/5.0 (Macintosh; Intel Mac OS X 10_8_5) AppleWebKit/536.30.1 (KHTML, like Gecko) Version/6.0.5 Safari/536.30.1"
crawl-66-249-78-36.googlebot.com - - [24/Sep/2013:00:40:54 +0200] "GET /poddar HTTP/1.1" 200 20433 "-" "Mozilla/5.0 (compatible; Googlebot/2.1; +http://www.google.com/bot.html)"
231.88.18.95.dynamic.jazztel.es - - [24/Sep/2013:00:43:31 +0200] "GET /atmycasa/mejladress.jpg HTTP/1.1" 200 17337 "http://atmycasa.blogspot.com.es/" "Mozilla/5.0 (Windows NT 5.1; rv:24.0) Gecko/20100101 Firefox/24.0"
231.88.18.95.dynamic.jazztel.es - - [24/Sep/2013:00:43:31 +0200] "GET /atmycasa/bloglovin.jpg HTTP/1.1" 200 19710 "http://atmycasa.blogspot.com.es/" "Mozilla/5.0 (Windows NT 5.1; rv:24.0) Gecko/20100101 Firefox/24.0"
231.88.18.95.dynamic.jazztel.es - - [24/Sep/2013:00:43:31 +0200] "GET /atmycasa/instagram.jpg HTTP/1.1" 200 18596 "http://atmycasa.blogspot.com.es/" "Mozilla/5.0 (Windows NT 5.1; rv:24.0) Gecko/20100101 Firefox/24.0"
85-220-81-47.dsl.dynamic.simnet.is - - [24/Sep/2013:00:46:22 +0200] "GET /atmycasa/bloglovin.jpg HTTP/1.1" 200 19710 "http://atmycasa.blogspot.com/" "Mozilla/5.0 (Macintosh; Intel Mac OS X 10_6_8) AppleWebKit/534.59.10 (KHTML, like Gecko) Version/5.1.9 Safari/534.59.10"
85-220-81-47.dsl.dynamic.simnet.is - - [24/Sep/2013:00:46:22 +0200] "GET /atmycasa/mejladress.jpg HTTP/1.1" 200 17337 "http://atmycasa.blogspot.com/" "Mozilla/5.0 (Macintosh; Intel Mac OS X 10_6_8) AppleWebKit/534.59.10 (KHTML, like Gecko) Version/5.1.9 Safari/534.59.10"
85-220-81-47.dsl.dynamic.simnet.is - - [24/Sep/2013:00:46:22 +0200] "GET /atmycasa/instagram.jpg HTTP/1.1" 200 18596 "http://atmycasa.blogspot.com/" "Mozilla/5.0 (Macintosh; Intel Mac OS X 10_6_8) AppleWebKit/534.59.10 (KHTML, like Gecko) Version/5.1.9 Safari/534.59.10"
crawl-66-249-74-119.googlebot.com - - [24/Sep/2013:00:47:22 +0200] "GET /poddar/co-hannah-och-amanda HTTP/1.1" 200 4861 "-" "Mozilla/5.0 (compatible; Googlebot/2.1; +http://www.google.com/bot.html)"
crawl-66-249-78-36.googlebot.com - - [24/Sep/2013:00:51:38 +0200] "GET /libs/bootbox/bootbox.js HTTP/1.1" 200 5741 "-" "Mozilla/5.0 (compatible; Googlebot/2.1; +http://www.google.com/bot.html)"
crawl-66-249-78-36.googlebot.com - - [24/Sep/2013:00:51:39 +0200] "GET /css/layouts/main.css HTTP/1.1" 200 2671 "-" "Mozilla/5.0 (compatible; Googlebot/2.1; +http://www.google.com/bot.html)"
crawl-66-249-78-36.googlebot.com - - [24/Sep/2013:00:51:42 +0200] "GET /css/home/index.css HTTP/1.1" 200 704 "-" "Mozilla/5.0 (compatible; Googlebot/2.1; +http://www.google.com/bot.html)"
crawl-66-249-78-36.googlebot.com - - [24/Sep/2013:00:51:44 +0200] "GET /css/global.css HTTP/1.1" 200 327 "-" "Mozilla/5.0 (compatible; Googlebot/2.1; +http://www.google.com/bot.html)"
crawl-66-249-78-36.googlebot.com - - [24/Sep/2013:00:51:45 +0200] "GET /css/normalize.css HTTP/1.1" 200 7637 "-" "Mozilla/5.0 (compatible; Googlebot/2.1; +http://www.google.com/bot.html)"
crawl-66-249-78-36.googlebot.com - - [24/Sep/2013:00:51:46 +0200] "GET /js/jquery.js HTTP/1.1" 200 83782 "-" "Mozilla/5.0 (compatible; Googlebot/2.1; +http://www.google.com/bot.html)"
crawl-66-249-78-36.googlebot.com - - [24/Sep/2013:00:51:47 +0200] "GET /js/base.js HTTP/1.1" 200 633 "-" "Mozilla/5.0 (compatible; Googlebot/2.1; +http://www.google.com/bot.html)"
crawl-66-249-78-36.googlebot.com - - [24/Sep/2013:00:51:49 +0200] "GET /libs/bootstrap/js/bootstrap.js HTTP/1.1" 200 28025 "-" "Mozilla/5.0 (compatible; Googlebot/2.1; +http://www.google.com/bot.html)"
crawl-66-249-78-36.googlebot.com - - [24/Sep/2013:00:51:52 +0200] "GET /libs/bootstrap/css/bootstrap.css HTTP/1.1" 200 116237 "-" "Mozilla/5.0 (compatible; Googlebot/2.1; +http://www.google.com/bot.html)"
194.14.227.18 - - [24/Sep/2013:00:53:43 +0200] "GET /atmycasa/mejladress.jpg HTTP/1.1" 200 17337 "http://atmycasa.blogspot.se/" "Mozilla/4.0 (compatible; MSIE 8.0; Windows NT 6.1; Trident/4.0; SLCC2; .NET CLR 2.0.50727; .NET CLR 3.5.30729; .NET CLR 3.0.30729; Media Center PC 6.0; .NET4.0C; .NET4.0E; InfoPath.3)"
194.14.227.18 - - [24/Sep/2013:00:53:43 +0200] "GET /atmycasa/instagram.jpg HTTP/1.1" 200 18596 "http://atmycasa.blogspot.se/" "Mozilla/4.0 (compatible; MSIE 8.0; Windows NT 6.1; Trident/4.0; SLCC2; .NET CLR 2.0.50727; .NET CLR 3.5.30729; .NET CLR 3.0.30729; Media Center PC 6.0; .NET4.0C; .NET4.0E; InfoPath.3)"
194.14.227.18 - - [24/Sep/2013:00:53:43 +0200] "GET /atmycasa/bloglovin.jpg HTTP/1.1" 200 19709 "http://atmycasa.blogspot.se/" "Mozilla/4.0 (compatible; MSIE 8.0; Windows NT 6.1; Trident/4.0; SLCC2; .NET CLR 2.0.50727; .NET CLR 3.5.30729; .NET CLR 3.0.30729; Media Center PC 6.0; .NET4.0C; .NET4.0E; InfoPath.3)"
crawl-66-249-78-155.googlebot.com - - [24/Sep/2013:00:53:48 +0200] "GET /artister/medina HTTP/1.1" 200 36836 "-" "Mozilla/5.0 (compatible; Googlebot/2.1; +http://www.google.com/bot.html)"
46-65-0-77.zone16.bethere.co.uk - - [24/Sep/2013:00:59:30 +0200] "GET /atmycasa/mejladress.jpg HTTP/1.1" 200 17280 "http://atmycasa.blogspot.se/" "Mozilla/5.0 (Macintosh; Intel Mac OS X 10_7_5) AppleWebKit/536.26.17 (KHTML, like Gecko) Version/6.0.2 Safari/536.26.17"
46-65-0-77.zone16.bethere.co.uk - - [24/Sep/2013:00:59:30 +0200] "GET /atmycasa/instagram.jpg HTTP/1.1" 200 18539 "http://atmycasa.blogspot.se/" "Mozilla/5.0 (Macintosh; Intel Mac OS X 10_7_5) AppleWebKit/536.26.17 (KHTML, like Gecko) Version/6.0.2 Safari/536.26.17"
46-65-0-77.zone16.bethere.co.uk - - [24/Sep/2013:00:59:33 +0200] "GET /atmycasa/bloglovin.jpg HTTP/1.1" 200 19653 "http://atmycasa.blogspot.se/" "Mozilla/5.0 (Macintosh; Intel Mac OS X 10_7_5) AppleWebKit/536.26.17 (KHTML, like Gecko) Version/6.0.2 Safari/536.26.17"
spider-37-140-141-6.yandex.com - - [24/Sep/2013:00:59:52 +0200] "GET /robots.txt HTTP/1.1" 200 302 "-" "Mozilla/5.0 (compatible; YandexBot/3.0; +http://yandex.com/bots)"
spider-37-140-141-6.yandex.com - - [24/Sep/2013:00:59:55 +0200] "GET /avsnitt/via-lascaris/det-hande-sig-i-istanbul.htm HTTP/1.1" 200 37109 "-" "Mozilla/5.0 (compatible; YandexBot/3.0; +http://yandex.com/bots)"
spider-37-140-141-6.yandex.com - - [24/Sep/2013:00:59:57 +0200] "GET /avsnitt/co-hannah-och-amanda/3-att-gifta-sig.htm HTTP/1.1" 200 37107 "-" "Mozilla/5.0 (compatible; YandexBot/3.0; +http://yandex.com/bots)"
