host-95-199-7-57.mobileonline.telia.com - - [23/Sep/2013:05:05:08 +0200] "GET /atmycasa/instagram.jpg HTTP/1.1" 200 18596 "http://atmycasa.blogspot.se/" "Mozilla/5.0 (compatible; MSIE 9.0; Windows Phone OS 7.5; Trident/5.0; IEMobile/9.0; NOKIA; Lumia 800)"
host-95-199-7-57.mobileonline.telia.com - - [23/Sep/2013:05:05:08 +0200] "GET /atmycasa/bloglovin.jpg HTTP/1.1" 200 19710 "http://atmycasa.blogspot.se/" "Mozilla/5.0 (compatible; MSIE 9.0; Windows Phone OS 7.5; Trident/5.0; IEMobile/9.0; NOKIA; Lumia 800)"
host-95-199-7-57.mobileonline.telia.com - - [23/Sep/2013:05:05:08 +0200] "GET /atmycasa/mejladress.jpg HTTP/1.1" 200 17337 "http://atmycasa.blogspot.se/" "Mozilla/5.0 (compatible; MSIE 9.0; Windows Phone OS 7.5; Trident/5.0; IEMobile/9.0; NOKIA; Lumia 800)"
c83-253-107-127.bredband.comhem.se - - [23/Sep/2013:05:06:24 +0200] "GET /atmycasa/bloglovin.jpg HTTP/1.1" 200 19710 "http://atmycasa.blogspot.se/" "Mozilla/5.0 (iPad; CPU OS 7_0 like Mac OS X) AppleWebKit/537.51.1 (KHTML, like Gecko) Version/7.0 Mobile/11A465 Safari/9537.53"
c83-253-107-127.bredband.comhem.se - - [23/Sep/2013:05:06:24 +0200] "GET /atmycasa/instagram.jpg HTTP/1.1" 200 18596 "http://atmycasa.blogspot.se/" "Mozilla/5.0 (iPad; CPU OS 7_0 like Mac OS X) AppleWebKit/537.51.1 (KHTML, like Gecko) Version/7.0 Mobile/11A465 Safari/9537.53"
c83-253-107-127.bredband.comhem.se - - [23/Sep/2013:05:06:24 +0200] "GET /atmycasa/mejladress.jpg HTTP/1.1" 200 17337 "http://atmycasa.blogspot.se/" "Mozilla/5.0 (iPad; CPU OS 7_0 like Mac OS X) AppleWebKit/537.51.1 (KHTML, like Gecko) Version/7.0 Mobile/11A465 Safari/9537.53"
crawl-66-249-78-155.googlebot.com - - [23/Sep/2013:05:18:55 +0200] "GET /artister/alex-ferrari HTTP/1.1" 200 36848 "-" "Mozilla/5.0 (compatible; Googlebot/2.1; +http://www.google.com/bot.html)"
h-57-47.a161.priv.bahnhof.se - - [23/Sep/2013:05:23:07 +0200] "GET /atmycasa/bloglovin.jpg HTTP/1.1" 200 19710 "http://atmycasa.blogspot.se/" "Mozilla/5.0 (iPad; CPU OS 6_1_3 like Mac OS X) AppleWebKit/536.26 (KHTML, like Gecko) Version/6.0 Mobile/10B329 Safari/8536.25"
h-57-47.a161.priv.bahnhof.se - - [23/Sep/2013:05:23:07 +0200] "GET /atmycasa/mejladress.jpg HTTP/1.1" 200 17337 "http://atmycasa.blogspot.se/" "Mozilla/5.0 (iPad; CPU OS 6_1_3 like Mac OS X) AppleWebKit/536.26 (KHTML, like Gecko) Version/6.0 Mobile/10B329 Safari/8536.25"
h-57-47.a161.priv.bahnhof.se - - [23/Sep/2013:05:23:07 +0200] "GET /atmycasa/instagram.jpg HTTP/1.1" 200 18596 "http://atmycasa.blogspot.se/" "Mozilla/5.0 (iPad; CPU OS 6_1_3 like Mac OS X) AppleWebKit/536.26 (KHTML, like Gecko) Version/6.0 Mobile/10B329 Safari/8536.25"
88-148-153-69.bb.dnainternet.fi - - [23/Sep/2013:05:23:14 +0200] "GET /atmycasa/instagram.jpg HTTP/1.1" 200 18596 "http://atmycasa.blogspot.fi/" "Mozilla/5.0 (Macintosh; Intel Mac OS X 10_8_4) AppleWebKit/536.30.1 (KHTML, like Gecko) Version/6.0.5 Safari/536.30.1"
88-148-153-69.bb.dnainternet.fi - - [23/Sep/2013:05:23:14 +0200] "GET /atmycasa/mejladress.jpg HTTP/1.1" 200 17337 "http://atmycasa.blogspot.fi/" "Mozilla/5.0 (Macintosh; Intel Mac OS X 10_8_4) AppleWebKit/536.30.1 (KHTML, like Gecko) Version/6.0.5 Safari/536.30.1"
88-148-153-69.bb.dnainternet.fi - - [23/Sep/2013:05:23:14 +0200] "GET /atmycasa/bloglovin.jpg HTTP/1.1" 200 19710 "http://atmycasa.blogspot.fi/" "Mozilla/5.0 (Macintosh; Intel Mac OS X 10_8_4) AppleWebKit/536.30.1 (KHTML, like Gecko) Version/6.0.5 Safari/536.30.1"
m77-218-154-132.cust.tele2.se - - [23/Sep/2013:05:23:23 +0200] "GET /atmycasa/bloglovin.jpg HTTP/1.1" 304 175 "http://atmycasa.blogspot.se/?m=1" "Mozilla/5.0 (iPhone; CPU iPhone OS 6_1_3 like Mac OS X) AppleWebKit/536.26 (KHTML, like Gecko) Version/6.0 Mobile/10B329 Safari/8536.25"
m77-218-154-132.cust.tele2.se - - [23/Sep/2013:05:23:23 +0200] "GET /atmycasa/mejladress.jpg HTTP/1.1" 304 175 "http://atmycasa.blogspot.se/?m=1" "Mozilla/5.0 (iPhone; CPU iPhone OS 6_1_3 like Mac OS X) AppleWebKit/536.26 (KHTML, like Gecko) Version/6.0 Mobile/10B329 Safari/8536.25"
m77-218-154-132.cust.tele2.se - - [23/Sep/2013:05:23:23 +0200] "GET /atmycasa/instagram.jpg HTTP/1.1" 304 175 "http://atmycasa.blogspot.se/?m=1" "Mozilla/5.0 (iPhone; CPU iPhone OS 6_1_3 like Mac OS X) AppleWebKit/536.26 (KHTML, like Gecko) Version/6.0 Mobile/10B329 Safari/8536.25"
c83-250-76-189.bredband.comhem.se - - [23/Sep/2013:05:32:34 +0200] "GET /atmycasa/instagram.jpg HTTP/1.1" 304 175 "http://atmycasa.blogspot.se/" "Mozilla/5.0 (compatible; MSIE 10.0; Windows NT 6.2; WOW64; Trident/6.0; MAPBJS)"
c83-250-76-189.bredband.comhem.se - - [23/Sep/2013:05:32:34 +0200] "GET /atmycasa/bloglovin.jpg HTTP/1.1" 304 175 "http://atmycasa.blogspot.se/" "Mozilla/5.0 (compatible; MSIE 10.0; Windows NT 6.2; WOW64; Trident/6.0; MAPBJS)"
62-197-185-74.co.dnainternet.fi - - [23/Sep/2013:05:34:31 +0200] "GET /atmycasa/mejladress.jpg HTTP/1.1" 304 175 "http://atmycasa.blogspot.fi/search/label/shopping" "Mozilla/4.0 (compatible; MSIE 7.0; Windows NT 6.1; Trident/6.0; SLCC2; .NET CLR 2.0.50727; .NET CLR 3.5.30729; .NET CLR 3.0.30729; Media Center PC 6.0; CMDTDF; .NET4.0C; .NET4.0E)"
62-197-185-74.co.dnainternet.fi - - [23/Sep/2013:05:34:31 +0200] "GET /atmycasa/bloglovin.jpg HTTP/1.1" 304 175 "http://atmycasa.blogspot.fi/search/label/shopping" "Mozilla/4.0 (compatible; MSIE 7.0; Windows NT 6.1; Trident/6.0; SLCC2; .NET CLR 2.0.50727; .NET CLR 3.5.30729; .NET CLR 3.0.30729; Media Center PC 6.0; CMDTDF; .NET4.0C; .NET4.0E)"
62-197-185-74.co.dnainternet.fi - - [23/Sep/2013:05:34:31 +0200] "GET /atmycasa/instagram.jpg HTTP/1.1" 304 175 "http://atmycasa.blogspot.fi/search/label/shopping" "Mozilla/4.0 (compatible; MSIE 7.0; Windows NT 6.1; Trident/6.0; SLCC2; .NET CLR 2.0.50727; .NET CLR 3.5.30729; .NET CLR 3.0.30729; Media Center PC 6.0; CMDTDF; .NET4.0C; .NET4.0E)"
crawl-66-249-78-155.googlebot.com - - [23/Sep/2013:05:35:53 +0200] "GET /artister/pappapodden HTTP/1.1" 200 36841 "-" "Mozilla/5.0 (compatible; Googlebot/2.1; +http://www.google.com/bot.html)"
h245n5-sto-a12.ias.bredband.telia.com - - [23/Sep/2013:05:39:26 +0200] "GET /atmycasa/mejladress.jpg HTTP/1.1" 200 17337 "http://atmycasa.blogspot.se/" "Mozilla/5.0 (Macintosh; Intel Mac OS X 10_8_4) AppleWebKit/536.30.1 (KHTML, like Gecko) Version/6.0.5 Safari/536.30.1"
h245n5-sto-a12.ias.bredband.telia.com - - [23/Sep/2013:05:39:26 +0200] "GET /atmycasa/bloglovin.jpg HTTP/1.1" 200 19710 "http://atmycasa.blogspot.se/" "Mozilla/5.0 (Macintosh; Intel Mac OS X 10_8_4) AppleWebKit/536.30.1 (KHTML, like Gecko) Version/6.0.5 Safari/536.30.1"
h245n5-sto-a12.ias.bredband.telia.com - - [23/Sep/2013:05:39:26 +0200] "GET /atmycasa/instagram.jpg HTTP/1.1" 200 18596 "http://atmycasa.blogspot.se/" "Mozilla/5.0 (Macintosh; Intel Mac OS X 10_8_4) AppleWebKit/536.30.1 (KHTML, like Gecko) Version/6.0.5 Safari/536.30.1"
host-95-199-7-57.mobileonline.telia.com - - [23/Sep/2013:05:47:05 +0200] "GET /atmycasa/mejladress.jpg HTTP/1.1" 200 17337 "http://atmycasa.blogspot.se/" "Mozilla/5.0 (compatible; MSIE 9.0; Windows Phone OS 7.5; Trident/5.0; IEMobile/9.0; NOKIA; Lumia 800)"
host-95-199-7-57.mobileonline.telia.com - - [23/Sep/2013:05:47:05 +0200] "GET /atmycasa/bloglovin.jpg HTTP/1.1" 200 19710 "http://atmycasa.blogspot.se/" "Mozilla/5.0 (compatible; MSIE 9.0; Windows Phone OS 7.5; Trident/5.0; IEMobile/9.0; NOKIA; Lumia 800)"
host-95-199-7-57.mobileonline.telia.com - - [23/Sep/2013:05:47:05 +0200] "GET /atmycasa/instagram.jpg HTTP/1.1" 200 18596 "http://atmycasa.blogspot.se/" "Mozilla/5.0 (compatible; MSIE 9.0; Windows Phone OS 7.5; Trident/5.0; IEMobile/9.0; NOKIA; Lumia 800)"
109.58.148.24.bredband.tre.se - - [23/Sep/2013:05:54:57 +0200] "GET /atmycasa/instagram.jpg HTTP/1.1" 200 18596 "http://atmycasa.blogspot.se/?m=1" "Mozilla/5.0 (iPhone; CPU iPhone OS 6_1_3 like Mac OS X) AppleWebKit/536.26 (KHTML, like Gecko) Version/6.0 Mobile/10B329 Safari/8536.25"
109.58.148.24.bredband.tre.se - - [23/Sep/2013:05:54:57 +0200] "GET /atmycasa/mejladress.jpg HTTP/1.1" 200 17337 "http://atmycasa.blogspot.se/?m=1" "Mozilla/5.0 (iPhone; CPU iPhone OS 6_1_3 like Mac OS X) AppleWebKit/536.26 (KHTML, like Gecko) Version/6.0 Mobile/10B329 Safari/8536.25"
109.58.148.24.bredband.tre.se - - [23/Sep/2013:05:54:59 +0200] "GET /atmycasa/mejladress.jpg HTTP/1.1" 200 17337 "http://atmycasa.blogspot.se/?m=1" "Mozilla/5.0 (iPhone; CPU iPhone OS 6_1_3 like Mac OS X) AppleWebKit/536.26 (KHTML, like Gecko) Version/6.0 Mobile/10B329 Safari/8536.25"
109.58.148.24.bredband.tre.se - - [23/Sep/2013:05:54:59 +0200] "GET /atmycasa/bloglovin.jpg HTTP/1.1" 200 19710 "http://atmycasa.blogspot.se/?m=1" "Mozilla/5.0 (iPhone; CPU iPhone OS 6_1_3 like Mac OS X) AppleWebKit/536.26 (KHTML, like Gecko) Version/6.0 Mobile/10B329 Safari/8536.25"
109.58.148.24.bredband.tre.se - - [23/Sep/2013:05:54:59 +0200] "GET /atmycasa/instagram.jpg HTTP/1.1" 200 18596 "http://atmycasa.blogspot.se/?m=1" "Mozilla/5.0 (iPhone; CPU iPhone OS 6_1_3 like Mac OS X) AppleWebKit/536.26 (KHTML, like Gecko) Version/6.0 Mobile/10B329 Safari/8536.25"
msnbot-157-55-32-107.search.msn.com - - [23/Sep/2013:05:55:10 +0200] "GET /robots.txt HTTP/1.1" 200 302 "-" "Mozilla/5.0 (compatible; bingbot/2.0; +http://www.bing.com/bingbot.htm)"
msnbot-157-55-32-107.search.msn.com - - [23/Sep/2013:05:55:46 +0200] "GET /avsnitt/co-hannah-och-amanda/62-den-stora-brollopspodden.htm HTTP/1.1" 200 37276 "-" "Mozilla/5.0 (compatible; bingbot/2.0; +http://www.bing.com/bingbot.htm)"
msnbot-157-55-32-107.search.msn.com - - [23/Sep/2013:05:57:06 +0200] "GET /avsnitt/co-hannah-och-amanda/62-den-stora-brollopspodden.htm HTTP/1.0" 200 37013 "-" "Mozilla/5.0 (compatible; bingbot/2.0; +http://www.bing.com/bingbot.htm)"
