crawl-66-249-78-155.googlebot.com - - [24/Sep/2013:04:00:28 +0200] "GET /latar/the-tallest-man-on-earth/1904.htm HTTP/1.1" 200 36884 "-" "Mozilla/5.0 (compatible; Googlebot/2.1; +http://www.google.com/bot.html)"
crawl-66-249-78-155.googlebot.com - - [24/Sep/2013:04:03:38 +0200] "GET /latar/ludacris/rest-of-my-life-ft-usher-david-guetta.htm HTTP/1.1" 200 36913 "-" "Mozilla/5.0 (compatible; Googlebot/2.1; +http://www.google.com/bot.html)"
crawl-66-249-78-155.googlebot.com - - [24/Sep/2013:04:04:18 +0200] "GET /latar/mange-makers/inte-en-krona.htm HTTP/1.1" 200 36873 "-" "Mozilla/5.0 (compatible; Googlebot/2.1; +http://www.google.com/bot.html)"
crawl-66-249-78-155.googlebot.com - - [24/Sep/2013:04:04:59 +0200] "GET /latar/pankbanken/vart-tog-pengarna-vgen.htm HTTP/1.1" 200 36892 "-" "Mozilla/5.0 (compatible; Googlebot/2.1; +http://www.google.com/bot.html)"
crawl-66-249-78-155.googlebot.com - - [24/Sep/2013:04:05:44 +0200] "GET /latar/lucas-nord-feat-and-then/close-to-you.htm HTTP/1.1" 200 36900 "-" "Mozilla/5.0 (compatible; Googlebot/2.1; +http://www.google.com/bot.html)"
crawl-66-249-78-155.googlebot.com - - [24/Sep/2013:04:10:01 +0200] "GET /latar/kim-cesarion/undressed.htm HTTP/1.1" 200 36865 "-" "Mozilla/5.0 (compatible; Googlebot/2.1; +http://www.google.com/bot.html)"
crawl-66-249-78-155.googlebot.com - - [24/Sep/2013:04:10:22 +0200] "GET /latar/dada-life/so-young-so-high.htm HTTP/1.1" 200 36873 "-" "Mozilla/5.0 (compatible; Googlebot/2.1; +http://www.google.com/bot.html)"
crawl-66-249-78-155.googlebot.com - - [24/Sep/2013:04:11:31 +0200] "GET /latar/michael-rune-ft-cecilie-fleur/vaek-i-natten.htm HTTP/1.1" 200 36912 "-" "Mozilla/5.0 (compatible; Googlebot/2.1; +http://www.google.com/bot.html)"
crawl-66-249-78-155.googlebot.com - - [24/Sep/2013:04:19:34 +0200] "GET /latar/italobrothers/my-life-is-a-party-rio-mix.htm HTTP/1.1" 200 36906 "-" "Mozilla/5.0 (compatible; Googlebot/2.1; +http://www.google.com/bot.html)"
crawl-66-249-78-155.googlebot.com - - [24/Sep/2013:04:21:44 +0200] "GET /latar/dj-eddy-n-feat-iva-heat/be-free.htm HTTP/1.1" 200 36887 "-" "Mozilla/5.0 (compatible; Googlebot/2.1; +http://www.google.com/bot.html)"
sehan05cs.han.telia.se - - [24/Sep/2013:04:22:57 +0200] "GET /atmycasa/bloglovin.jpg HTTP/1.1" 304 175 "-" "Mozilla/4.0 (compatible;)"
spider-37-140-141-6.yandex.com - - [24/Sep/2013:04:23:05 +0200] "GET /avsnitt/den-bla-hasten/rumanien.htm HTTP/1.1" 200 37081 "-" "Mozilla/5.0 (compatible; YandexBot/3.0; +http://yandex.com/bots)"
crawl-66-249-78-155.googlebot.com - - [24/Sep/2013:04:26:47 +0200] "GET /latar/lilla-sllskapet/om-vingarna-br.htm HTTP/1.1" 200 36881 "-" "Mozilla/5.0 (compatible; Googlebot/2.1; +http://www.google.com/bot.html)"
crawl-66-249-78-155.googlebot.com - - [24/Sep/2013:04:29:37 +0200] "GET /latar/calvin-harris-ellie-goulding/i-need-your-love.htm HTTP/1.1" 200 36916 "-" "Mozilla/5.0 (compatible; Googlebot/2.1; +http://www.google.com/bot.html)"
crawl-66-249-78-155.googlebot.com - - [24/Sep/2013:04:33:32 +0200] "GET /latar/sirkus-eliassen/i-love-you-te-quiero.htm HTTP/1.1" 200 36898 "-" "Mozilla/5.0 (compatible; Googlebot/2.1; +http://www.google.com/bot.html)"
crawl-66-249-78-155.googlebot.com - - [24/Sep/2013:04:37:32 +0200] "GET /latar/amir-sahara/barfota-ft-thirdson.htm HTTP/1.1" 200 36888 "-" "Mozilla/5.0 (compatible; Googlebot/2.1; +http://www.google.com/bot.html)"
dsl-lprbrasgw1-54fa81-231.dhcp.inet.fi - - [24/Sep/2013:04:41:44 +0200] "GET /atmycasa/bloglovin.jpg HTTP/1.1" 200 19710 "http://atmycasa.blogspot.fi/" "Mozilla/5.0 (Windows NT 6.1; WOW64) AppleWebKit/537.36 (KHTML, like Gecko) Chrome/29.0.1547.76 Safari/537.36"
dsl-lprbrasgw1-54fa81-231.dhcp.inet.fi - - [24/Sep/2013:04:41:44 +0200] "GET /atmycasa/mejladress.jpg HTTP/1.1" 200 17337 "http://atmycasa.blogspot.fi/" "Mozilla/5.0 (Windows NT 6.1; WOW64) AppleWebKit/537.36 (KHTML, like Gecko) Chrome/29.0.1547.76 Safari/537.36"
dsl-lprbrasgw1-54fa81-231.dhcp.inet.fi - - [24/Sep/2013:04:41:44 +0200] "GET /atmycasa/instagram.jpg HTTP/1.1" 200 18596 "http://atmycasa.blogspot.fi/" "Mozilla/5.0 (Windows NT 6.1; WOW64) AppleWebKit/537.36 (KHTML, like Gecko) Chrome/29.0.1547.76 Safari/537.36"
crawl-66-249-78-155.googlebot.com - - [24/Sep/2013:04:48:48 +0200] "GET /artister/regenholtz-portnoff HTTP/1.1" 200 36857 "-" "Mozilla/5.0 (compatible; Googlebot/2.1; +http://www.google.com/bot.html)"
crawl-66-249-78-155.googlebot.com - - [24/Sep/2013:04:49:09 +0200] "GET /latar/nadroid/vinlten.htm HTTP/1.1" 200 36856 "-" "Mozilla/5.0 (compatible; Googlebot/2.1; +http://www.google.com/bot.html)"
crawl-66-249-78-155.googlebot.com - - [24/Sep/2013:04:49:33 +0200] "GET /latar/aleks/en-drm.htm HTTP/1.1" 200 36850 "-" "Mozilla/5.0 (compatible; Googlebot/2.1; +http://www.google.com/bot.html)"
spider-37-140-141-6.yandex.com - - [24/Sep/2013:04:50:01 +0200] "GET /avsnitt/sr-sommar-i-p1/jorn-donner.htm HTTP/1.1" 200 37082 "-" "Mozilla/5.0 (compatible; YandexBot/3.0; +http://yandex.com/bots)"
crawl-66-249-78-155.googlebot.com - - [24/Sep/2013:04:50:22 +0200] "GET /latar/oceana/endless-summer-official-video-uefa-euro-2012.htm HTTP/1.1" 200 36928 "-" "Mozilla/5.0 (compatible; Googlebot/2.1; +http://www.google.com/bot.html)"
crawl-66-249-78-155.googlebot.com - - [24/Sep/2013:04:51:09 +0200] "GET /latar/laser/det-var-en-gng-en-fgel.htm HTTP/1.1" 200 36882 "-" "Mozilla/5.0 (compatible; Googlebot/2.1; +http://www.google.com/bot.html)"
crawl-66-249-78-155.googlebot.com - - [24/Sep/2013:04:51:41 +0200] "GET /latar/dj-pish/tjena-tjena.htm HTTP/1.1" 200 36864 "-" "Mozilla/5.0 (compatible; Googlebot/2.1; +http://www.google.com/bot.html)"
crawl-66-249-78-155.googlebot.com - - [24/Sep/2013:04:51:44 +0200] "GET /artister/david-guetta HTTP/1.1" 200 36848 "-" "Mozilla/5.0 (compatible; Googlebot/2.1; +http://www.google.com/bot.html)"
crawl-66-249-78-36.googlebot.com - - [24/Sep/2013:04:55:49 +0200] "GET /nyheter/2013-09-01/testar-att-andra-titel-fran-las-vegas HTTP/1.1" 200 3135 "-" "Mozilla/5.0 (compatible; Googlebot/2.1; +http://www.google.com/bot.html)"
crawl-66-249-78-155.googlebot.com - - [24/Sep/2013:04:58:03 +0200] "GET /artister/regenholtz-portnoff HTTP/1.1" 200 36857 "-" "Mozilla/5.0 (compatible; Googlebot/2.1; +http://www.google.com/bot.html)"
