spider-37-140-141-6.yandex.com - - [24/Sep/2013:01:00:02 +0200] "GET /avsnitt/sr-sommar-i-p1/rolf-ekeus.htm HTTP/1.1" 200 37085 "-" "Mozilla/5.0 (compatible; YandexBot/3.0; +http://yandex.com/bots)"
spider-37-140-141-6.yandex.com - - [24/Sep/2013:01:00:46 +0200] "GET /avsnitt/via-lascaris/jag-andades-in-hiv.htm HTTP/1.1" 200 37096 "-" "Mozilla/5.0 (compatible; YandexBot/3.0; +http://yandex.com/bots)"
spider-37-140-141-6.yandex.com - - [24/Sep/2013:01:00:56 +0200] "GET /avsnitt/adam-och-kompani/55-att-bli-med-tjej.htm HTTP/1.1" 200 37107 "-" "Mozilla/5.0 (compatible; YandexBot/3.0; +http://yandex.com/bots)"
spider-37-140-141-6.yandex.com - - [24/Sep/2013:01:01:02 +0200] "GET /avsnitt/via-lascaris/the-choousefrittz.htm HTTP/1.1" 200 37090 "-" "Mozilla/5.0 (compatible; YandexBot/3.0; +http://yandex.com/bots)"
spider-37-140-141-6.yandex.com - - [24/Sep/2013:01:01:26 +0200] "GET /avsnitt/sr-sommar-i-p1/daniel-sachs.htm HTTP/1.1" 200 37089 "-" "Mozilla/5.0 (compatible; YandexBot/3.0; +http://yandex.com/bots)"
spider-37-140-141-6.yandex.com - - [24/Sep/2013:01:01:36 +0200] "GET /avsnitt/smaka-pa-den-podcast/spd-podcast-013--storleken-har-betydelse-en-gast-ersatter-emelie-groupie-sex-vid-mens-bor-tjejen-suga.htm HTTP/1.1" 200 37278 "-" "Mozilla/5.0 (compatible; YandexBot/3.0; +http://yandex.com/bots)"
crawl-66-249-78-36.googlebot.com - - [24/Sep/2013:01:01:37 +0200] "GET /logga-in HTTP/1.1" 200 3473 "-" "Mozilla/5.0 (compatible; Googlebot/2.1; +http://www.google.com/bot.html)"
spider-37-140-141-6.yandex.com - - [24/Sep/2013:01:01:39 +0200] "GET /avsnitt/via-lascaris/the-scary-potato.htm HTTP/1.1" 200 37092 "-" "Mozilla/5.0 (compatible; YandexBot/3.0; +http://yandex.com/bots)"
spider-37-140-141-6.yandex.com - - [24/Sep/2013:01:01:45 +0200] "GET /avsnitt/sr-sommar-i-p1/jonas-gardell.htm HTTP/1.1" 200 37091 "-" "Mozilla/5.0 (compatible; YandexBot/3.0; +http://yandex.com/bots)"
c83-254-44-167.bredband.comhem.se - - [24/Sep/2013:01:06:17 +0200] "GET /atmycasa/mejladress.jpg HTTP/1.1" 200 17337 "http://atmycasa.blogspot.se/2012/07/allsaints.html" "Mozilla/5.0 (Windows NT 6.1; WOW64) AppleWebKit/537.36 (KHTML, like Gecko) Chrome/29.0.1547.76 Safari/537.36"
c83-254-44-167.bredband.comhem.se - - [24/Sep/2013:01:06:17 +0200] "GET /atmycasa/bloglovin.jpg HTTP/1.1" 200 19710 "http://atmycasa.blogspot.se/2012/07/allsaints.html" "Mozilla/5.0 (Windows NT 6.1; WOW64) AppleWebKit/537.36 (KHTML, like Gecko) Chrome/29.0.1547.76 Safari/537.36"
c83-254-44-167.bredband.comhem.se - - [24/Sep/2013:01:06:17 +0200] "GET /atmycasa/instagram.jpg HTTP/1.1" 200 18596 "http://atmycasa.blogspot.se/2012/07/allsaints.html" "Mozilla/5.0 (Windows NT 6.1; WOW64) AppleWebKit/537.36 (KHTML, like Gecko) Chrome/29.0.1547.76 Safari/537.36"
spider-37-140-141-6.yandex.com - - [24/Sep/2013:01:10:53 +0200] "GET /avsnitt/via-lascaris/lelle-modig.htm HTTP/1.1" 200 37081 "-" "Mozilla/5.0 (compatible; YandexBot/3.0; +http://yandex.com/bots)"
spider-37-140-141-6.yandex.com - - [24/Sep/2013:01:16:20 +0200] "GET /avsnitt/via-lascaris/the-scary-potatoe.htm HTTP/1.1" 200 37090 "-" "Mozilla/5.0 (compatible; YandexBot/3.0; +http://yandex.com/bots)"
c-5eeaaa30-74736162.cust.telenor.se - - [24/Sep/2013:01:19:05 +0200] "GET /atmycasa/bloglovin.jpg HTTP/1.1" 200 19710 "http://atmycasa.blogspot.se/?m=1" "Mozilla/5.0 (iPhone; CPU iPhone OS 6_1 like Mac OS X) AppleWebKit/536.26 (KHTML, like Gecko) Version/6.0 Mobile/10B142 Safari/8536.25"
c-5eeaaa30-74736162.cust.telenor.se - - [24/Sep/2013:01:19:06 +0200] "GET /atmycasa/mejladress.jpg HTTP/1.1" 200 17337 "http://atmycasa.blogspot.se/?m=1" "Mozilla/5.0 (iPhone; CPU iPhone OS 6_1 like Mac OS X) AppleWebKit/536.26 (KHTML, like Gecko) Version/6.0 Mobile/10B142 Safari/8536.25"
c-5eeaaa30-74736162.cust.telenor.se - - [24/Sep/2013:01:19:06 +0200] "GET /atmycasa/instagram.jpg HTTP/1.1" 200 18596 "http://atmycasa.blogspot.se/?m=1" "Mozilla/5.0 (iPhone; CPU iPhone OS 6_1 like Mac OS X) AppleWebKit/536.26 (KHTML, like Gecko) Version/6.0 Mobile/10B142 Safari/8536.25"
crawl-66-249-78-155.googlebot.com - - [24/Sep/2013:01:19:07 +0200] "GET /artister/ewer HTTP/1.1" 200 36832 "-" "Mozilla/5.0 (compatible; Googlebot/2.1; +http://www.google.com/bot.html)"
m90-129-64-159.cust.tele2.se - - [24/Sep/2013:01:21:26 +0200] "GET /atmycasa/mejladress.jpg HTTP/1.1" 200 17337 "http://atmycasa.blogspot.se/" "Mozilla/5.0 (Windows NT 6.1; WOW64) AppleWebKit/537.36 (KHTML, like Gecko) Chrome/29.0.1547.76 Safari/537.36"
m90-129-64-159.cust.tele2.se - - [24/Sep/2013:01:21:26 +0200] "GET /atmycasa/bloglovin.jpg HTTP/1.1" 200 19710 "http://atmycasa.blogspot.se/" "Mozilla/5.0 (Windows NT 6.1; WOW64) AppleWebKit/537.36 (KHTML, like Gecko) Chrome/29.0.1547.76 Safari/537.36"
m90-129-64-159.cust.tele2.se - - [24/Sep/2013:01:21:26 +0200] "GET /atmycasa/instagram.jpg HTTP/1.1" 200 18596 "http://atmycasa.blogspot.se/" "Mozilla/5.0 (Windows NT 6.1; WOW64) AppleWebKit/537.36 (KHTML, like Gecko) Chrome/29.0.1547.76 Safari/537.36"
spider-37-140-141-6.yandex.com - - [24/Sep/2013:01:21:30 +0200] "GET /avsnitt/co-hannah-och-amanda/37-skonhet-och-mord.htm HTTP/1.1" 200 37115 "-" "Mozilla/5.0 (compatible; YandexBot/3.0; +http://yandex.com/bots)"
crawl-66-249-78-36.googlebot.com - - [24/Sep/2013:01:22:05 +0200] "GET /nyheter HTTP/1.1" 200 3488 "-" "Mozilla/5.0 (compatible; Googlebot/2.1; +http://www.google.com/bot.html)"
72dsl81-sand.soderhamn-net.com - - [24/Sep/2013:01:22:39 +0200] "GET /atmycasa/mejladress.jpg HTTP/1.1" 200 17337 "http://atmycasa.blogspot.se/" "Mozilla/5.0 (Windows NT 5.1; rv:23.0) Gecko/20100101 Firefox/23.0"
72dsl81-sand.soderhamn-net.com - - [24/Sep/2013:01:22:39 +0200] "GET /atmycasa/instagram.jpg HTTP/1.1" 200 18596 "http://atmycasa.blogspot.se/" "Mozilla/5.0 (Windows NT 5.1; rv:23.0) Gecko/20100101 Firefox/23.0"
72dsl81-sand.soderhamn-net.com - - [24/Sep/2013:01:22:42 +0200] "GET /atmycasa/bloglovin.jpg HTTP/1.1" 200 19710 "http://atmycasa.blogspot.se/" "Mozilla/5.0 (Windows NT 5.1; rv:23.0) Gecko/20100101 Firefox/23.0"
spider-37-140-141-6.yandex.com - - [24/Sep/2013:01:26:18 +0200] "GET /avsnitt/den-bla-hasten/danmark.htm HTTP/1.1" 200 37074 "-" "Mozilla/5.0 (compatible; YandexBot/3.0; +http://yandex.com/bots)"
crawl-66-249-78-155.googlebot.com - - [24/Sep/2013:01:32:24 +0200] "GET /artister/loparpodden HTTP/1.1" 200 36841 "-" "Mozilla/5.0 (compatible; Googlebot/2.1; +http://www.google.com/bot.html)"
spider-37-140-141-6.yandex.com - - [24/Sep/2013:01:33:45 +0200] "GET /avsnitt/via-lascaris/hitler-och-jag.htm HTTP/1.1" 200 37089 "-" "Mozilla/5.0 (compatible; YandexBot/3.0; +http://yandex.com/bots)"
spider-37-140-141-6.yandex.com - - [24/Sep/2013:01:39:16 +0200] "GET /avsnitt/juiceverket/20---berlin-uncut.htm HTTP/1.1" 200 37093 "-" "Mozilla/5.0 (compatible; YandexBot/3.0; +http://yandex.com/bots)"
spider-37-140-141-6.yandex.com - - [24/Sep/2013:01:44:17 +0200] "GET /avsnitt/via-lascaris/runk-bildt.htm HTTP/1.1" 200 37081 "-" "Mozilla/5.0 (compatible; YandexBot/3.0; +http://yandex.com/bots)"
crawl-66-249-78-155.googlebot.com - - [24/Sep/2013:01:47:24 +0200] "GET /latar/don-omar/hasta-que-salga-el-sol.htm HTTP/1.1" 200 36888 "-" "Mozilla/5.0 (compatible; Googlebot/2.1; +http://www.google.com/bot.html)"
sehan05cs.han.telia.se - - [24/Sep/2013:01:47:33 +0200] "GET /atmycasa/instagram.jpg HTTP/1.1" 304 175 "-" "Mozilla/4.0 (compatible;)"
crawl-66-249-78-155.googlebot.com - - [24/Sep/2013:01:50:50 +0200] "GET /artister/varvet-podcast HTTP/1.1" 200 36852 "-" "Mozilla/5.0 (compatible; Googlebot/2.1; +http://www.google.com/bot.html)"
spider-37-140-141-6.yandex.com - - [24/Sep/2013:01:51:09 +0200] "GET /avsnitt/via-lascaris/skjuta-al.htm HTTP/1.1" 200 37074 "-" "Mozilla/5.0 (compatible; YandexBot/3.0; +http://yandex.com/bots)"
crawl-66-249-78-155.googlebot.com - - [24/Sep/2013:01:51:19 +0200] "GET /avsnitt/co-hannah-och-amanda/4-angest.htm HTTP/1.1" 200 37093 "-" "Mozilla/5.0 (compatible; Googlebot/2.1; +http://www.google.com/bot.html)"
crawl-66-249-78-155.googlebot.com - - [24/Sep/2013:01:54:59 +0200] "GET /artister/3oh3 HTTP/1.1" 200 36832 "-" "Mozilla/5.0 (compatible; Googlebot/2.1; +http://www.google.com/bot.html)"
crawl-66-249-78-155.googlebot.com - - [24/Sep/2013:01:58:45 +0200] "GET /artister/hemma-hos-birro HTTP/1.1" 200 36849 "-" "Mozilla/5.0 (compatible; Googlebot/2.1; +http://www.google.com/bot.html)"
