c-4f66874a-74736162.cust.telenor.se - - [23/Sep/2013:00:03:12 +0200] "GET /atmycasa/bloglovin.jpg HTTP/1.1" 200 19710 "http://atmycasa.blogspot.se/2013/08/koppar.html" "Mozilla/5.0 (Macintosh; Intel Mac OS X 10.8; rv:23.0) Gecko/20100101 Firefox/23.0"
c-4f66874a-74736162.cust.telenor.se - - [23/Sep/2013:00:03:12 +0200] "GET /atmycasa/instagram.jpg HTTP/1.1" 200 18596 "http://atmycasa.blogspot.se/2013/08/koppar.html" "Mozilla/5.0 (Macintosh; Intel Mac OS X 10.8; rv:23.0) Gecko/20100101 Firefox/23.0"
c-4f66874a-74736162.cust.telenor.se - - [23/Sep/2013:00:03:12 +0200] "GET /atmycasa/mejladress.jpg HTTP/1.1" 200 17337 "http://atmycasa.blogspot.se/2013/08/koppar.html" "Mozilla/5.0 (Macintosh; Intel Mac OS X 10.8; rv:23.0) Gecko/20100101 Firefox/23.0"
crawl-66-249-78-155.googlebot.com - - [23/Sep/2013:00:18:47 +0200] "GET /avsnitt/co-hannah-och-amanda/37-skonhet-och-mord.htm HTTP/1.1" 200 37114 "-" "Mozilla/5.0 (compatible; Googlebot/2.1; +http://www.google.com/bot.html)"
spider-37-140-141-6.yandex.com - - [23/Sep/2013:00:19:41 +0200] "GET /robots.txt HTTP/1.1" 200 302 "-" "Mozilla/5.0 (compatible; YandexBot/3.0; +http://yandex.com/bots)"
c-62-220-183-254.cust.bredband2.com - - [23/Sep/2013:00:21:33 +0200] "GET /atmycasa/instagram.jpg HTTP/1.1" 200 18596 "http://atmycasa.blogspot.se/?m=1" "Mozilla/5.0 (iPhone; CPU iPhone OS 6_1_3 like Mac OS X) AppleWebKit/536.26 (KHTML, like Gecko) Version/6.0 Mobile/10B329 Safari/8536.25"
c-62-220-183-254.cust.bredband2.com - - [23/Sep/2013:00:21:33 +0200] "GET /atmycasa/mejladress.jpg HTTP/1.1" 200 17337 "http://atmycasa.blogspot.se/?m=1" "Mozilla/5.0 (iPhone; CPU iPhone OS 6_1_3 like Mac OS X) AppleWebKit/536.26 (KHTML, like Gecko) Version/6.0 Mobile/10B329 Safari/8536.25"
c-62-220-183-254.cust.bredband2.com - - [23/Sep/2013:00:21:33 +0200] "GET /atmycasa/bloglovin.jpg HTTP/1.1" 200 19710 "http://atmycasa.blogspot.se/?m=1" "Mozilla/5.0 (iPhone; CPU iPhone OS 6_1_3 like Mac OS X) AppleWebKit/536.26 (KHTML, like Gecko) Version/6.0 Mobile/10B329 Safari/8536.25"
c83-248-135-165.bredband.comhem.se - - [23/Sep/2013:00:28:08 +0200] "GET /atmycasa/bloglovin.jpg HTTP/1.1" 200 19710 "http://atmycasa.blogspot.se/?m=1" "Mozilla/5.0 (iPhone; CPU iPhone OS 7_0 like Mac OS X) AppleWebKit/537.51.1 (KHTML, like Gecko) Version/7.0 Mobile/11A465 Safari/9537.53"
c83-248-135-165.bredband.comhem.se - - [23/Sep/2013:00:28:08 +0200] "GET /atmycasa/mejladress.jpg HTTP/1.1" 200 17337 "http://atmycasa.blogspot.se/?m=1" "Mozilla/5.0 (iPhone; CPU iPhone OS 7_0 like Mac OS X) AppleWebKit/537.51.1 (KHTML, like Gecko) Version/7.0 Mobile/11A465 Safari/9537.53"
c83-248-135-165.bredband.comhem.se - - [23/Sep/2013:00:28:08 +0200] "GET /atmycasa/instagram.jpg HTTP/1.1" 200 18596 "http://atmycasa.blogspot.se/?m=1" "Mozilla/5.0 (iPhone; CPU iPhone OS 7_0 like Mac OS X) AppleWebKit/537.51.1 (KHTML, like Gecko) Version/7.0 Mobile/11A465 Safari/9537.53"
msnbot-157-55-32-111.search.msn.com - - [23/Sep/2013:00:30:36 +0200] "GET /avsnitt/co-hannah-och-amanda/53-kysskemi-och-karleksdilemman.htm HTTP/1.0" 200 37021 "-" "Mozilla/5.0 (compatible; bingbot/2.0; +http://www.bing.com/bingbot.htm)"
m176-70-162-230.cust.tele2.se - - [23/Sep/2013:00:41:28 +0200] "GET /atmycasa/mejladress.jpg HTTP/1.1" 200 17337 "http://atmycasa.blogspot.se/?m=1" "Mozilla/5.0 (iPhone; CPU iPhone OS 6_1_3 like Mac OS X) AppleWebKit/536.26 (KHTML, like Gecko) Version/6.0 Mobile/10B329 Safari/8536.25"
m176-70-162-230.cust.tele2.se - - [23/Sep/2013:00:41:28 +0200] "GET /atmycasa/bloglovin.jpg HTTP/1.1" 200 19710 "http://atmycasa.blogspot.se/?m=1" "Mozilla/5.0 (iPhone; CPU iPhone OS 6_1_3 like Mac OS X) AppleWebKit/536.26 (KHTML, like Gecko) Version/6.0 Mobile/10B329 Safari/8536.25"
m176-70-162-230.cust.tele2.se - - [23/Sep/2013:00:41:28 +0200] "GET /atmycasa/instagram.jpg HTTP/1.1" 200 18596 "http://atmycasa.blogspot.se/?m=1" "Mozilla/5.0 (iPhone; CPU iPhone OS 6_1_3 like Mac OS X) AppleWebKit/536.26 (KHTML, like Gecko) Version/6.0 Mobile/10B329 Safari/8536.25"
m5-242-22-12.cust.tele2.se - - [23/Sep/2013:00:58:50 +0200] "GET /atmycasa/bloglovin.jpg HTTP/1.1" 200 19710 "http://atmycasa.blogspot.se/?m=1" "Mozilla/5.0 (iPhone; CPU iPhone OS 5_1_1 like Mac OS X) AppleWebKit/534.46 (KHTML, like Gecko) Version/5.1 Mobile/9B206 Safari/7534.48.3"
m5-242-22-12.cust.tele2.se - - [23/Sep/2013:00:58:50 +0200] "GET /atmycasa/instagram.jpg HTTP/1.1" 200 18596 "http://atmycasa.blogspot.se/?m=1" "Mozilla/5.0 (iPhone; CPU iPhone OS 5_1_1 like Mac OS X) AppleWebKit/534.46 (KHTML, like Gecko) Version/5.1 Mobile/9B206 Safari/7534.48.3"
m5-242-22-12.cust.tele2.se - - [23/Sep/2013:00:58:50 +0200] "GET /atmycasa/mejladress.jpg HTTP/1.1" 200 17337 "http://atmycasa.blogspot.se/?m=1" "Mozilla/5.0 (iPhone; CPU iPhone OS 5_1_1 like Mac OS X) AppleWebKit/534.46 (KHTML, like Gecko) Version/5.1 Mobile/9B206 Safari/7534.48.3"
crawl-66-249-78-155.googlebot.com - - [23/Sep/2013:00:59:06 +0200] "GET /artister/bolltroll-och-bankes/ HTTP/1.1" 200 845 "-" "Mozilla/5.0 (compatible; Googlebot/2.1; +http://www.google.com/bot.html)"
crawl-66-249-78-155.googlebot.com - - [23/Sep/2013:00:59:23 +0200] "GET /artister/bolltroll-och-bankes HTTP/1.1" 200 36864 "-" "Mozilla/5.0 (compatible; Googlebot/2.1; +http://www.google.com/bot.html)"
