[16-Jan-2013 11:49:24] PHP Parse error:  syntax error, unexpected T_FUNCTION, expecting ')' in /storage/content/50/152950/myrberginnovation.se/public_html/base.php on line 7
[16-Jan-2013 11:50:02 Europe/Stockholm] PHP Fatal error:  Call to undefined function apc_fetch() in /storage/content/50/152950/myrberginnovation.se/public_html/init.php on line 68
[16-Jan-2013 11:50:03 Europe/Stockholm] PHP Fatal error:  Call to undefined function apc_fetch() in /storage/content/50/152950/myrberginnovation.se/public_html/init.php on line 68
[10-Apr-2013 03:03:31 Europe/Stockholm] PHP Fatal error:  Uncaught exception 'PDOException' with message 'SQLSTATE[HY000] [2013] Lost connection to MySQL server at 'reading initial communication packet', system error: 110' in /storage/content/50/152950/myrberginnovation.se/public_html/includes/db.php:8
Stack trace:
#0 /storage/content/50/152950/myrberginnovation.se/public_html/includes/db.php(8): PDO->__construct('mysql:host=somm...', '152950_br51018', 'Thebulldog1973', Array)
#1 /storage/content/50/152950/myrberginnovation.se/public_html/includes/handlers/BaseHandler.php(6): Db->__construct()
#2 /storage/content/50/152950/myrberginnovation.se/public_html/includes/handlers/NewsHandler.php(8): BaseHandler->__construct()
#3 /storage/content/50/152950/myrberginnovation.se/public_html/init.php(66): NewsHandler->__construct()
#4 /storage/content/50/152950/myrberginnovation.se/public_html/view_artist.php(2): include('/storage/conten...')
#5 {main}
  thrown in /storage/content/50/152950/myrberginnovation.se/public_html/includes/db.php on line 8
[29-Jun-2013 05:02:00 Europe/Stockholm] PHP Fatal error:  Uncaught exception 'PDOException' with message 'SQLSTATE[HY000] [2013] Lost connection to MySQL server at 'reading initial communication packet', system error: 113' in /storage/content/50/152950/myrberginnovation.se/public_html/includes/db.php:8
Stack trace:
#0 /storage/content/50/152950/myrberginnovation.se/public_html/includes/db.php(8): PDO->__construct('mysql:host=somm...', '152950_br51018', 'Thebulldog1973', Array)
#1 /storage/content/50/152950/myrberginnovation.se/public_html/includes/handlers/BaseHandler.php(6): Db->__construct()
#2 /storage/content/50/152950/myrberginnovation.se/public_html/includes/handlers/UserHandler.php(12): BaseHandler->__construct()
#3 /storage/content/50/152950/myrberginnovation.se/public_html/init.php(39): UserHandler->__construct()
#4 /storage/content/50/152950/myrberginnovation.se/public_html/index.php(2): include('/storage/conten...')
#5 {main}
  thrown in /storage/content/50/152950/myrberginnovation.se/public_html/includes/db.php on line 8
[29-Jun-2013 05:02:58 Europe/Stockholm] PHP Fatal error:  Uncaught exception 'PDOException' with message 'SQLSTATE[HY000] [2013] Lost connection to MySQL server at 'reading initial communication packet', system error: 113' in /storage/content/50/152950/myrberginnovation.se/public_html/includes/db.php:8
Stack trace:
#0 /storage/content/50/152950/myrberginnovation.se/public_html/includes/db.php(8): PDO->__construct('mysql:host=somm...', '152950_br51018', 'Thebulldog1973', Array)
#1 /storage/content/50/152950/myrberginnovation.se/public_html/includes/handlers/BaseHandler.php(6): Db->__construct()
#2 /storage/content/50/152950/myrberginnovation.se/public_html/includes/handlers/UserHandler.php(12): BaseHandler->__construct()
#3 /storage/content/50/152950/myrberginnovation.se/public_html/init.php(39): UserHandler->__construct()
#4 /storage/content/50/152950/myrberginnovation.se/public_html/index.php(2): include('/storage/conten...')
#5 {main}
  thrown in /storage/content/50/152950/myrberginnovation.se/public_html/includes/db.php on line 8
[07-Aug-2013 09:03:36 Europe/Stockholm] PHP Fatal error:  Call to undefined method ArtistHandler::getLatestPlays() in /storage/content/50/152950/myrberginnovation.se/public_html/index.php on line 13
[07-Aug-2013 09:09:27 Europe/Stockholm] PHP Fatal error:  Uncaught exception 'Haanga_Compiler_Exception' with message 'exception 'Haanga_Compiler_Exception' with message 'Unexpected T_MINUS(-) in /storage/content/50/152950/myrberginnovation.se/public_html/templates//index.html:222' in /storage/content/50/152950/myrberginnovation.se/public_html/libs/Haanga/Haanga/Compiler/Parser.php:155
Stack trace:
#0 /storage/content/50/152950/myrberginnovation.se/public_html/libs/Haanga/Haanga/Compiler/Parser.php(2205): Haanga_Compiler_Parser->Error('Unexpected T_MI...')
#1 /storage/content/50/152950/myrberginnovation.se/public_html/libs/Haanga/Haanga/Compiler/Parser.php(2316): Haanga_Compiler_Parser->yy_syntax_error(15, '-')
#2 /storage/content/50/152950/myrberginnovation.se/public_html/libs/Haanga/Haanga/Compiler/Tokenizer.php(570): Haanga_Compiler_Parser->doParse(15, '-')
#3 /storage/content/50/152950/myrberginnovation.se/public_html/libs/Haanga/Haanga/Compiler.php(256): Haanga_Compiler_Tokenizer::init('{% extends 'bas...', Object(Haanga_Compiler_Runtime), '/storage/conten...') in /storage/content/50/152950/myrberginnovation.se/public_html/libs/Haanga/Haanga/Compiler.php on line 399
[07-Aug-2013 09:09:34 Europe/Stockholm] PHP Fatal error:  Uncaught exception 'Haanga_Compiler_Exception' with message 'exception 'Haanga_Compiler_Exception' with message 'Unexpected T_MINUS(-) in /storage/content/50/152950/myrberginnovation.se/public_html/templates//index.html:222' in /storage/content/50/152950/myrberginnovation.se/public_html/libs/Haanga/Haanga/Compiler/Parser.php:155
Stack trace:
#0 /storage/content/50/152950/myrberginnovation.se/public_html/libs/Haanga/Haanga/Compiler/Parser.php(2205): Haanga_Compiler_Parser->Error('Unexpected T_MI...')
#1 /storage/content/50/152950/myrberginnovation.se/public_html/libs/Haanga/Haanga/Compiler/Parser.php(2316): Haanga_Compiler_Parser->yy_syntax_error(15, '-')
#2 /storage/content/50/152950/myrberginnovation.se/public_html/libs/Haanga/Haanga/Compiler/Tokenizer.php(570): Haanga_Compiler_Parser->doParse(15, '-')
#3 /storage/content/50/152950/myrberginnovation.se/public_html/libs/Haanga/Haanga/Compiler.php(256): Haanga_Compiler_Tokenizer::init('{% extends 'bas...', Object(Haanga_Compiler_Runtime), '/storage/conten...') in /storage/content/50/152950/myrberginnovation.se/public_html/libs/Haanga/Haanga/Compiler.php on line 399
[07-Aug-2013 09:09:35 Europe/Stockholm] PHP Fatal error:  Uncaught exception 'Haanga_Compiler_Exception' with message 'exception 'Haanga_Compiler_Exception' with message 'Unexpected T_MINUS(-) in /storage/content/50/152950/myrberginnovation.se/public_html/templates//index.html:222' in /storage/content/50/152950/myrberginnovation.se/public_html/libs/Haanga/Haanga/Compiler/Parser.php:155
Stack trace:
#0 /storage/content/50/152950/myrberginnovation.se/public_html/libs/Haanga/Haanga/Compiler/Parser.php(2205): Haanga_Compiler_Parser->Error('Unexpected T_MI...')
#1 /storage/content/50/152950/myrberginnovation.se/public_html/libs/Haanga/Haanga/Compiler/Parser.php(2316): Haanga_Compiler_Parser->yy_syntax_error(15, '-')
#2 /storage/content/50/152950/myrberginnovation.se/public_html/libs/Haanga/Haanga/Compiler/Tokenizer.php(570): Haanga_Compiler_Parser->doParse(15, '-')
#3 /storage/content/50/152950/myrberginnovation.se/public_html/libs/Haanga/Haanga/Compiler.php(256): Haanga_Compiler_Tokenizer::init('{% extends 'bas...', Object(Haanga_Compiler_Runtime), '/storage/conten...') in /storage/content/50/152950/myrberginnovation.se/public_html/libs/Haanga/Haanga/Compiler.php on line 399
[07-Aug-2013 09:36:41 Europe/Stockholm] PHP Fatal error:  include(): Cannot redeclare class newshandler in /storage/content/50/152950/myrberginnovation.se/public_html/spellistor/index.php on line 4
[08-Aug-2013 23:08:39 Europe/Stockholm] PHP Fatal error:  include(): Cannot redeclare class newshandler in /storage/content/50/152950/myrberginnovation.se/public_html/spellistor/index.php on line 4
[11-Aug-2013 09:35:42 Europe/Stockholm] PHP Fatal error:  include(): Cannot redeclare class newshandler in /storage/content/50/152950/myrberginnovation.se/public_html/spellistor/index.php on line 4
[13-Aug-2013 08:59:30 Europe/Stockholm] PHP Fatal error:  include(): Cannot redeclare class newshandler in /storage/content/50/152950/myrberginnovation.se/public_html/spellistor/index.php on line 4
[14-Aug-2013 17:18:02 Europe/Stockholm] PHP Fatal error:  include(): Cannot redeclare class newshandler in /storage/content/50/152950/myrberginnovation.se/public_html/spellistor/index.php on line 4
[15-Aug-2013 06:56:34 Europe/Stockholm] PHP Fatal error:  include(): Cannot redeclare class newshandler in /storage/content/50/152950/myrberginnovation.se/public_html/spellistor/index.php on line 4
[15-Aug-2013 23:34:58 Europe/Stockholm] PHP Fatal error:  include(): Cannot redeclare class newshandler in /storage/content/50/152950/myrberginnovation.se/public_html/spellistor/index.php on line 4
[17-Aug-2013 03:35:13 Europe/Stockholm] PHP Fatal error:  include(): Cannot redeclare class newshandler in /storage/content/50/152950/myrberginnovation.se/public_html/spellistor/index.php on line 4
[18-Aug-2013 10:04:05 Europe/Stockholm] PHP Fatal error:  include(): Cannot redeclare class newshandler in /storage/content/50/152950/myrberginnovation.se/public_html/spellistor/index.php on line 4
[19-Aug-2013 05:11:02 Europe/Stockholm] PHP Fatal error:  include(): Cannot redeclare class newshandler in /storage/content/50/152950/myrberginnovation.se/public_html/spellistor/index.php on line 4
[20-Aug-2013 13:12:20 Europe/Stockholm] PHP Fatal error:  include(): Cannot redeclare class newshandler in /storage/content/50/152950/myrberginnovation.se/public_html/spellistor/index.php on line 4
[22-Aug-2013 05:24:32 Europe/Stockholm] PHP Fatal error:  include(): Cannot redeclare class newshandler in /storage/content/50/152950/myrberginnovation.se/public_html/spellistor/index.php on line 4
[24-Aug-2013 03:11:22 Europe/Stockholm] PHP Fatal error:  include(): Cannot redeclare class newshandler in /storage/content/50/152950/myrberginnovation.se/public_html/spellistor/index.php on line 4
[25-Aug-2013 15:05:41 Europe/Stockholm] PHP Fatal error:  include(): Cannot redeclare class newshandler in /storage/content/50/152950/myrberginnovation.se/public_html/spellistor/index.php on line 4
[26-Aug-2013 06:14:54 Europe/Stockholm] PHP Fatal error:  include(): Cannot redeclare class newshandler in /storage/content/50/152950/myrberginnovation.se/public_html/spellistor/index.php on line 4
[28-Aug-2013 13:16:14 Europe/Stockholm] PHP Fatal error:  include(): Cannot redeclare class newshandler in /storage/content/50/152950/myrberginnovation.se/public_html/spellistor/index.php on line 4
[01-Sep-2013 17:08:49 America/Los_Angeles] PHP Fatal error:  Using $this when not in object context in /storage/content/50/152950/myrberginnovation.se/app/controllers/BaseController.php on line 114
[01-Sep-2013 17:09:49 America/Los_Angeles] PHP Fatal error:  Using $this when not in object context in /storage/content/50/152950/myrberginnovation.se/app/controllers/BaseController.php on line 114
[01-Sep-2013 17:09:51 America/Los_Angeles] PHP Fatal error:  Using $this when not in object context in /storage/content/50/152950/myrberginnovation.se/app/controllers/BaseController.php on line 114
[02-Sep-2013 23:55:49 Europe/Stockholm] PHP Warning:  Invalid argument supplied for foreach() in /storage/content/50/152950/myrberginnovation.se/public_html/index.php on line 16
[02-Sep-2013 23:55:57 Europe/Stockholm] PHP Warning:  Invalid argument supplied for foreach() in /storage/content/50/152950/myrberginnovation.se/public_html/index.php on line 16
[02-Sep-2013 23:55:59 Europe/Stockholm] PHP Warning:  Invalid argument supplied for foreach() in /storage/content/50/152950/myrberginnovation.se/public_html/index.php on line 16
[02-Sep-2013 23:56:01 Europe/Stockholm] PHP Warning:  Invalid argument supplied for foreach() in /storage/content/50/152950/myrberginnovation.se/public_html/index.php on line 16
[02-Sep-2013 23:56:02 Europe/Stockholm] PHP Warning:  Invalid argument supplied for foreach() in /storage/content/50/152950/myrberginnovation.se/public_html/index.php on line 16
[02-Sep-2013 23:56:24 Europe/Stockholm] PHP Warning:  Invalid argument supplied for foreach() in /storage/content/50/152950/myrberginnovation.se/public_html/index.php on line 16
[02-Sep-2013 23:56:25 Europe/Stockholm] PHP Warning:  Invalid argument supplied for foreach() in /storage/content/50/152950/myrberginnovation.se/public_html/index.php on line 16
[02-Sep-2013 23:56:32 Europe/Stockholm] PHP Warning:  Invalid argument supplied for foreach() in /storage/content/50/152950/myrberginnovation.se/public_html/index.php on line 16
[02-Sep-2013 23:57:14 Europe/Stockholm] PHP Warning:  Invalid argument supplied for foreach() in /storage/content/50/152950/myrberginnovation.se/public_html/index.php on line 16
[02-Sep-2013 23:57:27 Europe/Stockholm] PHP Warning:  Invalid argument supplied for foreach() in /storage/content/50/152950/myrberginnovation.se/public_html/index.php on line 16
[02-Sep-2013 23:57:42 Europe/Stockholm] PHP Warning:  Invalid argument supplied for foreach() in /storage/content/50/152950/myrberginnovation.se/public_html/index.php on line 16
[02-Sep-2013 23:57:42 Europe/Stockholm] PHP Warning:  Invalid argument supplied for foreach() in /storage/content/50/152950/myrberginnovation.se/public_html/index.php on line 16
[02-Sep-2013 23:58:02 Europe/Stockholm] PHP Warning:  Invalid argument supplied for foreach() in /storage/content/50/152950/myrberginnovation.se/public_html/index.php on line 16
[02-Sep-2013 23:58:13 Europe/Stockholm] PHP Warning:  Invalid argument supplied for foreach() in /storage/content/50/152950/myrberginnovation.se/public_html/index.php on line 16
[02-Sep-2013 23:58:21 Europe/Stockholm] PHP Warning:  Invalid argument supplied for foreach() in /storage/content/50/152950/myrberginnovation.se/public_html/index.php on line 16
[02-Sep-2013 23:58:24 Europe/Stockholm] PHP Warning:  Invalid argument supplied for foreach() in /storage/content/50/152950/myrberginnovation.se/public_html/index.php on line 16
[02-Sep-2013 23:58:51 Europe/Stockholm] PHP Warning:  Invalid argument supplied for foreach() in /storage/content/50/152950/myrberginnovation.se/public_html/index.php on line 16
[02-Sep-2013 23:59:13 Europe/Stockholm] PHP Warning:  Invalid argument supplied for foreach() in /storage/content/50/152950/myrberginnovation.se/public_html/index.php on line 16
[02-Sep-2013 23:59:14 Europe/Stockholm] PHP Warning:  Invalid argument supplied for foreach() in /storage/content/50/152950/myrberginnovation.se/public_html/index.php on line 16
[03-Sep-2013 00:00:30 Europe/Stockholm] PHP Warning:  Invalid argument supplied for foreach() in /storage/content/50/152950/myrberginnovation.se/public_html/index.php on line 16
[03-Sep-2013 00:01:01 Europe/Stockholm] PHP Warning:  Invalid argument supplied for foreach() in /storage/content/50/152950/myrberginnovation.se/public_html/index.php on line 16
[03-Sep-2013 00:02:12 Europe/Stockholm] PHP Warning:  Invalid argument supplied for foreach() in /storage/content/50/152950/myrberginnovation.se/public_html/index.php on line 16
[03-Sep-2013 00:03:01 Europe/Stockholm] PHP Warning:  Invalid argument supplied for foreach() in /storage/content/50/152950/myrberginnovation.se/public_html/index.php on line 16
[03-Sep-2013 00:09:38 Europe/Stockholm] PHP Warning:  Invalid argument supplied for foreach() in /storage/content/50/152950/myrberginnovation.se/public_html/index.php on line 16
[03-Sep-2013 00:09:42 Europe/Stockholm] PHP Warning:  Invalid argument supplied for foreach() in /storage/content/50/152950/myrberginnovation.se/public_html/index.php on line 16
[02-Sep-2013 16:54:46 America/Los_Angeles] PHP Parse error:  syntax error, unexpected end of file in /storage/content/50/152950/myrberginnovation.se/app/views/home/partials/get_podcasts.php on line 42
[02-Sep-2013 16:55:03 America/Los_Angeles] PHP Parse error:  syntax error, unexpected end of file in /storage/content/50/152950/myrberginnovation.se/app/views/home/partials/get_podcasts.php on line 42
[02-Sep-2013 16:55:22 America/Los_Angeles] PHP Parse error:  syntax error, unexpected end of file in /storage/content/50/152950/myrberginnovation.se/app/views/home/partials/get_podcasts.php on line 42
[02-Sep-2013 16:55:38 America/Los_Angeles] PHP Parse error:  syntax error, unexpected end of file in /storage/content/50/152950/myrberginnovation.se/app/views/home/partials/get_podcasts.php on line 42
[02-Sep-2013 16:55:44 America/Los_Angeles] PHP Parse error:  syntax error, unexpected '/' in /storage/content/50/152950/myrberginnovation.se/app/views/home/partials/get_podcasts.php on line 26
[02-Sep-2013 16:56:16 America/Los_Angeles] PHP Parse error:  syntax error, unexpected end of file in /storage/content/50/152950/myrberginnovation.se/app/views/home/partials/get_podcasts.php on line 42
[02-Sep-2013 17:01:02 America/Los_Angeles] PHP Parse error:  syntax error, unexpected '<' in /storage/content/50/152950/myrberginnovation.se/app/views/home/partials/get_podcasts.php on line 22
